[0.080s] Invoking command in '/home/asimkumar/asitlorbot8_ws/build/asitlorbot8_firmware': CMAKE_PREFIX_PATH=/opt/ros/humble /usr/bin/cmake /home/asimkumar/asitlorbot8_ws/src/asitlorbot8_firmware -DAMENT_CMAKE_SYMLINK_INSTALL=1 -DCMAKE_INSTALL_PREFIX=/home/asimkumar/asitlorbot8_ws/install/asitlorbot8_firmware
[0.239s] -- The C compiler identification is GNU 11.4.0
[0.409s] -- The CXX compiler identification is GNU 11.4.0
[0.423s] -- Detecting C compiler ABI info
[0.625s] -- Detecting C compiler ABI info - done
[0.640s] -- Check for working C compiler: /usr/bin/cc - skipped
[0.640s] -- Detecting C compile features
[0.641s] -- Detecting C compile features - done
[0.647s] -- Detecting CXX compiler ABI info
[0.856s] -- Detecting CXX compiler ABI info - done
[0.870s] -- Check for working CXX compiler: /usr/bin/c++ - skipped
[0.871s] -- Detecting CXX compile features
[0.872s] -- Detecting CXX compile features - done
[0.879s] -- Found ament_cmake: 1.3.9 (/opt/ros/humble/share/ament_cmake/cmake)
[1.311s] -- Found Python3: /usr/bin/python3 (found version "3.10.12") found components: Interpreter 
[1.487s] -- Override CMake install command with custom implementation using symlinks instead of copying resources
[1.551s] -- Found rclcpp: 16.0.9 (/opt/ros/humble/share/rclcpp/cmake)
[1.652s] -- Found rosidl_generator_c: 3.1.5 (/opt/ros/humble/share/rosidl_generator_c/cmake)
[1.664s] -- Found rosidl_adapter: 3.1.5 (/opt/ros/humble/share/rosidl_adapter/cmake)
[1.683s] -- Found rosidl_generator_cpp: 3.1.5 (/opt/ros/humble/share/rosidl_generator_cpp/cmake)
[1.716s] -- Using all available rosidl_typesupport_c: rosidl_typesupport_fastrtps_c;rosidl_typesupport_introspection_c
[1.759s] -- Using all available rosidl_typesupport_cpp: rosidl_typesupport_fastrtps_cpp;rosidl_typesupport_introspection_cpp
[1.919s] -- Found rmw_implementation_cmake: 6.1.2 (/opt/ros/humble/share/rmw_implementation_cmake/cmake)
[1.925s] -- Found rmw_cyclonedds_cpp: 1.3.4 (/opt/ros/humble/share/rmw_cyclonedds_cpp/cmake)
[1.990s] -- Using RMW implementation 'rmw_cyclonedds_cpp' as default
[2.012s] -- Looking for pthread.h
[2.206s] -- Looking for pthread.h - found
[2.207s] -- Performing Test CMAKE_HAVE_LIBC_PTHREAD
[2.390s] -- Performing Test CMAKE_HAVE_LIBC_PTHREAD - Success
[2.390s] -- Found Threads: TRUE  
[2.706s] -- Found rclpy: 3.3.13 (/opt/ros/humble/share/rclpy/cmake)
[2.709s] -- Found hardware_interface: 2.41.0 (/opt/ros/humble/share/hardware_interface/cmake)
[3.542s] -- Found PkgConfig: /usr/bin/pkg-config (found version "0.29.2") 
[3.543s] -- Checking for module 'libserial'
[3.568s] --   Found libserial, version 1.0.0
[4.005s] -- Configuring done
[4.055s] -- Generating done
[4.058s] -- Build files have been written to: /home/asimkumar/asitlorbot8_ws/build/asitlorbot8_firmware
[4.075s] Invoked command in '/home/asimkumar/asitlorbot8_ws/build/asitlorbot8_firmware' returned '0': CMAKE_PREFIX_PATH=/opt/ros/humble /usr/bin/cmake /home/asimkumar/asitlorbot8_ws/src/asitlorbot8_firmware -DAMENT_CMAKE_SYMLINK_INSTALL=1 -DCMAKE_INSTALL_PREFIX=/home/asimkumar/asitlorbot8_ws/install/asitlorbot8_firmware
[4.079s] Invoking command in '/home/asimkumar/asitlorbot8_ws/build/asitlorbot8_firmware': CMAKE_PREFIX_PATH=/opt/ros/humble /usr/bin/cmake --build /home/asimkumar/asitlorbot8_ws/build/asitlorbot8_firmware -- -j8 -l8
[4.181s] [ 16%] [32mBuilding CXX object CMakeFiles/simple_serial_receiver.dir/src/simple_serial_receiver.cpp.o[0m
[4.183s] [ 50%] [32mBuilding CXX object CMakeFiles/asitlorbot8_firmware.dir/src/asitlorbot8_interface.cpp.o[0m
[4.184s] [ 50%] [32mBuilding CXX object CMakeFiles/simple_serial_transmitter.dir/src/simple_serial_transmitter.cpp.o[0m
[4.203s] [ 50%] Built target ament_cmake_python_symlink_asitlorbot8_firmware
[4.802s] running egg_info
[4.803s] creating asitlorbot8_firmware.egg-info
[4.804s] writing asitlorbot8_firmware.egg-info/PKG-INFO
[4.804s] writing dependency_links to asitlorbot8_firmware.egg-info/dependency_links.txt
[4.805s] writing top-level names to asitlorbot8_firmware.egg-info/top_level.txt
[4.806s] writing manifest file 'asitlorbot8_firmware.egg-info/SOURCES.txt'
[4.810s] reading manifest file 'asitlorbot8_firmware.egg-info/SOURCES.txt'
[4.812s] writing manifest file 'asitlorbot8_firmware.egg-info/SOURCES.txt'
[4.887s] [ 50%] Built target ament_cmake_python_build_asitlorbot8_firmware_egg
[10.573s] [ 66%] [32m[1mLinking CXX shared library libasitlorbot8_firmware.so[0m
[10.666s] [ 83%] [32m[1mLinking CXX executable simple_serial_receiver[0m
[10.961s] [ 83%] Built target asitlorbot8_firmware
[11.060s] [ 83%] Built target simple_serial_receiver
[14.142s] [100%] [32m[1mLinking CXX executable simple_serial_transmitter[0m
[14.554s] [100%] Built target simple_serial_transmitter
[14.569s] Invoked command in '/home/asimkumar/asitlorbot8_ws/build/asitlorbot8_firmware' returned '0': CMAKE_PREFIX_PATH=/opt/ros/humble /usr/bin/cmake --build /home/asimkumar/asitlorbot8_ws/build/asitlorbot8_firmware -- -j8 -l8
[14.628s] Invoking command in '/home/asimkumar/asitlorbot8_ws/build/asitlorbot8_firmware': CMAKE_PREFIX_PATH=/opt/ros/humble /usr/bin/cmake --install /home/asimkumar/asitlorbot8_ws/build/asitlorbot8_firmware
[14.637s] -- Install configuration: ""
[14.637s] -- Execute custom install script
[14.638s] -- Symlinking: /home/asimkumar/asitlorbot8_ws/install/asitlorbot8_firmware/share/asitlorbot8_firmware/environment/pythonpath.sh
[14.651s] -- Symlinking: /home/asimkumar/asitlorbot8_ws/install/asitlorbot8_firmware/share/asitlorbot8_firmware/environment/pythonpath.dsv
[14.664s] -- Symlinking: /home/asimkumar/asitlorbot8_ws/install/asitlorbot8_firmware/local/lib/python3.10/dist-packages/asitlorbot8_firmware-0.0.0-py3.10.egg-info/PKG-INFO
[14.677s] -- Symlinking: /home/asimkumar/asitlorbot8_ws/install/asitlorbot8_firmware/local/lib/python3.10/dist-packages/asitlorbot8_firmware-0.0.0-py3.10.egg-info/SOURCES.txt
[14.690s] -- Symlinking: /home/asimkumar/asitlorbot8_ws/install/asitlorbot8_firmware/local/lib/python3.10/dist-packages/asitlorbot8_firmware-0.0.0-py3.10.egg-info/dependency_links.txt
[14.703s] -- Symlinking: /home/asimkumar/asitlorbot8_ws/install/asitlorbot8_firmware/local/lib/python3.10/dist-packages/asitlorbot8_firmware-0.0.0-py3.10.egg-info/top_level.txt
[14.719s] -- Symlinking: /home/asimkumar/asitlorbot8_ws/install/asitlorbot8_firmware/local/lib/python3.10/dist-packages/asitlorbot8_firmware/__init__.py
[14.731s] -- Symlinking: /home/asimkumar/asitlorbot8_ws/install/asitlorbot8_firmware/local/lib/python3.10/dist-packages/asitlorbot8_firmware/pid_tune.py
[14.742s] -- Symlinking: /home/asimkumar/asitlorbot8_ws/install/asitlorbot8_firmware/local/lib/python3.10/dist-packages/asitlorbot8_firmware/simple_serial_receiver.py
[14.754s] -- Symlinking: /home/asimkumar/asitlorbot8_ws/install/asitlorbot8_firmware/local/lib/python3.10/dist-packages/asitlorbot8_firmware/simple_serial_transmitter.py
[14.766s] -- Symlinking: /home/asimkumar/asitlorbot8_ws/install/asitlorbot8_firmware/share/asitlorbot8_firmware//asitlorbot8_interface.xml
[14.780s] -- Symlinking: /home/asimkumar/asitlorbot8_ws/install/asitlorbot8_firmware/lib/libasitlorbot8_firmware.so
[14.794s] -- Symlinking: /home/asimkumar/asitlorbot8_ws/install/asitlorbot8_firmware/include/include/asitlorbot8_firmware/asitlorbot8_interface.hpp
[14.807s] -- Symlinking: /home/asimkumar/asitlorbot8_ws/install/asitlorbot8_firmware/share/asitlorbot8_firmware/launch/hardware_interface.launch.py
[14.822s] -- Symlinking: /home/asimkumar/asitlorbot8_ws/install/asitlorbot8_firmware/share/asitlorbot8_firmware/launch/imu_sense.py
[14.834s] -- Symlinking: /home/asimkumar/asitlorbot8_ws/install/asitlorbot8_firmware/share/asitlorbot8_firmware/launch/pid.py
[14.848s] -- Symlinking: /home/asimkumar/asitlorbot8_ws/install/asitlorbot8_firmware/lib/asitlorbot8_firmware/simple_serial_transmitter.py
[14.861s] -- Symlinking: /home/asimkumar/asitlorbot8_ws/install/asitlorbot8_firmware/lib/asitlorbot8_firmware/simple_serial_receiver.py
[14.875s] -- Symlinking: /home/asimkumar/asitlorbot8_ws/install/asitlorbot8_firmware/lib/asitlorbot8_firmware/pid_tune.py
[14.888s] -- Symlinking: /home/asimkumar/asitlorbot8_ws/install/asitlorbot8_firmware/bin/simple_serial_receiver
[14.900s] -- Symlinking: /home/asimkumar/asitlorbot8_ws/install/asitlorbot8_firmware/bin/simple_serial_transmitter
[14.914s] -- Symlinking: /home/asimkumar/asitlorbot8_ws/install/asitlorbot8_firmware/share/asitlorbot8_firmware/environment/library_path.sh
[14.928s] -- Symlinking: /home/asimkumar/asitlorbot8_ws/install/asitlorbot8_firmware/share/asitlorbot8_firmware/environment/library_path.dsv
[14.940s] -- Symlinking: /home/asimkumar/asitlorbot8_ws/install/asitlorbot8_firmware/share/ament_index/resource_index/package_run_dependencies/asitlorbot8_firmware
[14.953s] -- Symlinking: /home/asimkumar/asitlorbot8_ws/install/asitlorbot8_firmware/share/ament_index/resource_index/parent_prefix_path/asitlorbot8_firmware
[14.966s] -- Symlinking: /home/asimkumar/asitlorbot8_ws/install/asitlorbot8_firmware/share/asitlorbot8_firmware/environment/ament_prefix_path.sh
[14.980s] -- Symlinking: /home/asimkumar/asitlorbot8_ws/install/asitlorbot8_firmware/share/asitlorbot8_firmware/environment/ament_prefix_path.dsv
[14.992s] -- Symlinking: /home/asimkumar/asitlorbot8_ws/install/asitlorbot8_firmware/share/asitlorbot8_firmware/environment/path.sh
[15.004s] -- Symlinking: /home/asimkumar/asitlorbot8_ws/install/asitlorbot8_firmware/share/asitlorbot8_firmware/environment/path.dsv
[15.018s] -- Symlinking: /home/asimkumar/asitlorbot8_ws/install/asitlorbot8_firmware/share/asitlorbot8_firmware/local_setup.bash
[15.032s] -- Symlinking: /home/asimkumar/asitlorbot8_ws/install/asitlorbot8_firmware/share/asitlorbot8_firmware/local_setup.sh
[15.045s] -- Symlinking: /home/asimkumar/asitlorbot8_ws/install/asitlorbot8_firmware/share/asitlorbot8_firmware/local_setup.zsh
[15.057s] -- Symlinking: /home/asimkumar/asitlorbot8_ws/install/asitlorbot8_firmware/share/asitlorbot8_firmware/local_setup.dsv
[15.070s] -- Symlinking: /home/asimkumar/asitlorbot8_ws/install/asitlorbot8_firmware/share/asitlorbot8_firmware/package.dsv
[15.082s] -- Symlinking: /home/asimkumar/asitlorbot8_ws/install/asitlorbot8_firmware/share/ament_index/resource_index/packages/asitlorbot8_firmware
[15.095s] -- Symlinking: /home/asimkumar/asitlorbot8_ws/install/asitlorbot8_firmware/share/ament_index/resource_index/hardware_interface__pluginlib__plugin/asitlorbot8_firmware
[15.108s] -- Symlinking: /home/asimkumar/asitlorbot8_ws/install/asitlorbot8_firmware/share/asitlorbot8_firmware/cmake/ament_cmake_export_include_directories-extras.cmake
[15.123s] -- Symlinking: /home/asimkumar/asitlorbot8_ws/install/asitlorbot8_firmware/share/asitlorbot8_firmware/cmake/ament_cmake_export_libraries-extras.cmake
[15.135s] -- Symlinking: /home/asimkumar/asitlorbot8_ws/install/asitlorbot8_firmware/share/asitlorbot8_firmware/cmake/ament_cmake_export_dependencies-extras.cmake
[15.148s] -- Symlinking: /home/asimkumar/asitlorbot8_ws/install/asitlorbot8_firmware/share/asitlorbot8_firmware/cmake/asitlorbot8_firmwareConfig.cmake
[15.160s] -- Symlinking: /home/asimkumar/asitlorbot8_ws/install/asitlorbot8_firmware/share/asitlorbot8_firmware/cmake/asitlorbot8_firmwareConfig-version.cmake
[15.172s] -- Symlinking: /home/asimkumar/asitlorbot8_ws/install/asitlorbot8_firmware/share/asitlorbot8_firmware/package.xml
[15.225s] Listing '/home/asimkumar/asitlorbot8_ws/install/asitlorbot8_firmware/local/lib/python3.10/dist-packages/asitlorbot8_firmware'...
[15.225s] Compiling '/home/asimkumar/asitlorbot8_ws/install/asitlorbot8_firmware/local/lib/python3.10/dist-packages/asitlorbot8_firmware/__init__.py'...
[15.225s] Compiling '/home/asimkumar/asitlorbot8_ws/install/asitlorbot8_firmware/local/lib/python3.10/dist-packages/asitlorbot8_firmware/pid_tune.py'...
[15.225s] Compiling '/home/asimkumar/asitlorbot8_ws/install/asitlorbot8_firmware/local/lib/python3.10/dist-packages/asitlorbot8_firmware/simple_serial_receiver.py'...
[15.226s] Compiling '/home/asimkumar/asitlorbot8_ws/install/asitlorbot8_firmware/local/lib/python3.10/dist-packages/asitlorbot8_firmware/simple_serial_transmitter.py'...
[15.234s] Invoked command in '/home/asimkumar/asitlorbot8_ws/build/asitlorbot8_firmware' returned '0': CMAKE_PREFIX_PATH=/opt/ros/humble /usr/bin/cmake --install /home/asimkumar/asitlorbot8_ws/build/asitlorbot8_firmware
