[0.085s] Invoking command in '/home/asimkumar/asitlorbot8_ws/build/asitlorbot8_autonomy': CMAKE_PREFIX_PATH=${CMAKE_PREFIX_PATH}:/home/asimkumar/asitlorbotsix_ws/install/asitlorbot_six:/opt/ros/humble /usr/bin/cmake --build /home/asimkumar/asitlorbot8_ws/build/asitlorbot8_autonomy -- -j8 -l8
[0.247s] [100%] Built target autonomy_node
[0.274s] Invoked command in '/home/asimkumar/asitlorbot8_ws/build/asitlorbot8_autonomy' returned '0': CMAKE_PREFIX_PATH=${CMAKE_PREFIX_PATH}:/home/asimkumar/asitlorbotsix_ws/install/asitlorbot_six:/opt/ros/humble /usr/bin/cmake --build /home/asimkumar/asitlorbot8_ws/build/asitlorbot8_autonomy -- -j8 -l8
[0.349s] Invoking command in '/home/asimkumar/asitlorbot8_ws/build/asitlorbot8_autonomy': CMAKE_PREFIX_PATH=${CMAKE_PREFIX_PATH}:/home/asimkumar/asitlorbotsix_ws/install/asitlorbot_six:/opt/ros/humble /usr/bin/cmake --install /home/asimkumar/asitlorbot8_ws/build/asitlorbot8_autonomy
[0.362s] -- Install configuration: ""
[0.363s] -- Execute custom install script
[0.364s] -- Up-to-date symlink: /home/asimkumar/asitlorbot8_ws/install/asitlorbot8_autonomy/share/asitlorbot8_autonomy/bt_xml/tree.xml
[0.365s] -- Up-to-date symlink: /home/asimkumar/asitlorbot8_ws/install/asitlorbot8_autonomy/share/asitlorbot8_autonomy/launch/autonomy.launch.py
[0.366s] -- Up-to-date symlink: /home/asimkumar/asitlorbot8_ws/install/asitlorbot8_autonomy/lib/asitlorbot8_autonomy/autonomy_node
[0.366s] -- Up-to-date symlink: /home/asimkumar/asitlorbot8_ws/install/asitlorbot8_autonomy/share/ament_index/resource_index/package_run_dependencies/asitlorbot8_autonomy
[0.367s] -- Up-to-date symlink: /home/asimkumar/asitlorbot8_ws/install/asitlorbot8_autonomy/share/ament_index/resource_index/parent_prefix_path/asitlorbot8_autonomy
[0.367s] -- Up-to-date symlink: /home/asimkumar/asitlorbot8_ws/install/asitlorbot8_autonomy/share/asitlorbot8_autonomy/environment/ament_prefix_path.sh
[0.367s] -- Up-to-date symlink: /home/asimkumar/asitlorbot8_ws/install/asitlorbot8_autonomy/share/asitlorbot8_autonomy/environment/ament_prefix_path.dsv
[0.368s] -- Up-to-date symlink: /home/asimkumar/asitlorbot8_ws/install/asitlorbot8_autonomy/share/asitlorbot8_autonomy/environment/path.sh
[0.368s] -- Up-to-date symlink: /home/asimkumar/asitlorbot8_ws/install/asitlorbot8_autonomy/share/asitlorbot8_autonomy/environment/path.dsv
[0.369s] -- Up-to-date symlink: /home/asimkumar/asitlorbot8_ws/install/asitlorbot8_autonomy/share/asitlorbot8_autonomy/local_setup.bash
[0.369s] -- Up-to-date symlink: /home/asimkumar/asitlorbot8_ws/install/asitlorbot8_autonomy/share/asitlorbot8_autonomy/local_setup.sh
[0.369s] -- Up-to-date symlink: /home/asimkumar/asitlorbot8_ws/install/asitlorbot8_autonomy/share/asitlorbot8_autonomy/local_setup.zsh
[0.370s] -- Up-to-date symlink: /home/asimkumar/asitlorbot8_ws/install/asitlorbot8_autonomy/share/asitlorbot8_autonomy/local_setup.dsv
[0.370s] -- Symlinking: /home/asimkumar/asitlorbot8_ws/install/asitlorbot8_autonomy/share/asitlorbot8_autonomy/package.dsv
[0.389s] -- Up-to-date symlink: /home/asimkumar/asitlorbot8_ws/install/asitlorbot8_autonomy/share/ament_index/resource_index/packages/asitlorbot8_autonomy
[0.390s] -- Up-to-date symlink: /home/asimkumar/asitlorbot8_ws/install/asitlorbot8_autonomy/share/asitlorbot8_autonomy/cmake/asitlorbot8_autonomyConfig.cmake
[0.390s] -- Up-to-date symlink: /home/asimkumar/asitlorbot8_ws/install/asitlorbot8_autonomy/share/asitlorbot8_autonomy/cmake/asitlorbot8_autonomyConfig-version.cmake
[0.391s] -- Up-to-date symlink: /home/asimkumar/asitlorbot8_ws/install/asitlorbot8_autonomy/share/asitlorbot8_autonomy/package.xml
[0.401s] Invoked command in '/home/asimkumar/asitlorbot8_ws/build/asitlorbot8_autonomy' returned '0': CMAKE_PREFIX_PATH=${CMAKE_PREFIX_PATH}:/home/asimkumar/asitlorbotsix_ws/install/asitlorbot_six:/opt/ros/humble /usr/bin/cmake --install /home/asimkumar/asitlorbot8_ws/build/asitlorbot8_autonomy
