[0.265s] DEBUG:colcon:Command line arguments: ['/usr/bin/colcon', 'list', '-p', '--base-paths', '/home/asimkumar/asitlorbot8_ws']
[0.266s] DEBUG:colcon:Parsed command line arguments: Namespace(log_base=None, log_level=None, verb_name='list', build_base='build', ignore_user_meta=False, metas=['./colcon.meta'], base_paths=['/home/asimkumar/asitlorbot8_ws'], packages_ignore=None, packages_ignore_regex=None, paths=None, packages_up_to=None, packages_up_to_regex=None, packages_above=None, packages_above_and_dependencies=None, packages_above_depth=None, packages_select_by_dep=None, packages_skip_by_dep=None, packages_skip_up_to=None, packages_select_build_failed=False, packages_skip_build_finished=False, packages_select_test_failures=False, packages_skip_test_passed=False, packages_select=None, packages_skip=None, packages_select_regex=None, packages_skip_regex=None, packages_start=None, packages_end=None, allow_overriding=[], topological_order=False, names_only=False, paths_only=True, topological_graph=False, topological_graph_dot=False, topological_graph_density=False, topological_graph_legend=False, topological_graph_dot_cluster=False, topological_graph_dot_include_skipped=False, verb_parser=<colcon_defaults.argument_parser.defaults.DefaultArgumentsDecorator object at 0x7a9eb2612b60>, verb_extension=<colcon_package_information.verb.list.ListVerb object at 0x7a9eb278f7f0>, main=<bound method ListVerb.main of <colcon_package_information.verb.list.ListVerb object at 0x7a9eb278f7f0>>)
[0.777s] Level 1:colcon.colcon_core.package_discovery:discover_packages(colcon_meta) check parameters
[0.777s] Level 1:colcon.colcon_core.package_discovery:discover_packages(recursive) check parameters
[0.778s] Level 1:colcon.colcon_core.package_discovery:discover_packages(ignore) check parameters
[0.778s] Level 1:colcon.colcon_core.package_discovery:discover_packages(path) check parameters
[0.778s] Level 1:colcon.colcon_core.package_discovery:discover_packages(recursive) discover
[0.778s] INFO:colcon.colcon_core.package_discovery:Crawling recursively for packages in '/home/asimkumar/asitlorbot8_ws'
[0.778s] Level 1:colcon.colcon_core.package_identification:_identify(/home/asimkumar/asitlorbot8_ws) by extensions ['ignore', 'ignore_ament_install']
[0.778s] Level 1:colcon.colcon_core.package_identification:_identify(/home/asimkumar/asitlorbot8_ws) by extension 'ignore'
[0.778s] Level 1:colcon.colcon_core.package_identification:_identify(/home/asimkumar/asitlorbot8_ws) by extension 'ignore_ament_install'
[0.778s] Level 1:colcon.colcon_core.package_identification:_identify(/home/asimkumar/asitlorbot8_ws) by extensions ['colcon_pkg']
[0.778s] Level 1:colcon.colcon_core.package_identification:_identify(/home/asimkumar/asitlorbot8_ws) by extension 'colcon_pkg'
[0.779s] Level 1:colcon.colcon_core.package_identification:_identify(/home/asimkumar/asitlorbot8_ws) by extensions ['colcon_meta']
[0.779s] Level 1:colcon.colcon_core.package_identification:_identify(/home/asimkumar/asitlorbot8_ws) by extension 'colcon_meta'
[0.779s] Level 1:colcon.colcon_core.package_identification:_identify(/home/asimkumar/asitlorbot8_ws) by extensions ['ros']
[0.779s] Level 1:colcon.colcon_core.package_identification:_identify(/home/asimkumar/asitlorbot8_ws) by extension 'ros'
[0.808s] Level 1:colcon.colcon_core.package_identification:_identify(/home/asimkumar/asitlorbot8_ws) by extensions ['cmake', 'python']
[0.809s] Level 1:colcon.colcon_core.package_identification:_identify(/home/asimkumar/asitlorbot8_ws) by extension 'cmake'
[0.809s] Level 1:colcon.colcon_core.package_identification:_identify(/home/asimkumar/asitlorbot8_ws) by extension 'python'
[0.809s] Level 1:colcon.colcon_core.package_identification:_identify(/home/asimkumar/asitlorbot8_ws) by extensions ['python_setup_py']
[0.809s] Level 1:colcon.colcon_core.package_identification:_identify(/home/asimkumar/asitlorbot8_ws) by extension 'python_setup_py'
[0.809s] Level 1:colcon.colcon_core.package_identification:_identify(/home/asimkumar/asitlorbot8_ws/build) by extensions ['ignore', 'ignore_ament_install']
[0.810s] Level 1:colcon.colcon_core.package_identification:_identify(/home/asimkumar/asitlorbot8_ws/build) by extension 'ignore'
[0.810s] Level 1:colcon.colcon_core.package_identification:_identify(/home/asimkumar/asitlorbot8_ws/build) ignored
[0.817s] Level 1:colcon.colcon_core.package_identification:_identify(/home/asimkumar/asitlorbot8_ws/install) by extensions ['ignore', 'ignore_ament_install']
[0.817s] Level 1:colcon.colcon_core.package_identification:_identify(/home/asimkumar/asitlorbot8_ws/install) by extension 'ignore'
[0.818s] Level 1:colcon.colcon_core.package_identification:_identify(/home/asimkumar/asitlorbot8_ws/install) ignored
[0.818s] Level 1:colcon.colcon_core.package_identification:_identify(/home/asimkumar/asitlorbot8_ws/log) by extensions ['ignore', 'ignore_ament_install']
[0.818s] Level 1:colcon.colcon_core.package_identification:_identify(/home/asimkumar/asitlorbot8_ws/log) by extension 'ignore'
[0.818s] Level 1:colcon.colcon_core.package_identification:_identify(/home/asimkumar/asitlorbot8_ws/log) ignored
[0.819s] Level 1:colcon.colcon_core.package_identification:_identify(/home/asimkumar/asitlorbot8_ws/src) by extensions ['ignore', 'ignore_ament_install']
[0.819s] Level 1:colcon.colcon_core.package_identification:_identify(/home/asimkumar/asitlorbot8_ws/src) by extension 'ignore'
[0.819s] Level 1:colcon.colcon_core.package_identification:_identify(/home/asimkumar/asitlorbot8_ws/src) by extension 'ignore_ament_install'
[0.819s] Level 1:colcon.colcon_core.package_identification:_identify(/home/asimkumar/asitlorbot8_ws/src) by extensions ['colcon_pkg']
[0.819s] Level 1:colcon.colcon_core.package_identification:_identify(/home/asimkumar/asitlorbot8_ws/src) by extension 'colcon_pkg'
[0.819s] Level 1:colcon.colcon_core.package_identification:_identify(/home/asimkumar/asitlorbot8_ws/src) by extensions ['colcon_meta']
[0.819s] Level 1:colcon.colcon_core.package_identification:_identify(/home/asimkumar/asitlorbot8_ws/src) by extension 'colcon_meta'
[0.819s] Level 1:colcon.colcon_core.package_identification:_identify(/home/asimkumar/asitlorbot8_ws/src) by extensions ['ros']
[0.819s] Level 1:colcon.colcon_core.package_identification:_identify(/home/asimkumar/asitlorbot8_ws/src) by extension 'ros'
[0.820s] Level 1:colcon.colcon_core.package_identification:_identify(/home/asimkumar/asitlorbot8_ws/src) by extensions ['cmake', 'python']
[0.820s] Level 1:colcon.colcon_core.package_identification:_identify(/home/asimkumar/asitlorbot8_ws/src) by extension 'cmake'
[0.820s] Level 1:colcon.colcon_core.package_identification:_identify(/home/asimkumar/asitlorbot8_ws/src) by extension 'python'
[0.820s] Level 1:colcon.colcon_core.package_identification:_identify(/home/asimkumar/asitlorbot8_ws/src) by extensions ['python_setup_py']
[0.820s] Level 1:colcon.colcon_core.package_identification:_identify(/home/asimkumar/asitlorbot8_ws/src) by extension 'python_setup_py'
[0.820s] Level 1:colcon.colcon_core.package_identification:_identify(/home/asimkumar/asitlorbot8_ws/src/asitlorbot8_controller) by extensions ['ignore', 'ignore_ament_install']
[0.820s] Level 1:colcon.colcon_core.package_identification:_identify(/home/asimkumar/asitlorbot8_ws/src/asitlorbot8_controller) by extension 'ignore'
[0.820s] Level 1:colcon.colcon_core.package_identification:_identify(/home/asimkumar/asitlorbot8_ws/src/asitlorbot8_controller) by extension 'ignore_ament_install'
[0.821s] Level 1:colcon.colcon_core.package_identification:_identify(/home/asimkumar/asitlorbot8_ws/src/asitlorbot8_controller) by extensions ['colcon_pkg']
[0.821s] Level 1:colcon.colcon_core.package_identification:_identify(/home/asimkumar/asitlorbot8_ws/src/asitlorbot8_controller) by extension 'colcon_pkg'
[0.821s] Level 1:colcon.colcon_core.package_identification:_identify(/home/asimkumar/asitlorbot8_ws/src/asitlorbot8_controller) by extensions ['colcon_meta']
[0.821s] Level 1:colcon.colcon_core.package_identification:_identify(/home/asimkumar/asitlorbot8_ws/src/asitlorbot8_controller) by extension 'colcon_meta'
[0.821s] Level 1:colcon.colcon_core.package_identification:_identify(/home/asimkumar/asitlorbot8_ws/src/asitlorbot8_controller) by extensions ['ros']
[0.821s] Level 1:colcon.colcon_core.package_identification:_identify(/home/asimkumar/asitlorbot8_ws/src/asitlorbot8_controller) by extension 'ros'
[0.826s] DEBUG:colcon.colcon_core.package_identification:Package '/home/asimkumar/asitlorbot8_ws/src/asitlorbot8_controller' with type 'ros.ament_cmake' and name 'asitlorbot8_controller'
[0.827s] Level 1:colcon.colcon_core.package_identification:_identify(/home/asimkumar/asitlorbot8_ws/src/asitlorbot8_cpp_examples) by extensions ['ignore', 'ignore_ament_install']
[0.827s] Level 1:colcon.colcon_core.package_identification:_identify(/home/asimkumar/asitlorbot8_ws/src/asitlorbot8_cpp_examples) by extension 'ignore'
[0.827s] Level 1:colcon.colcon_core.package_identification:_identify(/home/asimkumar/asitlorbot8_ws/src/asitlorbot8_cpp_examples) by extension 'ignore_ament_install'
[0.827s] Level 1:colcon.colcon_core.package_identification:_identify(/home/asimkumar/asitlorbot8_ws/src/asitlorbot8_cpp_examples) by extensions ['colcon_pkg']
[0.827s] Level 1:colcon.colcon_core.package_identification:_identify(/home/asimkumar/asitlorbot8_ws/src/asitlorbot8_cpp_examples) by extension 'colcon_pkg'
[0.828s] Level 1:colcon.colcon_core.package_identification:_identify(/home/asimkumar/asitlorbot8_ws/src/asitlorbot8_cpp_examples) by extensions ['colcon_meta']
[0.828s] Level 1:colcon.colcon_core.package_identification:_identify(/home/asimkumar/asitlorbot8_ws/src/asitlorbot8_cpp_examples) by extension 'colcon_meta'
[0.828s] Level 1:colcon.colcon_core.package_identification:_identify(/home/asimkumar/asitlorbot8_ws/src/asitlorbot8_cpp_examples) by extensions ['ros']
[0.828s] Level 1:colcon.colcon_core.package_identification:_identify(/home/asimkumar/asitlorbot8_ws/src/asitlorbot8_cpp_examples) by extension 'ros'
[0.829s] DEBUG:colcon.colcon_core.package_identification:Package '/home/asimkumar/asitlorbot8_ws/src/asitlorbot8_cpp_examples' with type 'ros.ament_cmake' and name 'asitlorbot8_cpp_examples'
[0.829s] Level 1:colcon.colcon_core.package_identification:_identify(/home/asimkumar/asitlorbot8_ws/src/asitlorbot8_description) by extensions ['ignore', 'ignore_ament_install']
[0.829s] Level 1:colcon.colcon_core.package_identification:_identify(/home/asimkumar/asitlorbot8_ws/src/asitlorbot8_description) by extension 'ignore'
[0.829s] Level 1:colcon.colcon_core.package_identification:_identify(/home/asimkumar/asitlorbot8_ws/src/asitlorbot8_description) by extension 'ignore_ament_install'
[0.830s] Level 1:colcon.colcon_core.package_identification:_identify(/home/asimkumar/asitlorbot8_ws/src/asitlorbot8_description) by extensions ['colcon_pkg']
[0.830s] Level 1:colcon.colcon_core.package_identification:_identify(/home/asimkumar/asitlorbot8_ws/src/asitlorbot8_description) by extension 'colcon_pkg'
[0.830s] Level 1:colcon.colcon_core.package_identification:_identify(/home/asimkumar/asitlorbot8_ws/src/asitlorbot8_description) by extensions ['colcon_meta']
[0.830s] Level 1:colcon.colcon_core.package_identification:_identify(/home/asimkumar/asitlorbot8_ws/src/asitlorbot8_description) by extension 'colcon_meta'
[0.830s] Level 1:colcon.colcon_core.package_identification:_identify(/home/asimkumar/asitlorbot8_ws/src/asitlorbot8_description) by extensions ['ros']
[0.830s] Level 1:colcon.colcon_core.package_identification:_identify(/home/asimkumar/asitlorbot8_ws/src/asitlorbot8_description) by extension 'ros'
[0.831s] DEBUG:colcon.colcon_core.package_identification:Package '/home/asimkumar/asitlorbot8_ws/src/asitlorbot8_description' with type 'ros.ament_cmake' and name 'asitlorbot8_description'
[0.831s] Level 1:colcon.colcon_core.package_discovery:discover_packages(recursive) using defaults
