[0.060s] Invoking command in '/home/asimkumar/asitlorbot8_ws/build/asitlorbot8_localization': CMAKE_PREFIX_PATH=${CMAKE_PREFIX_PATH}:/home/asimkumar/asitlorbotsix_ws/install/asitlorbot_six:/opt/ros/humble /usr/bin/cmake --build /home/asimkumar/asitlorbot8_ws/build/asitlorbot8_localization -- -j8 -l8
[0.180s] Built target ament_cmake_python_symlink_asitlorbot8_localization
[0.629s] running egg_info
[0.629s] writing asitlorbot8_localization.egg-info/PKG-INFO
[0.630s] writing dependency_links to asitlorbot8_localization.egg-info/dependency_links.txt
[0.630s] writing top-level names to asitlorbot8_localization.egg-info/top_level.txt
[0.633s] reading manifest file 'asitlorbot8_localization.egg-info/SOURCES.txt'
[0.634s] writing manifest file 'asitlorbot8_localization.egg-info/SOURCES.txt'
[0.678s] Built target ament_cmake_python_build_asitlorbot8_localization_egg
[0.699s] Invoked command in '/home/asimkumar/asitlorbot8_ws/build/asitlorbot8_localization' returned '0': CMAKE_PREFIX_PATH=${CMAKE_PREFIX_PATH}:/home/asimkumar/asitlorbotsix_ws/install/asitlorbot_six:/opt/ros/humble /usr/bin/cmake --build /home/asimkumar/asitlorbot8_ws/build/asitlorbot8_localization -- -j8 -l8
[0.753s] Invoking command in '/home/asimkumar/asitlorbot8_ws/build/asitlorbot8_localization': CMAKE_PREFIX_PATH=${CMAKE_PREFIX_PATH}:/home/asimkumar/asitlorbotsix_ws/install/asitlorbot_six:/opt/ros/humble /usr/bin/cmake --install /home/asimkumar/asitlorbot8_ws/build/asitlorbot8_localization
[0.766s] -- Install configuration: ""
[0.766s] -- Execute custom install script
[0.767s] -- Up-to-date symlink: /home/asimkumar/asitlorbot8_ws/install/asitlorbot8_localization/share/asitlorbot8_localization/environment/pythonpath.sh
[0.767s] -- Up-to-date symlink: /home/asimkumar/asitlorbot8_ws/install/asitlorbot8_localization/share/asitlorbot8_localization/environment/pythonpath.dsv
[0.767s] -- Up-to-date symlink: /home/asimkumar/asitlorbot8_ws/install/asitlorbot8_localization/local/lib/python3.10/dist-packages/asitlorbot8_localization-0.0.0-py3.10.egg-info/PKG-INFO
[0.768s] -- Up-to-date symlink: /home/asimkumar/asitlorbot8_ws/install/asitlorbot8_localization/local/lib/python3.10/dist-packages/asitlorbot8_localization-0.0.0-py3.10.egg-info/SOURCES.txt
[0.768s] -- Up-to-date symlink: /home/asimkumar/asitlorbot8_ws/install/asitlorbot8_localization/local/lib/python3.10/dist-packages/asitlorbot8_localization-0.0.0-py3.10.egg-info/dependency_links.txt
[0.768s] -- Up-to-date symlink: /home/asimkumar/asitlorbot8_ws/install/asitlorbot8_localization/local/lib/python3.10/dist-packages/asitlorbot8_localization-0.0.0-py3.10.egg-info/top_level.txt
[0.768s] -- Up-to-date symlink: /home/asimkumar/asitlorbot8_ws/install/asitlorbot8_localization/local/lib/python3.10/dist-packages/asitlorbot8_localization/__init__.py
[0.769s] -- Up-to-date symlink: /home/asimkumar/asitlorbot8_ws/install/asitlorbot8_localization/local/lib/python3.10/dist-packages/asitlorbot8_localization/bayesian_optimization.py
[0.769s] -- Up-to-date symlink: /home/asimkumar/asitlorbot8_ws/install/asitlorbot8_localization/local/lib/python3.10/dist-packages/asitlorbot8_localization/imu_republisher.py
[0.769s] -- Up-to-date symlink: /home/asimkumar/asitlorbot8_ws/install/asitlorbot8_localization/local/lib/python3.10/dist-packages/asitlorbot8_localization/rmse.py
[0.769s] -- Up-to-date symlink: /home/asimkumar/asitlorbot8_ws/install/asitlorbot8_localization/local/lib/python3.10/dist-packages/asitlorbot8_localization/set_init_amcl_pose.py
[0.769s] -- Up-to-date symlink: /home/asimkumar/asitlorbot8_ws/install/asitlorbot8_localization/local/lib/python3.10/dist-packages/asitlorbot8_localization/test.py
[0.770s] -- Up-to-date symlink: /home/asimkumar/asitlorbot8_ws/install/asitlorbot8_localization/share/asitlorbot8_localization/launch/local_localization.launch.py
[0.770s] -- Up-to-date symlink: /home/asimkumar/asitlorbot8_ws/install/asitlorbot8_localization/share/asitlorbot8_localization/launch/nav2.launch.py
[0.770s] -- Up-to-date symlink: /home/asimkumar/asitlorbot8_ws/install/asitlorbot8_localization/share/asitlorbot8_localization/rviz/nav2_rviz.rviz
[0.771s] -- Up-to-date symlink: /home/asimkumar/asitlorbot8_ws/install/asitlorbot8_localization/share/asitlorbot8_localization/config/ekf.yaml
[0.771s] -- Up-to-date symlink: /home/asimkumar/asitlorbot8_ws/install/asitlorbot8_localization/share/asitlorbot8_localization/config/navigation_sim.yaml
[0.771s] -- Up-to-date symlink: /home/asimkumar/asitlorbot8_ws/install/asitlorbot8_localization/share/asitlorbot8_localization/maps/my_map_save_3_may.pgm
[0.772s] -- Up-to-date symlink: /home/asimkumar/asitlorbot8_ws/install/asitlorbot8_localization/share/asitlorbot8_localization/maps/my_map_save_3_may.yaml
[0.772s] -- Up-to-date symlink: /home/asimkumar/asitlorbot8_ws/install/asitlorbot8_localization/share/asitlorbot8_localization/maps/my_map_save_7_may.pgm
[0.772s] -- Up-to-date symlink: /home/asimkumar/asitlorbot8_ws/install/asitlorbot8_localization/share/asitlorbot8_localization/maps/my_map_save_7_may.yaml
[0.772s] -- Up-to-date symlink: /home/asimkumar/asitlorbot8_ws/install/asitlorbot8_localization/share/asitlorbot8_localization/maps/my_map_serial_3_may.data
[0.772s] -- Up-to-date symlink: /home/asimkumar/asitlorbot8_ws/install/asitlorbot8_localization/share/asitlorbot8_localization/maps/my_map_serial_3_may.posegraph
[0.773s] -- Up-to-date symlink: /home/asimkumar/asitlorbot8_ws/install/asitlorbot8_localization/share/asitlorbot8_localization/maps/my_map_serial_7_may.data
[0.773s] -- Up-to-date symlink: /home/asimkumar/asitlorbot8_ws/install/asitlorbot8_localization/share/asitlorbot8_localization/maps/my_map_serial_7_may.posegraph
[0.773s] -- Up-to-date symlink: /home/asimkumar/asitlorbot8_ws/install/asitlorbot8_localization/lib/asitlorbot8_localization/imu_republisher.py
[0.773s] -- Up-to-date symlink: /home/asimkumar/asitlorbot8_ws/install/asitlorbot8_localization/lib/asitlorbot8_localization/rmse.py
[0.773s] -- Up-to-date symlink: /home/asimkumar/asitlorbot8_ws/install/asitlorbot8_localization/lib/asitlorbot8_localization/set_init_amcl_pose.py
[0.774s] -- Up-to-date symlink: /home/asimkumar/asitlorbot8_ws/install/asitlorbot8_localization/share/ament_index/resource_index/package_run_dependencies/asitlorbot8_localization
[0.774s] -- Up-to-date symlink: /home/asimkumar/asitlorbot8_ws/install/asitlorbot8_localization/share/ament_index/resource_index/parent_prefix_path/asitlorbot8_localization
[0.774s] -- Up-to-date symlink: /home/asimkumar/asitlorbot8_ws/install/asitlorbot8_localization/share/asitlorbot8_localization/environment/ament_prefix_path.sh
[0.775s] -- Up-to-date symlink: /home/asimkumar/asitlorbot8_ws/install/asitlorbot8_localization/share/asitlorbot8_localization/environment/ament_prefix_path.dsv
[0.775s] -- Up-to-date symlink: /home/asimkumar/asitlorbot8_ws/install/asitlorbot8_localization/share/asitlorbot8_localization/environment/path.sh
[0.775s] -- Up-to-date symlink: /home/asimkumar/asitlorbot8_ws/install/asitlorbot8_localization/share/asitlorbot8_localization/environment/path.dsv
[0.775s] -- Up-to-date symlink: /home/asimkumar/asitlorbot8_ws/install/asitlorbot8_localization/share/asitlorbot8_localization/local_setup.bash
[0.776s] -- Up-to-date symlink: /home/asimkumar/asitlorbot8_ws/install/asitlorbot8_localization/share/asitlorbot8_localization/local_setup.sh
[0.776s] -- Up-to-date symlink: /home/asimkumar/asitlorbot8_ws/install/asitlorbot8_localization/share/asitlorbot8_localization/local_setup.zsh
[0.776s] -- Up-to-date symlink: /home/asimkumar/asitlorbot8_ws/install/asitlorbot8_localization/share/asitlorbot8_localization/local_setup.dsv
[0.777s] -- Symlinking: /home/asimkumar/asitlorbot8_ws/install/asitlorbot8_localization/share/asitlorbot8_localization/package.dsv
[0.793s] -- Up-to-date symlink: /home/asimkumar/asitlorbot8_ws/install/asitlorbot8_localization/share/ament_index/resource_index/packages/asitlorbot8_localization
[0.794s] -- Up-to-date symlink: /home/asimkumar/asitlorbot8_ws/install/asitlorbot8_localization/share/asitlorbot8_localization/cmake/asitlorbot8_localizationConfig.cmake
[0.794s] -- Up-to-date symlink: /home/asimkumar/asitlorbot8_ws/install/asitlorbot8_localization/share/asitlorbot8_localization/cmake/asitlorbot8_localizationConfig-version.cmake
[0.794s] -- Up-to-date symlink: /home/asimkumar/asitlorbot8_ws/install/asitlorbot8_localization/share/asitlorbot8_localization/package.xml
[0.842s] Listing '/home/asimkumar/asitlorbot8_ws/install/asitlorbot8_localization/local/lib/python3.10/dist-packages/asitlorbot8_localization'...
[0.856s] Invoked command in '/home/asimkumar/asitlorbot8_ws/build/asitlorbot8_localization' returned '0': CMAKE_PREFIX_PATH=${CMAKE_PREFIX_PATH}:/home/asimkumar/asitlorbotsix_ws/install/asitlorbot_six:/opt/ros/humble /usr/bin/cmake --install /home/asimkumar/asitlorbot8_ws/build/asitlorbot8_localization
