[0.094s] Invoking command in '/home/asimkumar/asitlorbot8_ws/build/asitlorbot8_cpp_examples': CMAKE_PREFIX_PATH=${CMAKE_PREFIX_PATH}:/home/asimkumar/asitlor11_ws/install/asitlor11_py_examples:/home/asimkumar/asitlor_ws/install/serial_motor_demo:/home/asimkumar/asitlorbotsix_ws/install/asitlorbot_six:/opt/ros/humble /usr/bin/cmake --build /home/asimkumar/asitlorbot8_ws/build/asitlorbot8_cpp_examples -- -j8 -l8
[0.239s] Invoked command in '/home/asimkumar/asitlorbot8_ws/build/asitlorbot8_cpp_examples' returned '0': CMAKE_PREFIX_PATH=${CMAKE_PREFIX_PATH}:/home/asimkumar/asitlor11_ws/install/asitlor11_py_examples:/home/asimkumar/asitlor_ws/install/serial_motor_demo:/home/asimkumar/asitlorbotsix_ws/install/asitlorbot_six:/opt/ros/humble /usr/bin/cmake --build /home/asimkumar/asitlorbot8_ws/build/asitlorbot8_cpp_examples -- -j8 -l8
[0.326s] Invoking command in '/home/asimkumar/asitlorbot8_ws/build/asitlorbot8_cpp_examples': CMAKE_PREFIX_PATH=${CMAKE_PREFIX_PATH}:/home/asimkumar/asitlor11_ws/install/asitlor11_py_examples:/home/asimkumar/asitlor_ws/install/serial_motor_demo:/home/asimkumar/asitlorbotsix_ws/install/asitlorbot_six:/opt/ros/humble /usr/bin/cmake --install /home/asimkumar/asitlorbot8_ws/build/asitlorbot8_cpp_examples
[0.364s] -- Install configuration: ""
[0.366s] -- Execute custom install script
[0.366s] -- Up-to-date symlink: /home/asimkumar/asitlorbot8_ws/install/asitlorbot8_cpp_examples/share/ament_index/resource_index/package_run_dependencies/asitlorbot8_cpp_examples
[0.366s] -- Up-to-date symlink: /home/asimkumar/asitlorbot8_ws/install/asitlorbot8_cpp_examples/share/ament_index/resource_index/parent_prefix_path/asitlorbot8_cpp_examples
[0.366s] -- Up-to-date symlink: /home/asimkumar/asitlorbot8_ws/install/asitlorbot8_cpp_examples/share/asitlorbot8_cpp_examples/environment/ament_prefix_path.sh
[0.366s] -- Up-to-date symlink: /home/asimkumar/asitlorbot8_ws/install/asitlorbot8_cpp_examples/share/asitlorbot8_cpp_examples/environment/ament_prefix_path.dsv
[0.366s] -- Up-to-date symlink: /home/asimkumar/asitlorbot8_ws/install/asitlorbot8_cpp_examples/share/asitlorbot8_cpp_examples/environment/path.sh
[0.366s] -- Up-to-date symlink: /home/asimkumar/asitlorbot8_ws/install/asitlorbot8_cpp_examples/share/asitlorbot8_cpp_examples/environment/path.dsv
[0.367s] -- Up-to-date symlink: /home/asimkumar/asitlorbot8_ws/install/asitlorbot8_cpp_examples/share/asitlorbot8_cpp_examples/local_setup.bash
[0.367s] -- Up-to-date symlink: /home/asimkumar/asitlorbot8_ws/install/asitlorbot8_cpp_examples/share/asitlorbot8_cpp_examples/local_setup.sh
[0.367s] -- Up-to-date symlink: /home/asimkumar/asitlorbot8_ws/install/asitlorbot8_cpp_examples/share/asitlorbot8_cpp_examples/local_setup.zsh
[0.368s] -- Up-to-date symlink: /home/asimkumar/asitlorbot8_ws/install/asitlorbot8_cpp_examples/share/asitlorbot8_cpp_examples/local_setup.dsv
[0.368s] -- Symlinking: /home/asimkumar/asitlorbot8_ws/install/asitlorbot8_cpp_examples/share/asitlorbot8_cpp_examples/package.dsv
[0.383s] -- Up-to-date symlink: /home/asimkumar/asitlorbot8_ws/install/asitlorbot8_cpp_examples/share/ament_index/resource_index/packages/asitlorbot8_cpp_examples
[0.384s] -- Up-to-date symlink: /home/asimkumar/asitlorbot8_ws/install/asitlorbot8_cpp_examples/share/asitlorbot8_cpp_examples/cmake/asitlorbot8_cpp_examplesConfig.cmake
[0.386s] -- Up-to-date symlink: /home/asimkumar/asitlorbot8_ws/install/asitlorbot8_cpp_examples/share/asitlorbot8_cpp_examples/cmake/asitlorbot8_cpp_examplesConfig-version.cmake
[0.387s] -- Up-to-date symlink: /home/asimkumar/asitlorbot8_ws/install/asitlorbot8_cpp_examples/share/asitlorbot8_cpp_examples/package.xml
[0.425s] Invoked command in '/home/asimkumar/asitlorbot8_ws/build/asitlorbot8_cpp_examples' returned '0': CMAKE_PREFIX_PATH=${CMAKE_PREFIX_PATH}:/home/asimkumar/asitlor11_ws/install/asitlor11_py_examples:/home/asimkumar/asitlor_ws/install/serial_motor_demo:/home/asimkumar/asitlorbotsix_ws/install/asitlorbot_six:/opt/ros/humble /usr/bin/cmake --install /home/asimkumar/asitlorbot8_ws/build/asitlorbot8_cpp_examples
