[0.075s] Invoking command in '/home/asimkumar/asitlorbot8_ws/build/asitlorbot8_firmware': CMAKE_PREFIX_PATH=${CMAKE_PREFIX_PATH}:/home/asimkumar/asitlor11_ws/install/asitlor11_py_examples:/home/asimkumar/asitlor_ws/install/serial_motor_demo:/home/asimkumar/asitlorbotsix_ws/install/asitlorbot_six:/opt/ros/humble /usr/bin/cmake --build /home/asimkumar/asitlorbot8_ws/build/asitlorbot8_firmware -- -j8 -l8
[0.249s] [ 33%] Built target simple_serial_receiver
[0.254s] [ 50%] Built target ament_cmake_python_symlink_asitlorbot8_firmware
[0.255s] [ 66%] Built target simple_serial_transmitter
[0.256s] [100%] Built target asitlorbot8_firmware
[0.827s] running egg_info
[0.828s] writing asitlorbot8_firmware.egg-info/PKG-INFO
[0.828s] writing dependency_links to asitlorbot8_firmware.egg-info/dependency_links.txt
[0.829s] writing top-level names to asitlorbot8_firmware.egg-info/top_level.txt
[0.833s] reading manifest file 'asitlorbot8_firmware.egg-info/SOURCES.txt'
[0.833s] writing manifest file 'asitlorbot8_firmware.egg-info/SOURCES.txt'
[0.894s] [100%] Built target ament_cmake_python_build_asitlorbot8_firmware_egg
[0.916s] Invoked command in '/home/asimkumar/asitlorbot8_ws/build/asitlorbot8_firmware' returned '0': CMAKE_PREFIX_PATH=${CMAKE_PREFIX_PATH}:/home/asimkumar/asitlor11_ws/install/asitlor11_py_examples:/home/asimkumar/asitlor_ws/install/serial_motor_demo:/home/asimkumar/asitlorbotsix_ws/install/asitlorbot_six:/opt/ros/humble /usr/bin/cmake --build /home/asimkumar/asitlorbot8_ws/build/asitlorbot8_firmware -- -j8 -l8
[0.988s] Invoking command in '/home/asimkumar/asitlorbot8_ws/build/asitlorbot8_firmware': CMAKE_PREFIX_PATH=${CMAKE_PREFIX_PATH}:/home/asimkumar/asitlor11_ws/install/asitlor11_py_examples:/home/asimkumar/asitlor_ws/install/serial_motor_demo:/home/asimkumar/asitlorbotsix_ws/install/asitlorbot_six:/opt/ros/humble /usr/bin/cmake --install /home/asimkumar/asitlorbot8_ws/build/asitlorbot8_firmware
[1.002s] -- Install configuration: ""
[1.003s] -- Execute custom install script
[1.003s] -- Up-to-date symlink: /home/asimkumar/asitlorbot8_ws/install/asitlorbot8_firmware/share/asitlorbot8_firmware/environment/pythonpath.sh
[1.004s] -- Up-to-date symlink: /home/asimkumar/asitlorbot8_ws/install/asitlorbot8_firmware/share/asitlorbot8_firmware/environment/pythonpath.dsv
[1.004s] -- Up-to-date symlink: /home/asimkumar/asitlorbot8_ws/install/asitlorbot8_firmware/local/lib/python3.10/dist-packages/asitlorbot8_firmware-0.0.0-py3.10.egg-info/PKG-INFO
[1.005s] -- Up-to-date symlink: /home/asimkumar/asitlorbot8_ws/install/asitlorbot8_firmware/local/lib/python3.10/dist-packages/asitlorbot8_firmware-0.0.0-py3.10.egg-info/SOURCES.txt
[1.005s] -- Up-to-date symlink: /home/asimkumar/asitlorbot8_ws/install/asitlorbot8_firmware/local/lib/python3.10/dist-packages/asitlorbot8_firmware-0.0.0-py3.10.egg-info/dependency_links.txt
[1.005s] -- Up-to-date symlink: /home/asimkumar/asitlorbot8_ws/install/asitlorbot8_firmware/local/lib/python3.10/dist-packages/asitlorbot8_firmware-0.0.0-py3.10.egg-info/top_level.txt
[1.005s] -- Up-to-date symlink: /home/asimkumar/asitlorbot8_ws/install/asitlorbot8_firmware/local/lib/python3.10/dist-packages/asitlorbot8_firmware/__init__.py
[1.005s] -- Up-to-date symlink: /home/asimkumar/asitlorbot8_ws/install/asitlorbot8_firmware/local/lib/python3.10/dist-packages/asitlorbot8_firmware/simple_serial_receiver.py
[1.006s] -- Up-to-date symlink: /home/asimkumar/asitlorbot8_ws/install/asitlorbot8_firmware/local/lib/python3.10/dist-packages/asitlorbot8_firmware/simple_serial_transmitter.py
[1.006s] -- Up-to-date symlink: /home/asimkumar/asitlorbot8_ws/install/asitlorbot8_firmware/share/asitlorbot8_firmware//asitlorbot8_interface.xml
[1.006s] -- Up-to-date symlink: /home/asimkumar/asitlorbot8_ws/install/asitlorbot8_firmware/lib/libasitlorbot8_firmware.so
[1.007s] -- Up-to-date symlink: /home/asimkumar/asitlorbot8_ws/install/asitlorbot8_firmware/include/include/asitlorbot8_firmware/asitlorbot8_interface.hpp
[1.007s] -- Up-to-date symlink: /home/asimkumar/asitlorbot8_ws/install/asitlorbot8_firmware/share/asitlorbot8_firmware/launch/hardware_interface.launch.py
[1.007s] -- Up-to-date symlink: /home/asimkumar/asitlorbot8_ws/install/asitlorbot8_firmware/lib/asitlorbot8_firmware/simple_serial_transmitter.py
[1.007s] -- Up-to-date symlink: /home/asimkumar/asitlorbot8_ws/install/asitlorbot8_firmware/lib/asitlorbot8_firmware/simple_serial_receiver.py
[1.008s] -- Up-to-date symlink: /home/asimkumar/asitlorbot8_ws/install/asitlorbot8_firmware/bin/simple_serial_receiver
[1.008s] -- Up-to-date symlink: /home/asimkumar/asitlorbot8_ws/install/asitlorbot8_firmware/bin/simple_serial_transmitter
[1.008s] -- Up-to-date symlink: /home/asimkumar/asitlorbot8_ws/install/asitlorbot8_firmware/share/asitlorbot8_firmware/environment/library_path.sh
[1.008s] -- Up-to-date symlink: /home/asimkumar/asitlorbot8_ws/install/asitlorbot8_firmware/share/asitlorbot8_firmware/environment/library_path.dsv
[1.009s] -- Up-to-date symlink: /home/asimkumar/asitlorbot8_ws/install/asitlorbot8_firmware/share/ament_index/resource_index/package_run_dependencies/asitlorbot8_firmware
[1.009s] -- Up-to-date symlink: /home/asimkumar/asitlorbot8_ws/install/asitlorbot8_firmware/share/ament_index/resource_index/parent_prefix_path/asitlorbot8_firmware
[1.009s] -- Up-to-date symlink: /home/asimkumar/asitlorbot8_ws/install/asitlorbot8_firmware/share/asitlorbot8_firmware/environment/ament_prefix_path.sh
[1.010s] -- Up-to-date symlink: /home/asimkumar/asitlorbot8_ws/install/asitlorbot8_firmware/share/asitlorbot8_firmware/environment/ament_prefix_path.dsv
[1.010s] -- Up-to-date symlink: /home/asimkumar/asitlorbot8_ws/install/asitlorbot8_firmware/share/asitlorbot8_firmware/environment/path.sh
[1.010s] -- Up-to-date symlink: /home/asimkumar/asitlorbot8_ws/install/asitlorbot8_firmware/share/asitlorbot8_firmware/environment/path.dsv
[1.010s] -- Up-to-date symlink: /home/asimkumar/asitlorbot8_ws/install/asitlorbot8_firmware/share/asitlorbot8_firmware/local_setup.bash
[1.010s] -- Up-to-date symlink: /home/asimkumar/asitlorbot8_ws/install/asitlorbot8_firmware/share/asitlorbot8_firmware/local_setup.sh
[1.011s] -- Up-to-date symlink: /home/asimkumar/asitlorbot8_ws/install/asitlorbot8_firmware/share/asitlorbot8_firmware/local_setup.zsh
[1.011s] -- Up-to-date symlink: /home/asimkumar/asitlorbot8_ws/install/asitlorbot8_firmware/share/asitlorbot8_firmware/local_setup.dsv
[1.011s] -- Symlinking: /home/asimkumar/asitlorbot8_ws/install/asitlorbot8_firmware/share/asitlorbot8_firmware/package.dsv
[1.029s] -- Up-to-date symlink: /home/asimkumar/asitlorbot8_ws/install/asitlorbot8_firmware/share/ament_index/resource_index/packages/asitlorbot8_firmware
[1.029s] -- Up-to-date symlink: /home/asimkumar/asitlorbot8_ws/install/asitlorbot8_firmware/share/ament_index/resource_index/hardware_interface__pluginlib__plugin/asitlorbot8_firmware
[1.030s] -- Up-to-date symlink: /home/asimkumar/asitlorbot8_ws/install/asitlorbot8_firmware/share/asitlorbot8_firmware/cmake/ament_cmake_export_include_directories-extras.cmake
[1.030s] -- Up-to-date symlink: /home/asimkumar/asitlorbot8_ws/install/asitlorbot8_firmware/share/asitlorbot8_firmware/cmake/ament_cmake_export_libraries-extras.cmake
[1.030s] -- Up-to-date symlink: /home/asimkumar/asitlorbot8_ws/install/asitlorbot8_firmware/share/asitlorbot8_firmware/cmake/ament_cmake_export_dependencies-extras.cmake
[1.030s] -- Up-to-date symlink: /home/asimkumar/asitlorbot8_ws/install/asitlorbot8_firmware/share/asitlorbot8_firmware/cmake/asitlorbot8_firmwareConfig.cmake
[1.031s] -- Up-to-date symlink: /home/asimkumar/asitlorbot8_ws/install/asitlorbot8_firmware/share/asitlorbot8_firmware/cmake/asitlorbot8_firmwareConfig-version.cmake
[1.031s] -- Up-to-date symlink: /home/asimkumar/asitlorbot8_ws/install/asitlorbot8_firmware/share/asitlorbot8_firmware/package.xml
[1.092s] Listing '/home/asimkumar/asitlorbot8_ws/install/asitlorbot8_firmware/local/lib/python3.10/dist-packages/asitlorbot8_firmware'...
[1.102s] Invoked command in '/home/asimkumar/asitlorbot8_ws/build/asitlorbot8_firmware' returned '0': CMAKE_PREFIX_PATH=${CMAKE_PREFIX_PATH}:/home/asimkumar/asitlor11_ws/install/asitlor11_py_examples:/home/asimkumar/asitlor_ws/install/serial_motor_demo:/home/asimkumar/asitlorbotsix_ws/install/asitlorbot_six:/opt/ros/humble /usr/bin/cmake --install /home/asimkumar/asitlorbot8_ws/build/asitlorbot8_firmware
