[0.155s] DEBUG:colcon:Command line arguments: ['/usr/bin/colcon', 'build', '--symlink-install']
[0.155s] DEBUG:colcon:Parsed command line arguments: Namespace(log_base=None, log_level=None, verb_name='build', build_base='build', install_base='install', merge_install=False, symlink_install=True, test_result_base=None, continue_on_error=False, executor='parallel', parallel_workers=8, event_handlers=None, ignore_user_meta=False, metas=['./colcon.meta'], base_paths=['.'], packages_ignore=None, packages_ignore_regex=None, paths=None, packages_up_to=None, packages_up_to_regex=None, packages_above=None, packages_above_and_dependencies=None, packages_above_depth=None, packages_select_by_dep=None, packages_skip_by_dep=None, packages_skip_up_to=None, packages_select_build_failed=False, packages_skip_build_finished=False, packages_select_test_failures=False, packages_skip_test_passed=False, packages_select=None, packages_skip=None, packages_select_regex=None, packages_skip_regex=None, packages_start=None, packages_end=None, allow_overriding=[], cmake_args=None, cmake_target=None, cmake_target_skip_unavailable=False, cmake_clean_cache=False, cmake_clean_first=False, cmake_force_configure=False, ament_cmake_args=None, catkin_cmake_args=None, catkin_skip_building_tests=False, verb_parser=<colcon_defaults.argument_parser.defaults.DefaultArgumentsDecorator object at 0x73c2e8a0e8f0>, verb_extension=<colcon_core.verb.build.BuildVerb object at 0x73c2e8b87f10>, main=<bound method BuildVerb.main of <colcon_core.verb.build.BuildVerb object at 0x73c2e8b87f10>>)
[0.431s] Level 1:colcon.colcon_core.package_discovery:discover_packages(colcon_meta) check parameters
[0.431s] Level 1:colcon.colcon_core.package_discovery:discover_packages(recursive) check parameters
[0.431s] Level 1:colcon.colcon_core.package_discovery:discover_packages(ignore) check parameters
[0.432s] Level 1:colcon.colcon_core.package_discovery:discover_packages(path) check parameters
[0.432s] Level 1:colcon.colcon_core.package_discovery:discover_packages(colcon_meta) discover
[0.432s] Level 1:colcon.colcon_core.package_discovery:discover_packages(recursive) discover
[0.432s] INFO:colcon.colcon_core.package_discovery:Crawling recursively for packages in '/home/asimkumar/asitlorbot8_ws'
[0.432s] Level 1:colcon.colcon_core.package_identification:_identify(.) by extensions ['ignore', 'ignore_ament_install']
[0.432s] Level 1:colcon.colcon_core.package_identification:_identify(.) by extension 'ignore'
[0.432s] Level 1:colcon.colcon_core.package_identification:_identify(.) by extension 'ignore_ament_install'
[0.432s] Level 1:colcon.colcon_core.package_identification:_identify(.) by extensions ['colcon_pkg']
[0.432s] Level 1:colcon.colcon_core.package_identification:_identify(.) by extension 'colcon_pkg'
[0.432s] Level 1:colcon.colcon_core.package_identification:_identify(.) by extensions ['colcon_meta']
[0.432s] Level 1:colcon.colcon_core.package_identification:_identify(.) by extension 'colcon_meta'
[0.432s] Level 1:colcon.colcon_core.package_identification:_identify(.) by extensions ['ros']
[0.432s] Level 1:colcon.colcon_core.package_identification:_identify(.) by extension 'ros'
[0.468s] Level 1:colcon.colcon_core.package_identification:_identify(.) by extensions ['cmake', 'python']
[0.468s] Level 1:colcon.colcon_core.package_identification:_identify(.) by extension 'cmake'
[0.468s] Level 1:colcon.colcon_core.package_identification:_identify(.) by extension 'python'
[0.468s] Level 1:colcon.colcon_core.package_identification:_identify(.) by extensions ['python_setup_py']
[0.468s] Level 1:colcon.colcon_core.package_identification:_identify(.) by extension 'python_setup_py'
[0.468s] Level 1:colcon.colcon_core.package_identification:_identify(build) by extensions ['ignore', 'ignore_ament_install']
[0.469s] Level 1:colcon.colcon_core.package_identification:_identify(build) by extension 'ignore'
[0.469s] Level 1:colcon.colcon_core.package_identification:_identify(build) ignored
[0.469s] Level 1:colcon.colcon_core.package_identification:_identify(install) by extensions ['ignore', 'ignore_ament_install']
[0.469s] Level 1:colcon.colcon_core.package_identification:_identify(install) by extension 'ignore'
[0.469s] Level 1:colcon.colcon_core.package_identification:_identify(install) ignored
[0.469s] Level 1:colcon.colcon_core.package_identification:_identify(log) by extensions ['ignore', 'ignore_ament_install']
[0.469s] Level 1:colcon.colcon_core.package_identification:_identify(log) by extension 'ignore'
[0.469s] Level 1:colcon.colcon_core.package_identification:_identify(log) ignored
[0.469s] Level 1:colcon.colcon_core.package_identification:_identify(src) by extensions ['ignore', 'ignore_ament_install']
[0.469s] Level 1:colcon.colcon_core.package_identification:_identify(src) by extension 'ignore'
[0.470s] Level 1:colcon.colcon_core.package_identification:_identify(src) by extension 'ignore_ament_install'
[0.470s] Level 1:colcon.colcon_core.package_identification:_identify(src) by extensions ['colcon_pkg']
[0.470s] Level 1:colcon.colcon_core.package_identification:_identify(src) by extension 'colcon_pkg'
[0.470s] Level 1:colcon.colcon_core.package_identification:_identify(src) by extensions ['colcon_meta']
[0.470s] Level 1:colcon.colcon_core.package_identification:_identify(src) by extension 'colcon_meta'
[0.470s] Level 1:colcon.colcon_core.package_identification:_identify(src) by extensions ['ros']
[0.470s] Level 1:colcon.colcon_core.package_identification:_identify(src) by extension 'ros'
[0.470s] Level 1:colcon.colcon_core.package_identification:_identify(src) by extensions ['cmake', 'python']
[0.470s] Level 1:colcon.colcon_core.package_identification:_identify(src) by extension 'cmake'
[0.470s] Level 1:colcon.colcon_core.package_identification:_identify(src) by extension 'python'
[0.470s] Level 1:colcon.colcon_core.package_identification:_identify(src) by extensions ['python_setup_py']
[0.470s] Level 1:colcon.colcon_core.package_identification:_identify(src) by extension 'python_setup_py'
[0.470s] Level 1:colcon.colcon_core.package_identification:_identify(src/asitlorbot8_controller) by extensions ['ignore', 'ignore_ament_install']
[0.470s] Level 1:colcon.colcon_core.package_identification:_identify(src/asitlorbot8_controller) by extension 'ignore'
[0.470s] Level 1:colcon.colcon_core.package_identification:_identify(src/asitlorbot8_controller) by extension 'ignore_ament_install'
[0.470s] Level 1:colcon.colcon_core.package_identification:_identify(src/asitlorbot8_controller) by extensions ['colcon_pkg']
[0.471s] Level 1:colcon.colcon_core.package_identification:_identify(src/asitlorbot8_controller) by extension 'colcon_pkg'
[0.471s] Level 1:colcon.colcon_core.package_identification:_identify(src/asitlorbot8_controller) by extensions ['colcon_meta']
[0.471s] Level 1:colcon.colcon_core.package_identification:_identify(src/asitlorbot8_controller) by extension 'colcon_meta'
[0.471s] Level 1:colcon.colcon_core.package_identification:_identify(src/asitlorbot8_controller) by extensions ['ros']
[0.471s] Level 1:colcon.colcon_core.package_identification:_identify(src/asitlorbot8_controller) by extension 'ros'
[0.475s] DEBUG:colcon.colcon_core.package_identification:Package 'src/asitlorbot8_controller' with type 'ros.ament_cmake' and name 'asitlorbot8_controller'
[0.475s] Level 1:colcon.colcon_core.package_identification:_identify(src/asitlorbot8_cpp_examples) by extensions ['ignore', 'ignore_ament_install']
[0.475s] Level 1:colcon.colcon_core.package_identification:_identify(src/asitlorbot8_cpp_examples) by extension 'ignore'
[0.475s] Level 1:colcon.colcon_core.package_identification:_identify(src/asitlorbot8_cpp_examples) by extension 'ignore_ament_install'
[0.476s] Level 1:colcon.colcon_core.package_identification:_identify(src/asitlorbot8_cpp_examples) by extensions ['colcon_pkg']
[0.476s] Level 1:colcon.colcon_core.package_identification:_identify(src/asitlorbot8_cpp_examples) by extension 'colcon_pkg'
[0.476s] Level 1:colcon.colcon_core.package_identification:_identify(src/asitlorbot8_cpp_examples) by extensions ['colcon_meta']
[0.476s] Level 1:colcon.colcon_core.package_identification:_identify(src/asitlorbot8_cpp_examples) by extension 'colcon_meta'
[0.476s] Level 1:colcon.colcon_core.package_identification:_identify(src/asitlorbot8_cpp_examples) by extensions ['ros']
[0.476s] Level 1:colcon.colcon_core.package_identification:_identify(src/asitlorbot8_cpp_examples) by extension 'ros'
[0.476s] DEBUG:colcon.colcon_core.package_identification:Package 'src/asitlorbot8_cpp_examples' with type 'ros.ament_cmake' and name 'asitlorbot8_cpp_examples'
[0.476s] Level 1:colcon.colcon_core.package_identification:_identify(src/asitlorbot8_description) by extensions ['ignore', 'ignore_ament_install']
[0.477s] Level 1:colcon.colcon_core.package_identification:_identify(src/asitlorbot8_description) by extension 'ignore'
[0.477s] Level 1:colcon.colcon_core.package_identification:_identify(src/asitlorbot8_description) by extension 'ignore_ament_install'
[0.477s] Level 1:colcon.colcon_core.package_identification:_identify(src/asitlorbot8_description) by extensions ['colcon_pkg']
[0.477s] Level 1:colcon.colcon_core.package_identification:_identify(src/asitlorbot8_description) by extension 'colcon_pkg'
[0.477s] Level 1:colcon.colcon_core.package_identification:_identify(src/asitlorbot8_description) by extensions ['colcon_meta']
[0.477s] Level 1:colcon.colcon_core.package_identification:_identify(src/asitlorbot8_description) by extension 'colcon_meta'
[0.477s] Level 1:colcon.colcon_core.package_identification:_identify(src/asitlorbot8_description) by extensions ['ros']
[0.477s] Level 1:colcon.colcon_core.package_identification:_identify(src/asitlorbot8_description) by extension 'ros'
[0.477s] DEBUG:colcon.colcon_core.package_identification:Package 'src/asitlorbot8_description' with type 'ros.ament_cmake' and name 'asitlorbot8_description'
[0.478s] Level 1:colcon.colcon_core.package_identification:_identify(src/asitlorbot8_localization) by extensions ['ignore', 'ignore_ament_install']
[0.478s] Level 1:colcon.colcon_core.package_identification:_identify(src/asitlorbot8_localization) by extension 'ignore'
[0.478s] Level 1:colcon.colcon_core.package_identification:_identify(src/asitlorbot8_localization) by extension 'ignore_ament_install'
[0.478s] Level 1:colcon.colcon_core.package_identification:_identify(src/asitlorbot8_localization) by extensions ['colcon_pkg']
[0.478s] Level 1:colcon.colcon_core.package_identification:_identify(src/asitlorbot8_localization) by extension 'colcon_pkg'
[0.478s] Level 1:colcon.colcon_core.package_identification:_identify(src/asitlorbot8_localization) by extensions ['colcon_meta']
[0.478s] Level 1:colcon.colcon_core.package_identification:_identify(src/asitlorbot8_localization) by extension 'colcon_meta'
[0.478s] Level 1:colcon.colcon_core.package_identification:_identify(src/asitlorbot8_localization) by extensions ['ros']
[0.478s] Level 1:colcon.colcon_core.package_identification:_identify(src/asitlorbot8_localization) by extension 'ros'
[0.479s] DEBUG:colcon.colcon_core.package_identification:Package 'src/asitlorbot8_localization' with type 'ros.ament_cmake' and name 'asitlorbot8_localization'
[0.479s] Level 1:colcon.colcon_core.package_discovery:discover_packages(recursive) using defaults
[0.479s] Level 1:colcon.colcon_core.package_discovery:discover_packages(ignore) discover
[0.479s] Level 1:colcon.colcon_core.package_discovery:discover_packages(ignore) using defaults
[0.479s] Level 1:colcon.colcon_core.package_discovery:discover_packages(path) discover
[0.479s] Level 1:colcon.colcon_core.package_discovery:discover_packages(path) using defaults
[0.512s] Level 1:colcon.colcon_core.package_discovery:discover_packages(prefix_path) check parameters
[0.512s] Level 1:colcon.colcon_core.package_discovery:discover_packages(prefix_path) discover
[0.518s] DEBUG:colcon.colcon_installed_package_information.package_discovery:Found 4 installed packages in /home/asimkumar/asitlorbot8_ws/install
[0.518s] DEBUG:colcon.colcon_installed_package_information.package_discovery:Found 3 installed packages in /home/asimkumar/asitlorbot7_ws/install
[0.519s] DEBUG:colcon.colcon_installed_package_information.package_discovery:Found 7 installed packages in /home/asimkumar/asitlorbotsix_ws/install
[0.521s] DEBUG:colcon.colcon_installed_package_information.package_discovery:Found 20 installed packages in /home/asimkumar/asitlor_ws/install
[0.522s] DEBUG:colcon.colcon_installed_package_information.package_discovery:Found 1 installed packages in /home/asimkumar/turtlebot3_1/install
[0.522s] DEBUG:colcon.colcon_installed_package_information.package_discovery:Found 16 installed packages in /home/asimkumar/brobot/install
[0.525s] DEBUG:colcon.colcon_installed_package_information.package_discovery:Found 408 installed packages in /opt/ros/humble
[0.529s] Level 1:colcon.colcon_core.package_discovery:discover_packages(prefix_path) using defaults
[0.603s] Level 5:colcon.colcon_core.verb:set package 'asitlorbot8_controller' build argument 'cmake_args' from command line to 'None'
[0.603s] Level 5:colcon.colcon_core.verb:set package 'asitlorbot8_controller' build argument 'cmake_target' from command line to 'None'
[0.603s] Level 5:colcon.colcon_core.verb:set package 'asitlorbot8_controller' build argument 'cmake_target_skip_unavailable' from command line to 'False'
[0.603s] Level 5:colcon.colcon_core.verb:set package 'asitlorbot8_controller' build argument 'cmake_clean_cache' from command line to 'False'
[0.603s] Level 5:colcon.colcon_core.verb:set package 'asitlorbot8_controller' build argument 'cmake_clean_first' from command line to 'False'
[0.603s] Level 5:colcon.colcon_core.verb:set package 'asitlorbot8_controller' build argument 'cmake_force_configure' from command line to 'False'
[0.603s] Level 5:colcon.colcon_core.verb:set package 'asitlorbot8_controller' build argument 'ament_cmake_args' from command line to 'None'
[0.603s] Level 5:colcon.colcon_core.verb:set package 'asitlorbot8_controller' build argument 'catkin_cmake_args' from command line to 'None'
[0.603s] Level 5:colcon.colcon_core.verb:set package 'asitlorbot8_controller' build argument 'catkin_skip_building_tests' from command line to 'False'
[0.603s] DEBUG:colcon.colcon_core.verb:Building package 'asitlorbot8_controller' with the following arguments: {'ament_cmake_args': None, 'build_base': '/home/asimkumar/asitlorbot8_ws/build/asitlorbot8_controller', 'catkin_cmake_args': None, 'catkin_skip_building_tests': False, 'cmake_args': None, 'cmake_clean_cache': False, 'cmake_clean_first': False, 'cmake_force_configure': False, 'cmake_target': None, 'cmake_target_skip_unavailable': False, 'install_base': '/home/asimkumar/asitlorbot8_ws/install/asitlorbot8_controller', 'merge_install': False, 'path': '/home/asimkumar/asitlorbot8_ws/src/asitlorbot8_controller', 'symlink_install': True, 'test_result_base': None}
[0.604s] Level 5:colcon.colcon_core.verb:set package 'asitlorbot8_cpp_examples' build argument 'cmake_args' from command line to 'None'
[0.604s] Level 5:colcon.colcon_core.verb:set package 'asitlorbot8_cpp_examples' build argument 'cmake_target' from command line to 'None'
[0.604s] Level 5:colcon.colcon_core.verb:set package 'asitlorbot8_cpp_examples' build argument 'cmake_target_skip_unavailable' from command line to 'False'
[0.604s] Level 5:colcon.colcon_core.verb:set package 'asitlorbot8_cpp_examples' build argument 'cmake_clean_cache' from command line to 'False'
[0.604s] Level 5:colcon.colcon_core.verb:set package 'asitlorbot8_cpp_examples' build argument 'cmake_clean_first' from command line to 'False'
[0.604s] Level 5:colcon.colcon_core.verb:set package 'asitlorbot8_cpp_examples' build argument 'cmake_force_configure' from command line to 'False'
[0.604s] Level 5:colcon.colcon_core.verb:set package 'asitlorbot8_cpp_examples' build argument 'ament_cmake_args' from command line to 'None'
[0.604s] Level 5:colcon.colcon_core.verb:set package 'asitlorbot8_cpp_examples' build argument 'catkin_cmake_args' from command line to 'None'
[0.604s] Level 5:colcon.colcon_core.verb:set package 'asitlorbot8_cpp_examples' build argument 'catkin_skip_building_tests' from command line to 'False'
[0.604s] DEBUG:colcon.colcon_core.verb:Building package 'asitlorbot8_cpp_examples' with the following arguments: {'ament_cmake_args': None, 'build_base': '/home/asimkumar/asitlorbot8_ws/build/asitlorbot8_cpp_examples', 'catkin_cmake_args': None, 'catkin_skip_building_tests': False, 'cmake_args': None, 'cmake_clean_cache': False, 'cmake_clean_first': False, 'cmake_force_configure': False, 'cmake_target': None, 'cmake_target_skip_unavailable': False, 'install_base': '/home/asimkumar/asitlorbot8_ws/install/asitlorbot8_cpp_examples', 'merge_install': False, 'path': '/home/asimkumar/asitlorbot8_ws/src/asitlorbot8_cpp_examples', 'symlink_install': True, 'test_result_base': None}
[0.604s] Level 5:colcon.colcon_core.verb:set package 'asitlorbot8_description' build argument 'cmake_args' from command line to 'None'
[0.604s] Level 5:colcon.colcon_core.verb:set package 'asitlorbot8_description' build argument 'cmake_target' from command line to 'None'
[0.604s] Level 5:colcon.colcon_core.verb:set package 'asitlorbot8_description' build argument 'cmake_target_skip_unavailable' from command line to 'False'
[0.604s] Level 5:colcon.colcon_core.verb:set package 'asitlorbot8_description' build argument 'cmake_clean_cache' from command line to 'False'
[0.604s] Level 5:colcon.colcon_core.verb:set package 'asitlorbot8_description' build argument 'cmake_clean_first' from command line to 'False'
[0.605s] Level 5:colcon.colcon_core.verb:set package 'asitlorbot8_description' build argument 'cmake_force_configure' from command line to 'False'
[0.605s] Level 5:colcon.colcon_core.verb:set package 'asitlorbot8_description' build argument 'ament_cmake_args' from command line to 'None'
[0.605s] Level 5:colcon.colcon_core.verb:set package 'asitlorbot8_description' build argument 'catkin_cmake_args' from command line to 'None'
[0.605s] Level 5:colcon.colcon_core.verb:set package 'asitlorbot8_description' build argument 'catkin_skip_building_tests' from command line to 'False'
[0.605s] DEBUG:colcon.colcon_core.verb:Building package 'asitlorbot8_description' with the following arguments: {'ament_cmake_args': None, 'build_base': '/home/asimkumar/asitlorbot8_ws/build/asitlorbot8_description', 'catkin_cmake_args': None, 'catkin_skip_building_tests': False, 'cmake_args': None, 'cmake_clean_cache': False, 'cmake_clean_first': False, 'cmake_force_configure': False, 'cmake_target': None, 'cmake_target_skip_unavailable': False, 'install_base': '/home/asimkumar/asitlorbot8_ws/install/asitlorbot8_description', 'merge_install': False, 'path': '/home/asimkumar/asitlorbot8_ws/src/asitlorbot8_description', 'symlink_install': True, 'test_result_base': None}
[0.605s] Level 5:colcon.colcon_core.verb:set package 'asitlorbot8_localization' build argument 'cmake_args' from command line to 'None'
[0.605s] Level 5:colcon.colcon_core.verb:set package 'asitlorbot8_localization' build argument 'cmake_target' from command line to 'None'
[0.605s] Level 5:colcon.colcon_core.verb:set package 'asitlorbot8_localization' build argument 'cmake_target_skip_unavailable' from command line to 'False'
[0.605s] Level 5:colcon.colcon_core.verb:set package 'asitlorbot8_localization' build argument 'cmake_clean_cache' from command line to 'False'
[0.605s] Level 5:colcon.colcon_core.verb:set package 'asitlorbot8_localization' build argument 'cmake_clean_first' from command line to 'False'
[0.605s] Level 5:colcon.colcon_core.verb:set package 'asitlorbot8_localization' build argument 'cmake_force_configure' from command line to 'False'
[0.605s] Level 5:colcon.colcon_core.verb:set package 'asitlorbot8_localization' build argument 'ament_cmake_args' from command line to 'None'
[0.605s] Level 5:colcon.colcon_core.verb:set package 'asitlorbot8_localization' build argument 'catkin_cmake_args' from command line to 'None'
[0.605s] Level 5:colcon.colcon_core.verb:set package 'asitlorbot8_localization' build argument 'catkin_skip_building_tests' from command line to 'False'
[0.605s] DEBUG:colcon.colcon_core.verb:Building package 'asitlorbot8_localization' with the following arguments: {'ament_cmake_args': None, 'build_base': '/home/asimkumar/asitlorbot8_ws/build/asitlorbot8_localization', 'catkin_cmake_args': None, 'catkin_skip_building_tests': False, 'cmake_args': None, 'cmake_clean_cache': False, 'cmake_clean_first': False, 'cmake_force_configure': False, 'cmake_target': None, 'cmake_target_skip_unavailable': False, 'install_base': '/home/asimkumar/asitlorbot8_ws/install/asitlorbot8_localization', 'merge_install': False, 'path': '/home/asimkumar/asitlorbot8_ws/src/asitlorbot8_localization', 'symlink_install': True, 'test_result_base': None}
[0.605s] INFO:colcon.colcon_core.executor:Executing jobs using 'parallel' executor
[0.607s] DEBUG:colcon.colcon_parallel_executor.executor.parallel:run_until_complete
[0.607s] INFO:colcon.colcon_ros.task.ament_cmake.build:Building ROS package in '/home/asimkumar/asitlorbot8_ws/src/asitlorbot8_controller' with build type 'ament_cmake'
[0.607s] INFO:colcon.colcon_cmake.task.cmake.build:Building CMake package in '/home/asimkumar/asitlorbot8_ws/src/asitlorbot8_controller'
[0.611s] INFO:colcon.colcon_core.plugin_system:Skipping extension 'colcon_core.shell.bat': Not used on non-Windows systems
[0.611s] INFO:colcon.colcon_core.shell:Skip shell extension 'powershell' for command environment: Not usable outside of PowerShell
[0.611s] DEBUG:colcon.colcon_core.shell:Skip shell extension 'dsv' for command environment
[0.623s] INFO:colcon.colcon_ros.task.ament_cmake.build:Building ROS package in '/home/asimkumar/asitlorbot8_ws/src/asitlorbot8_cpp_examples' with build type 'ament_cmake'
[0.623s] INFO:colcon.colcon_cmake.task.cmake.build:Building CMake package in '/home/asimkumar/asitlorbot8_ws/src/asitlorbot8_cpp_examples'
[0.624s] INFO:colcon.colcon_core.shell:Skip shell extension 'powershell' for command environment: Not usable outside of PowerShell
[0.624s] DEBUG:colcon.colcon_core.shell:Skip shell extension 'dsv' for command environment
[0.636s] INFO:colcon.colcon_ros.task.ament_cmake.build:Building ROS package in '/home/asimkumar/asitlorbot8_ws/src/asitlorbot8_description' with build type 'ament_cmake'
[0.636s] INFO:colcon.colcon_cmake.task.cmake.build:Building CMake package in '/home/asimkumar/asitlorbot8_ws/src/asitlorbot8_description'
[0.637s] INFO:colcon.colcon_core.shell:Skip shell extension 'powershell' for command environment: Not usable outside of PowerShell
[0.637s] DEBUG:colcon.colcon_core.shell:Skip shell extension 'dsv' for command environment
[0.650s] INFO:colcon.colcon_ros.task.ament_cmake.build:Building ROS package in '/home/asimkumar/asitlorbot8_ws/src/asitlorbot8_localization' with build type 'ament_cmake'
[0.650s] INFO:colcon.colcon_cmake.task.cmake.build:Building CMake package in '/home/asimkumar/asitlorbot8_ws/src/asitlorbot8_localization'
[0.650s] INFO:colcon.colcon_core.shell:Skip shell extension 'powershell' for command environment: Not usable outside of PowerShell
[0.651s] DEBUG:colcon.colcon_core.shell:Skip shell extension 'dsv' for command environment
[0.670s] DEBUG:colcon.colcon_core.event_handler.log_command:Invoking command in '/home/asimkumar/asitlorbot8_ws/build/asitlorbot8_controller': CMAKE_PREFIX_PATH=${CMAKE_PREFIX_PATH}:/home/asimkumar/asitlorbotsix_ws/install/asitlorbot_six:/opt/ros/humble /usr/bin/cmake --build /home/asimkumar/asitlorbot8_ws/build/asitlorbot8_controller -- -j8 -l8
[0.678s] DEBUG:colcon.colcon_core.event_handler.log_command:Invoking command in '/home/asimkumar/asitlorbot8_ws/build/asitlorbot8_cpp_examples': CMAKE_PREFIX_PATH=${CMAKE_PREFIX_PATH}:/home/asimkumar/asitlorbotsix_ws/install/asitlorbot_six:/opt/ros/humble /usr/bin/cmake --build /home/asimkumar/asitlorbot8_ws/build/asitlorbot8_cpp_examples -- -j8 -l8
[0.686s] DEBUG:colcon.colcon_core.event_handler.log_command:Invoking command in '/home/asimkumar/asitlorbot8_ws/build/asitlorbot8_description': CMAKE_PREFIX_PATH=${CMAKE_PREFIX_PATH}:/home/asimkumar/asitlorbotsix_ws/install/asitlorbot_six:/opt/ros/humble /usr/bin/cmake --build /home/asimkumar/asitlorbot8_ws/build/asitlorbot8_description -- -j8 -l8
[0.695s] DEBUG:colcon.colcon_core.event_handler.log_command:Invoking command in '/home/asimkumar/asitlorbot8_ws/build/asitlorbot8_localization': CMAKE_PREFIX_PATH=${CMAKE_PREFIX_PATH}:/home/asimkumar/asitlorbotsix_ws/install/asitlorbot_six:/opt/ros/humble /usr/bin/cmake --build /home/asimkumar/asitlorbot8_ws/build/asitlorbot8_localization -- -j8 -l8
[0.758s] DEBUG:colcon.colcon_core.event_handler.log_command:Invoked command in '/home/asimkumar/asitlorbot8_ws/build/asitlorbot8_cpp_examples' returned '0': CMAKE_PREFIX_PATH=${CMAKE_PREFIX_PATH}:/home/asimkumar/asitlorbotsix_ws/install/asitlorbot_six:/opt/ros/humble /usr/bin/cmake --build /home/asimkumar/asitlorbot8_ws/build/asitlorbot8_cpp_examples -- -j8 -l8
[0.774s] DEBUG:colcon.colcon_core.event_handler.log_command:Invoked command in '/home/asimkumar/asitlorbot8_ws/build/asitlorbot8_description' returned '0': CMAKE_PREFIX_PATH=${CMAKE_PREFIX_PATH}:/home/asimkumar/asitlorbotsix_ws/install/asitlorbot_six:/opt/ros/humble /usr/bin/cmake --build /home/asimkumar/asitlorbot8_ws/build/asitlorbot8_description -- -j8 -l8
[0.824s] DEBUG:colcon.colcon_core.event_handler.log_command:Invoking command in '/home/asimkumar/asitlorbot8_ws/build/asitlorbot8_cpp_examples': CMAKE_PREFIX_PATH=${CMAKE_PREFIX_PATH}:/home/asimkumar/asitlorbotsix_ws/install/asitlorbot_six:/opt/ros/humble /usr/bin/cmake --install /home/asimkumar/asitlorbot8_ws/build/asitlorbot8_cpp_examples
[0.829s] DEBUG:colcon.colcon_core.event_handler.log_command:Invoking command in '/home/asimkumar/asitlorbot8_ws/build/asitlorbot8_description': CMAKE_PREFIX_PATH=${CMAKE_PREFIX_PATH}:/home/asimkumar/asitlorbotsix_ws/install/asitlorbot_six:/opt/ros/humble /usr/bin/cmake --install /home/asimkumar/asitlorbot8_ws/build/asitlorbot8_description
[0.864s] Level 1:colcon.colcon_core.environment:create_environment_scripts_only(asitlorbot8_cpp_examples)
[0.865s] DEBUG:colcon.colcon_core.event_handler.log_command:Invoked command in '/home/asimkumar/asitlorbot8_ws/build/asitlorbot8_cpp_examples' returned '0': CMAKE_PREFIX_PATH=${CMAKE_PREFIX_PATH}:/home/asimkumar/asitlorbotsix_ws/install/asitlorbot_six:/opt/ros/humble /usr/bin/cmake --install /home/asimkumar/asitlorbot8_ws/build/asitlorbot8_cpp_examples
[0.869s] Level 1:colcon.colcon_core.environment:checking '/home/asimkumar/asitlorbot8_ws/install/asitlorbot8_cpp_examples' for CMake module files
[0.870s] Level 1:colcon.colcon_core.environment:checking '/home/asimkumar/asitlorbot8_ws/install/asitlorbot8_cpp_examples' for CMake config files
[0.870s] Level 1:colcon.colcon_core.shell:create_environment_hook('asitlorbot8_cpp_examples', 'cmake_prefix_path')
[0.870s] INFO:colcon.colcon_core.shell:Creating environment hook '/home/asimkumar/asitlorbot8_ws/install/asitlorbot8_cpp_examples/share/asitlorbot8_cpp_examples/hook/cmake_prefix_path.ps1'
[0.871s] INFO:colcon.colcon_core.shell:Creating environment descriptor '/home/asimkumar/asitlorbot8_ws/install/asitlorbot8_cpp_examples/share/asitlorbot8_cpp_examples/hook/cmake_prefix_path.dsv'
[0.872s] INFO:colcon.colcon_core.shell:Creating environment hook '/home/asimkumar/asitlorbot8_ws/install/asitlorbot8_cpp_examples/share/asitlorbot8_cpp_examples/hook/cmake_prefix_path.sh'
[0.873s] Level 1:colcon.colcon_core.environment:checking '/home/asimkumar/asitlorbot8_ws/install/asitlorbot8_cpp_examples/bin'
[0.873s] Level 1:colcon.colcon_core.environment:checking '/home/asimkumar/asitlorbot8_ws/install/asitlorbot8_cpp_examples/lib/pkgconfig/asitlorbot8_cpp_examples.pc'
[0.873s] Level 1:colcon.colcon_core.environment:checking '/home/asimkumar/asitlorbot8_ws/install/asitlorbot8_cpp_examples/lib/python3.10/site-packages'
[0.874s] Level 1:colcon.colcon_core.environment:checking '/home/asimkumar/asitlorbot8_ws/install/asitlorbot8_cpp_examples/bin'
[0.874s] INFO:colcon.colcon_core.shell:Creating package script '/home/asimkumar/asitlorbot8_ws/install/asitlorbot8_cpp_examples/share/asitlorbot8_cpp_examples/package.ps1'
[0.875s] INFO:colcon.colcon_core.shell:Creating package descriptor '/home/asimkumar/asitlorbot8_ws/install/asitlorbot8_cpp_examples/share/asitlorbot8_cpp_examples/package.dsv'
[0.876s] INFO:colcon.colcon_core.shell:Creating package script '/home/asimkumar/asitlorbot8_ws/install/asitlorbot8_cpp_examples/share/asitlorbot8_cpp_examples/package.sh'
[0.877s] INFO:colcon.colcon_core.shell:Creating package script '/home/asimkumar/asitlorbot8_ws/install/asitlorbot8_cpp_examples/share/asitlorbot8_cpp_examples/package.bash'
[0.878s] INFO:colcon.colcon_core.shell:Creating package script '/home/asimkumar/asitlorbot8_ws/install/asitlorbot8_cpp_examples/share/asitlorbot8_cpp_examples/package.zsh'
[0.879s] Level 1:colcon.colcon_core.environment:create_file_with_runtime_dependencies(/home/asimkumar/asitlorbot8_ws/install/asitlorbot8_cpp_examples/share/colcon-core/packages/asitlorbot8_cpp_examples)
[0.881s] Level 1:colcon.colcon_core.environment:create_environment_scripts_only(asitlorbot8_description)
[0.881s] Level 1:colcon.colcon_core.environment:checking '/home/asimkumar/asitlorbot8_ws/install/asitlorbot8_description' for CMake module files
[0.882s] DEBUG:colcon.colcon_core.event_handler.log_command:Invoked command in '/home/asimkumar/asitlorbot8_ws/build/asitlorbot8_description' returned '0': CMAKE_PREFIX_PATH=${CMAKE_PREFIX_PATH}:/home/asimkumar/asitlorbotsix_ws/install/asitlorbot_six:/opt/ros/humble /usr/bin/cmake --install /home/asimkumar/asitlorbot8_ws/build/asitlorbot8_description
[0.883s] Level 1:colcon.colcon_core.environment:checking '/home/asimkumar/asitlorbot8_ws/install/asitlorbot8_description' for CMake config files
[0.883s] Level 1:colcon.colcon_core.shell:create_environment_hook('asitlorbot8_description', 'cmake_prefix_path')
[0.883s] INFO:colcon.colcon_core.shell:Creating environment hook '/home/asimkumar/asitlorbot8_ws/install/asitlorbot8_description/share/asitlorbot8_description/hook/cmake_prefix_path.ps1'
[0.884s] INFO:colcon.colcon_core.shell:Creating environment descriptor '/home/asimkumar/asitlorbot8_ws/install/asitlorbot8_description/share/asitlorbot8_description/hook/cmake_prefix_path.dsv'
[0.884s] INFO:colcon.colcon_core.shell:Creating environment hook '/home/asimkumar/asitlorbot8_ws/install/asitlorbot8_description/share/asitlorbot8_description/hook/cmake_prefix_path.sh'
[0.885s] Level 1:colcon.colcon_core.environment:checking '/home/asimkumar/asitlorbot8_ws/install/asitlorbot8_description/bin'
[0.885s] Level 1:colcon.colcon_core.environment:checking '/home/asimkumar/asitlorbot8_ws/install/asitlorbot8_description/lib/pkgconfig/asitlorbot8_description.pc'
[0.885s] Level 1:colcon.colcon_core.environment:checking '/home/asimkumar/asitlorbot8_ws/install/asitlorbot8_description/lib/python3.10/site-packages'
[0.886s] Level 1:colcon.colcon_core.environment:checking '/home/asimkumar/asitlorbot8_ws/install/asitlorbot8_description/bin'
[0.886s] INFO:colcon.colcon_core.shell:Creating package script '/home/asimkumar/asitlorbot8_ws/install/asitlorbot8_description/share/asitlorbot8_description/package.ps1'
[0.887s] INFO:colcon.colcon_core.shell:Creating package descriptor '/home/asimkumar/asitlorbot8_ws/install/asitlorbot8_description/share/asitlorbot8_description/package.dsv'
[0.887s] INFO:colcon.colcon_core.shell:Creating package script '/home/asimkumar/asitlorbot8_ws/install/asitlorbot8_description/share/asitlorbot8_description/package.sh'
[0.888s] INFO:colcon.colcon_core.shell:Creating package script '/home/asimkumar/asitlorbot8_ws/install/asitlorbot8_description/share/asitlorbot8_description/package.bash'
[0.888s] INFO:colcon.colcon_core.shell:Creating package script '/home/asimkumar/asitlorbot8_ws/install/asitlorbot8_description/share/asitlorbot8_description/package.zsh'
[0.889s] Level 1:colcon.colcon_core.environment:create_file_with_runtime_dependencies(/home/asimkumar/asitlorbot8_ws/install/asitlorbot8_description/share/colcon-core/packages/asitlorbot8_description)
[0.923s] Level 1:colcon.colcon_core.environment:create_environment_scripts_only(asitlorbot8_cpp_examples)
[0.923s] Level 1:colcon.colcon_core.environment:checking '/home/asimkumar/asitlorbot8_ws/install/asitlorbot8_cpp_examples' for CMake module files
[0.924s] Level 1:colcon.colcon_core.environment:checking '/home/asimkumar/asitlorbot8_ws/install/asitlorbot8_cpp_examples' for CMake config files
[0.924s] Level 1:colcon.colcon_core.shell:create_environment_hook('asitlorbot8_cpp_examples', 'cmake_prefix_path')
[0.924s] INFO:colcon.colcon_core.shell:Creating environment hook '/home/asimkumar/asitlorbot8_ws/install/asitlorbot8_cpp_examples/share/asitlorbot8_cpp_examples/hook/cmake_prefix_path.ps1'
[0.925s] INFO:colcon.colcon_core.shell:Creating environment descriptor '/home/asimkumar/asitlorbot8_ws/install/asitlorbot8_cpp_examples/share/asitlorbot8_cpp_examples/hook/cmake_prefix_path.dsv'
[0.925s] INFO:colcon.colcon_core.shell:Creating environment hook '/home/asimkumar/asitlorbot8_ws/install/asitlorbot8_cpp_examples/share/asitlorbot8_cpp_examples/hook/cmake_prefix_path.sh'
[0.926s] Level 1:colcon.colcon_core.environment:checking '/home/asimkumar/asitlorbot8_ws/install/asitlorbot8_cpp_examples/bin'
[0.926s] Level 1:colcon.colcon_core.environment:checking '/home/asimkumar/asitlorbot8_ws/install/asitlorbot8_cpp_examples/lib/pkgconfig/asitlorbot8_cpp_examples.pc'
[0.926s] Level 1:colcon.colcon_core.environment:checking '/home/asimkumar/asitlorbot8_ws/install/asitlorbot8_cpp_examples/lib/python3.10/site-packages'
[0.927s] Level 1:colcon.colcon_core.environment:checking '/home/asimkumar/asitlorbot8_ws/install/asitlorbot8_cpp_examples/bin'
[0.927s] INFO:colcon.colcon_core.shell:Creating package script '/home/asimkumar/asitlorbot8_ws/install/asitlorbot8_cpp_examples/share/asitlorbot8_cpp_examples/package.ps1'
[0.928s] INFO:colcon.colcon_core.shell:Creating package descriptor '/home/asimkumar/asitlorbot8_ws/install/asitlorbot8_cpp_examples/share/asitlorbot8_cpp_examples/package.dsv'
[0.928s] INFO:colcon.colcon_core.shell:Creating package script '/home/asimkumar/asitlorbot8_ws/install/asitlorbot8_cpp_examples/share/asitlorbot8_cpp_examples/package.sh'
[0.929s] INFO:colcon.colcon_core.shell:Creating package script '/home/asimkumar/asitlorbot8_ws/install/asitlorbot8_cpp_examples/share/asitlorbot8_cpp_examples/package.bash'
[0.930s] INFO:colcon.colcon_core.shell:Creating package script '/home/asimkumar/asitlorbot8_ws/install/asitlorbot8_cpp_examples/share/asitlorbot8_cpp_examples/package.zsh'
[0.930s] Level 1:colcon.colcon_core.environment:create_file_with_runtime_dependencies(/home/asimkumar/asitlorbot8_ws/install/asitlorbot8_cpp_examples/share/colcon-core/packages/asitlorbot8_cpp_examples)
[0.933s] Level 1:colcon.colcon_core.environment:create_environment_scripts_only(asitlorbot8_description)
[0.934s] Level 1:colcon.colcon_core.environment:checking '/home/asimkumar/asitlorbot8_ws/install/asitlorbot8_description' for CMake module files
[0.934s] Level 1:colcon.colcon_core.environment:checking '/home/asimkumar/asitlorbot8_ws/install/asitlorbot8_description' for CMake config files
[0.935s] Level 1:colcon.colcon_core.shell:create_environment_hook('asitlorbot8_description', 'cmake_prefix_path')
[0.936s] INFO:colcon.colcon_core.shell:Creating environment hook '/home/asimkumar/asitlorbot8_ws/install/asitlorbot8_description/share/asitlorbot8_description/hook/cmake_prefix_path.ps1'
[0.936s] INFO:colcon.colcon_core.shell:Creating environment descriptor '/home/asimkumar/asitlorbot8_ws/install/asitlorbot8_description/share/asitlorbot8_description/hook/cmake_prefix_path.dsv'
[0.937s] INFO:colcon.colcon_core.shell:Creating environment hook '/home/asimkumar/asitlorbot8_ws/install/asitlorbot8_description/share/asitlorbot8_description/hook/cmake_prefix_path.sh'
[0.937s] Level 1:colcon.colcon_core.environment:checking '/home/asimkumar/asitlorbot8_ws/install/asitlorbot8_description/bin'
[0.937s] Level 1:colcon.colcon_core.environment:checking '/home/asimkumar/asitlorbot8_ws/install/asitlorbot8_description/lib/pkgconfig/asitlorbot8_description.pc'
[0.938s] Level 1:colcon.colcon_core.environment:checking '/home/asimkumar/asitlorbot8_ws/install/asitlorbot8_description/lib/python3.10/site-packages'
[0.938s] Level 1:colcon.colcon_core.environment:checking '/home/asimkumar/asitlorbot8_ws/install/asitlorbot8_description/bin'
[0.938s] INFO:colcon.colcon_core.shell:Creating package script '/home/asimkumar/asitlorbot8_ws/install/asitlorbot8_description/share/asitlorbot8_description/package.ps1'
[0.939s] INFO:colcon.colcon_core.shell:Creating package descriptor '/home/asimkumar/asitlorbot8_ws/install/asitlorbot8_description/share/asitlorbot8_description/package.dsv'
[0.940s] INFO:colcon.colcon_core.shell:Creating package script '/home/asimkumar/asitlorbot8_ws/install/asitlorbot8_description/share/asitlorbot8_description/package.sh'
[0.941s] INFO:colcon.colcon_core.shell:Creating package script '/home/asimkumar/asitlorbot8_ws/install/asitlorbot8_description/share/asitlorbot8_description/package.bash'
[0.941s] INFO:colcon.colcon_core.shell:Creating package script '/home/asimkumar/asitlorbot8_ws/install/asitlorbot8_description/share/asitlorbot8_description/package.zsh'
[0.941s] Level 1:colcon.colcon_core.environment:create_file_with_runtime_dependencies(/home/asimkumar/asitlorbot8_ws/install/asitlorbot8_description/share/colcon-core/packages/asitlorbot8_description)
[1.297s] DEBUG:colcon.colcon_core.event_handler.log_command:Invoked command in '/home/asimkumar/asitlorbot8_ws/build/asitlorbot8_controller' returned '0': CMAKE_PREFIX_PATH=${CMAKE_PREFIX_PATH}:/home/asimkumar/asitlorbotsix_ws/install/asitlorbot_six:/opt/ros/humble /usr/bin/cmake --build /home/asimkumar/asitlorbot8_ws/build/asitlorbot8_controller -- -j8 -l8
[1.313s] DEBUG:colcon.colcon_core.event_handler.log_command:Invoked command in '/home/asimkumar/asitlorbot8_ws/build/asitlorbot8_localization' returned '0': CMAKE_PREFIX_PATH=${CMAKE_PREFIX_PATH}:/home/asimkumar/asitlorbotsix_ws/install/asitlorbot_six:/opt/ros/humble /usr/bin/cmake --build /home/asimkumar/asitlorbot8_ws/build/asitlorbot8_localization -- -j8 -l8
[1.346s] DEBUG:colcon.colcon_core.event_handler.log_command:Invoking command in '/home/asimkumar/asitlorbot8_ws/build/asitlorbot8_controller': CMAKE_PREFIX_PATH=${CMAKE_PREFIX_PATH}:/home/asimkumar/asitlorbotsix_ws/install/asitlorbot_six:/opt/ros/humble /usr/bin/cmake --install /home/asimkumar/asitlorbot8_ws/build/asitlorbot8_controller
[1.366s] DEBUG:colcon.colcon_core.event_handler.log_command:Invoking command in '/home/asimkumar/asitlorbot8_ws/build/asitlorbot8_localization': CMAKE_PREFIX_PATH=${CMAKE_PREFIX_PATH}:/home/asimkumar/asitlorbotsix_ws/install/asitlorbot_six:/opt/ros/humble /usr/bin/cmake --install /home/asimkumar/asitlorbot8_ws/build/asitlorbot8_localization
[1.441s] Level 1:colcon.colcon_core.environment:create_environment_scripts_only(asitlorbot8_controller)
[1.442s] Level 1:colcon.colcon_core.environment:checking '/home/asimkumar/asitlorbot8_ws/install/asitlorbot8_controller' for CMake module files
[1.443s] DEBUG:colcon.colcon_core.event_handler.log_command:Invoked command in '/home/asimkumar/asitlorbot8_ws/build/asitlorbot8_controller' returned '0': CMAKE_PREFIX_PATH=${CMAKE_PREFIX_PATH}:/home/asimkumar/asitlorbotsix_ws/install/asitlorbot_six:/opt/ros/humble /usr/bin/cmake --install /home/asimkumar/asitlorbot8_ws/build/asitlorbot8_controller
[1.443s] Level 1:colcon.colcon_core.environment:checking '/home/asimkumar/asitlorbot8_ws/install/asitlorbot8_controller' for CMake config files
[1.444s] Level 1:colcon.colcon_core.shell:create_environment_hook('asitlorbot8_controller', 'cmake_prefix_path')
[1.445s] INFO:colcon.colcon_core.shell:Creating environment hook '/home/asimkumar/asitlorbot8_ws/install/asitlorbot8_controller/share/asitlorbot8_controller/hook/cmake_prefix_path.ps1'
[1.446s] INFO:colcon.colcon_core.shell:Creating environment descriptor '/home/asimkumar/asitlorbot8_ws/install/asitlorbot8_controller/share/asitlorbot8_controller/hook/cmake_prefix_path.dsv'
[1.446s] INFO:colcon.colcon_core.shell:Creating environment hook '/home/asimkumar/asitlorbot8_ws/install/asitlorbot8_controller/share/asitlorbot8_controller/hook/cmake_prefix_path.sh'
[1.447s] Level 1:colcon.colcon_core.environment:checking '/home/asimkumar/asitlorbot8_ws/install/asitlorbot8_controller/lib'
[1.448s] Level 1:colcon.colcon_core.environment:checking '/home/asimkumar/asitlorbot8_ws/install/asitlorbot8_controller/bin'
[1.448s] Level 1:colcon.colcon_core.environment:checking '/home/asimkumar/asitlorbot8_ws/install/asitlorbot8_controller/lib/pkgconfig/asitlorbot8_controller.pc'
[1.448s] Level 1:colcon.colcon_core.environment:checking '/home/asimkumar/asitlorbot8_ws/install/asitlorbot8_controller/lib/python3.10/site-packages'
[1.448s] Level 1:colcon.colcon_core.environment:checking '/home/asimkumar/asitlorbot8_ws/install/asitlorbot8_controller/bin'
[1.449s] INFO:colcon.colcon_core.shell:Creating package script '/home/asimkumar/asitlorbot8_ws/install/asitlorbot8_controller/share/asitlorbot8_controller/package.ps1'
[1.450s] INFO:colcon.colcon_core.shell:Creating package descriptor '/home/asimkumar/asitlorbot8_ws/install/asitlorbot8_controller/share/asitlorbot8_controller/package.dsv'
[1.451s] INFO:colcon.colcon_core.shell:Creating package script '/home/asimkumar/asitlorbot8_ws/install/asitlorbot8_controller/share/asitlorbot8_controller/package.sh'
[1.451s] INFO:colcon.colcon_core.shell:Creating package script '/home/asimkumar/asitlorbot8_ws/install/asitlorbot8_controller/share/asitlorbot8_controller/package.bash'
[1.452s] INFO:colcon.colcon_core.shell:Creating package script '/home/asimkumar/asitlorbot8_ws/install/asitlorbot8_controller/share/asitlorbot8_controller/package.zsh'
[1.452s] Level 1:colcon.colcon_core.environment:create_file_with_runtime_dependencies(/home/asimkumar/asitlorbot8_ws/install/asitlorbot8_controller/share/colcon-core/packages/asitlorbot8_controller)
[1.467s] Level 1:colcon.colcon_core.environment:create_environment_scripts_only(asitlorbot8_localization)
[1.468s] Level 1:colcon.colcon_core.environment:checking '/home/asimkumar/asitlorbot8_ws/install/asitlorbot8_localization' for CMake module files
[1.469s] DEBUG:colcon.colcon_core.event_handler.log_command:Invoked command in '/home/asimkumar/asitlorbot8_ws/build/asitlorbot8_localization' returned '0': CMAKE_PREFIX_PATH=${CMAKE_PREFIX_PATH}:/home/asimkumar/asitlorbotsix_ws/install/asitlorbot_six:/opt/ros/humble /usr/bin/cmake --install /home/asimkumar/asitlorbot8_ws/build/asitlorbot8_localization
[1.470s] Level 1:colcon.colcon_core.environment:checking '/home/asimkumar/asitlorbot8_ws/install/asitlorbot8_localization' for CMake config files
[1.471s] Level 1:colcon.colcon_core.shell:create_environment_hook('asitlorbot8_localization', 'cmake_prefix_path')
[1.471s] INFO:colcon.colcon_core.shell:Creating environment hook '/home/asimkumar/asitlorbot8_ws/install/asitlorbot8_localization/share/asitlorbot8_localization/hook/cmake_prefix_path.ps1'
[1.472s] INFO:colcon.colcon_core.shell:Creating environment descriptor '/home/asimkumar/asitlorbot8_ws/install/asitlorbot8_localization/share/asitlorbot8_localization/hook/cmake_prefix_path.dsv'
[1.472s] INFO:colcon.colcon_core.shell:Creating environment hook '/home/asimkumar/asitlorbot8_ws/install/asitlorbot8_localization/share/asitlorbot8_localization/hook/cmake_prefix_path.sh'
[1.473s] Level 1:colcon.colcon_core.environment:checking '/home/asimkumar/asitlorbot8_ws/install/asitlorbot8_localization/lib'
[1.473s] Level 1:colcon.colcon_core.environment:checking '/home/asimkumar/asitlorbot8_ws/install/asitlorbot8_localization/bin'
[1.473s] Level 1:colcon.colcon_core.environment:checking '/home/asimkumar/asitlorbot8_ws/install/asitlorbot8_localization/lib/pkgconfig/asitlorbot8_localization.pc'
[1.473s] Level 1:colcon.colcon_core.environment:checking '/home/asimkumar/asitlorbot8_ws/install/asitlorbot8_localization/lib/python3.10/site-packages'
[1.473s] Level 1:colcon.colcon_core.environment:checking '/home/asimkumar/asitlorbot8_ws/install/asitlorbot8_localization/bin'
[1.474s] INFO:colcon.colcon_core.shell:Creating package script '/home/asimkumar/asitlorbot8_ws/install/asitlorbot8_localization/share/asitlorbot8_localization/package.ps1'
[1.474s] INFO:colcon.colcon_core.shell:Creating package descriptor '/home/asimkumar/asitlorbot8_ws/install/asitlorbot8_localization/share/asitlorbot8_localization/package.dsv'
[1.475s] INFO:colcon.colcon_core.shell:Creating package script '/home/asimkumar/asitlorbot8_ws/install/asitlorbot8_localization/share/asitlorbot8_localization/package.sh'
[1.475s] INFO:colcon.colcon_core.shell:Creating package script '/home/asimkumar/asitlorbot8_ws/install/asitlorbot8_localization/share/asitlorbot8_localization/package.bash'
[1.476s] INFO:colcon.colcon_core.shell:Creating package script '/home/asimkumar/asitlorbot8_ws/install/asitlorbot8_localization/share/asitlorbot8_localization/package.zsh'
[1.476s] Level 1:colcon.colcon_core.environment:create_file_with_runtime_dependencies(/home/asimkumar/asitlorbot8_ws/install/asitlorbot8_localization/share/colcon-core/packages/asitlorbot8_localization)
[1.499s] Level 1:colcon.colcon_core.environment:create_environment_scripts_only(asitlorbot8_controller)
[1.499s] Level 1:colcon.colcon_core.environment:checking '/home/asimkumar/asitlorbot8_ws/install/asitlorbot8_controller' for CMake module files
[1.500s] Level 1:colcon.colcon_core.environment:checking '/home/asimkumar/asitlorbot8_ws/install/asitlorbot8_controller' for CMake config files
[1.501s] Level 1:colcon.colcon_core.shell:create_environment_hook('asitlorbot8_controller', 'cmake_prefix_path')
[1.501s] INFO:colcon.colcon_core.shell:Creating environment hook '/home/asimkumar/asitlorbot8_ws/install/asitlorbot8_controller/share/asitlorbot8_controller/hook/cmake_prefix_path.ps1'
[1.502s] INFO:colcon.colcon_core.shell:Creating environment descriptor '/home/asimkumar/asitlorbot8_ws/install/asitlorbot8_controller/share/asitlorbot8_controller/hook/cmake_prefix_path.dsv'
[1.502s] INFO:colcon.colcon_core.shell:Creating environment hook '/home/asimkumar/asitlorbot8_ws/install/asitlorbot8_controller/share/asitlorbot8_controller/hook/cmake_prefix_path.sh'
[1.503s] Level 1:colcon.colcon_core.environment:checking '/home/asimkumar/asitlorbot8_ws/install/asitlorbot8_controller/lib'
[1.503s] Level 1:colcon.colcon_core.environment:checking '/home/asimkumar/asitlorbot8_ws/install/asitlorbot8_controller/bin'
[1.503s] Level 1:colcon.colcon_core.environment:checking '/home/asimkumar/asitlorbot8_ws/install/asitlorbot8_controller/lib/pkgconfig/asitlorbot8_controller.pc'
[1.503s] Level 1:colcon.colcon_core.environment:checking '/home/asimkumar/asitlorbot8_ws/install/asitlorbot8_controller/lib/python3.10/site-packages'
[1.503s] Level 1:colcon.colcon_core.environment:checking '/home/asimkumar/asitlorbot8_ws/install/asitlorbot8_controller/bin'
[1.504s] INFO:colcon.colcon_core.shell:Creating package script '/home/asimkumar/asitlorbot8_ws/install/asitlorbot8_controller/share/asitlorbot8_controller/package.ps1'
[1.504s] INFO:colcon.colcon_core.shell:Creating package descriptor '/home/asimkumar/asitlorbot8_ws/install/asitlorbot8_controller/share/asitlorbot8_controller/package.dsv'
[1.505s] INFO:colcon.colcon_core.shell:Creating package script '/home/asimkumar/asitlorbot8_ws/install/asitlorbot8_controller/share/asitlorbot8_controller/package.sh'
[1.506s] INFO:colcon.colcon_core.shell:Creating package script '/home/asimkumar/asitlorbot8_ws/install/asitlorbot8_controller/share/asitlorbot8_controller/package.bash'
[1.507s] INFO:colcon.colcon_core.shell:Creating package script '/home/asimkumar/asitlorbot8_ws/install/asitlorbot8_controller/share/asitlorbot8_controller/package.zsh'
[1.509s] Level 1:colcon.colcon_core.environment:create_file_with_runtime_dependencies(/home/asimkumar/asitlorbot8_ws/install/asitlorbot8_controller/share/colcon-core/packages/asitlorbot8_controller)
[1.528s] Level 1:colcon.colcon_core.environment:create_environment_scripts_only(asitlorbot8_localization)
[1.528s] Level 1:colcon.colcon_core.environment:checking '/home/asimkumar/asitlorbot8_ws/install/asitlorbot8_localization' for CMake module files
[1.529s] Level 1:colcon.colcon_core.environment:checking '/home/asimkumar/asitlorbot8_ws/install/asitlorbot8_localization' for CMake config files
[1.530s] Level 1:colcon.colcon_core.shell:create_environment_hook('asitlorbot8_localization', 'cmake_prefix_path')
[1.530s] INFO:colcon.colcon_core.shell:Creating environment hook '/home/asimkumar/asitlorbot8_ws/install/asitlorbot8_localization/share/asitlorbot8_localization/hook/cmake_prefix_path.ps1'
[1.531s] INFO:colcon.colcon_core.shell:Creating environment descriptor '/home/asimkumar/asitlorbot8_ws/install/asitlorbot8_localization/share/asitlorbot8_localization/hook/cmake_prefix_path.dsv'
[1.531s] INFO:colcon.colcon_core.shell:Creating environment hook '/home/asimkumar/asitlorbot8_ws/install/asitlorbot8_localization/share/asitlorbot8_localization/hook/cmake_prefix_path.sh'
[1.532s] Level 1:colcon.colcon_core.environment:checking '/home/asimkumar/asitlorbot8_ws/install/asitlorbot8_localization/lib'
[1.532s] Level 1:colcon.colcon_core.environment:checking '/home/asimkumar/asitlorbot8_ws/install/asitlorbot8_localization/bin'
[1.532s] Level 1:colcon.colcon_core.environment:checking '/home/asimkumar/asitlorbot8_ws/install/asitlorbot8_localization/lib/pkgconfig/asitlorbot8_localization.pc'
[1.532s] Level 1:colcon.colcon_core.environment:checking '/home/asimkumar/asitlorbot8_ws/install/asitlorbot8_localization/lib/python3.10/site-packages'
[1.532s] Level 1:colcon.colcon_core.environment:checking '/home/asimkumar/asitlorbot8_ws/install/asitlorbot8_localization/bin'
[1.533s] INFO:colcon.colcon_core.shell:Creating package script '/home/asimkumar/asitlorbot8_ws/install/asitlorbot8_localization/share/asitlorbot8_localization/package.ps1'
[1.533s] INFO:colcon.colcon_core.shell:Creating package descriptor '/home/asimkumar/asitlorbot8_ws/install/asitlorbot8_localization/share/asitlorbot8_localization/package.dsv'
[1.534s] INFO:colcon.colcon_core.shell:Creating package script '/home/asimkumar/asitlorbot8_ws/install/asitlorbot8_localization/share/asitlorbot8_localization/package.sh'
[1.534s] INFO:colcon.colcon_core.shell:Creating package script '/home/asimkumar/asitlorbot8_ws/install/asitlorbot8_localization/share/asitlorbot8_localization/package.bash'
[1.535s] INFO:colcon.colcon_core.shell:Creating package script '/home/asimkumar/asitlorbot8_ws/install/asitlorbot8_localization/share/asitlorbot8_localization/package.zsh'
[1.535s] Level 1:colcon.colcon_core.environment:create_file_with_runtime_dependencies(/home/asimkumar/asitlorbot8_ws/install/asitlorbot8_localization/share/colcon-core/packages/asitlorbot8_localization)
[1.536s] DEBUG:colcon.colcon_parallel_executor.executor.parallel:closing loop
[1.537s] DEBUG:colcon.colcon_parallel_executor.executor.parallel:loop closed
[1.537s] DEBUG:colcon.colcon_parallel_executor.executor.parallel:run_until_complete finished with '0'
[1.537s] DEBUG:colcon.colcon_core.event_reactor:joining thread
[1.544s] INFO:colcon.colcon_core.plugin_system:Skipping extension 'colcon_notification.desktop_notification.terminal_notifier': Not used on non-Darwin systems
[1.544s] INFO:colcon.colcon_core.plugin_system:Skipping extension 'colcon_notification.desktop_notification.win32': Not used on non-Windows systems
[1.544s] INFO:colcon.colcon_notification.desktop_notification:Sending desktop notification using 'notify2'
[1.562s] DEBUG:colcon.colcon_core.event_reactor:joined thread
[1.562s] INFO:colcon.colcon_core.shell:Creating prefix script '/home/asimkumar/asitlorbot8_ws/install/local_setup.ps1'
[1.563s] INFO:colcon.colcon_core.shell:Creating prefix util module '/home/asimkumar/asitlorbot8_ws/install/_local_setup_util_ps1.py'
[1.565s] INFO:colcon.colcon_core.shell:Creating prefix chain script '/home/asimkumar/asitlorbot8_ws/install/setup.ps1'
[1.569s] INFO:colcon.colcon_core.shell:Creating prefix script '/home/asimkumar/asitlorbot8_ws/install/local_setup.sh'
[1.570s] INFO:colcon.colcon_core.shell:Creating prefix util module '/home/asimkumar/asitlorbot8_ws/install/_local_setup_util_sh.py'
[1.571s] INFO:colcon.colcon_core.shell:Creating prefix chain script '/home/asimkumar/asitlorbot8_ws/install/setup.sh'
[1.575s] INFO:colcon.colcon_core.shell:Creating prefix script '/home/asimkumar/asitlorbot8_ws/install/local_setup.bash'
[1.575s] INFO:colcon.colcon_core.shell:Creating prefix chain script '/home/asimkumar/asitlorbot8_ws/install/setup.bash'
[1.579s] INFO:colcon.colcon_core.shell:Creating prefix script '/home/asimkumar/asitlorbot8_ws/install/local_setup.zsh'
[1.580s] INFO:colcon.colcon_core.shell:Creating prefix chain script '/home/asimkumar/asitlorbot8_ws/install/setup.zsh'
