[0.189s] DEBUG:colcon:Command line arguments: ['/usr/bin/colcon', 'list', '-p', '--base-paths', '/home/asimkumar/asitlorbot8_ws']
[0.190s] DEBUG:colcon:Parsed command line arguments: Namespace(log_base=None, log_level=None, verb_name='list', build_base='build', ignore_user_meta=False, metas=['./colcon.meta'], base_paths=['/home/asimkumar/asitlorbot8_ws'], packages_ignore=None, packages_ignore_regex=None, paths=None, packages_up_to=None, packages_up_to_regex=None, packages_above=None, packages_above_and_dependencies=None, packages_above_depth=None, packages_select_by_dep=None, packages_skip_by_dep=None, packages_skip_up_to=None, packages_select_build_failed=False, packages_skip_build_finished=False, packages_select_test_failures=False, packages_skip_test_passed=False, packages_select=None, packages_skip=None, packages_select_regex=None, packages_skip_regex=None, packages_start=None, packages_end=None, allow_overriding=[], topological_order=False, names_only=False, paths_only=True, topological_graph=False, topological_graph_dot=False, topological_graph_density=False, topological_graph_legend=False, topological_graph_dot_cluster=False, topological_graph_dot_include_skipped=False, verb_parser=<colcon_defaults.argument_parser.defaults.DefaultArgumentsDecorator object at 0x7ca97fb2f970>, verb_extension=<colcon_package_information.verb.list.ListVerb object at 0x7ca97fc1fc10>, main=<bound method ListVerb.main of <colcon_package_information.verb.list.ListVerb object at 0x7ca97fc1fc10>>)
[0.636s] Level 1:colcon.colcon_core.package_discovery:discover_packages(colcon_meta) check parameters
[0.637s] Level 1:colcon.colcon_core.package_discovery:discover_packages(recursive) check parameters
[0.637s] Level 1:colcon.colcon_core.package_discovery:discover_packages(ignore) check parameters
[0.637s] Level 1:colcon.colcon_core.package_discovery:discover_packages(path) check parameters
[0.637s] Level 1:colcon.colcon_core.package_discovery:discover_packages(recursive) discover
[0.637s] INFO:colcon.colcon_core.package_discovery:Crawling recursively for packages in '/home/asimkumar/asitlorbot8_ws'
[0.637s] Level 1:colcon.colcon_core.package_identification:_identify(/home/asimkumar/asitlorbot8_ws) by extensions ['ignore', 'ignore_ament_install']
[0.638s] Level 1:colcon.colcon_core.package_identification:_identify(/home/asimkumar/asitlorbot8_ws) by extension 'ignore'
[0.638s] Level 1:colcon.colcon_core.package_identification:_identify(/home/asimkumar/asitlorbot8_ws) by extension 'ignore_ament_install'
[0.638s] Level 1:colcon.colcon_core.package_identification:_identify(/home/asimkumar/asitlorbot8_ws) by extensions ['colcon_pkg']
[0.638s] Level 1:colcon.colcon_core.package_identification:_identify(/home/asimkumar/asitlorbot8_ws) by extension 'colcon_pkg'
[0.638s] Level 1:colcon.colcon_core.package_identification:_identify(/home/asimkumar/asitlorbot8_ws) by extensions ['colcon_meta']
[0.638s] Level 1:colcon.colcon_core.package_identification:_identify(/home/asimkumar/asitlorbot8_ws) by extension 'colcon_meta'
[0.638s] Level 1:colcon.colcon_core.package_identification:_identify(/home/asimkumar/asitlorbot8_ws) by extensions ['ros']
[0.638s] Level 1:colcon.colcon_core.package_identification:_identify(/home/asimkumar/asitlorbot8_ws) by extension 'ros'
[0.658s] Level 1:colcon.colcon_core.package_identification:_identify(/home/asimkumar/asitlorbot8_ws) by extensions ['cmake', 'python']
[0.658s] Level 1:colcon.colcon_core.package_identification:_identify(/home/asimkumar/asitlorbot8_ws) by extension 'cmake'
[0.658s] Level 1:colcon.colcon_core.package_identification:_identify(/home/asimkumar/asitlorbot8_ws) by extension 'python'
[0.658s] Level 1:colcon.colcon_core.package_identification:_identify(/home/asimkumar/asitlorbot8_ws) by extensions ['python_setup_py']
[0.659s] Level 1:colcon.colcon_core.package_identification:_identify(/home/asimkumar/asitlorbot8_ws) by extension 'python_setup_py'
[0.659s] Level 1:colcon.colcon_core.package_identification:_identify(/home/asimkumar/asitlorbot8_ws/build) by extensions ['ignore', 'ignore_ament_install']
[0.660s] Level 1:colcon.colcon_core.package_identification:_identify(/home/asimkumar/asitlorbot8_ws/build) by extension 'ignore'
[0.660s] Level 1:colcon.colcon_core.package_identification:_identify(/home/asimkumar/asitlorbot8_ws/build) ignored
[0.660s] Level 1:colcon.colcon_core.package_identification:_identify(/home/asimkumar/asitlorbot8_ws/install) by extensions ['ignore', 'ignore_ament_install']
[0.660s] Level 1:colcon.colcon_core.package_identification:_identify(/home/asimkumar/asitlorbot8_ws/install) by extension 'ignore'
[0.660s] Level 1:colcon.colcon_core.package_identification:_identify(/home/asimkumar/asitlorbot8_ws/install) ignored
[0.661s] Level 1:colcon.colcon_core.package_identification:_identify(/home/asimkumar/asitlorbot8_ws/log) by extensions ['ignore', 'ignore_ament_install']
[0.661s] Level 1:colcon.colcon_core.package_identification:_identify(/home/asimkumar/asitlorbot8_ws/log) by extension 'ignore'
[0.661s] Level 1:colcon.colcon_core.package_identification:_identify(/home/asimkumar/asitlorbot8_ws/log) ignored
[0.661s] Level 1:colcon.colcon_core.package_identification:_identify(/home/asimkumar/asitlorbot8_ws/src) by extensions ['ignore', 'ignore_ament_install']
[0.661s] Level 1:colcon.colcon_core.package_identification:_identify(/home/asimkumar/asitlorbot8_ws/src) by extension 'ignore'
[0.661s] Level 1:colcon.colcon_core.package_identification:_identify(/home/asimkumar/asitlorbot8_ws/src) by extension 'ignore_ament_install'
[0.661s] Level 1:colcon.colcon_core.package_identification:_identify(/home/asimkumar/asitlorbot8_ws/src) by extensions ['colcon_pkg']
[0.661s] Level 1:colcon.colcon_core.package_identification:_identify(/home/asimkumar/asitlorbot8_ws/src) by extension 'colcon_pkg'
[0.661s] Level 1:colcon.colcon_core.package_identification:_identify(/home/asimkumar/asitlorbot8_ws/src) by extensions ['colcon_meta']
[0.662s] Level 1:colcon.colcon_core.package_identification:_identify(/home/asimkumar/asitlorbot8_ws/src) by extension 'colcon_meta'
[0.662s] Level 1:colcon.colcon_core.package_identification:_identify(/home/asimkumar/asitlorbot8_ws/src) by extensions ['ros']
[0.662s] Level 1:colcon.colcon_core.package_identification:_identify(/home/asimkumar/asitlorbot8_ws/src) by extension 'ros'
[0.662s] Level 1:colcon.colcon_core.package_identification:_identify(/home/asimkumar/asitlorbot8_ws/src) by extensions ['cmake', 'python']
[0.662s] Level 1:colcon.colcon_core.package_identification:_identify(/home/asimkumar/asitlorbot8_ws/src) by extension 'cmake'
[0.662s] Level 1:colcon.colcon_core.package_identification:_identify(/home/asimkumar/asitlorbot8_ws/src) by extension 'python'
[0.662s] Level 1:colcon.colcon_core.package_identification:_identify(/home/asimkumar/asitlorbot8_ws/src) by extensions ['python_setup_py']
[0.662s] Level 1:colcon.colcon_core.package_identification:_identify(/home/asimkumar/asitlorbot8_ws/src) by extension 'python_setup_py'
[0.662s] Level 1:colcon.colcon_core.package_identification:_identify(/home/asimkumar/asitlorbot8_ws/src/Arduino) by extensions ['ignore', 'ignore_ament_install']
[0.662s] Level 1:colcon.colcon_core.package_identification:_identify(/home/asimkumar/asitlorbot8_ws/src/Arduino) by extension 'ignore'
[0.662s] Level 1:colcon.colcon_core.package_identification:_identify(/home/asimkumar/asitlorbot8_ws/src/Arduino) by extension 'ignore_ament_install'
[0.663s] Level 1:colcon.colcon_core.package_identification:_identify(/home/asimkumar/asitlorbot8_ws/src/Arduino) by extensions ['colcon_pkg']
[0.663s] Level 1:colcon.colcon_core.package_identification:_identify(/home/asimkumar/asitlorbot8_ws/src/Arduino) by extension 'colcon_pkg'
[0.663s] Level 1:colcon.colcon_core.package_identification:_identify(/home/asimkumar/asitlorbot8_ws/src/Arduino) by extensions ['colcon_meta']
[0.663s] Level 1:colcon.colcon_core.package_identification:_identify(/home/asimkumar/asitlorbot8_ws/src/Arduino) by extension 'colcon_meta'
[0.663s] Level 1:colcon.colcon_core.package_identification:_identify(/home/asimkumar/asitlorbot8_ws/src/Arduino) by extensions ['ros']
[0.663s] Level 1:colcon.colcon_core.package_identification:_identify(/home/asimkumar/asitlorbot8_ws/src/Arduino) by extension 'ros'
[0.665s] Level 1:colcon.colcon_core.package_identification:_identify(/home/asimkumar/asitlorbot8_ws/src/Arduino) by extensions ['cmake', 'python']
[0.665s] Level 1:colcon.colcon_core.package_identification:_identify(/home/asimkumar/asitlorbot8_ws/src/Arduino) by extension 'cmake'
[0.665s] Level 1:colcon.colcon_core.package_identification:_identify(/home/asimkumar/asitlorbot8_ws/src/Arduino) by extension 'python'
[0.665s] Level 1:colcon.colcon_core.package_identification:_identify(/home/asimkumar/asitlorbot8_ws/src/Arduino) by extensions ['python_setup_py']
[0.665s] Level 1:colcon.colcon_core.package_identification:_identify(/home/asimkumar/asitlorbot8_ws/src/Arduino) by extension 'python_setup_py'
[0.665s] Level 1:colcon.colcon_core.package_identification:_identify(/home/asimkumar/asitlorbot8_ws/src/Arduino/sketch_may07a) by extensions ['ignore', 'ignore_ament_install']
[0.666s] Level 1:colcon.colcon_core.package_identification:_identify(/home/asimkumar/asitlorbot8_ws/src/Arduino/sketch_may07a) by extension 'ignore'
[0.666s] Level 1:colcon.colcon_core.package_identification:_identify(/home/asimkumar/asitlorbot8_ws/src/Arduino/sketch_may07a) by extension 'ignore_ament_install'
[0.666s] Level 1:colcon.colcon_core.package_identification:_identify(/home/asimkumar/asitlorbot8_ws/src/Arduino/sketch_may07a) by extensions ['colcon_pkg']
[0.666s] Level 1:colcon.colcon_core.package_identification:_identify(/home/asimkumar/asitlorbot8_ws/src/Arduino/sketch_may07a) by extension 'colcon_pkg'
[0.666s] Level 1:colcon.colcon_core.package_identification:_identify(/home/asimkumar/asitlorbot8_ws/src/Arduino/sketch_may07a) by extensions ['colcon_meta']
[0.666s] Level 1:colcon.colcon_core.package_identification:_identify(/home/asimkumar/asitlorbot8_ws/src/Arduino/sketch_may07a) by extension 'colcon_meta'
[0.666s] Level 1:colcon.colcon_core.package_identification:_identify(/home/asimkumar/asitlorbot8_ws/src/Arduino/sketch_may07a) by extensions ['ros']
[0.666s] Level 1:colcon.colcon_core.package_identification:_identify(/home/asimkumar/asitlorbot8_ws/src/Arduino/sketch_may07a) by extension 'ros'
[0.666s] Level 1:colcon.colcon_core.package_identification:_identify(/home/asimkumar/asitlorbot8_ws/src/Arduino/sketch_may07a) by extensions ['cmake', 'python']
[0.666s] Level 1:colcon.colcon_core.package_identification:_identify(/home/asimkumar/asitlorbot8_ws/src/Arduino/sketch_may07a) by extension 'cmake'
[0.666s] Level 1:colcon.colcon_core.package_identification:_identify(/home/asimkumar/asitlorbot8_ws/src/Arduino/sketch_may07a) by extension 'python'
[0.666s] Level 1:colcon.colcon_core.package_identification:_identify(/home/asimkumar/asitlorbot8_ws/src/Arduino/sketch_may07a) by extensions ['python_setup_py']
[0.666s] Level 1:colcon.colcon_core.package_identification:_identify(/home/asimkumar/asitlorbot8_ws/src/Arduino/sketch_may07a) by extension 'python_setup_py'
[0.667s] Level 1:colcon.colcon_core.package_identification:_identify(/home/asimkumar/asitlorbot8_ws/src/asitlorbot8_autonomy) by extensions ['ignore', 'ignore_ament_install']
[0.667s] Level 1:colcon.colcon_core.package_identification:_identify(/home/asimkumar/asitlorbot8_ws/src/asitlorbot8_autonomy) by extension 'ignore'
[0.667s] Level 1:colcon.colcon_core.package_identification:_identify(/home/asimkumar/asitlorbot8_ws/src/asitlorbot8_autonomy) by extension 'ignore_ament_install'
[0.667s] Level 1:colcon.colcon_core.package_identification:_identify(/home/asimkumar/asitlorbot8_ws/src/asitlorbot8_autonomy) by extensions ['colcon_pkg']
[0.667s] Level 1:colcon.colcon_core.package_identification:_identify(/home/asimkumar/asitlorbot8_ws/src/asitlorbot8_autonomy) by extension 'colcon_pkg'
[0.668s] Level 1:colcon.colcon_core.package_identification:_identify(/home/asimkumar/asitlorbot8_ws/src/asitlorbot8_autonomy) by extensions ['colcon_meta']
[0.668s] Level 1:colcon.colcon_core.package_identification:_identify(/home/asimkumar/asitlorbot8_ws/src/asitlorbot8_autonomy) by extension 'colcon_meta'
[0.668s] Level 1:colcon.colcon_core.package_identification:_identify(/home/asimkumar/asitlorbot8_ws/src/asitlorbot8_autonomy) by extensions ['ros']
[0.668s] Level 1:colcon.colcon_core.package_identification:_identify(/home/asimkumar/asitlorbot8_ws/src/asitlorbot8_autonomy) by extension 'ros'
[0.677s] DEBUG:colcon.colcon_core.package_identification:Package '/home/asimkumar/asitlorbot8_ws/src/asitlorbot8_autonomy' with type 'ros.ament_cmake' and name 'asitlorbot8_autonomy'
[0.677s] Level 1:colcon.colcon_core.package_identification:_identify(/home/asimkumar/asitlorbot8_ws/src/asitlorbot8_controller) by extensions ['ignore', 'ignore_ament_install']
[0.678s] Level 1:colcon.colcon_core.package_identification:_identify(/home/asimkumar/asitlorbot8_ws/src/asitlorbot8_controller) by extension 'ignore'
[0.678s] Level 1:colcon.colcon_core.package_identification:_identify(/home/asimkumar/asitlorbot8_ws/src/asitlorbot8_controller) by extension 'ignore_ament_install'
[0.678s] Level 1:colcon.colcon_core.package_identification:_identify(/home/asimkumar/asitlorbot8_ws/src/asitlorbot8_controller) by extensions ['colcon_pkg']
[0.678s] Level 1:colcon.colcon_core.package_identification:_identify(/home/asimkumar/asitlorbot8_ws/src/asitlorbot8_controller) by extension 'colcon_pkg'
[0.678s] Level 1:colcon.colcon_core.package_identification:_identify(/home/asimkumar/asitlorbot8_ws/src/asitlorbot8_controller) by extensions ['colcon_meta']
[0.678s] Level 1:colcon.colcon_core.package_identification:_identify(/home/asimkumar/asitlorbot8_ws/src/asitlorbot8_controller) by extension 'colcon_meta'
[0.678s] Level 1:colcon.colcon_core.package_identification:_identify(/home/asimkumar/asitlorbot8_ws/src/asitlorbot8_controller) by extensions ['ros']
[0.678s] Level 1:colcon.colcon_core.package_identification:_identify(/home/asimkumar/asitlorbot8_ws/src/asitlorbot8_controller) by extension 'ros'
[0.680s] DEBUG:colcon.colcon_core.package_identification:Package '/home/asimkumar/asitlorbot8_ws/src/asitlorbot8_controller' with type 'ros.ament_cmake' and name 'asitlorbot8_controller'
[0.681s] Level 1:colcon.colcon_core.package_identification:_identify(/home/asimkumar/asitlorbot8_ws/src/asitlorbot8_cpp_examples) by extensions ['ignore', 'ignore_ament_install']
[0.681s] Level 1:colcon.colcon_core.package_identification:_identify(/home/asimkumar/asitlorbot8_ws/src/asitlorbot8_cpp_examples) by extension 'ignore'
[0.682s] Level 1:colcon.colcon_core.package_identification:_identify(/home/asimkumar/asitlorbot8_ws/src/asitlorbot8_cpp_examples) by extension 'ignore_ament_install'
[0.683s] Level 1:colcon.colcon_core.package_identification:_identify(/home/asimkumar/asitlorbot8_ws/src/asitlorbot8_cpp_examples) by extensions ['colcon_pkg']
[0.683s] Level 1:colcon.colcon_core.package_identification:_identify(/home/asimkumar/asitlorbot8_ws/src/asitlorbot8_cpp_examples) by extension 'colcon_pkg'
[0.684s] Level 1:colcon.colcon_core.package_identification:_identify(/home/asimkumar/asitlorbot8_ws/src/asitlorbot8_cpp_examples) by extensions ['colcon_meta']
[0.684s] Level 1:colcon.colcon_core.package_identification:_identify(/home/asimkumar/asitlorbot8_ws/src/asitlorbot8_cpp_examples) by extension 'colcon_meta'
[0.686s] Level 1:colcon.colcon_core.package_identification:_identify(/home/asimkumar/asitlorbot8_ws/src/asitlorbot8_cpp_examples) by extensions ['ros']
[0.687s] Level 1:colcon.colcon_core.package_identification:_identify(/home/asimkumar/asitlorbot8_ws/src/asitlorbot8_cpp_examples) by extension 'ros'
[0.689s] DEBUG:colcon.colcon_core.package_identification:Package '/home/asimkumar/asitlorbot8_ws/src/asitlorbot8_cpp_examples' with type 'ros.ament_cmake' and name 'asitlorbot8_cpp_examples'
[0.690s] Level 1:colcon.colcon_core.package_identification:_identify(/home/asimkumar/asitlorbot8_ws/src/asitlorbot8_description) by extensions ['ignore', 'ignore_ament_install']
[0.691s] Level 1:colcon.colcon_core.package_identification:_identify(/home/asimkumar/asitlorbot8_ws/src/asitlorbot8_description) by extension 'ignore'
[0.691s] Level 1:colcon.colcon_core.package_identification:_identify(/home/asimkumar/asitlorbot8_ws/src/asitlorbot8_description) by extension 'ignore_ament_install'
[0.692s] Level 1:colcon.colcon_core.package_identification:_identify(/home/asimkumar/asitlorbot8_ws/src/asitlorbot8_description) by extensions ['colcon_pkg']
[0.692s] Level 1:colcon.colcon_core.package_identification:_identify(/home/asimkumar/asitlorbot8_ws/src/asitlorbot8_description) by extension 'colcon_pkg'
[0.693s] Level 1:colcon.colcon_core.package_identification:_identify(/home/asimkumar/asitlorbot8_ws/src/asitlorbot8_description) by extensions ['colcon_meta']
[0.693s] Level 1:colcon.colcon_core.package_identification:_identify(/home/asimkumar/asitlorbot8_ws/src/asitlorbot8_description) by extension 'colcon_meta'
[0.694s] Level 1:colcon.colcon_core.package_identification:_identify(/home/asimkumar/asitlorbot8_ws/src/asitlorbot8_description) by extensions ['ros']
[0.694s] Level 1:colcon.colcon_core.package_identification:_identify(/home/asimkumar/asitlorbot8_ws/src/asitlorbot8_description) by extension 'ros'
[0.696s] DEBUG:colcon.colcon_core.package_identification:Package '/home/asimkumar/asitlorbot8_ws/src/asitlorbot8_description' with type 'ros.ament_cmake' and name 'asitlorbot8_description'
[0.696s] Level 1:colcon.colcon_core.package_identification:_identify(/home/asimkumar/asitlorbot8_ws/src/asitlorbot8_localization) by extensions ['ignore', 'ignore_ament_install']
[0.697s] Level 1:colcon.colcon_core.package_identification:_identify(/home/asimkumar/asitlorbot8_ws/src/asitlorbot8_localization) by extension 'ignore'
[0.697s] Level 1:colcon.colcon_core.package_identification:_identify(/home/asimkumar/asitlorbot8_ws/src/asitlorbot8_localization) by extension 'ignore_ament_install'
[0.697s] Level 1:colcon.colcon_core.package_identification:_identify(/home/asimkumar/asitlorbot8_ws/src/asitlorbot8_localization) by extensions ['colcon_pkg']
[0.698s] Level 1:colcon.colcon_core.package_identification:_identify(/home/asimkumar/asitlorbot8_ws/src/asitlorbot8_localization) by extension 'colcon_pkg'
[0.698s] Level 1:colcon.colcon_core.package_identification:_identify(/home/asimkumar/asitlorbot8_ws/src/asitlorbot8_localization) by extensions ['colcon_meta']
[0.698s] Level 1:colcon.colcon_core.package_identification:_identify(/home/asimkumar/asitlorbot8_ws/src/asitlorbot8_localization) by extension 'colcon_meta'
[0.698s] Level 1:colcon.colcon_core.package_identification:_identify(/home/asimkumar/asitlorbot8_ws/src/asitlorbot8_localization) by extensions ['ros']
[0.698s] Level 1:colcon.colcon_core.package_identification:_identify(/home/asimkumar/asitlorbot8_ws/src/asitlorbot8_localization) by extension 'ros'
[0.700s] DEBUG:colcon.colcon_core.package_identification:Package '/home/asimkumar/asitlorbot8_ws/src/asitlorbot8_localization' with type 'ros.ament_cmake' and name 'asitlorbot8_localization'
[0.701s] Level 1:colcon.colcon_core.package_discovery:discover_packages(recursive) using defaults
