[0.157s] DEBUG:colcon:Command line arguments: ['/usr/bin/colcon', 'build', '--symlink-install']
[0.157s] DEBUG:colcon:Parsed command line arguments: Namespace(log_base=None, log_level=None, verb_name='build', build_base='build', install_base='install', merge_install=False, symlink_install=True, test_result_base=None, continue_on_error=False, executor='parallel', parallel_workers=8, event_handlers=None, ignore_user_meta=False, metas=['./colcon.meta'], base_paths=['.'], packages_ignore=None, packages_ignore_regex=None, paths=None, packages_up_to=None, packages_up_to_regex=None, packages_above=None, packages_above_and_dependencies=None, packages_above_depth=None, packages_select_by_dep=None, packages_skip_by_dep=None, packages_skip_up_to=None, packages_select_build_failed=False, packages_skip_build_finished=False, packages_select_test_failures=False, packages_skip_test_passed=False, packages_select=None, packages_skip=None, packages_select_regex=None, packages_skip_regex=None, packages_start=None, packages_end=None, allow_overriding=[], cmake_args=None, cmake_target=None, cmake_target_skip_unavailable=False, cmake_clean_cache=False, cmake_clean_first=False, cmake_force_configure=False, ament_cmake_args=None, catkin_cmake_args=None, catkin_skip_building_tests=False, verb_parser=<colcon_defaults.argument_parser.defaults.DefaultArgumentsDecorator object at 0x79cb81c6dfc0>, verb_extension=<colcon_core.verb.build.BuildVerb object at 0x79cb81c6cbb0>, main=<bound method BuildVerb.main of <colcon_core.verb.build.BuildVerb object at 0x79cb81c6cbb0>>)
[0.532s] Level 1:colcon.colcon_core.package_discovery:discover_packages(colcon_meta) check parameters
[0.532s] Level 1:colcon.colcon_core.package_discovery:discover_packages(recursive) check parameters
[0.532s] Level 1:colcon.colcon_core.package_discovery:discover_packages(ignore) check parameters
[0.532s] Level 1:colcon.colcon_core.package_discovery:discover_packages(path) check parameters
[0.532s] Level 1:colcon.colcon_core.package_discovery:discover_packages(colcon_meta) discover
[0.532s] Level 1:colcon.colcon_core.package_discovery:discover_packages(recursive) discover
[0.532s] INFO:colcon.colcon_core.package_discovery:Crawling recursively for packages in '/home/asimkumar/asitlorbot8_ws'
[0.532s] Level 1:colcon.colcon_core.package_identification:_identify(.) by extensions ['ignore', 'ignore_ament_install']
[0.532s] Level 1:colcon.colcon_core.package_identification:_identify(.) by extension 'ignore'
[0.533s] Level 1:colcon.colcon_core.package_identification:_identify(.) by extension 'ignore_ament_install'
[0.533s] Level 1:colcon.colcon_core.package_identification:_identify(.) by extensions ['colcon_pkg']
[0.533s] Level 1:colcon.colcon_core.package_identification:_identify(.) by extension 'colcon_pkg'
[0.533s] Level 1:colcon.colcon_core.package_identification:_identify(.) by extensions ['colcon_meta']
[0.533s] Level 1:colcon.colcon_core.package_identification:_identify(.) by extension 'colcon_meta'
[0.533s] Level 1:colcon.colcon_core.package_identification:_identify(.) by extensions ['ros']
[0.533s] Level 1:colcon.colcon_core.package_identification:_identify(.) by extension 'ros'
[0.550s] Level 1:colcon.colcon_core.package_identification:_identify(.) by extensions ['cmake', 'python']
[0.550s] Level 1:colcon.colcon_core.package_identification:_identify(.) by extension 'cmake'
[0.550s] Level 1:colcon.colcon_core.package_identification:_identify(.) by extension 'python'
[0.550s] Level 1:colcon.colcon_core.package_identification:_identify(.) by extensions ['python_setup_py']
[0.550s] Level 1:colcon.colcon_core.package_identification:_identify(.) by extension 'python_setup_py'
[0.551s] Level 1:colcon.colcon_core.package_identification:_identify(build) by extensions ['ignore', 'ignore_ament_install']
[0.551s] Level 1:colcon.colcon_core.package_identification:_identify(build) by extension 'ignore'
[0.551s] Level 1:colcon.colcon_core.package_identification:_identify(build) ignored
[0.551s] Level 1:colcon.colcon_core.package_identification:_identify(install) by extensions ['ignore', 'ignore_ament_install']
[0.551s] Level 1:colcon.colcon_core.package_identification:_identify(install) by extension 'ignore'
[0.551s] Level 1:colcon.colcon_core.package_identification:_identify(install) ignored
[0.551s] Level 1:colcon.colcon_core.package_identification:_identify(log) by extensions ['ignore', 'ignore_ament_install']
[0.552s] Level 1:colcon.colcon_core.package_identification:_identify(log) by extension 'ignore'
[0.552s] Level 1:colcon.colcon_core.package_identification:_identify(log) ignored
[0.552s] Level 1:colcon.colcon_core.package_identification:_identify(src) by extensions ['ignore', 'ignore_ament_install']
[0.552s] Level 1:colcon.colcon_core.package_identification:_identify(src) by extension 'ignore'
[0.552s] Level 1:colcon.colcon_core.package_identification:_identify(src) by extension 'ignore_ament_install'
[0.552s] Level 1:colcon.colcon_core.package_identification:_identify(src) by extensions ['colcon_pkg']
[0.552s] Level 1:colcon.colcon_core.package_identification:_identify(src) by extension 'colcon_pkg'
[0.552s] Level 1:colcon.colcon_core.package_identification:_identify(src) by extensions ['colcon_meta']
[0.552s] Level 1:colcon.colcon_core.package_identification:_identify(src) by extension 'colcon_meta'
[0.552s] Level 1:colcon.colcon_core.package_identification:_identify(src) by extensions ['ros']
[0.552s] Level 1:colcon.colcon_core.package_identification:_identify(src) by extension 'ros'
[0.552s] Level 1:colcon.colcon_core.package_identification:_identify(src) by extensions ['cmake', 'python']
[0.552s] Level 1:colcon.colcon_core.package_identification:_identify(src) by extension 'cmake'
[0.553s] Level 1:colcon.colcon_core.package_identification:_identify(src) by extension 'python'
[0.553s] Level 1:colcon.colcon_core.package_identification:_identify(src) by extensions ['python_setup_py']
[0.553s] Level 1:colcon.colcon_core.package_identification:_identify(src) by extension 'python_setup_py'
[0.553s] Level 1:colcon.colcon_core.package_identification:_identify(src/Arduino) by extensions ['ignore', 'ignore_ament_install']
[0.553s] Level 1:colcon.colcon_core.package_identification:_identify(src/Arduino) by extension 'ignore'
[0.553s] Level 1:colcon.colcon_core.package_identification:_identify(src/Arduino) by extension 'ignore_ament_install'
[0.553s] Level 1:colcon.colcon_core.package_identification:_identify(src/Arduino) by extensions ['colcon_pkg']
[0.553s] Level 1:colcon.colcon_core.package_identification:_identify(src/Arduino) by extension 'colcon_pkg'
[0.553s] Level 1:colcon.colcon_core.package_identification:_identify(src/Arduino) by extensions ['colcon_meta']
[0.553s] Level 1:colcon.colcon_core.package_identification:_identify(src/Arduino) by extension 'colcon_meta'
[0.553s] Level 1:colcon.colcon_core.package_identification:_identify(src/Arduino) by extensions ['ros']
[0.553s] Level 1:colcon.colcon_core.package_identification:_identify(src/Arduino) by extension 'ros'
[0.554s] Level 1:colcon.colcon_core.package_identification:_identify(src/Arduino) by extensions ['cmake', 'python']
[0.554s] Level 1:colcon.colcon_core.package_identification:_identify(src/Arduino) by extension 'cmake'
[0.554s] Level 1:colcon.colcon_core.package_identification:_identify(src/Arduino) by extension 'python'
[0.554s] Level 1:colcon.colcon_core.package_identification:_identify(src/Arduino) by extensions ['python_setup_py']
[0.554s] Level 1:colcon.colcon_core.package_identification:_identify(src/Arduino) by extension 'python_setup_py'
[0.554s] Level 1:colcon.colcon_core.package_identification:_identify(src/Arduino/sketch_may07a) by extensions ['ignore', 'ignore_ament_install']
[0.554s] Level 1:colcon.colcon_core.package_identification:_identify(src/Arduino/sketch_may07a) by extension 'ignore'
[0.554s] Level 1:colcon.colcon_core.package_identification:_identify(src/Arduino/sketch_may07a) by extension 'ignore_ament_install'
[0.554s] Level 1:colcon.colcon_core.package_identification:_identify(src/Arduino/sketch_may07a) by extensions ['colcon_pkg']
[0.554s] Level 1:colcon.colcon_core.package_identification:_identify(src/Arduino/sketch_may07a) by extension 'colcon_pkg'
[0.554s] Level 1:colcon.colcon_core.package_identification:_identify(src/Arduino/sketch_may07a) by extensions ['colcon_meta']
[0.554s] Level 1:colcon.colcon_core.package_identification:_identify(src/Arduino/sketch_may07a) by extension 'colcon_meta'
[0.554s] Level 1:colcon.colcon_core.package_identification:_identify(src/Arduino/sketch_may07a) by extensions ['ros']
[0.554s] Level 1:colcon.colcon_core.package_identification:_identify(src/Arduino/sketch_may07a) by extension 'ros'
[0.555s] Level 1:colcon.colcon_core.package_identification:_identify(src/Arduino/sketch_may07a) by extensions ['cmake', 'python']
[0.555s] Level 1:colcon.colcon_core.package_identification:_identify(src/Arduino/sketch_may07a) by extension 'cmake'
[0.555s] Level 1:colcon.colcon_core.package_identification:_identify(src/Arduino/sketch_may07a) by extension 'python'
[0.555s] Level 1:colcon.colcon_core.package_identification:_identify(src/Arduino/sketch_may07a) by extensions ['python_setup_py']
[0.555s] Level 1:colcon.colcon_core.package_identification:_identify(src/Arduino/sketch_may07a) by extension 'python_setup_py'
[0.555s] Level 1:colcon.colcon_core.package_identification:_identify(src/asitlorbot8_autonomy) by extensions ['ignore', 'ignore_ament_install']
[0.555s] Level 1:colcon.colcon_core.package_identification:_identify(src/asitlorbot8_autonomy) by extension 'ignore'
[0.555s] Level 1:colcon.colcon_core.package_identification:_identify(src/asitlorbot8_autonomy) by extension 'ignore_ament_install'
[0.555s] Level 1:colcon.colcon_core.package_identification:_identify(src/asitlorbot8_autonomy) by extensions ['colcon_pkg']
[0.555s] Level 1:colcon.colcon_core.package_identification:_identify(src/asitlorbot8_autonomy) by extension 'colcon_pkg'
[0.555s] Level 1:colcon.colcon_core.package_identification:_identify(src/asitlorbot8_autonomy) by extensions ['colcon_meta']
[0.555s] Level 1:colcon.colcon_core.package_identification:_identify(src/asitlorbot8_autonomy) by extension 'colcon_meta'
[0.555s] Level 1:colcon.colcon_core.package_identification:_identify(src/asitlorbot8_autonomy) by extensions ['ros']
[0.555s] Level 1:colcon.colcon_core.package_identification:_identify(src/asitlorbot8_autonomy) by extension 'ros'
[0.579s] DEBUG:colcon.colcon_core.package_identification:Package 'src/asitlorbot8_autonomy' with type 'ros.ament_cmake' and name 'asitlorbot8_autonomy'
[0.579s] Level 1:colcon.colcon_core.package_identification:_identify(src/asitlorbot8_bringup) by extensions ['ignore', 'ignore_ament_install']
[0.580s] Level 1:colcon.colcon_core.package_identification:_identify(src/asitlorbot8_bringup) by extension 'ignore'
[0.580s] Level 1:colcon.colcon_core.package_identification:_identify(src/asitlorbot8_bringup) by extension 'ignore_ament_install'
[0.580s] Level 1:colcon.colcon_core.package_identification:_identify(src/asitlorbot8_bringup) by extensions ['colcon_pkg']
[0.580s] Level 1:colcon.colcon_core.package_identification:_identify(src/asitlorbot8_bringup) by extension 'colcon_pkg'
[0.580s] Level 1:colcon.colcon_core.package_identification:_identify(src/asitlorbot8_bringup) by extensions ['colcon_meta']
[0.580s] Level 1:colcon.colcon_core.package_identification:_identify(src/asitlorbot8_bringup) by extension 'colcon_meta'
[0.580s] Level 1:colcon.colcon_core.package_identification:_identify(src/asitlorbot8_bringup) by extensions ['ros']
[0.580s] Level 1:colcon.colcon_core.package_identification:_identify(src/asitlorbot8_bringup) by extension 'ros'
[0.581s] DEBUG:colcon.colcon_core.package_identification:Package 'src/asitlorbot8_bringup' with type 'ros.ament_cmake' and name 'asitlorbot8_bringup'
[0.581s] Level 1:colcon.colcon_core.package_identification:_identify(src/asitlorbot8_controller) by extensions ['ignore', 'ignore_ament_install']
[0.581s] Level 1:colcon.colcon_core.package_identification:_identify(src/asitlorbot8_controller) by extension 'ignore'
[0.581s] Level 1:colcon.colcon_core.package_identification:_identify(src/asitlorbot8_controller) by extension 'ignore_ament_install'
[0.582s] Level 1:colcon.colcon_core.package_identification:_identify(src/asitlorbot8_controller) by extensions ['colcon_pkg']
[0.582s] Level 1:colcon.colcon_core.package_identification:_identify(src/asitlorbot8_controller) by extension 'colcon_pkg'
[0.582s] Level 1:colcon.colcon_core.package_identification:_identify(src/asitlorbot8_controller) by extensions ['colcon_meta']
[0.582s] Level 1:colcon.colcon_core.package_identification:_identify(src/asitlorbot8_controller) by extension 'colcon_meta'
[0.582s] Level 1:colcon.colcon_core.package_identification:_identify(src/asitlorbot8_controller) by extensions ['ros']
[0.582s] Level 1:colcon.colcon_core.package_identification:_identify(src/asitlorbot8_controller) by extension 'ros'
[0.583s] DEBUG:colcon.colcon_core.package_identification:Package 'src/asitlorbot8_controller' with type 'ros.ament_cmake' and name 'asitlorbot8_controller'
[0.584s] Level 1:colcon.colcon_core.package_identification:_identify(src/asitlorbot8_cpp_examples) by extensions ['ignore', 'ignore_ament_install']
[0.584s] Level 1:colcon.colcon_core.package_identification:_identify(src/asitlorbot8_cpp_examples) by extension 'ignore'
[0.584s] Level 1:colcon.colcon_core.package_identification:_identify(src/asitlorbot8_cpp_examples) by extension 'ignore_ament_install'
[0.584s] Level 1:colcon.colcon_core.package_identification:_identify(src/asitlorbot8_cpp_examples) by extensions ['colcon_pkg']
[0.584s] Level 1:colcon.colcon_core.package_identification:_identify(src/asitlorbot8_cpp_examples) by extension 'colcon_pkg'
[0.584s] Level 1:colcon.colcon_core.package_identification:_identify(src/asitlorbot8_cpp_examples) by extensions ['colcon_meta']
[0.584s] Level 1:colcon.colcon_core.package_identification:_identify(src/asitlorbot8_cpp_examples) by extension 'colcon_meta'
[0.584s] Level 1:colcon.colcon_core.package_identification:_identify(src/asitlorbot8_cpp_examples) by extensions ['ros']
[0.584s] Level 1:colcon.colcon_core.package_identification:_identify(src/asitlorbot8_cpp_examples) by extension 'ros'
[0.585s] DEBUG:colcon.colcon_core.package_identification:Package 'src/asitlorbot8_cpp_examples' with type 'ros.ament_cmake' and name 'asitlorbot8_cpp_examples'
[0.585s] Level 1:colcon.colcon_core.package_identification:_identify(src/asitlorbot8_description) by extensions ['ignore', 'ignore_ament_install']
[0.585s] Level 1:colcon.colcon_core.package_identification:_identify(src/asitlorbot8_description) by extension 'ignore'
[0.585s] Level 1:colcon.colcon_core.package_identification:_identify(src/asitlorbot8_description) by extension 'ignore_ament_install'
[0.585s] Level 1:colcon.colcon_core.package_identification:_identify(src/asitlorbot8_description) by extensions ['colcon_pkg']
[0.585s] Level 1:colcon.colcon_core.package_identification:_identify(src/asitlorbot8_description) by extension 'colcon_pkg'
[0.585s] Level 1:colcon.colcon_core.package_identification:_identify(src/asitlorbot8_description) by extensions ['colcon_meta']
[0.586s] Level 1:colcon.colcon_core.package_identification:_identify(src/asitlorbot8_description) by extension 'colcon_meta'
[0.586s] Level 1:colcon.colcon_core.package_identification:_identify(src/asitlorbot8_description) by extensions ['ros']
[0.586s] Level 1:colcon.colcon_core.package_identification:_identify(src/asitlorbot8_description) by extension 'ros'
[0.587s] DEBUG:colcon.colcon_core.package_identification:Package 'src/asitlorbot8_description' with type 'ros.ament_cmake' and name 'asitlorbot8_description'
[0.587s] Level 1:colcon.colcon_core.package_identification:_identify(src/asitlorbot8_firmware) by extensions ['ignore', 'ignore_ament_install']
[0.587s] Level 1:colcon.colcon_core.package_identification:_identify(src/asitlorbot8_firmware) by extension 'ignore'
[0.587s] Level 1:colcon.colcon_core.package_identification:_identify(src/asitlorbot8_firmware) by extension 'ignore_ament_install'
[0.587s] Level 1:colcon.colcon_core.package_identification:_identify(src/asitlorbot8_firmware) by extensions ['colcon_pkg']
[0.587s] Level 1:colcon.colcon_core.package_identification:_identify(src/asitlorbot8_firmware) by extension 'colcon_pkg'
[0.587s] Level 1:colcon.colcon_core.package_identification:_identify(src/asitlorbot8_firmware) by extensions ['colcon_meta']
[0.587s] Level 1:colcon.colcon_core.package_identification:_identify(src/asitlorbot8_firmware) by extension 'colcon_meta'
[0.587s] Level 1:colcon.colcon_core.package_identification:_identify(src/asitlorbot8_firmware) by extensions ['ros']
[0.587s] Level 1:colcon.colcon_core.package_identification:_identify(src/asitlorbot8_firmware) by extension 'ros'
[0.589s] DEBUG:colcon.colcon_core.package_identification:Package 'src/asitlorbot8_firmware' with type 'ros.ament_cmake' and name 'asitlorbot8_firmware'
[0.589s] Level 1:colcon.colcon_core.package_identification:_identify(src/asitlorbot8_localization) by extensions ['ignore', 'ignore_ament_install']
[0.589s] Level 1:colcon.colcon_core.package_identification:_identify(src/asitlorbot8_localization) by extension 'ignore'
[0.589s] Level 1:colcon.colcon_core.package_identification:_identify(src/asitlorbot8_localization) by extension 'ignore_ament_install'
[0.589s] Level 1:colcon.colcon_core.package_identification:_identify(src/asitlorbot8_localization) by extensions ['colcon_pkg']
[0.589s] Level 1:colcon.colcon_core.package_identification:_identify(src/asitlorbot8_localization) by extension 'colcon_pkg'
[0.589s] Level 1:colcon.colcon_core.package_identification:_identify(src/asitlorbot8_localization) by extensions ['colcon_meta']
[0.589s] Level 1:colcon.colcon_core.package_identification:_identify(src/asitlorbot8_localization) by extension 'colcon_meta'
[0.589s] Level 1:colcon.colcon_core.package_identification:_identify(src/asitlorbot8_localization) by extensions ['ros']
[0.589s] Level 1:colcon.colcon_core.package_identification:_identify(src/asitlorbot8_localization) by extension 'ros'
[0.591s] DEBUG:colcon.colcon_core.package_identification:Package 'src/asitlorbot8_localization' with type 'ros.ament_cmake' and name 'asitlorbot8_localization'
[0.591s] Level 1:colcon.colcon_core.package_discovery:discover_packages(recursive) using defaults
[0.591s] Level 1:colcon.colcon_core.package_discovery:discover_packages(ignore) discover
[0.591s] Level 1:colcon.colcon_core.package_discovery:discover_packages(ignore) using defaults
[0.591s] Level 1:colcon.colcon_core.package_discovery:discover_packages(path) discover
[0.591s] Level 1:colcon.colcon_core.package_discovery:discover_packages(path) using defaults
[0.631s] Level 1:colcon.colcon_core.package_discovery:discover_packages(prefix_path) check parameters
[0.631s] Level 1:colcon.colcon_core.package_discovery:discover_packages(prefix_path) discover
[0.639s] DEBUG:colcon.colcon_installed_package_information.package_discovery:Found 2 installed packages in /home/asimkumar/asitlor11_ws/install
[0.640s] DEBUG:colcon.colcon_installed_package_information.package_discovery:Found 7 installed packages in /home/asimkumar/asitlorbot8_ws/install
[0.641s] DEBUG:colcon.colcon_installed_package_information.package_discovery:Found 3 installed packages in /home/asimkumar/asitlorbot7_ws/install
[0.641s] DEBUG:colcon.colcon_installed_package_information.package_discovery:Found 7 installed packages in /home/asimkumar/asitlorbotsix_ws/install
[0.643s] DEBUG:colcon.colcon_installed_package_information.package_discovery:Found 22 installed packages in /home/asimkumar/asitlor_ws/install
[0.643s] DEBUG:colcon.colcon_installed_package_information.package_discovery:Found 1 installed packages in /home/asimkumar/turtlebot3_1/install
[0.644s] DEBUG:colcon.colcon_installed_package_information.package_discovery:Found 17 installed packages in /home/asimkumar/brobot/install
[0.647s] DEBUG:colcon.colcon_installed_package_information.package_discovery:Found 411 installed packages in /opt/ros/humble
[0.650s] Level 1:colcon.colcon_core.package_discovery:discover_packages(prefix_path) using defaults
[0.781s] Level 5:colcon.colcon_core.verb:set package 'asitlorbot8_autonomy' build argument 'cmake_args' from command line to 'None'
[0.781s] Level 5:colcon.colcon_core.verb:set package 'asitlorbot8_autonomy' build argument 'cmake_target' from command line to 'None'
[0.781s] Level 5:colcon.colcon_core.verb:set package 'asitlorbot8_autonomy' build argument 'cmake_target_skip_unavailable' from command line to 'False'
[0.781s] Level 5:colcon.colcon_core.verb:set package 'asitlorbot8_autonomy' build argument 'cmake_clean_cache' from command line to 'False'
[0.781s] Level 5:colcon.colcon_core.verb:set package 'asitlorbot8_autonomy' build argument 'cmake_clean_first' from command line to 'False'
[0.781s] Level 5:colcon.colcon_core.verb:set package 'asitlorbot8_autonomy' build argument 'cmake_force_configure' from command line to 'False'
[0.781s] Level 5:colcon.colcon_core.verb:set package 'asitlorbot8_autonomy' build argument 'ament_cmake_args' from command line to 'None'
[0.781s] Level 5:colcon.colcon_core.verb:set package 'asitlorbot8_autonomy' build argument 'catkin_cmake_args' from command line to 'None'
[0.781s] Level 5:colcon.colcon_core.verb:set package 'asitlorbot8_autonomy' build argument 'catkin_skip_building_tests' from command line to 'False'
[0.781s] DEBUG:colcon.colcon_core.verb:Building package 'asitlorbot8_autonomy' with the following arguments: {'ament_cmake_args': None, 'build_base': '/home/asimkumar/asitlorbot8_ws/build/asitlorbot8_autonomy', 'catkin_cmake_args': None, 'catkin_skip_building_tests': False, 'cmake_args': None, 'cmake_clean_cache': False, 'cmake_clean_first': False, 'cmake_force_configure': False, 'cmake_target': None, 'cmake_target_skip_unavailable': False, 'install_base': '/home/asimkumar/asitlorbot8_ws/install/asitlorbot8_autonomy', 'merge_install': False, 'path': '/home/asimkumar/asitlorbot8_ws/src/asitlorbot8_autonomy', 'symlink_install': True, 'test_result_base': None}
[0.782s] Level 5:colcon.colcon_core.verb:set package 'asitlorbot8_bringup' build argument 'cmake_args' from command line to 'None'
[0.782s] Level 5:colcon.colcon_core.verb:set package 'asitlorbot8_bringup' build argument 'cmake_target' from command line to 'None'
[0.782s] Level 5:colcon.colcon_core.verb:set package 'asitlorbot8_bringup' build argument 'cmake_target_skip_unavailable' from command line to 'False'
[0.782s] Level 5:colcon.colcon_core.verb:set package 'asitlorbot8_bringup' build argument 'cmake_clean_cache' from command line to 'False'
[0.782s] Level 5:colcon.colcon_core.verb:set package 'asitlorbot8_bringup' build argument 'cmake_clean_first' from command line to 'False'
[0.782s] Level 5:colcon.colcon_core.verb:set package 'asitlorbot8_bringup' build argument 'cmake_force_configure' from command line to 'False'
[0.782s] Level 5:colcon.colcon_core.verb:set package 'asitlorbot8_bringup' build argument 'ament_cmake_args' from command line to 'None'
[0.782s] Level 5:colcon.colcon_core.verb:set package 'asitlorbot8_bringup' build argument 'catkin_cmake_args' from command line to 'None'
[0.782s] Level 5:colcon.colcon_core.verb:set package 'asitlorbot8_bringup' build argument 'catkin_skip_building_tests' from command line to 'False'
[0.782s] DEBUG:colcon.colcon_core.verb:Building package 'asitlorbot8_bringup' with the following arguments: {'ament_cmake_args': None, 'build_base': '/home/asimkumar/asitlorbot8_ws/build/asitlorbot8_bringup', 'catkin_cmake_args': None, 'catkin_skip_building_tests': False, 'cmake_args': None, 'cmake_clean_cache': False, 'cmake_clean_first': False, 'cmake_force_configure': False, 'cmake_target': None, 'cmake_target_skip_unavailable': False, 'install_base': '/home/asimkumar/asitlorbot8_ws/install/asitlorbot8_bringup', 'merge_install': False, 'path': '/home/asimkumar/asitlorbot8_ws/src/asitlorbot8_bringup', 'symlink_install': True, 'test_result_base': None}
[0.783s] Level 5:colcon.colcon_core.verb:set package 'asitlorbot8_controller' build argument 'cmake_args' from command line to 'None'
[0.783s] Level 5:colcon.colcon_core.verb:set package 'asitlorbot8_controller' build argument 'cmake_target' from command line to 'None'
[0.783s] Level 5:colcon.colcon_core.verb:set package 'asitlorbot8_controller' build argument 'cmake_target_skip_unavailable' from command line to 'False'
[0.783s] Level 5:colcon.colcon_core.verb:set package 'asitlorbot8_controller' build argument 'cmake_clean_cache' from command line to 'False'
[0.783s] Level 5:colcon.colcon_core.verb:set package 'asitlorbot8_controller' build argument 'cmake_clean_first' from command line to 'False'
[0.783s] Level 5:colcon.colcon_core.verb:set package 'asitlorbot8_controller' build argument 'cmake_force_configure' from command line to 'False'
[0.783s] Level 5:colcon.colcon_core.verb:set package 'asitlorbot8_controller' build argument 'ament_cmake_args' from command line to 'None'
[0.783s] Level 5:colcon.colcon_core.verb:set package 'asitlorbot8_controller' build argument 'catkin_cmake_args' from command line to 'None'
[0.783s] Level 5:colcon.colcon_core.verb:set package 'asitlorbot8_controller' build argument 'catkin_skip_building_tests' from command line to 'False'
[0.783s] DEBUG:colcon.colcon_core.verb:Building package 'asitlorbot8_controller' with the following arguments: {'ament_cmake_args': None, 'build_base': '/home/asimkumar/asitlorbot8_ws/build/asitlorbot8_controller', 'catkin_cmake_args': None, 'catkin_skip_building_tests': False, 'cmake_args': None, 'cmake_clean_cache': False, 'cmake_clean_first': False, 'cmake_force_configure': False, 'cmake_target': None, 'cmake_target_skip_unavailable': False, 'install_base': '/home/asimkumar/asitlorbot8_ws/install/asitlorbot8_controller', 'merge_install': False, 'path': '/home/asimkumar/asitlorbot8_ws/src/asitlorbot8_controller', 'symlink_install': True, 'test_result_base': None}
[0.783s] Level 5:colcon.colcon_core.verb:set package 'asitlorbot8_cpp_examples' build argument 'cmake_args' from command line to 'None'
[0.783s] Level 5:colcon.colcon_core.verb:set package 'asitlorbot8_cpp_examples' build argument 'cmake_target' from command line to 'None'
[0.783s] Level 5:colcon.colcon_core.verb:set package 'asitlorbot8_cpp_examples' build argument 'cmake_target_skip_unavailable' from command line to 'False'
[0.783s] Level 5:colcon.colcon_core.verb:set package 'asitlorbot8_cpp_examples' build argument 'cmake_clean_cache' from command line to 'False'
[0.783s] Level 5:colcon.colcon_core.verb:set package 'asitlorbot8_cpp_examples' build argument 'cmake_clean_first' from command line to 'False'
[0.783s] Level 5:colcon.colcon_core.verb:set package 'asitlorbot8_cpp_examples' build argument 'cmake_force_configure' from command line to 'False'
[0.783s] Level 5:colcon.colcon_core.verb:set package 'asitlorbot8_cpp_examples' build argument 'ament_cmake_args' from command line to 'None'
[0.783s] Level 5:colcon.colcon_core.verb:set package 'asitlorbot8_cpp_examples' build argument 'catkin_cmake_args' from command line to 'None'
[0.783s] Level 5:colcon.colcon_core.verb:set package 'asitlorbot8_cpp_examples' build argument 'catkin_skip_building_tests' from command line to 'False'
[0.783s] DEBUG:colcon.colcon_core.verb:Building package 'asitlorbot8_cpp_examples' with the following arguments: {'ament_cmake_args': None, 'build_base': '/home/asimkumar/asitlorbot8_ws/build/asitlorbot8_cpp_examples', 'catkin_cmake_args': None, 'catkin_skip_building_tests': False, 'cmake_args': None, 'cmake_clean_cache': False, 'cmake_clean_first': False, 'cmake_force_configure': False, 'cmake_target': None, 'cmake_target_skip_unavailable': False, 'install_base': '/home/asimkumar/asitlorbot8_ws/install/asitlorbot8_cpp_examples', 'merge_install': False, 'path': '/home/asimkumar/asitlorbot8_ws/src/asitlorbot8_cpp_examples', 'symlink_install': True, 'test_result_base': None}
[0.784s] Level 5:colcon.colcon_core.verb:set package 'asitlorbot8_description' build argument 'cmake_args' from command line to 'None'
[0.784s] Level 5:colcon.colcon_core.verb:set package 'asitlorbot8_description' build argument 'cmake_target' from command line to 'None'
[0.784s] Level 5:colcon.colcon_core.verb:set package 'asitlorbot8_description' build argument 'cmake_target_skip_unavailable' from command line to 'False'
[0.784s] Level 5:colcon.colcon_core.verb:set package 'asitlorbot8_description' build argument 'cmake_clean_cache' from command line to 'False'
[0.784s] Level 5:colcon.colcon_core.verb:set package 'asitlorbot8_description' build argument 'cmake_clean_first' from command line to 'False'
[0.784s] Level 5:colcon.colcon_core.verb:set package 'asitlorbot8_description' build argument 'cmake_force_configure' from command line to 'False'
[0.784s] Level 5:colcon.colcon_core.verb:set package 'asitlorbot8_description' build argument 'ament_cmake_args' from command line to 'None'
[0.784s] Level 5:colcon.colcon_core.verb:set package 'asitlorbot8_description' build argument 'catkin_cmake_args' from command line to 'None'
[0.784s] Level 5:colcon.colcon_core.verb:set package 'asitlorbot8_description' build argument 'catkin_skip_building_tests' from command line to 'False'
[0.784s] DEBUG:colcon.colcon_core.verb:Building package 'asitlorbot8_description' with the following arguments: {'ament_cmake_args': None, 'build_base': '/home/asimkumar/asitlorbot8_ws/build/asitlorbot8_description', 'catkin_cmake_args': None, 'catkin_skip_building_tests': False, 'cmake_args': None, 'cmake_clean_cache': False, 'cmake_clean_first': False, 'cmake_force_configure': False, 'cmake_target': None, 'cmake_target_skip_unavailable': False, 'install_base': '/home/asimkumar/asitlorbot8_ws/install/asitlorbot8_description', 'merge_install': False, 'path': '/home/asimkumar/asitlorbot8_ws/src/asitlorbot8_description', 'symlink_install': True, 'test_result_base': None}
[0.784s] Level 5:colcon.colcon_core.verb:set package 'asitlorbot8_firmware' build argument 'cmake_args' from command line to 'None'
[0.785s] Level 5:colcon.colcon_core.verb:set package 'asitlorbot8_firmware' build argument 'cmake_target' from command line to 'None'
[0.785s] Level 5:colcon.colcon_core.verb:set package 'asitlorbot8_firmware' build argument 'cmake_target_skip_unavailable' from command line to 'False'
[0.785s] Level 5:colcon.colcon_core.verb:set package 'asitlorbot8_firmware' build argument 'cmake_clean_cache' from command line to 'False'
[0.785s] Level 5:colcon.colcon_core.verb:set package 'asitlorbot8_firmware' build argument 'cmake_clean_first' from command line to 'False'
[0.785s] Level 5:colcon.colcon_core.verb:set package 'asitlorbot8_firmware' build argument 'cmake_force_configure' from command line to 'False'
[0.785s] Level 5:colcon.colcon_core.verb:set package 'asitlorbot8_firmware' build argument 'ament_cmake_args' from command line to 'None'
[0.785s] Level 5:colcon.colcon_core.verb:set package 'asitlorbot8_firmware' build argument 'catkin_cmake_args' from command line to 'None'
[0.785s] Level 5:colcon.colcon_core.verb:set package 'asitlorbot8_firmware' build argument 'catkin_skip_building_tests' from command line to 'False'
[0.785s] DEBUG:colcon.colcon_core.verb:Building package 'asitlorbot8_firmware' with the following arguments: {'ament_cmake_args': None, 'build_base': '/home/asimkumar/asitlorbot8_ws/build/asitlorbot8_firmware', 'catkin_cmake_args': None, 'catkin_skip_building_tests': False, 'cmake_args': None, 'cmake_clean_cache': False, 'cmake_clean_first': False, 'cmake_force_configure': False, 'cmake_target': None, 'cmake_target_skip_unavailable': False, 'install_base': '/home/asimkumar/asitlorbot8_ws/install/asitlorbot8_firmware', 'merge_install': False, 'path': '/home/asimkumar/asitlorbot8_ws/src/asitlorbot8_firmware', 'symlink_install': True, 'test_result_base': None}
[0.785s] Level 5:colcon.colcon_core.verb:set package 'asitlorbot8_localization' build argument 'cmake_args' from command line to 'None'
[0.785s] Level 5:colcon.colcon_core.verb:set package 'asitlorbot8_localization' build argument 'cmake_target' from command line to 'None'
[0.785s] Level 5:colcon.colcon_core.verb:set package 'asitlorbot8_localization' build argument 'cmake_target_skip_unavailable' from command line to 'False'
[0.785s] Level 5:colcon.colcon_core.verb:set package 'asitlorbot8_localization' build argument 'cmake_clean_cache' from command line to 'False'
[0.785s] Level 5:colcon.colcon_core.verb:set package 'asitlorbot8_localization' build argument 'cmake_clean_first' from command line to 'False'
[0.785s] Level 5:colcon.colcon_core.verb:set package 'asitlorbot8_localization' build argument 'cmake_force_configure' from command line to 'False'
[0.785s] Level 5:colcon.colcon_core.verb:set package 'asitlorbot8_localization' build argument 'ament_cmake_args' from command line to 'None'
[0.785s] Level 5:colcon.colcon_core.verb:set package 'asitlorbot8_localization' build argument 'catkin_cmake_args' from command line to 'None'
[0.785s] Level 5:colcon.colcon_core.verb:set package 'asitlorbot8_localization' build argument 'catkin_skip_building_tests' from command line to 'False'
[0.785s] DEBUG:colcon.colcon_core.verb:Building package 'asitlorbot8_localization' with the following arguments: {'ament_cmake_args': None, 'build_base': '/home/asimkumar/asitlorbot8_ws/build/asitlorbot8_localization', 'catkin_cmake_args': None, 'catkin_skip_building_tests': False, 'cmake_args': None, 'cmake_clean_cache': False, 'cmake_clean_first': False, 'cmake_force_configure': False, 'cmake_target': None, 'cmake_target_skip_unavailable': False, 'install_base': '/home/asimkumar/asitlorbot8_ws/install/asitlorbot8_localization', 'merge_install': False, 'path': '/home/asimkumar/asitlorbot8_ws/src/asitlorbot8_localization', 'symlink_install': True, 'test_result_base': None}
[0.786s] INFO:colcon.colcon_core.executor:Executing jobs using 'parallel' executor
[0.787s] DEBUG:colcon.colcon_parallel_executor.executor.parallel:run_until_complete
[0.787s] INFO:colcon.colcon_ros.task.ament_cmake.build:Building ROS package in '/home/asimkumar/asitlorbot8_ws/src/asitlorbot8_autonomy' with build type 'ament_cmake'
[0.787s] INFO:colcon.colcon_cmake.task.cmake.build:Building CMake package in '/home/asimkumar/asitlorbot8_ws/src/asitlorbot8_autonomy'
[0.794s] INFO:colcon.colcon_core.plugin_system:Skipping extension 'colcon_core.shell.bat': Not used on non-Windows systems
[0.794s] INFO:colcon.colcon_core.shell:Skip shell extension 'powershell' for command environment: Not usable outside of PowerShell
[0.794s] DEBUG:colcon.colcon_core.shell:Skip shell extension 'dsv' for command environment
[0.807s] INFO:colcon.colcon_ros.task.ament_cmake.build:Building ROS package in '/home/asimkumar/asitlorbot8_ws/src/asitlorbot8_bringup' with build type 'ament_cmake'
[0.807s] INFO:colcon.colcon_cmake.task.cmake.build:Building CMake package in '/home/asimkumar/asitlorbot8_ws/src/asitlorbot8_bringup'
[0.807s] INFO:colcon.colcon_core.shell:Skip shell extension 'powershell' for command environment: Not usable outside of PowerShell
[0.807s] DEBUG:colcon.colcon_core.shell:Skip shell extension 'dsv' for command environment
[0.822s] INFO:colcon.colcon_ros.task.ament_cmake.build:Building ROS package in '/home/asimkumar/asitlorbot8_ws/src/asitlorbot8_controller' with build type 'ament_cmake'
[0.822s] INFO:colcon.colcon_cmake.task.cmake.build:Building CMake package in '/home/asimkumar/asitlorbot8_ws/src/asitlorbot8_controller'
[0.823s] INFO:colcon.colcon_core.shell:Skip shell extension 'powershell' for command environment: Not usable outside of PowerShell
[0.823s] DEBUG:colcon.colcon_core.shell:Skip shell extension 'dsv' for command environment
[0.836s] INFO:colcon.colcon_ros.task.ament_cmake.build:Building ROS package in '/home/asimkumar/asitlorbot8_ws/src/asitlorbot8_cpp_examples' with build type 'ament_cmake'
[0.836s] INFO:colcon.colcon_cmake.task.cmake.build:Building CMake package in '/home/asimkumar/asitlorbot8_ws/src/asitlorbot8_cpp_examples'
[0.837s] INFO:colcon.colcon_core.shell:Skip shell extension 'powershell' for command environment: Not usable outside of PowerShell
[0.837s] DEBUG:colcon.colcon_core.shell:Skip shell extension 'dsv' for command environment
[0.851s] INFO:colcon.colcon_ros.task.ament_cmake.build:Building ROS package in '/home/asimkumar/asitlorbot8_ws/src/asitlorbot8_description' with build type 'ament_cmake'
[0.852s] INFO:colcon.colcon_cmake.task.cmake.build:Building CMake package in '/home/asimkumar/asitlorbot8_ws/src/asitlorbot8_description'
[0.853s] INFO:colcon.colcon_core.shell:Skip shell extension 'powershell' for command environment: Not usable outside of PowerShell
[0.853s] DEBUG:colcon.colcon_core.shell:Skip shell extension 'dsv' for command environment
[0.865s] INFO:colcon.colcon_ros.task.ament_cmake.build:Building ROS package in '/home/asimkumar/asitlorbot8_ws/src/asitlorbot8_firmware' with build type 'ament_cmake'
[0.866s] INFO:colcon.colcon_cmake.task.cmake.build:Building CMake package in '/home/asimkumar/asitlorbot8_ws/src/asitlorbot8_firmware'
[0.866s] INFO:colcon.colcon_core.shell:Skip shell extension 'powershell' for command environment: Not usable outside of PowerShell
[0.866s] DEBUG:colcon.colcon_core.shell:Skip shell extension 'dsv' for command environment
[0.879s] INFO:colcon.colcon_ros.task.ament_cmake.build:Building ROS package in '/home/asimkumar/asitlorbot8_ws/src/asitlorbot8_localization' with build type 'ament_cmake'
[0.879s] INFO:colcon.colcon_cmake.task.cmake.build:Building CMake package in '/home/asimkumar/asitlorbot8_ws/src/asitlorbot8_localization'
[0.880s] INFO:colcon.colcon_core.shell:Skip shell extension 'powershell' for command environment: Not usable outside of PowerShell
[0.880s] DEBUG:colcon.colcon_core.shell:Skip shell extension 'dsv' for command environment
[0.904s] DEBUG:colcon.colcon_core.event_handler.log_command:Invoking command in '/home/asimkumar/asitlorbot8_ws/build/asitlorbot8_autonomy': CMAKE_PREFIX_PATH=${CMAKE_PREFIX_PATH}:/home/asimkumar/asitlor11_ws/install/asitlor11_py_examples:/home/asimkumar/asitlor_ws/install/serial_motor_demo:/home/asimkumar/asitlorbotsix_ws/install/asitlorbot_six:/opt/ros/humble /usr/bin/cmake --build /home/asimkumar/asitlorbot8_ws/build/asitlorbot8_autonomy -- -j8 -l8
[0.917s] DEBUG:colcon.colcon_core.event_handler.log_command:Invoking command in '/home/asimkumar/asitlorbot8_ws/build/asitlorbot8_bringup': CMAKE_PREFIX_PATH=${CMAKE_PREFIX_PATH}:/home/asimkumar/asitlor11_ws/install/asitlor11_py_examples:/home/asimkumar/asitlor_ws/install/serial_motor_demo:/home/asimkumar/asitlorbotsix_ws/install/asitlorbot_six:/opt/ros/humble /usr/bin/cmake --build /home/asimkumar/asitlorbot8_ws/build/asitlorbot8_bringup -- -j8 -l8
[0.925s] DEBUG:colcon.colcon_core.event_handler.log_command:Invoking command in '/home/asimkumar/asitlorbot8_ws/build/asitlorbot8_controller': CMAKE_PREFIX_PATH=${CMAKE_PREFIX_PATH}:/home/asimkumar/asitlor11_ws/install/asitlor11_py_examples:/home/asimkumar/asitlor_ws/install/serial_motor_demo:/home/asimkumar/asitlorbotsix_ws/install/asitlorbot_six:/opt/ros/humble /usr/bin/cmake --build /home/asimkumar/asitlorbot8_ws/build/asitlorbot8_controller -- -j8 -l8
[0.932s] DEBUG:colcon.colcon_core.event_handler.log_command:Invoking command in '/home/asimkumar/asitlorbot8_ws/build/asitlorbot8_cpp_examples': CMAKE_PREFIX_PATH=${CMAKE_PREFIX_PATH}:/home/asimkumar/asitlor11_ws/install/asitlor11_py_examples:/home/asimkumar/asitlor_ws/install/serial_motor_demo:/home/asimkumar/asitlorbotsix_ws/install/asitlorbot_six:/opt/ros/humble /usr/bin/cmake --build /home/asimkumar/asitlorbot8_ws/build/asitlorbot8_cpp_examples -- -j8 -l8
[0.940s] DEBUG:colcon.colcon_core.event_handler.log_command:Invoking command in '/home/asimkumar/asitlorbot8_ws/build/asitlorbot8_description': CMAKE_PREFIX_PATH=${CMAKE_PREFIX_PATH}:/home/asimkumar/asitlor11_ws/install/asitlor11_py_examples:/home/asimkumar/asitlor_ws/install/serial_motor_demo:/home/asimkumar/asitlorbotsix_ws/install/asitlorbot_six:/opt/ros/humble /usr/bin/cmake --build /home/asimkumar/asitlorbot8_ws/build/asitlorbot8_description -- -j8 -l8
[0.948s] DEBUG:colcon.colcon_core.event_handler.log_command:Invoking command in '/home/asimkumar/asitlorbot8_ws/build/asitlorbot8_firmware': CMAKE_PREFIX_PATH=${CMAKE_PREFIX_PATH}:/home/asimkumar/asitlor11_ws/install/asitlor11_py_examples:/home/asimkumar/asitlor_ws/install/serial_motor_demo:/home/asimkumar/asitlorbotsix_ws/install/asitlorbot_six:/opt/ros/humble /usr/bin/cmake --build /home/asimkumar/asitlorbot8_ws/build/asitlorbot8_firmware -- -j8 -l8
[0.962s] DEBUG:colcon.colcon_core.event_handler.log_command:Invoking command in '/home/asimkumar/asitlorbot8_ws/build/asitlorbot8_localization': CMAKE_PREFIX_PATH=${CMAKE_PREFIX_PATH}:/home/asimkumar/asitlor11_ws/install/asitlor11_py_examples:/home/asimkumar/asitlor_ws/install/serial_motor_demo:/home/asimkumar/asitlorbotsix_ws/install/asitlorbot_six:/opt/ros/humble /usr/bin/cmake --build /home/asimkumar/asitlorbot8_ws/build/asitlorbot8_localization -- -j8 -l8
[1.054s] DEBUG:colcon.colcon_core.event_handler.log_command:Invoked command in '/home/asimkumar/asitlorbot8_ws/build/asitlorbot8_bringup' returned '0': CMAKE_PREFIX_PATH=${CMAKE_PREFIX_PATH}:/home/asimkumar/asitlor11_ws/install/asitlor11_py_examples:/home/asimkumar/asitlor_ws/install/serial_motor_demo:/home/asimkumar/asitlorbotsix_ws/install/asitlorbot_six:/opt/ros/humble /usr/bin/cmake --build /home/asimkumar/asitlorbot8_ws/build/asitlorbot8_bringup -- -j8 -l8
[1.056s] DEBUG:colcon.colcon_core.event_handler.log_command:Invoked command in '/home/asimkumar/asitlorbot8_ws/build/asitlorbot8_description' returned '0': CMAKE_PREFIX_PATH=${CMAKE_PREFIX_PATH}:/home/asimkumar/asitlor11_ws/install/asitlor11_py_examples:/home/asimkumar/asitlor_ws/install/serial_motor_demo:/home/asimkumar/asitlorbotsix_ws/install/asitlorbot_six:/opt/ros/humble /usr/bin/cmake --build /home/asimkumar/asitlorbot8_ws/build/asitlorbot8_description -- -j8 -l8
[1.076s] DEBUG:colcon.colcon_core.event_handler.log_command:Invoked command in '/home/asimkumar/asitlorbot8_ws/build/asitlorbot8_cpp_examples' returned '0': CMAKE_PREFIX_PATH=${CMAKE_PREFIX_PATH}:/home/asimkumar/asitlor11_ws/install/asitlor11_py_examples:/home/asimkumar/asitlor_ws/install/serial_motor_demo:/home/asimkumar/asitlorbotsix_ws/install/asitlorbot_six:/opt/ros/humble /usr/bin/cmake --build /home/asimkumar/asitlorbot8_ws/build/asitlorbot8_cpp_examples -- -j8 -l8
[1.152s] DEBUG:colcon.colcon_core.event_handler.log_command:Invoking command in '/home/asimkumar/asitlorbot8_ws/build/asitlorbot8_bringup': CMAKE_PREFIX_PATH=${CMAKE_PREFIX_PATH}:/home/asimkumar/asitlor11_ws/install/asitlor11_py_examples:/home/asimkumar/asitlor_ws/install/serial_motor_demo:/home/asimkumar/asitlorbotsix_ws/install/asitlorbot_six:/opt/ros/humble /usr/bin/cmake --install /home/asimkumar/asitlorbot8_ws/build/asitlorbot8_bringup
[1.159s] DEBUG:colcon.colcon_core.event_handler.log_command:Invoking command in '/home/asimkumar/asitlorbot8_ws/build/asitlorbot8_description': CMAKE_PREFIX_PATH=${CMAKE_PREFIX_PATH}:/home/asimkumar/asitlor11_ws/install/asitlor11_py_examples:/home/asimkumar/asitlor_ws/install/serial_motor_demo:/home/asimkumar/asitlorbotsix_ws/install/asitlorbot_six:/opt/ros/humble /usr/bin/cmake --install /home/asimkumar/asitlorbot8_ws/build/asitlorbot8_description
[1.163s] DEBUG:colcon.colcon_core.event_handler.log_command:Invoking command in '/home/asimkumar/asitlorbot8_ws/build/asitlorbot8_cpp_examples': CMAKE_PREFIX_PATH=${CMAKE_PREFIX_PATH}:/home/asimkumar/asitlor11_ws/install/asitlor11_py_examples:/home/asimkumar/asitlor_ws/install/serial_motor_demo:/home/asimkumar/asitlorbotsix_ws/install/asitlorbot_six:/opt/ros/humble /usr/bin/cmake --install /home/asimkumar/asitlorbot8_ws/build/asitlorbot8_cpp_examples
[1.206s] DEBUG:colcon.colcon_core.event_handler.log_command:Invoked command in '/home/asimkumar/asitlorbot8_ws/build/asitlorbot8_autonomy' returned '0': CMAKE_PREFIX_PATH=${CMAKE_PREFIX_PATH}:/home/asimkumar/asitlor11_ws/install/asitlor11_py_examples:/home/asimkumar/asitlor_ws/install/serial_motor_demo:/home/asimkumar/asitlorbotsix_ws/install/asitlorbot_six:/opt/ros/humble /usr/bin/cmake --build /home/asimkumar/asitlorbot8_ws/build/asitlorbot8_autonomy -- -j8 -l8
[1.228s] Level 1:colcon.colcon_core.environment:create_environment_scripts_only(asitlorbot8_description)
[1.229s] DEBUG:colcon.colcon_core.event_handler.log_command:Invoked command in '/home/asimkumar/asitlorbot8_ws/build/asitlorbot8_description' returned '0': CMAKE_PREFIX_PATH=${CMAKE_PREFIX_PATH}:/home/asimkumar/asitlor11_ws/install/asitlor11_py_examples:/home/asimkumar/asitlor_ws/install/serial_motor_demo:/home/asimkumar/asitlorbotsix_ws/install/asitlorbot_six:/opt/ros/humble /usr/bin/cmake --install /home/asimkumar/asitlorbot8_ws/build/asitlorbot8_description
[1.238s] Level 1:colcon.colcon_core.environment:checking '/home/asimkumar/asitlorbot8_ws/install/asitlorbot8_description' for CMake module files
[1.239s] Level 1:colcon.colcon_core.environment:checking '/home/asimkumar/asitlorbot8_ws/install/asitlorbot8_description' for CMake config files
[1.240s] Level 1:colcon.colcon_core.shell:create_environment_hook('asitlorbot8_description', 'cmake_prefix_path')
[1.241s] INFO:colcon.colcon_core.shell:Creating environment hook '/home/asimkumar/asitlorbot8_ws/install/asitlorbot8_description/share/asitlorbot8_description/hook/cmake_prefix_path.ps1'
[1.243s] INFO:colcon.colcon_core.shell:Creating environment descriptor '/home/asimkumar/asitlorbot8_ws/install/asitlorbot8_description/share/asitlorbot8_description/hook/cmake_prefix_path.dsv'
[1.246s] INFO:colcon.colcon_core.shell:Creating environment hook '/home/asimkumar/asitlorbot8_ws/install/asitlorbot8_description/share/asitlorbot8_description/hook/cmake_prefix_path.sh'
[1.249s] Level 1:colcon.colcon_core.environment:checking '/home/asimkumar/asitlorbot8_ws/install/asitlorbot8_description/bin'
[1.249s] Level 1:colcon.colcon_core.environment:checking '/home/asimkumar/asitlorbot8_ws/install/asitlorbot8_description/lib/pkgconfig/asitlorbot8_description.pc'
[1.249s] Level 1:colcon.colcon_core.environment:checking '/home/asimkumar/asitlorbot8_ws/install/asitlorbot8_description/lib/python3.10/site-packages'
[1.250s] Level 1:colcon.colcon_core.environment:checking '/home/asimkumar/asitlorbot8_ws/install/asitlorbot8_description/bin'
[1.250s] INFO:colcon.colcon_core.shell:Creating package script '/home/asimkumar/asitlorbot8_ws/install/asitlorbot8_description/share/asitlorbot8_description/package.ps1'
[1.252s] INFO:colcon.colcon_core.shell:Creating package descriptor '/home/asimkumar/asitlorbot8_ws/install/asitlorbot8_description/share/asitlorbot8_description/package.dsv'
[1.253s] INFO:colcon.colcon_core.shell:Creating package script '/home/asimkumar/asitlorbot8_ws/install/asitlorbot8_description/share/asitlorbot8_description/package.sh'
[1.254s] INFO:colcon.colcon_core.shell:Creating package script '/home/asimkumar/asitlorbot8_ws/install/asitlorbot8_description/share/asitlorbot8_description/package.bash'
[1.256s] INFO:colcon.colcon_core.shell:Creating package script '/home/asimkumar/asitlorbot8_ws/install/asitlorbot8_description/share/asitlorbot8_description/package.zsh'
[1.258s] Level 1:colcon.colcon_core.environment:create_file_with_runtime_dependencies(/home/asimkumar/asitlorbot8_ws/install/asitlorbot8_description/share/colcon-core/packages/asitlorbot8_description)
[1.260s] Level 1:colcon.colcon_core.environment:create_environment_scripts_only(asitlorbot8_cpp_examples)
[1.261s] Level 1:colcon.colcon_core.environment:checking '/home/asimkumar/asitlorbot8_ws/install/asitlorbot8_cpp_examples' for CMake module files
[1.262s] DEBUG:colcon.colcon_core.event_handler.log_command:Invoked command in '/home/asimkumar/asitlorbot8_ws/build/asitlorbot8_cpp_examples' returned '0': CMAKE_PREFIX_PATH=${CMAKE_PREFIX_PATH}:/home/asimkumar/asitlor11_ws/install/asitlor11_py_examples:/home/asimkumar/asitlor_ws/install/serial_motor_demo:/home/asimkumar/asitlorbotsix_ws/install/asitlorbot_six:/opt/ros/humble /usr/bin/cmake --install /home/asimkumar/asitlorbot8_ws/build/asitlorbot8_cpp_examples
[1.263s] Level 1:colcon.colcon_core.environment:checking '/home/asimkumar/asitlorbot8_ws/install/asitlorbot8_cpp_examples' for CMake config files
[1.263s] Level 1:colcon.colcon_core.shell:create_environment_hook('asitlorbot8_cpp_examples', 'cmake_prefix_path')
[1.264s] INFO:colcon.colcon_core.shell:Creating environment hook '/home/asimkumar/asitlorbot8_ws/install/asitlorbot8_cpp_examples/share/asitlorbot8_cpp_examples/hook/cmake_prefix_path.ps1'
[1.265s] INFO:colcon.colcon_core.shell:Creating environment descriptor '/home/asimkumar/asitlorbot8_ws/install/asitlorbot8_cpp_examples/share/asitlorbot8_cpp_examples/hook/cmake_prefix_path.dsv'
[1.266s] INFO:colcon.colcon_core.shell:Creating environment hook '/home/asimkumar/asitlorbot8_ws/install/asitlorbot8_cpp_examples/share/asitlorbot8_cpp_examples/hook/cmake_prefix_path.sh'
[1.267s] Level 1:colcon.colcon_core.environment:checking '/home/asimkumar/asitlorbot8_ws/install/asitlorbot8_cpp_examples/bin'
[1.267s] Level 1:colcon.colcon_core.environment:checking '/home/asimkumar/asitlorbot8_ws/install/asitlorbot8_cpp_examples/lib/pkgconfig/asitlorbot8_cpp_examples.pc'
[1.267s] Level 1:colcon.colcon_core.environment:checking '/home/asimkumar/asitlorbot8_ws/install/asitlorbot8_cpp_examples/lib/python3.10/site-packages'
[1.268s] Level 1:colcon.colcon_core.environment:checking '/home/asimkumar/asitlorbot8_ws/install/asitlorbot8_cpp_examples/bin'
[1.269s] INFO:colcon.colcon_core.shell:Creating package script '/home/asimkumar/asitlorbot8_ws/install/asitlorbot8_cpp_examples/share/asitlorbot8_cpp_examples/package.ps1'
[1.270s] INFO:colcon.colcon_core.shell:Creating package descriptor '/home/asimkumar/asitlorbot8_ws/install/asitlorbot8_cpp_examples/share/asitlorbot8_cpp_examples/package.dsv'
[1.270s] INFO:colcon.colcon_core.shell:Creating package script '/home/asimkumar/asitlorbot8_ws/install/asitlorbot8_cpp_examples/share/asitlorbot8_cpp_examples/package.sh'
[1.271s] INFO:colcon.colcon_core.shell:Creating package script '/home/asimkumar/asitlorbot8_ws/install/asitlorbot8_cpp_examples/share/asitlorbot8_cpp_examples/package.bash'
[1.272s] INFO:colcon.colcon_core.shell:Creating package script '/home/asimkumar/asitlorbot8_ws/install/asitlorbot8_cpp_examples/share/asitlorbot8_cpp_examples/package.zsh'
[1.272s] Level 1:colcon.colcon_core.environment:create_file_with_runtime_dependencies(/home/asimkumar/asitlorbot8_ws/install/asitlorbot8_cpp_examples/share/colcon-core/packages/asitlorbot8_cpp_examples)
[1.276s] Level 1:colcon.colcon_core.environment:create_environment_scripts_only(asitlorbot8_bringup)
[1.276s] Level 1:colcon.colcon_core.environment:checking '/home/asimkumar/asitlorbot8_ws/install/asitlorbot8_bringup' for CMake module files
[1.278s] DEBUG:colcon.colcon_core.event_handler.log_command:Invoked command in '/home/asimkumar/asitlorbot8_ws/build/asitlorbot8_bringup' returned '0': CMAKE_PREFIX_PATH=${CMAKE_PREFIX_PATH}:/home/asimkumar/asitlor11_ws/install/asitlor11_py_examples:/home/asimkumar/asitlor_ws/install/serial_motor_demo:/home/asimkumar/asitlorbotsix_ws/install/asitlorbot_six:/opt/ros/humble /usr/bin/cmake --install /home/asimkumar/asitlorbot8_ws/build/asitlorbot8_bringup
[1.278s] Level 1:colcon.colcon_core.environment:checking '/home/asimkumar/asitlorbot8_ws/install/asitlorbot8_bringup' for CMake config files
[1.279s] Level 1:colcon.colcon_core.shell:create_environment_hook('asitlorbot8_bringup', 'cmake_prefix_path')
[1.280s] INFO:colcon.colcon_core.shell:Creating environment hook '/home/asimkumar/asitlorbot8_ws/install/asitlorbot8_bringup/share/asitlorbot8_bringup/hook/cmake_prefix_path.ps1'
[1.281s] INFO:colcon.colcon_core.shell:Creating environment descriptor '/home/asimkumar/asitlorbot8_ws/install/asitlorbot8_bringup/share/asitlorbot8_bringup/hook/cmake_prefix_path.dsv'
[1.282s] INFO:colcon.colcon_core.shell:Creating environment hook '/home/asimkumar/asitlorbot8_ws/install/asitlorbot8_bringup/share/asitlorbot8_bringup/hook/cmake_prefix_path.sh'
[1.283s] Level 1:colcon.colcon_core.environment:checking '/home/asimkumar/asitlorbot8_ws/install/asitlorbot8_bringup/bin'
[1.284s] Level 1:colcon.colcon_core.environment:checking '/home/asimkumar/asitlorbot8_ws/install/asitlorbot8_bringup/lib/pkgconfig/asitlorbot8_bringup.pc'
[1.284s] Level 1:colcon.colcon_core.environment:checking '/home/asimkumar/asitlorbot8_ws/install/asitlorbot8_bringup/lib/python3.10/site-packages'
[1.284s] Level 1:colcon.colcon_core.environment:checking '/home/asimkumar/asitlorbot8_ws/install/asitlorbot8_bringup/bin'
[1.285s] INFO:colcon.colcon_core.shell:Creating package script '/home/asimkumar/asitlorbot8_ws/install/asitlorbot8_bringup/share/asitlorbot8_bringup/package.ps1'
[1.286s] INFO:colcon.colcon_core.shell:Creating package descriptor '/home/asimkumar/asitlorbot8_ws/install/asitlorbot8_bringup/share/asitlorbot8_bringup/package.dsv'
[1.288s] INFO:colcon.colcon_core.shell:Creating package script '/home/asimkumar/asitlorbot8_ws/install/asitlorbot8_bringup/share/asitlorbot8_bringup/package.sh'
[1.290s] INFO:colcon.colcon_core.shell:Creating package script '/home/asimkumar/asitlorbot8_ws/install/asitlorbot8_bringup/share/asitlorbot8_bringup/package.bash'
[1.291s] INFO:colcon.colcon_core.shell:Creating package script '/home/asimkumar/asitlorbot8_ws/install/asitlorbot8_bringup/share/asitlorbot8_bringup/package.zsh'
[1.291s] Level 1:colcon.colcon_core.environment:create_file_with_runtime_dependencies(/home/asimkumar/asitlorbot8_ws/install/asitlorbot8_bringup/share/colcon-core/packages/asitlorbot8_bringup)
[1.297s] DEBUG:colcon.colcon_core.event_handler.log_command:Invoking command in '/home/asimkumar/asitlorbot8_ws/build/asitlorbot8_autonomy': CMAKE_PREFIX_PATH=${CMAKE_PREFIX_PATH}:/home/asimkumar/asitlor11_ws/install/asitlor11_py_examples:/home/asimkumar/asitlor_ws/install/serial_motor_demo:/home/asimkumar/asitlorbotsix_ws/install/asitlorbot_six:/opt/ros/humble /usr/bin/cmake --install /home/asimkumar/asitlorbot8_ws/build/asitlorbot8_autonomy
[1.323s] Level 1:colcon.colcon_core.environment:create_environment_scripts_only(asitlorbot8_description)
[1.323s] Level 1:colcon.colcon_core.environment:checking '/home/asimkumar/asitlorbot8_ws/install/asitlorbot8_description' for CMake module files
[1.326s] Level 1:colcon.colcon_core.environment:checking '/home/asimkumar/asitlorbot8_ws/install/asitlorbot8_description' for CMake config files
[1.326s] Level 1:colcon.colcon_core.shell:create_environment_hook('asitlorbot8_description', 'cmake_prefix_path')
[1.327s] INFO:colcon.colcon_core.shell:Creating environment hook '/home/asimkumar/asitlorbot8_ws/install/asitlorbot8_description/share/asitlorbot8_description/hook/cmake_prefix_path.ps1'
[1.329s] INFO:colcon.colcon_core.shell:Creating environment descriptor '/home/asimkumar/asitlorbot8_ws/install/asitlorbot8_description/share/asitlorbot8_description/hook/cmake_prefix_path.dsv'
[1.330s] INFO:colcon.colcon_core.shell:Creating environment hook '/home/asimkumar/asitlorbot8_ws/install/asitlorbot8_description/share/asitlorbot8_description/hook/cmake_prefix_path.sh'
[1.335s] Level 1:colcon.colcon_core.environment:checking '/home/asimkumar/asitlorbot8_ws/install/asitlorbot8_description/bin'
[1.335s] Level 1:colcon.colcon_core.environment:checking '/home/asimkumar/asitlorbot8_ws/install/asitlorbot8_description/lib/pkgconfig/asitlorbot8_description.pc'
[1.336s] Level 1:colcon.colcon_core.environment:checking '/home/asimkumar/asitlorbot8_ws/install/asitlorbot8_description/lib/python3.10/site-packages'
[1.336s] Level 1:colcon.colcon_core.environment:checking '/home/asimkumar/asitlorbot8_ws/install/asitlorbot8_description/bin'
[1.338s] INFO:colcon.colcon_core.shell:Creating package script '/home/asimkumar/asitlorbot8_ws/install/asitlorbot8_description/share/asitlorbot8_description/package.ps1'
[1.339s] INFO:colcon.colcon_core.shell:Creating package descriptor '/home/asimkumar/asitlorbot8_ws/install/asitlorbot8_description/share/asitlorbot8_description/package.dsv'
[1.340s] INFO:colcon.colcon_core.shell:Creating package script '/home/asimkumar/asitlorbot8_ws/install/asitlorbot8_description/share/asitlorbot8_description/package.sh'
[1.341s] INFO:colcon.colcon_core.shell:Creating package script '/home/asimkumar/asitlorbot8_ws/install/asitlorbot8_description/share/asitlorbot8_description/package.bash'
[1.341s] INFO:colcon.colcon_core.shell:Creating package script '/home/asimkumar/asitlorbot8_ws/install/asitlorbot8_description/share/asitlorbot8_description/package.zsh'
[1.342s] Level 1:colcon.colcon_core.environment:create_file_with_runtime_dependencies(/home/asimkumar/asitlorbot8_ws/install/asitlorbot8_description/share/colcon-core/packages/asitlorbot8_description)
[1.344s] Level 1:colcon.colcon_core.environment:create_environment_scripts_only(asitlorbot8_cpp_examples)
[1.346s] Level 1:colcon.colcon_core.environment:checking '/home/asimkumar/asitlorbot8_ws/install/asitlorbot8_cpp_examples' for CMake module files
[1.348s] Level 1:colcon.colcon_core.environment:checking '/home/asimkumar/asitlorbot8_ws/install/asitlorbot8_cpp_examples' for CMake config files
[1.348s] Level 1:colcon.colcon_core.shell:create_environment_hook('asitlorbot8_cpp_examples', 'cmake_prefix_path')
[1.350s] INFO:colcon.colcon_core.shell:Creating environment hook '/home/asimkumar/asitlorbot8_ws/install/asitlorbot8_cpp_examples/share/asitlorbot8_cpp_examples/hook/cmake_prefix_path.ps1'
[1.351s] INFO:colcon.colcon_core.shell:Creating environment descriptor '/home/asimkumar/asitlorbot8_ws/install/asitlorbot8_cpp_examples/share/asitlorbot8_cpp_examples/hook/cmake_prefix_path.dsv'
[1.353s] INFO:colcon.colcon_core.shell:Creating environment hook '/home/asimkumar/asitlorbot8_ws/install/asitlorbot8_cpp_examples/share/asitlorbot8_cpp_examples/hook/cmake_prefix_path.sh'
[1.356s] Level 1:colcon.colcon_core.environment:checking '/home/asimkumar/asitlorbot8_ws/install/asitlorbot8_cpp_examples/bin'
[1.356s] Level 1:colcon.colcon_core.environment:checking '/home/asimkumar/asitlorbot8_ws/install/asitlorbot8_cpp_examples/lib/pkgconfig/asitlorbot8_cpp_examples.pc'
[1.357s] Level 1:colcon.colcon_core.environment:checking '/home/asimkumar/asitlorbot8_ws/install/asitlorbot8_cpp_examples/lib/python3.10/site-packages'
[1.357s] Level 1:colcon.colcon_core.environment:checking '/home/asimkumar/asitlorbot8_ws/install/asitlorbot8_cpp_examples/bin'
[1.358s] INFO:colcon.colcon_core.shell:Creating package script '/home/asimkumar/asitlorbot8_ws/install/asitlorbot8_cpp_examples/share/asitlorbot8_cpp_examples/package.ps1'
[1.359s] INFO:colcon.colcon_core.shell:Creating package descriptor '/home/asimkumar/asitlorbot8_ws/install/asitlorbot8_cpp_examples/share/asitlorbot8_cpp_examples/package.dsv'
[1.360s] INFO:colcon.colcon_core.shell:Creating package script '/home/asimkumar/asitlorbot8_ws/install/asitlorbot8_cpp_examples/share/asitlorbot8_cpp_examples/package.sh'
[1.361s] INFO:colcon.colcon_core.shell:Creating package script '/home/asimkumar/asitlorbot8_ws/install/asitlorbot8_cpp_examples/share/asitlorbot8_cpp_examples/package.bash'
[1.362s] INFO:colcon.colcon_core.shell:Creating package script '/home/asimkumar/asitlorbot8_ws/install/asitlorbot8_cpp_examples/share/asitlorbot8_cpp_examples/package.zsh'
[1.363s] Level 1:colcon.colcon_core.environment:create_file_with_runtime_dependencies(/home/asimkumar/asitlorbot8_ws/install/asitlorbot8_cpp_examples/share/colcon-core/packages/asitlorbot8_cpp_examples)
[1.365s] Level 1:colcon.colcon_core.environment:create_environment_scripts_only(asitlorbot8_bringup)
[1.366s] Level 1:colcon.colcon_core.environment:checking '/home/asimkumar/asitlorbot8_ws/install/asitlorbot8_bringup' for CMake module files
[1.368s] Level 1:colcon.colcon_core.environment:checking '/home/asimkumar/asitlorbot8_ws/install/asitlorbot8_bringup' for CMake config files
[1.369s] Level 1:colcon.colcon_core.shell:create_environment_hook('asitlorbot8_bringup', 'cmake_prefix_path')
[1.370s] INFO:colcon.colcon_core.shell:Creating environment hook '/home/asimkumar/asitlorbot8_ws/install/asitlorbot8_bringup/share/asitlorbot8_bringup/hook/cmake_prefix_path.ps1'
[1.371s] INFO:colcon.colcon_core.shell:Creating environment descriptor '/home/asimkumar/asitlorbot8_ws/install/asitlorbot8_bringup/share/asitlorbot8_bringup/hook/cmake_prefix_path.dsv'
[1.371s] INFO:colcon.colcon_core.shell:Creating environment hook '/home/asimkumar/asitlorbot8_ws/install/asitlorbot8_bringup/share/asitlorbot8_bringup/hook/cmake_prefix_path.sh'
[1.372s] Level 1:colcon.colcon_core.environment:checking '/home/asimkumar/asitlorbot8_ws/install/asitlorbot8_bringup/bin'
[1.373s] Level 1:colcon.colcon_core.environment:checking '/home/asimkumar/asitlorbot8_ws/install/asitlorbot8_bringup/lib/pkgconfig/asitlorbot8_bringup.pc'
[1.373s] Level 1:colcon.colcon_core.environment:checking '/home/asimkumar/asitlorbot8_ws/install/asitlorbot8_bringup/lib/python3.10/site-packages'
[1.373s] Level 1:colcon.colcon_core.environment:checking '/home/asimkumar/asitlorbot8_ws/install/asitlorbot8_bringup/bin'
[1.374s] INFO:colcon.colcon_core.shell:Creating package script '/home/asimkumar/asitlorbot8_ws/install/asitlorbot8_bringup/share/asitlorbot8_bringup/package.ps1'
[1.375s] INFO:colcon.colcon_core.shell:Creating package descriptor '/home/asimkumar/asitlorbot8_ws/install/asitlorbot8_bringup/share/asitlorbot8_bringup/package.dsv'
[1.376s] INFO:colcon.colcon_core.shell:Creating package script '/home/asimkumar/asitlorbot8_ws/install/asitlorbot8_bringup/share/asitlorbot8_bringup/package.sh'
[1.378s] INFO:colcon.colcon_core.shell:Creating package script '/home/asimkumar/asitlorbot8_ws/install/asitlorbot8_bringup/share/asitlorbot8_bringup/package.bash'
[1.379s] INFO:colcon.colcon_core.shell:Creating package script '/home/asimkumar/asitlorbot8_ws/install/asitlorbot8_bringup/share/asitlorbot8_bringup/package.zsh'
[1.381s] Level 1:colcon.colcon_core.environment:create_file_with_runtime_dependencies(/home/asimkumar/asitlorbot8_ws/install/asitlorbot8_bringup/share/colcon-core/packages/asitlorbot8_bringup)
[1.383s] Level 1:colcon.colcon_core.environment:create_environment_scripts_only(asitlorbot8_autonomy)
[1.385s] Level 1:colcon.colcon_core.environment:checking '/home/asimkumar/asitlorbot8_ws/install/asitlorbot8_autonomy' for CMake module files
[1.387s] DEBUG:colcon.colcon_core.event_handler.log_command:Invoked command in '/home/asimkumar/asitlorbot8_ws/build/asitlorbot8_autonomy' returned '0': CMAKE_PREFIX_PATH=${CMAKE_PREFIX_PATH}:/home/asimkumar/asitlor11_ws/install/asitlor11_py_examples:/home/asimkumar/asitlor_ws/install/serial_motor_demo:/home/asimkumar/asitlorbotsix_ws/install/asitlorbot_six:/opt/ros/humble /usr/bin/cmake --install /home/asimkumar/asitlorbot8_ws/build/asitlorbot8_autonomy
[1.388s] Level 1:colcon.colcon_core.environment:checking '/home/asimkumar/asitlorbot8_ws/install/asitlorbot8_autonomy' for CMake config files
[1.389s] Level 1:colcon.colcon_core.shell:create_environment_hook('asitlorbot8_autonomy', 'cmake_prefix_path')
[1.389s] INFO:colcon.colcon_core.shell:Creating environment hook '/home/asimkumar/asitlorbot8_ws/install/asitlorbot8_autonomy/share/asitlorbot8_autonomy/hook/cmake_prefix_path.ps1'
[1.390s] INFO:colcon.colcon_core.shell:Creating environment descriptor '/home/asimkumar/asitlorbot8_ws/install/asitlorbot8_autonomy/share/asitlorbot8_autonomy/hook/cmake_prefix_path.dsv'
[1.391s] INFO:colcon.colcon_core.shell:Creating environment hook '/home/asimkumar/asitlorbot8_ws/install/asitlorbot8_autonomy/share/asitlorbot8_autonomy/hook/cmake_prefix_path.sh'
[1.392s] Level 1:colcon.colcon_core.environment:checking '/home/asimkumar/asitlorbot8_ws/install/asitlorbot8_autonomy/lib'
[1.392s] Level 1:colcon.colcon_core.environment:checking '/home/asimkumar/asitlorbot8_ws/install/asitlorbot8_autonomy/bin'
[1.392s] Level 1:colcon.colcon_core.environment:checking '/home/asimkumar/asitlorbot8_ws/install/asitlorbot8_autonomy/lib/pkgconfig/asitlorbot8_autonomy.pc'
[1.392s] Level 1:colcon.colcon_core.environment:checking '/home/asimkumar/asitlorbot8_ws/install/asitlorbot8_autonomy/lib/python3.10/site-packages'
[1.393s] Level 1:colcon.colcon_core.environment:checking '/home/asimkumar/asitlorbot8_ws/install/asitlorbot8_autonomy/bin'
[1.393s] INFO:colcon.colcon_core.shell:Creating package script '/home/asimkumar/asitlorbot8_ws/install/asitlorbot8_autonomy/share/asitlorbot8_autonomy/package.ps1'
[1.394s] INFO:colcon.colcon_core.shell:Creating package descriptor '/home/asimkumar/asitlorbot8_ws/install/asitlorbot8_autonomy/share/asitlorbot8_autonomy/package.dsv'
[1.394s] INFO:colcon.colcon_core.shell:Creating package script '/home/asimkumar/asitlorbot8_ws/install/asitlorbot8_autonomy/share/asitlorbot8_autonomy/package.sh'
[1.395s] INFO:colcon.colcon_core.shell:Creating package script '/home/asimkumar/asitlorbot8_ws/install/asitlorbot8_autonomy/share/asitlorbot8_autonomy/package.bash'
[1.395s] INFO:colcon.colcon_core.shell:Creating package script '/home/asimkumar/asitlorbot8_ws/install/asitlorbot8_autonomy/share/asitlorbot8_autonomy/package.zsh'
[1.395s] Level 1:colcon.colcon_core.environment:create_file_with_runtime_dependencies(/home/asimkumar/asitlorbot8_ws/install/asitlorbot8_autonomy/share/colcon-core/packages/asitlorbot8_autonomy)
[1.461s] Level 1:colcon.colcon_core.environment:create_environment_scripts_only(asitlorbot8_autonomy)
[1.461s] Level 1:colcon.colcon_core.environment:checking '/home/asimkumar/asitlorbot8_ws/install/asitlorbot8_autonomy' for CMake module files
[1.462s] Level 1:colcon.colcon_core.environment:checking '/home/asimkumar/asitlorbot8_ws/install/asitlorbot8_autonomy' for CMake config files
[1.462s] Level 1:colcon.colcon_core.shell:create_environment_hook('asitlorbot8_autonomy', 'cmake_prefix_path')
[1.463s] INFO:colcon.colcon_core.shell:Creating environment hook '/home/asimkumar/asitlorbot8_ws/install/asitlorbot8_autonomy/share/asitlorbot8_autonomy/hook/cmake_prefix_path.ps1'
[1.463s] INFO:colcon.colcon_core.shell:Creating environment descriptor '/home/asimkumar/asitlorbot8_ws/install/asitlorbot8_autonomy/share/asitlorbot8_autonomy/hook/cmake_prefix_path.dsv'
[1.464s] INFO:colcon.colcon_core.shell:Creating environment hook '/home/asimkumar/asitlorbot8_ws/install/asitlorbot8_autonomy/share/asitlorbot8_autonomy/hook/cmake_prefix_path.sh'
[1.464s] Level 1:colcon.colcon_core.environment:checking '/home/asimkumar/asitlorbot8_ws/install/asitlorbot8_autonomy/lib'
[1.464s] Level 1:colcon.colcon_core.environment:checking '/home/asimkumar/asitlorbot8_ws/install/asitlorbot8_autonomy/bin'
[1.465s] Level 1:colcon.colcon_core.environment:checking '/home/asimkumar/asitlorbot8_ws/install/asitlorbot8_autonomy/lib/pkgconfig/asitlorbot8_autonomy.pc'
[1.465s] Level 1:colcon.colcon_core.environment:checking '/home/asimkumar/asitlorbot8_ws/install/asitlorbot8_autonomy/lib/python3.10/site-packages'
[1.465s] Level 1:colcon.colcon_core.environment:checking '/home/asimkumar/asitlorbot8_ws/install/asitlorbot8_autonomy/bin'
[1.465s] INFO:colcon.colcon_core.shell:Creating package script '/home/asimkumar/asitlorbot8_ws/install/asitlorbot8_autonomy/share/asitlorbot8_autonomy/package.ps1'
[1.466s] INFO:colcon.colcon_core.shell:Creating package descriptor '/home/asimkumar/asitlorbot8_ws/install/asitlorbot8_autonomy/share/asitlorbot8_autonomy/package.dsv'
[1.467s] INFO:colcon.colcon_core.shell:Creating package script '/home/asimkumar/asitlorbot8_ws/install/asitlorbot8_autonomy/share/asitlorbot8_autonomy/package.sh'
[1.467s] INFO:colcon.colcon_core.shell:Creating package script '/home/asimkumar/asitlorbot8_ws/install/asitlorbot8_autonomy/share/asitlorbot8_autonomy/package.bash'
[1.468s] INFO:colcon.colcon_core.shell:Creating package script '/home/asimkumar/asitlorbot8_ws/install/asitlorbot8_autonomy/share/asitlorbot8_autonomy/package.zsh'
[1.468s] Level 1:colcon.colcon_core.environment:create_file_with_runtime_dependencies(/home/asimkumar/asitlorbot8_ws/install/asitlorbot8_autonomy/share/colcon-core/packages/asitlorbot8_autonomy)
[1.743s] DEBUG:colcon.colcon_core.event_handler.log_command:Invoked command in '/home/asimkumar/asitlorbot8_ws/build/asitlorbot8_localization' returned '0': CMAKE_PREFIX_PATH=${CMAKE_PREFIX_PATH}:/home/asimkumar/asitlor11_ws/install/asitlor11_py_examples:/home/asimkumar/asitlor_ws/install/serial_motor_demo:/home/asimkumar/asitlorbotsix_ws/install/asitlorbot_six:/opt/ros/humble /usr/bin/cmake --build /home/asimkumar/asitlorbot8_ws/build/asitlorbot8_localization -- -j8 -l8
[1.746s] DEBUG:colcon.colcon_core.event_handler.log_command:Invoked command in '/home/asimkumar/asitlorbot8_ws/build/asitlorbot8_firmware' returned '0': CMAKE_PREFIX_PATH=${CMAKE_PREFIX_PATH}:/home/asimkumar/asitlor11_ws/install/asitlor11_py_examples:/home/asimkumar/asitlor_ws/install/serial_motor_demo:/home/asimkumar/asitlorbotsix_ws/install/asitlorbot_six:/opt/ros/humble /usr/bin/cmake --build /home/asimkumar/asitlorbot8_ws/build/asitlorbot8_firmware -- -j8 -l8
[1.759s] DEBUG:colcon.colcon_core.event_handler.log_command:Invoked command in '/home/asimkumar/asitlorbot8_ws/build/asitlorbot8_controller' returned '0': CMAKE_PREFIX_PATH=${CMAKE_PREFIX_PATH}:/home/asimkumar/asitlor11_ws/install/asitlor11_py_examples:/home/asimkumar/asitlor_ws/install/serial_motor_demo:/home/asimkumar/asitlorbotsix_ws/install/asitlorbot_six:/opt/ros/humble /usr/bin/cmake --build /home/asimkumar/asitlorbot8_ws/build/asitlorbot8_controller -- -j8 -l8
[1.793s] DEBUG:colcon.colcon_core.event_handler.log_command:Invoking command in '/home/asimkumar/asitlorbot8_ws/build/asitlorbot8_localization': CMAKE_PREFIX_PATH=${CMAKE_PREFIX_PATH}:/home/asimkumar/asitlor11_ws/install/asitlor11_py_examples:/home/asimkumar/asitlor_ws/install/serial_motor_demo:/home/asimkumar/asitlorbotsix_ws/install/asitlorbot_six:/opt/ros/humble /usr/bin/cmake --install /home/asimkumar/asitlorbot8_ws/build/asitlorbot8_localization
[1.810s] DEBUG:colcon.colcon_core.event_handler.log_command:Invoking command in '/home/asimkumar/asitlorbot8_ws/build/asitlorbot8_controller': CMAKE_PREFIX_PATH=${CMAKE_PREFIX_PATH}:/home/asimkumar/asitlor11_ws/install/asitlor11_py_examples:/home/asimkumar/asitlor_ws/install/serial_motor_demo:/home/asimkumar/asitlorbotsix_ws/install/asitlorbot_six:/opt/ros/humble /usr/bin/cmake --install /home/asimkumar/asitlorbot8_ws/build/asitlorbot8_controller
[1.824s] DEBUG:colcon.colcon_core.event_handler.log_command:Invoking command in '/home/asimkumar/asitlorbot8_ws/build/asitlorbot8_firmware': CMAKE_PREFIX_PATH=${CMAKE_PREFIX_PATH}:/home/asimkumar/asitlor11_ws/install/asitlor11_py_examples:/home/asimkumar/asitlor_ws/install/serial_motor_demo:/home/asimkumar/asitlorbotsix_ws/install/asitlorbot_six:/opt/ros/humble /usr/bin/cmake --install /home/asimkumar/asitlorbot8_ws/build/asitlorbot8_firmware
[1.935s] Level 1:colcon.colcon_core.environment:create_environment_scripts_only(asitlorbot8_localization)
[1.936s] Level 1:colcon.colcon_core.environment:checking '/home/asimkumar/asitlorbot8_ws/install/asitlorbot8_localization' for CMake module files
[1.936s] DEBUG:colcon.colcon_core.event_handler.log_command:Invoked command in '/home/asimkumar/asitlorbot8_ws/build/asitlorbot8_localization' returned '0': CMAKE_PREFIX_PATH=${CMAKE_PREFIX_PATH}:/home/asimkumar/asitlor11_ws/install/asitlor11_py_examples:/home/asimkumar/asitlor_ws/install/serial_motor_demo:/home/asimkumar/asitlorbotsix_ws/install/asitlorbot_six:/opt/ros/humble /usr/bin/cmake --install /home/asimkumar/asitlorbot8_ws/build/asitlorbot8_localization
[1.937s] Level 1:colcon.colcon_core.environment:checking '/home/asimkumar/asitlorbot8_ws/install/asitlorbot8_localization' for CMake config files
[1.938s] Level 1:colcon.colcon_core.shell:create_environment_hook('asitlorbot8_localization', 'cmake_prefix_path')
[1.939s] INFO:colcon.colcon_core.shell:Creating environment hook '/home/asimkumar/asitlorbot8_ws/install/asitlorbot8_localization/share/asitlorbot8_localization/hook/cmake_prefix_path.ps1'
[1.939s] INFO:colcon.colcon_core.shell:Creating environment descriptor '/home/asimkumar/asitlorbot8_ws/install/asitlorbot8_localization/share/asitlorbot8_localization/hook/cmake_prefix_path.dsv'
[1.940s] INFO:colcon.colcon_core.shell:Creating environment hook '/home/asimkumar/asitlorbot8_ws/install/asitlorbot8_localization/share/asitlorbot8_localization/hook/cmake_prefix_path.sh'
[1.941s] Level 1:colcon.colcon_core.environment:checking '/home/asimkumar/asitlorbot8_ws/install/asitlorbot8_localization/lib'
[1.941s] Level 1:colcon.colcon_core.environment:checking '/home/asimkumar/asitlorbot8_ws/install/asitlorbot8_localization/bin'
[1.941s] Level 1:colcon.colcon_core.environment:checking '/home/asimkumar/asitlorbot8_ws/install/asitlorbot8_localization/lib/pkgconfig/asitlorbot8_localization.pc'
[1.942s] Level 1:colcon.colcon_core.environment:checking '/home/asimkumar/asitlorbot8_ws/install/asitlorbot8_localization/lib/python3.10/site-packages'
[1.942s] Level 1:colcon.colcon_core.environment:checking '/home/asimkumar/asitlorbot8_ws/install/asitlorbot8_localization/bin'
[1.942s] INFO:colcon.colcon_core.shell:Creating package script '/home/asimkumar/asitlorbot8_ws/install/asitlorbot8_localization/share/asitlorbot8_localization/package.ps1'
[1.943s] INFO:colcon.colcon_core.shell:Creating package descriptor '/home/asimkumar/asitlorbot8_ws/install/asitlorbot8_localization/share/asitlorbot8_localization/package.dsv'
[1.944s] INFO:colcon.colcon_core.shell:Creating package script '/home/asimkumar/asitlorbot8_ws/install/asitlorbot8_localization/share/asitlorbot8_localization/package.sh'
[1.944s] INFO:colcon.colcon_core.shell:Creating package script '/home/asimkumar/asitlorbot8_ws/install/asitlorbot8_localization/share/asitlorbot8_localization/package.bash'
[1.945s] INFO:colcon.colcon_core.shell:Creating package script '/home/asimkumar/asitlorbot8_ws/install/asitlorbot8_localization/share/asitlorbot8_localization/package.zsh'
[1.945s] Level 1:colcon.colcon_core.environment:create_file_with_runtime_dependencies(/home/asimkumar/asitlorbot8_ws/install/asitlorbot8_localization/share/colcon-core/packages/asitlorbot8_localization)
[1.947s] Level 1:colcon.colcon_core.environment:create_environment_scripts_only(asitlorbot8_controller)
[1.948s] Level 1:colcon.colcon_core.environment:checking '/home/asimkumar/asitlorbot8_ws/install/asitlorbot8_controller' for CMake module files
[1.949s] DEBUG:colcon.colcon_core.event_handler.log_command:Invoked command in '/home/asimkumar/asitlorbot8_ws/build/asitlorbot8_controller' returned '0': CMAKE_PREFIX_PATH=${CMAKE_PREFIX_PATH}:/home/asimkumar/asitlor11_ws/install/asitlor11_py_examples:/home/asimkumar/asitlor_ws/install/serial_motor_demo:/home/asimkumar/asitlorbotsix_ws/install/asitlorbot_six:/opt/ros/humble /usr/bin/cmake --install /home/asimkumar/asitlorbot8_ws/build/asitlorbot8_controller
[1.950s] Level 1:colcon.colcon_core.environment:checking '/home/asimkumar/asitlorbot8_ws/install/asitlorbot8_controller' for CMake config files
[1.951s] Level 1:colcon.colcon_core.shell:create_environment_hook('asitlorbot8_controller', 'cmake_prefix_path')
[1.951s] INFO:colcon.colcon_core.shell:Creating environment hook '/home/asimkumar/asitlorbot8_ws/install/asitlorbot8_controller/share/asitlorbot8_controller/hook/cmake_prefix_path.ps1'
[1.952s] INFO:colcon.colcon_core.shell:Creating environment descriptor '/home/asimkumar/asitlorbot8_ws/install/asitlorbot8_controller/share/asitlorbot8_controller/hook/cmake_prefix_path.dsv'
[1.952s] INFO:colcon.colcon_core.shell:Creating environment hook '/home/asimkumar/asitlorbot8_ws/install/asitlorbot8_controller/share/asitlorbot8_controller/hook/cmake_prefix_path.sh'
[1.953s] Level 1:colcon.colcon_core.environment:checking '/home/asimkumar/asitlorbot8_ws/install/asitlorbot8_controller/lib'
[1.953s] Level 1:colcon.colcon_core.environment:checking '/home/asimkumar/asitlorbot8_ws/install/asitlorbot8_controller/bin'
[1.953s] Level 1:colcon.colcon_core.environment:checking '/home/asimkumar/asitlorbot8_ws/install/asitlorbot8_controller/lib/pkgconfig/asitlorbot8_controller.pc'
[1.954s] Level 1:colcon.colcon_core.environment:checking '/home/asimkumar/asitlorbot8_ws/install/asitlorbot8_controller/lib/python3.10/site-packages'
[1.954s] Level 1:colcon.colcon_core.environment:checking '/home/asimkumar/asitlorbot8_ws/install/asitlorbot8_controller/bin'
[1.954s] INFO:colcon.colcon_core.shell:Creating package script '/home/asimkumar/asitlorbot8_ws/install/asitlorbot8_controller/share/asitlorbot8_controller/package.ps1'
[1.955s] INFO:colcon.colcon_core.shell:Creating package descriptor '/home/asimkumar/asitlorbot8_ws/install/asitlorbot8_controller/share/asitlorbot8_controller/package.dsv'
[1.955s] INFO:colcon.colcon_core.shell:Creating package script '/home/asimkumar/asitlorbot8_ws/install/asitlorbot8_controller/share/asitlorbot8_controller/package.sh'
[1.956s] INFO:colcon.colcon_core.shell:Creating package script '/home/asimkumar/asitlorbot8_ws/install/asitlorbot8_controller/share/asitlorbot8_controller/package.bash'
[1.956s] INFO:colcon.colcon_core.shell:Creating package script '/home/asimkumar/asitlorbot8_ws/install/asitlorbot8_controller/share/asitlorbot8_controller/package.zsh'
[1.957s] Level 1:colcon.colcon_core.environment:create_file_with_runtime_dependencies(/home/asimkumar/asitlorbot8_ws/install/asitlorbot8_controller/share/colcon-core/packages/asitlorbot8_controller)
[1.960s] Level 1:colcon.colcon_core.environment:create_environment_scripts_only(asitlorbot8_firmware)
[1.961s] Level 1:colcon.colcon_core.environment:checking '/home/asimkumar/asitlorbot8_ws/install/asitlorbot8_firmware' for CMake module files
[1.962s] DEBUG:colcon.colcon_core.event_handler.log_command:Invoked command in '/home/asimkumar/asitlorbot8_ws/build/asitlorbot8_firmware' returned '0': CMAKE_PREFIX_PATH=${CMAKE_PREFIX_PATH}:/home/asimkumar/asitlor11_ws/install/asitlor11_py_examples:/home/asimkumar/asitlor_ws/install/serial_motor_demo:/home/asimkumar/asitlorbotsix_ws/install/asitlorbot_six:/opt/ros/humble /usr/bin/cmake --install /home/asimkumar/asitlorbot8_ws/build/asitlorbot8_firmware
[1.962s] Level 1:colcon.colcon_core.environment:checking '/home/asimkumar/asitlorbot8_ws/install/asitlorbot8_firmware' for CMake config files
[1.964s] Level 1:colcon.colcon_core.shell:create_environment_hook('asitlorbot8_firmware', 'cmake_prefix_path')
[1.964s] INFO:colcon.colcon_core.shell:Creating environment hook '/home/asimkumar/asitlorbot8_ws/install/asitlorbot8_firmware/share/asitlorbot8_firmware/hook/cmake_prefix_path.ps1'
[1.965s] INFO:colcon.colcon_core.shell:Creating environment descriptor '/home/asimkumar/asitlorbot8_ws/install/asitlorbot8_firmware/share/asitlorbot8_firmware/hook/cmake_prefix_path.dsv'
[1.965s] INFO:colcon.colcon_core.shell:Creating environment hook '/home/asimkumar/asitlorbot8_ws/install/asitlorbot8_firmware/share/asitlorbot8_firmware/hook/cmake_prefix_path.sh'
[1.966s] Level 1:colcon.colcon_core.environment:checking '/home/asimkumar/asitlorbot8_ws/install/asitlorbot8_firmware/lib'
[1.966s] Level 1:colcon.colcon_core.shell:create_environment_hook('asitlorbot8_firmware', 'ld_library_path_lib')
[1.967s] INFO:colcon.colcon_core.shell:Creating environment hook '/home/asimkumar/asitlorbot8_ws/install/asitlorbot8_firmware/share/asitlorbot8_firmware/hook/ld_library_path_lib.ps1'
[1.967s] INFO:colcon.colcon_core.shell:Creating environment descriptor '/home/asimkumar/asitlorbot8_ws/install/asitlorbot8_firmware/share/asitlorbot8_firmware/hook/ld_library_path_lib.dsv'
[1.968s] INFO:colcon.colcon_core.shell:Creating environment hook '/home/asimkumar/asitlorbot8_ws/install/asitlorbot8_firmware/share/asitlorbot8_firmware/hook/ld_library_path_lib.sh'
[1.968s] Level 1:colcon.colcon_core.environment:checking '/home/asimkumar/asitlorbot8_ws/install/asitlorbot8_firmware/bin'
[1.968s] Level 1:colcon.colcon_core.shell:create_environment_hook('asitlorbot8_firmware', 'path')
[1.969s] INFO:colcon.colcon_core.shell:Creating environment hook '/home/asimkumar/asitlorbot8_ws/install/asitlorbot8_firmware/share/asitlorbot8_firmware/hook/path.ps1'
[1.969s] INFO:colcon.colcon_core.shell:Creating environment descriptor '/home/asimkumar/asitlorbot8_ws/install/asitlorbot8_firmware/share/asitlorbot8_firmware/hook/path.dsv'
[1.970s] INFO:colcon.colcon_core.shell:Creating environment hook '/home/asimkumar/asitlorbot8_ws/install/asitlorbot8_firmware/share/asitlorbot8_firmware/hook/path.sh'
[1.970s] Level 1:colcon.colcon_core.environment:checking '/home/asimkumar/asitlorbot8_ws/install/asitlorbot8_firmware/lib/pkgconfig/asitlorbot8_firmware.pc'
[1.971s] Level 1:colcon.colcon_core.environment:checking '/home/asimkumar/asitlorbot8_ws/install/asitlorbot8_firmware/lib/python3.10/site-packages'
[1.971s] Level 1:colcon.colcon_core.environment:checking '/home/asimkumar/asitlorbot8_ws/install/asitlorbot8_firmware/bin'
[1.971s] Level 1:colcon.colcon_core.shell:create_environment_hook('asitlorbot8_firmware', 'pythonscriptspath')
[1.971s] INFO:colcon.colcon_core.shell:Creating environment hook '/home/asimkumar/asitlorbot8_ws/install/asitlorbot8_firmware/share/asitlorbot8_firmware/hook/pythonscriptspath.ps1'
[1.972s] INFO:colcon.colcon_core.shell:Creating environment descriptor '/home/asimkumar/asitlorbot8_ws/install/asitlorbot8_firmware/share/asitlorbot8_firmware/hook/pythonscriptspath.dsv'
[1.972s] INFO:colcon.colcon_core.shell:Creating environment hook '/home/asimkumar/asitlorbot8_ws/install/asitlorbot8_firmware/share/asitlorbot8_firmware/hook/pythonscriptspath.sh'
[1.973s] INFO:colcon.colcon_core.shell:Creating package script '/home/asimkumar/asitlorbot8_ws/install/asitlorbot8_firmware/share/asitlorbot8_firmware/package.ps1'
[1.974s] INFO:colcon.colcon_core.shell:Creating package descriptor '/home/asimkumar/asitlorbot8_ws/install/asitlorbot8_firmware/share/asitlorbot8_firmware/package.dsv'
[1.975s] INFO:colcon.colcon_core.shell:Creating package script '/home/asimkumar/asitlorbot8_ws/install/asitlorbot8_firmware/share/asitlorbot8_firmware/package.sh'
[1.976s] INFO:colcon.colcon_core.shell:Creating package script '/home/asimkumar/asitlorbot8_ws/install/asitlorbot8_firmware/share/asitlorbot8_firmware/package.bash'
[1.976s] INFO:colcon.colcon_core.shell:Creating package script '/home/asimkumar/asitlorbot8_ws/install/asitlorbot8_firmware/share/asitlorbot8_firmware/package.zsh'
[1.977s] Level 1:colcon.colcon_core.environment:create_file_with_runtime_dependencies(/home/asimkumar/asitlorbot8_ws/install/asitlorbot8_firmware/share/colcon-core/packages/asitlorbot8_firmware)
[1.995s] Level 1:colcon.colcon_core.environment:create_environment_scripts_only(asitlorbot8_localization)
[1.995s] Level 1:colcon.colcon_core.environment:checking '/home/asimkumar/asitlorbot8_ws/install/asitlorbot8_localization' for CMake module files
[1.996s] Level 1:colcon.colcon_core.environment:checking '/home/asimkumar/asitlorbot8_ws/install/asitlorbot8_localization' for CMake config files
[1.997s] Level 1:colcon.colcon_core.shell:create_environment_hook('asitlorbot8_localization', 'cmake_prefix_path')
[1.997s] INFO:colcon.colcon_core.shell:Creating environment hook '/home/asimkumar/asitlorbot8_ws/install/asitlorbot8_localization/share/asitlorbot8_localization/hook/cmake_prefix_path.ps1'
[1.998s] INFO:colcon.colcon_core.shell:Creating environment descriptor '/home/asimkumar/asitlorbot8_ws/install/asitlorbot8_localization/share/asitlorbot8_localization/hook/cmake_prefix_path.dsv'
[1.998s] INFO:colcon.colcon_core.shell:Creating environment hook '/home/asimkumar/asitlorbot8_ws/install/asitlorbot8_localization/share/asitlorbot8_localization/hook/cmake_prefix_path.sh'
[1.999s] Level 1:colcon.colcon_core.environment:checking '/home/asimkumar/asitlorbot8_ws/install/asitlorbot8_localization/lib'
[1.999s] Level 1:colcon.colcon_core.environment:checking '/home/asimkumar/asitlorbot8_ws/install/asitlorbot8_localization/bin'
[1.999s] Level 1:colcon.colcon_core.environment:checking '/home/asimkumar/asitlorbot8_ws/install/asitlorbot8_localization/lib/pkgconfig/asitlorbot8_localization.pc'
[2.000s] Level 1:colcon.colcon_core.environment:checking '/home/asimkumar/asitlorbot8_ws/install/asitlorbot8_localization/lib/python3.10/site-packages'
[2.000s] Level 1:colcon.colcon_core.environment:checking '/home/asimkumar/asitlorbot8_ws/install/asitlorbot8_localization/bin'
[2.000s] INFO:colcon.colcon_core.shell:Creating package script '/home/asimkumar/asitlorbot8_ws/install/asitlorbot8_localization/share/asitlorbot8_localization/package.ps1'
[2.001s] INFO:colcon.colcon_core.shell:Creating package descriptor '/home/asimkumar/asitlorbot8_ws/install/asitlorbot8_localization/share/asitlorbot8_localization/package.dsv'
[2.002s] INFO:colcon.colcon_core.shell:Creating package script '/home/asimkumar/asitlorbot8_ws/install/asitlorbot8_localization/share/asitlorbot8_localization/package.sh'
[2.003s] INFO:colcon.colcon_core.shell:Creating package script '/home/asimkumar/asitlorbot8_ws/install/asitlorbot8_localization/share/asitlorbot8_localization/package.bash'
[2.004s] INFO:colcon.colcon_core.shell:Creating package script '/home/asimkumar/asitlorbot8_ws/install/asitlorbot8_localization/share/asitlorbot8_localization/package.zsh'
[2.005s] Level 1:colcon.colcon_core.environment:create_file_with_runtime_dependencies(/home/asimkumar/asitlorbot8_ws/install/asitlorbot8_localization/share/colcon-core/packages/asitlorbot8_localization)
[2.007s] Level 1:colcon.colcon_core.environment:create_environment_scripts_only(asitlorbot8_controller)
[2.008s] Level 1:colcon.colcon_core.environment:checking '/home/asimkumar/asitlorbot8_ws/install/asitlorbot8_controller' for CMake module files
[2.009s] Level 1:colcon.colcon_core.environment:checking '/home/asimkumar/asitlorbot8_ws/install/asitlorbot8_controller' for CMake config files
[2.010s] Level 1:colcon.colcon_core.shell:create_environment_hook('asitlorbot8_controller', 'cmake_prefix_path')
[2.010s] INFO:colcon.colcon_core.shell:Creating environment hook '/home/asimkumar/asitlorbot8_ws/install/asitlorbot8_controller/share/asitlorbot8_controller/hook/cmake_prefix_path.ps1'
[2.011s] INFO:colcon.colcon_core.shell:Creating environment descriptor '/home/asimkumar/asitlorbot8_ws/install/asitlorbot8_controller/share/asitlorbot8_controller/hook/cmake_prefix_path.dsv'
[2.011s] INFO:colcon.colcon_core.shell:Creating environment hook '/home/asimkumar/asitlorbot8_ws/install/asitlorbot8_controller/share/asitlorbot8_controller/hook/cmake_prefix_path.sh'
[2.012s] Level 1:colcon.colcon_core.environment:checking '/home/asimkumar/asitlorbot8_ws/install/asitlorbot8_controller/lib'
[2.012s] Level 1:colcon.colcon_core.environment:checking '/home/asimkumar/asitlorbot8_ws/install/asitlorbot8_controller/bin'
[2.012s] Level 1:colcon.colcon_core.environment:checking '/home/asimkumar/asitlorbot8_ws/install/asitlorbot8_controller/lib/pkgconfig/asitlorbot8_controller.pc'
[2.012s] Level 1:colcon.colcon_core.environment:checking '/home/asimkumar/asitlorbot8_ws/install/asitlorbot8_controller/lib/python3.10/site-packages'
[2.012s] Level 1:colcon.colcon_core.environment:checking '/home/asimkumar/asitlorbot8_ws/install/asitlorbot8_controller/bin'
[2.013s] INFO:colcon.colcon_core.shell:Creating package script '/home/asimkumar/asitlorbot8_ws/install/asitlorbot8_controller/share/asitlorbot8_controller/package.ps1'
[2.014s] INFO:colcon.colcon_core.shell:Creating package descriptor '/home/asimkumar/asitlorbot8_ws/install/asitlorbot8_controller/share/asitlorbot8_controller/package.dsv'
[2.014s] INFO:colcon.colcon_core.shell:Creating package script '/home/asimkumar/asitlorbot8_ws/install/asitlorbot8_controller/share/asitlorbot8_controller/package.sh'
[2.015s] INFO:colcon.colcon_core.shell:Creating package script '/home/asimkumar/asitlorbot8_ws/install/asitlorbot8_controller/share/asitlorbot8_controller/package.bash'
[2.015s] INFO:colcon.colcon_core.shell:Creating package script '/home/asimkumar/asitlorbot8_ws/install/asitlorbot8_controller/share/asitlorbot8_controller/package.zsh'
[2.015s] Level 1:colcon.colcon_core.environment:create_file_with_runtime_dependencies(/home/asimkumar/asitlorbot8_ws/install/asitlorbot8_controller/share/colcon-core/packages/asitlorbot8_controller)
[2.062s] Level 1:colcon.colcon_core.environment:create_environment_scripts_only(asitlorbot8_firmware)
[2.062s] Level 1:colcon.colcon_core.environment:checking '/home/asimkumar/asitlorbot8_ws/install/asitlorbot8_firmware' for CMake module files
[2.063s] Level 1:colcon.colcon_core.environment:checking '/home/asimkumar/asitlorbot8_ws/install/asitlorbot8_firmware' for CMake config files
[2.064s] Level 1:colcon.colcon_core.shell:create_environment_hook('asitlorbot8_firmware', 'cmake_prefix_path')
[2.064s] INFO:colcon.colcon_core.shell:Creating environment hook '/home/asimkumar/asitlorbot8_ws/install/asitlorbot8_firmware/share/asitlorbot8_firmware/hook/cmake_prefix_path.ps1'
[2.065s] INFO:colcon.colcon_core.shell:Creating environment descriptor '/home/asimkumar/asitlorbot8_ws/install/asitlorbot8_firmware/share/asitlorbot8_firmware/hook/cmake_prefix_path.dsv'
[2.065s] INFO:colcon.colcon_core.shell:Creating environment hook '/home/asimkumar/asitlorbot8_ws/install/asitlorbot8_firmware/share/asitlorbot8_firmware/hook/cmake_prefix_path.sh'
[2.066s] Level 1:colcon.colcon_core.environment:checking '/home/asimkumar/asitlorbot8_ws/install/asitlorbot8_firmware/lib'
[2.066s] Level 1:colcon.colcon_core.shell:create_environment_hook('asitlorbot8_firmware', 'ld_library_path_lib')
[2.066s] INFO:colcon.colcon_core.shell:Creating environment hook '/home/asimkumar/asitlorbot8_ws/install/asitlorbot8_firmware/share/asitlorbot8_firmware/hook/ld_library_path_lib.ps1'
[2.067s] INFO:colcon.colcon_core.shell:Creating environment descriptor '/home/asimkumar/asitlorbot8_ws/install/asitlorbot8_firmware/share/asitlorbot8_firmware/hook/ld_library_path_lib.dsv'
[2.067s] INFO:colcon.colcon_core.shell:Creating environment hook '/home/asimkumar/asitlorbot8_ws/install/asitlorbot8_firmware/share/asitlorbot8_firmware/hook/ld_library_path_lib.sh'
[2.068s] Level 1:colcon.colcon_core.environment:checking '/home/asimkumar/asitlorbot8_ws/install/asitlorbot8_firmware/bin'
[2.068s] Level 1:colcon.colcon_core.shell:create_environment_hook('asitlorbot8_firmware', 'path')
[2.068s] INFO:colcon.colcon_core.shell:Creating environment hook '/home/asimkumar/asitlorbot8_ws/install/asitlorbot8_firmware/share/asitlorbot8_firmware/hook/path.ps1'
[2.069s] INFO:colcon.colcon_core.shell:Creating environment descriptor '/home/asimkumar/asitlorbot8_ws/install/asitlorbot8_firmware/share/asitlorbot8_firmware/hook/path.dsv'
[2.069s] INFO:colcon.colcon_core.shell:Creating environment hook '/home/asimkumar/asitlorbot8_ws/install/asitlorbot8_firmware/share/asitlorbot8_firmware/hook/path.sh'
[2.070s] Level 1:colcon.colcon_core.environment:checking '/home/asimkumar/asitlorbot8_ws/install/asitlorbot8_firmware/lib/pkgconfig/asitlorbot8_firmware.pc'
[2.070s] Level 1:colcon.colcon_core.environment:checking '/home/asimkumar/asitlorbot8_ws/install/asitlorbot8_firmware/lib/python3.10/site-packages'
[2.070s] Level 1:colcon.colcon_core.environment:checking '/home/asimkumar/asitlorbot8_ws/install/asitlorbot8_firmware/bin'
[2.070s] Level 1:colcon.colcon_core.shell:create_environment_hook('asitlorbot8_firmware', 'pythonscriptspath')
[2.071s] INFO:colcon.colcon_core.shell:Creating environment hook '/home/asimkumar/asitlorbot8_ws/install/asitlorbot8_firmware/share/asitlorbot8_firmware/hook/pythonscriptspath.ps1'
[2.071s] INFO:colcon.colcon_core.shell:Creating environment descriptor '/home/asimkumar/asitlorbot8_ws/install/asitlorbot8_firmware/share/asitlorbot8_firmware/hook/pythonscriptspath.dsv'
[2.072s] INFO:colcon.colcon_core.shell:Creating environment hook '/home/asimkumar/asitlorbot8_ws/install/asitlorbot8_firmware/share/asitlorbot8_firmware/hook/pythonscriptspath.sh'
[2.073s] INFO:colcon.colcon_core.shell:Creating package script '/home/asimkumar/asitlorbot8_ws/install/asitlorbot8_firmware/share/asitlorbot8_firmware/package.ps1'
[2.073s] INFO:colcon.colcon_core.shell:Creating package descriptor '/home/asimkumar/asitlorbot8_ws/install/asitlorbot8_firmware/share/asitlorbot8_firmware/package.dsv'
[2.074s] INFO:colcon.colcon_core.shell:Creating package script '/home/asimkumar/asitlorbot8_ws/install/asitlorbot8_firmware/share/asitlorbot8_firmware/package.sh'
[2.075s] INFO:colcon.colcon_core.shell:Creating package script '/home/asimkumar/asitlorbot8_ws/install/asitlorbot8_firmware/share/asitlorbot8_firmware/package.bash'
[2.075s] INFO:colcon.colcon_core.shell:Creating package script '/home/asimkumar/asitlorbot8_ws/install/asitlorbot8_firmware/share/asitlorbot8_firmware/package.zsh'
[2.075s] Level 1:colcon.colcon_core.environment:create_file_with_runtime_dependencies(/home/asimkumar/asitlorbot8_ws/install/asitlorbot8_firmware/share/colcon-core/packages/asitlorbot8_firmware)
[2.076s] DEBUG:colcon.colcon_parallel_executor.executor.parallel:closing loop
[2.076s] DEBUG:colcon.colcon_parallel_executor.executor.parallel:loop closed
[2.077s] DEBUG:colcon.colcon_parallel_executor.executor.parallel:run_until_complete finished with '0'
[2.077s] DEBUG:colcon.colcon_core.event_reactor:joining thread
[2.091s] INFO:colcon.colcon_core.plugin_system:Skipping extension 'colcon_notification.desktop_notification.terminal_notifier': Not used on non-Darwin systems
[2.092s] INFO:colcon.colcon_core.plugin_system:Skipping extension 'colcon_notification.desktop_notification.win32': Not used on non-Windows systems
[2.092s] INFO:colcon.colcon_notification.desktop_notification:Sending desktop notification using 'notify2'
[2.114s] DEBUG:colcon.colcon_core.event_reactor:joined thread
[2.115s] INFO:colcon.colcon_core.shell:Creating prefix script '/home/asimkumar/asitlorbot8_ws/install/local_setup.ps1'
[2.117s] INFO:colcon.colcon_core.shell:Creating prefix util module '/home/asimkumar/asitlorbot8_ws/install/_local_setup_util_ps1.py'
[2.119s] INFO:colcon.colcon_core.shell:Creating prefix chain script '/home/asimkumar/asitlorbot8_ws/install/setup.ps1'
[2.125s] INFO:colcon.colcon_core.shell:Creating prefix script '/home/asimkumar/asitlorbot8_ws/install/local_setup.sh'
[2.126s] INFO:colcon.colcon_core.shell:Creating prefix util module '/home/asimkumar/asitlorbot8_ws/install/_local_setup_util_sh.py'
[2.127s] INFO:colcon.colcon_core.shell:Creating prefix chain script '/home/asimkumar/asitlorbot8_ws/install/setup.sh'
[2.131s] INFO:colcon.colcon_core.shell:Creating prefix script '/home/asimkumar/asitlorbot8_ws/install/local_setup.bash'
[2.132s] INFO:colcon.colcon_core.shell:Creating prefix chain script '/home/asimkumar/asitlorbot8_ws/install/setup.bash'
[2.137s] INFO:colcon.colcon_core.shell:Creating prefix script '/home/asimkumar/asitlorbot8_ws/install/local_setup.zsh'
[2.138s] INFO:colcon.colcon_core.shell:Creating prefix chain script '/home/asimkumar/asitlorbot8_ws/install/setup.zsh'
