[1.888s] Invoking command in '/home/asimkumar/asitlorbot8_ws/build/motor_control_pkg': PYTHONPATH=/home/asimkumar/asitlorbot8_ws/build/motor_control_pkg/prefix_override:/home/asimkumar/asitlorbot8_ws/install/motor_control_pkg/lib/python3.10/site-packages:${PYTHONPATH} /usr/bin/python3 -W ignore:setup.py install is deprecated setup.py develop --editable --build-directory /home/asimkumar/asitlorbot8_ws/build/motor_control_pkg/build --no-deps symlink_data
[2.553s] running develop
[2.884s] running egg_info
[2.884s] creating motor_control_pkg.egg-info
[2.884s] writing motor_control_pkg.egg-info/PKG-INFO
[2.885s] writing dependency_links to motor_control_pkg.egg-info/dependency_links.txt
[2.885s] writing entry points to motor_control_pkg.egg-info/entry_points.txt
[2.885s] writing requirements to motor_control_pkg.egg-info/requires.txt
[2.885s] writing top-level names to motor_control_pkg.egg-info/top_level.txt
[2.886s] writing manifest file 'motor_control_pkg.egg-info/SOURCES.txt'
[2.888s] reading manifest file 'motor_control_pkg.egg-info/SOURCES.txt'
[2.889s] writing manifest file 'motor_control_pkg.egg-info/SOURCES.txt'
[2.950s] running build_ext
[2.950s] Creating /home/asimkumar/asitlorbot8_ws/install/motor_control_pkg/lib/python3.10/site-packages/motor-control-pkg.egg-link (link to .)
[2.951s] Installing arduino_serial_node script to /home/asimkumar/asitlorbot8_ws/install/motor_control_pkg/lib/motor_control_pkg
[2.951s] Installing encoder_subscriber_node script to /home/asimkumar/asitlorbot8_ws/install/motor_control_pkg/lib/motor_control_pkg
[2.952s] Installing motor_control_node script to /home/asimkumar/asitlorbot8_ws/install/motor_control_pkg/lib/motor_control_pkg
[2.952s] 
[2.952s] Installed /home/asimkumar/asitlorbot8_ws/build/motor_control_pkg
[2.952s] running symlink_data
[2.952s] creating /home/asimkumar/asitlorbot8_ws/install/motor_control_pkg/share/ament_index
[2.952s] creating /home/asimkumar/asitlorbot8_ws/install/motor_control_pkg/share/ament_index/resource_index
[2.953s] creating /home/asimkumar/asitlorbot8_ws/install/motor_control_pkg/share/ament_index/resource_index/packages
[2.953s] symbolically linking /home/asimkumar/asitlorbot8_ws/build/motor_control_pkg/resource/motor_control_pkg -> /home/asimkumar/asitlorbot8_ws/install/motor_control_pkg/share/ament_index/resource_index/packages
[2.953s] symbolically linking /home/asimkumar/asitlorbot8_ws/build/motor_control_pkg/package.xml -> /home/asimkumar/asitlorbot8_ws/install/motor_control_pkg/share/motor_control_pkg
[3.016s] Invoked command in '/home/asimkumar/asitlorbot8_ws/build/motor_control_pkg' returned '0': PYTHONPATH=/home/asimkumar/asitlorbot8_ws/build/motor_control_pkg/prefix_override:/home/asimkumar/asitlorbot8_ws/install/motor_control_pkg/lib/python3.10/site-packages:${PYTHONPATH} /usr/bin/python3 -W ignore:setup.py install is deprecated setup.py develop --editable --build-directory /home/asimkumar/asitlorbot8_ws/build/motor_control_pkg/build --no-deps symlink_data
