[0.102s] DEBUG:colcon:Command line arguments: ['/usr/bin/colcon', 'build', '--symlink-install']
[0.102s] DEBUG:colcon:Parsed command line arguments: Namespace(log_base=None, log_level=None, verb_name='build', build_base='build', install_base='install', merge_install=False, symlink_install=True, test_result_base=None, continue_on_error=False, executor='parallel', parallel_workers=8, event_handlers=None, ignore_user_meta=False, metas=['./colcon.meta'], base_paths=['.'], packages_ignore=None, packages_ignore_regex=None, paths=None, packages_up_to=None, packages_up_to_regex=None, packages_above=None, packages_above_and_dependencies=None, packages_above_depth=None, packages_select_by_dep=None, packages_skip_by_dep=None, packages_skip_up_to=None, packages_select_build_failed=False, packages_skip_build_finished=False, packages_select_test_failures=False, packages_skip_test_passed=False, packages_select=None, packages_skip=None, packages_select_regex=None, packages_skip_regex=None, packages_start=None, packages_end=None, allow_overriding=[], cmake_args=None, cmake_target=None, cmake_target_skip_unavailable=False, cmake_clean_cache=False, cmake_clean_first=False, cmake_force_configure=False, ament_cmake_args=None, catkin_cmake_args=None, catkin_skip_building_tests=False, verb_parser=<colcon_defaults.argument_parser.defaults.DefaultArgumentsDecorator object at 0x7d3765733a00>, verb_extension=<colcon_core.verb.build.BuildVerb object at 0x7d37658dd390>, main=<bound method BuildVerb.main of <colcon_core.verb.build.BuildVerb object at 0x7d37658dd390>>)
[0.287s] Level 1:colcon.colcon_core.package_discovery:discover_packages(colcon_meta) check parameters
[0.287s] Level 1:colcon.colcon_core.package_discovery:discover_packages(recursive) check parameters
[0.287s] Level 1:colcon.colcon_core.package_discovery:discover_packages(ignore) check parameters
[0.287s] Level 1:colcon.colcon_core.package_discovery:discover_packages(path) check parameters
[0.287s] Level 1:colcon.colcon_core.package_discovery:discover_packages(colcon_meta) discover
[0.287s] Level 1:colcon.colcon_core.package_discovery:discover_packages(recursive) discover
[0.287s] INFO:colcon.colcon_core.package_discovery:Crawling recursively for packages in '/home/asimkumar/asitlorbot8_ws'
[0.287s] Level 1:colcon.colcon_core.package_identification:_identify(.) by extensions ['ignore', 'ignore_ament_install']
[0.287s] Level 1:colcon.colcon_core.package_identification:_identify(.) by extension 'ignore'
[0.287s] Level 1:colcon.colcon_core.package_identification:_identify(.) by extension 'ignore_ament_install'
[0.287s] Level 1:colcon.colcon_core.package_identification:_identify(.) by extensions ['colcon_pkg']
[0.287s] Level 1:colcon.colcon_core.package_identification:_identify(.) by extension 'colcon_pkg'
[0.287s] Level 1:colcon.colcon_core.package_identification:_identify(.) by extensions ['colcon_meta']
[0.287s] Level 1:colcon.colcon_core.package_identification:_identify(.) by extension 'colcon_meta'
[0.287s] Level 1:colcon.colcon_core.package_identification:_identify(.) by extensions ['ros']
[0.287s] Level 1:colcon.colcon_core.package_identification:_identify(.) by extension 'ros'
[0.297s] Level 1:colcon.colcon_core.package_identification:_identify(.) by extensions ['cmake', 'python']
[0.297s] Level 1:colcon.colcon_core.package_identification:_identify(.) by extension 'cmake'
[0.298s] Level 1:colcon.colcon_core.package_identification:_identify(.) by extension 'python'
[0.298s] Level 1:colcon.colcon_core.package_identification:_identify(.) by extensions ['python_setup_py']
[0.298s] Level 1:colcon.colcon_core.package_identification:_identify(.) by extension 'python_setup_py'
[0.298s] Level 1:colcon.colcon_core.package_identification:_identify(build) by extensions ['ignore', 'ignore_ament_install']
[0.298s] Level 1:colcon.colcon_core.package_identification:_identify(build) by extension 'ignore'
[0.298s] Level 1:colcon.colcon_core.package_identification:_identify(build) ignored
[0.298s] Level 1:colcon.colcon_core.package_identification:_identify(install) by extensions ['ignore', 'ignore_ament_install']
[0.298s] Level 1:colcon.colcon_core.package_identification:_identify(install) by extension 'ignore'
[0.298s] Level 1:colcon.colcon_core.package_identification:_identify(install) ignored
[0.298s] Level 1:colcon.colcon_core.package_identification:_identify(log) by extensions ['ignore', 'ignore_ament_install']
[0.298s] Level 1:colcon.colcon_core.package_identification:_identify(log) by extension 'ignore'
[0.298s] Level 1:colcon.colcon_core.package_identification:_identify(log) ignored
[0.298s] Level 1:colcon.colcon_core.package_identification:_identify(src) by extensions ['ignore', 'ignore_ament_install']
[0.299s] Level 1:colcon.colcon_core.package_identification:_identify(src) by extension 'ignore'
[0.299s] Level 1:colcon.colcon_core.package_identification:_identify(src) by extension 'ignore_ament_install'
[0.299s] Level 1:colcon.colcon_core.package_identification:_identify(src) by extensions ['colcon_pkg']
[0.299s] Level 1:colcon.colcon_core.package_identification:_identify(src) by extension 'colcon_pkg'
[0.299s] Level 1:colcon.colcon_core.package_identification:_identify(src) by extensions ['colcon_meta']
[0.299s] Level 1:colcon.colcon_core.package_identification:_identify(src) by extension 'colcon_meta'
[0.299s] Level 1:colcon.colcon_core.package_identification:_identify(src) by extensions ['ros']
[0.299s] Level 1:colcon.colcon_core.package_identification:_identify(src) by extension 'ros'
[0.299s] Level 1:colcon.colcon_core.package_identification:_identify(src) by extensions ['cmake', 'python']
[0.299s] Level 1:colcon.colcon_core.package_identification:_identify(src) by extension 'cmake'
[0.299s] Level 1:colcon.colcon_core.package_identification:_identify(src) by extension 'python'
[0.299s] Level 1:colcon.colcon_core.package_identification:_identify(src) by extensions ['python_setup_py']
[0.299s] Level 1:colcon.colcon_core.package_identification:_identify(src) by extension 'python_setup_py'
[0.299s] Level 1:colcon.colcon_core.package_identification:_identify(src/Arduino) by extensions ['ignore', 'ignore_ament_install']
[0.299s] Level 1:colcon.colcon_core.package_identification:_identify(src/Arduino) by extension 'ignore'
[0.299s] Level 1:colcon.colcon_core.package_identification:_identify(src/Arduino) by extension 'ignore_ament_install'
[0.299s] Level 1:colcon.colcon_core.package_identification:_identify(src/Arduino) by extensions ['colcon_pkg']
[0.299s] Level 1:colcon.colcon_core.package_identification:_identify(src/Arduino) by extension 'colcon_pkg'
[0.299s] Level 1:colcon.colcon_core.package_identification:_identify(src/Arduino) by extensions ['colcon_meta']
[0.299s] Level 1:colcon.colcon_core.package_identification:_identify(src/Arduino) by extension 'colcon_meta'
[0.299s] Level 1:colcon.colcon_core.package_identification:_identify(src/Arduino) by extensions ['ros']
[0.299s] Level 1:colcon.colcon_core.package_identification:_identify(src/Arduino) by extension 'ros'
[0.299s] Level 1:colcon.colcon_core.package_identification:_identify(src/Arduino) by extensions ['cmake', 'python']
[0.299s] Level 1:colcon.colcon_core.package_identification:_identify(src/Arduino) by extension 'cmake'
[0.299s] Level 1:colcon.colcon_core.package_identification:_identify(src/Arduino) by extension 'python'
[0.299s] Level 1:colcon.colcon_core.package_identification:_identify(src/Arduino) by extensions ['python_setup_py']
[0.299s] Level 1:colcon.colcon_core.package_identification:_identify(src/Arduino) by extension 'python_setup_py'
[0.300s] Level 1:colcon.colcon_core.package_identification:_identify(src/Arduino/sketch_may07a) by extensions ['ignore', 'ignore_ament_install']
[0.300s] Level 1:colcon.colcon_core.package_identification:_identify(src/Arduino/sketch_may07a) by extension 'ignore'
[0.300s] Level 1:colcon.colcon_core.package_identification:_identify(src/Arduino/sketch_may07a) by extension 'ignore_ament_install'
[0.300s] Level 1:colcon.colcon_core.package_identification:_identify(src/Arduino/sketch_may07a) by extensions ['colcon_pkg']
[0.300s] Level 1:colcon.colcon_core.package_identification:_identify(src/Arduino/sketch_may07a) by extension 'colcon_pkg'
[0.300s] Level 1:colcon.colcon_core.package_identification:_identify(src/Arduino/sketch_may07a) by extensions ['colcon_meta']
[0.300s] Level 1:colcon.colcon_core.package_identification:_identify(src/Arduino/sketch_may07a) by extension 'colcon_meta'
[0.300s] Level 1:colcon.colcon_core.package_identification:_identify(src/Arduino/sketch_may07a) by extensions ['ros']
[0.300s] Level 1:colcon.colcon_core.package_identification:_identify(src/Arduino/sketch_may07a) by extension 'ros'
[0.300s] Level 1:colcon.colcon_core.package_identification:_identify(src/Arduino/sketch_may07a) by extensions ['cmake', 'python']
[0.300s] Level 1:colcon.colcon_core.package_identification:_identify(src/Arduino/sketch_may07a) by extension 'cmake'
[0.300s] Level 1:colcon.colcon_core.package_identification:_identify(src/Arduino/sketch_may07a) by extension 'python'
[0.300s] Level 1:colcon.colcon_core.package_identification:_identify(src/Arduino/sketch_may07a) by extensions ['python_setup_py']
[0.300s] Level 1:colcon.colcon_core.package_identification:_identify(src/Arduino/sketch_may07a) by extension 'python_setup_py'
[0.300s] Level 1:colcon.colcon_core.package_identification:_identify(src/asitlorbot8_autonomy) by extensions ['ignore', 'ignore_ament_install']
[0.300s] Level 1:colcon.colcon_core.package_identification:_identify(src/asitlorbot8_autonomy) by extension 'ignore'
[0.300s] Level 1:colcon.colcon_core.package_identification:_identify(src/asitlorbot8_autonomy) by extension 'ignore_ament_install'
[0.300s] Level 1:colcon.colcon_core.package_identification:_identify(src/asitlorbot8_autonomy) by extensions ['colcon_pkg']
[0.300s] Level 1:colcon.colcon_core.package_identification:_identify(src/asitlorbot8_autonomy) by extension 'colcon_pkg'
[0.300s] Level 1:colcon.colcon_core.package_identification:_identify(src/asitlorbot8_autonomy) by extensions ['colcon_meta']
[0.300s] Level 1:colcon.colcon_core.package_identification:_identify(src/asitlorbot8_autonomy) by extension 'colcon_meta'
[0.300s] Level 1:colcon.colcon_core.package_identification:_identify(src/asitlorbot8_autonomy) by extensions ['ros']
[0.300s] Level 1:colcon.colcon_core.package_identification:_identify(src/asitlorbot8_autonomy) by extension 'ros'
[0.314s] DEBUG:colcon.colcon_core.package_identification:Package 'src/asitlorbot8_autonomy' with type 'ros.ament_cmake' and name 'asitlorbot8_autonomy'
[0.314s] Level 1:colcon.colcon_core.package_identification:_identify(src/asitlorbot8_bringup) by extensions ['ignore', 'ignore_ament_install']
[0.314s] Level 1:colcon.colcon_core.package_identification:_identify(src/asitlorbot8_bringup) by extension 'ignore'
[0.314s] Level 1:colcon.colcon_core.package_identification:_identify(src/asitlorbot8_bringup) by extension 'ignore_ament_install'
[0.314s] Level 1:colcon.colcon_core.package_identification:_identify(src/asitlorbot8_bringup) by extensions ['colcon_pkg']
[0.314s] Level 1:colcon.colcon_core.package_identification:_identify(src/asitlorbot8_bringup) by extension 'colcon_pkg'
[0.314s] Level 1:colcon.colcon_core.package_identification:_identify(src/asitlorbot8_bringup) by extensions ['colcon_meta']
[0.315s] Level 1:colcon.colcon_core.package_identification:_identify(src/asitlorbot8_bringup) by extension 'colcon_meta'
[0.315s] Level 1:colcon.colcon_core.package_identification:_identify(src/asitlorbot8_bringup) by extensions ['ros']
[0.315s] Level 1:colcon.colcon_core.package_identification:_identify(src/asitlorbot8_bringup) by extension 'ros'
[0.315s] DEBUG:colcon.colcon_core.package_identification:Package 'src/asitlorbot8_bringup' with type 'ros.ament_cmake' and name 'asitlorbot8_bringup'
[0.315s] Level 1:colcon.colcon_core.package_identification:_identify(src/asitlorbot8_controller) by extensions ['ignore', 'ignore_ament_install']
[0.315s] Level 1:colcon.colcon_core.package_identification:_identify(src/asitlorbot8_controller) by extension 'ignore'
[0.315s] Level 1:colcon.colcon_core.package_identification:_identify(src/asitlorbot8_controller) by extension 'ignore_ament_install'
[0.315s] Level 1:colcon.colcon_core.package_identification:_identify(src/asitlorbot8_controller) by extensions ['colcon_pkg']
[0.315s] Level 1:colcon.colcon_core.package_identification:_identify(src/asitlorbot8_controller) by extension 'colcon_pkg'
[0.315s] Level 1:colcon.colcon_core.package_identification:_identify(src/asitlorbot8_controller) by extensions ['colcon_meta']
[0.315s] Level 1:colcon.colcon_core.package_identification:_identify(src/asitlorbot8_controller) by extension 'colcon_meta'
[0.315s] Level 1:colcon.colcon_core.package_identification:_identify(src/asitlorbot8_controller) by extensions ['ros']
[0.315s] Level 1:colcon.colcon_core.package_identification:_identify(src/asitlorbot8_controller) by extension 'ros'
[0.316s] DEBUG:colcon.colcon_core.package_identification:Package 'src/asitlorbot8_controller' with type 'ros.ament_cmake' and name 'asitlorbot8_controller'
[0.317s] Level 1:colcon.colcon_core.package_identification:_identify(src/asitlorbot8_cpp_examples) by extensions ['ignore', 'ignore_ament_install']
[0.317s] Level 1:colcon.colcon_core.package_identification:_identify(src/asitlorbot8_cpp_examples) by extension 'ignore'
[0.317s] Level 1:colcon.colcon_core.package_identification:_identify(src/asitlorbot8_cpp_examples) by extension 'ignore_ament_install'
[0.317s] Level 1:colcon.colcon_core.package_identification:_identify(src/asitlorbot8_cpp_examples) by extensions ['colcon_pkg']
[0.317s] Level 1:colcon.colcon_core.package_identification:_identify(src/asitlorbot8_cpp_examples) by extension 'colcon_pkg'
[0.317s] Level 1:colcon.colcon_core.package_identification:_identify(src/asitlorbot8_cpp_examples) by extensions ['colcon_meta']
[0.317s] Level 1:colcon.colcon_core.package_identification:_identify(src/asitlorbot8_cpp_examples) by extension 'colcon_meta'
[0.317s] Level 1:colcon.colcon_core.package_identification:_identify(src/asitlorbot8_cpp_examples) by extensions ['ros']
[0.317s] Level 1:colcon.colcon_core.package_identification:_identify(src/asitlorbot8_cpp_examples) by extension 'ros'
[0.317s] DEBUG:colcon.colcon_core.package_identification:Package 'src/asitlorbot8_cpp_examples' with type 'ros.ament_cmake' and name 'asitlorbot8_cpp_examples'
[0.317s] Level 1:colcon.colcon_core.package_identification:_identify(src/asitlorbot8_description) by extensions ['ignore', 'ignore_ament_install']
[0.317s] Level 1:colcon.colcon_core.package_identification:_identify(src/asitlorbot8_description) by extension 'ignore'
[0.317s] Level 1:colcon.colcon_core.package_identification:_identify(src/asitlorbot8_description) by extension 'ignore_ament_install'
[0.317s] Level 1:colcon.colcon_core.package_identification:_identify(src/asitlorbot8_description) by extensions ['colcon_pkg']
[0.317s] Level 1:colcon.colcon_core.package_identification:_identify(src/asitlorbot8_description) by extension 'colcon_pkg'
[0.317s] Level 1:colcon.colcon_core.package_identification:_identify(src/asitlorbot8_description) by extensions ['colcon_meta']
[0.318s] Level 1:colcon.colcon_core.package_identification:_identify(src/asitlorbot8_description) by extension 'colcon_meta'
[0.318s] Level 1:colcon.colcon_core.package_identification:_identify(src/asitlorbot8_description) by extensions ['ros']
[0.318s] Level 1:colcon.colcon_core.package_identification:_identify(src/asitlorbot8_description) by extension 'ros'
[0.318s] DEBUG:colcon.colcon_core.package_identification:Package 'src/asitlorbot8_description' with type 'ros.ament_cmake' and name 'asitlorbot8_description'
[0.318s] Level 1:colcon.colcon_core.package_identification:_identify(src/asitlorbot8_firmware) by extensions ['ignore', 'ignore_ament_install']
[0.318s] Level 1:colcon.colcon_core.package_identification:_identify(src/asitlorbot8_firmware) by extension 'ignore'
[0.318s] Level 1:colcon.colcon_core.package_identification:_identify(src/asitlorbot8_firmware) by extension 'ignore_ament_install'
[0.318s] Level 1:colcon.colcon_core.package_identification:_identify(src/asitlorbot8_firmware) by extensions ['colcon_pkg']
[0.318s] Level 1:colcon.colcon_core.package_identification:_identify(src/asitlorbot8_firmware) by extension 'colcon_pkg'
[0.318s] Level 1:colcon.colcon_core.package_identification:_identify(src/asitlorbot8_firmware) by extensions ['colcon_meta']
[0.318s] Level 1:colcon.colcon_core.package_identification:_identify(src/asitlorbot8_firmware) by extension 'colcon_meta'
[0.318s] Level 1:colcon.colcon_core.package_identification:_identify(src/asitlorbot8_firmware) by extensions ['ros']
[0.318s] Level 1:colcon.colcon_core.package_identification:_identify(src/asitlorbot8_firmware) by extension 'ros'
[0.319s] DEBUG:colcon.colcon_core.package_identification:Package 'src/asitlorbot8_firmware' with type 'ros.ament_cmake' and name 'asitlorbot8_firmware'
[0.319s] Level 1:colcon.colcon_core.package_identification:_identify(src/asitlorbot8_localization) by extensions ['ignore', 'ignore_ament_install']
[0.319s] Level 1:colcon.colcon_core.package_identification:_identify(src/asitlorbot8_localization) by extension 'ignore'
[0.319s] Level 1:colcon.colcon_core.package_identification:_identify(src/asitlorbot8_localization) by extension 'ignore_ament_install'
[0.319s] Level 1:colcon.colcon_core.package_identification:_identify(src/asitlorbot8_localization) by extensions ['colcon_pkg']
[0.319s] Level 1:colcon.colcon_core.package_identification:_identify(src/asitlorbot8_localization) by extension 'colcon_pkg'
[0.319s] Level 1:colcon.colcon_core.package_identification:_identify(src/asitlorbot8_localization) by extensions ['colcon_meta']
[0.319s] Level 1:colcon.colcon_core.package_identification:_identify(src/asitlorbot8_localization) by extension 'colcon_meta'
[0.320s] Level 1:colcon.colcon_core.package_identification:_identify(src/asitlorbot8_localization) by extensions ['ros']
[0.320s] Level 1:colcon.colcon_core.package_identification:_identify(src/asitlorbot8_localization) by extension 'ros'
[0.320s] DEBUG:colcon.colcon_core.package_identification:Package 'src/asitlorbot8_localization' with type 'ros.ament_cmake' and name 'asitlorbot8_localization'
[0.320s] Level 1:colcon.colcon_core.package_discovery:discover_packages(recursive) using defaults
[0.320s] Level 1:colcon.colcon_core.package_discovery:discover_packages(ignore) discover
[0.320s] Level 1:colcon.colcon_core.package_discovery:discover_packages(ignore) using defaults
[0.320s] Level 1:colcon.colcon_core.package_discovery:discover_packages(path) discover
[0.320s] Level 1:colcon.colcon_core.package_discovery:discover_packages(path) using defaults
[0.340s] Level 1:colcon.colcon_core.package_discovery:discover_packages(prefix_path) check parameters
[0.340s] Level 1:colcon.colcon_core.package_discovery:discover_packages(prefix_path) discover
[0.344s] DEBUG:colcon.colcon_installed_package_information.package_discovery:Found 7 installed packages in /home/asimkumar/asitlorbot8_ws/install
[0.344s] DEBUG:colcon.colcon_installed_package_information.package_discovery:Found 3 installed packages in /home/asimkumar/asitlorbot12_ws/install
[0.344s] DEBUG:colcon.colcon_installed_package_information.package_discovery:Found 7 installed packages in /home/asimkumar/asitlorbot11_ws/install
[0.345s] DEBUG:colcon.colcon_installed_package_information.package_discovery:Found 3 installed packages in /home/asimkumar/asitlorbot7_ws/install
[0.345s] DEBUG:colcon.colcon_installed_package_information.package_discovery:Found 7 installed packages in /home/asimkumar/asitlorbotsix_ws/install
[0.346s] DEBUG:colcon.colcon_installed_package_information.package_discovery:Found 22 installed packages in /home/asimkumar/asitlor_ws/install
[0.346s] DEBUG:colcon.colcon_installed_package_information.package_discovery:Found 1 installed packages in /home/asimkumar/turtlebot3_1/install
[0.347s] DEBUG:colcon.colcon_installed_package_information.package_discovery:Found 17 installed packages in /home/asimkumar/brobot/install
[0.349s] DEBUG:colcon.colcon_installed_package_information.package_discovery:Found 412 installed packages in /opt/ros/humble
[0.351s] Level 1:colcon.colcon_core.package_discovery:discover_packages(prefix_path) using defaults
[0.400s] Level 5:colcon.colcon_core.verb:set package 'asitlorbot8_autonomy' build argument 'cmake_args' from command line to 'None'
[0.400s] Level 5:colcon.colcon_core.verb:set package 'asitlorbot8_autonomy' build argument 'cmake_target' from command line to 'None'
[0.400s] Level 5:colcon.colcon_core.verb:set package 'asitlorbot8_autonomy' build argument 'cmake_target_skip_unavailable' from command line to 'False'
[0.400s] Level 5:colcon.colcon_core.verb:set package 'asitlorbot8_autonomy' build argument 'cmake_clean_cache' from command line to 'False'
[0.400s] Level 5:colcon.colcon_core.verb:set package 'asitlorbot8_autonomy' build argument 'cmake_clean_first' from command line to 'False'
[0.400s] Level 5:colcon.colcon_core.verb:set package 'asitlorbot8_autonomy' build argument 'cmake_force_configure' from command line to 'False'
[0.400s] Level 5:colcon.colcon_core.verb:set package 'asitlorbot8_autonomy' build argument 'ament_cmake_args' from command line to 'None'
[0.400s] Level 5:colcon.colcon_core.verb:set package 'asitlorbot8_autonomy' build argument 'catkin_cmake_args' from command line to 'None'
[0.400s] Level 5:colcon.colcon_core.verb:set package 'asitlorbot8_autonomy' build argument 'catkin_skip_building_tests' from command line to 'False'
[0.400s] DEBUG:colcon.colcon_core.verb:Building package 'asitlorbot8_autonomy' with the following arguments: {'ament_cmake_args': None, 'build_base': '/home/asimkumar/asitlorbot8_ws/build/asitlorbot8_autonomy', 'catkin_cmake_args': None, 'catkin_skip_building_tests': False, 'cmake_args': None, 'cmake_clean_cache': False, 'cmake_clean_first': False, 'cmake_force_configure': False, 'cmake_target': None, 'cmake_target_skip_unavailable': False, 'install_base': '/home/asimkumar/asitlorbot8_ws/install/asitlorbot8_autonomy', 'merge_install': False, 'path': '/home/asimkumar/asitlorbot8_ws/src/asitlorbot8_autonomy', 'symlink_install': True, 'test_result_base': None}
[0.400s] Level 5:colcon.colcon_core.verb:set package 'asitlorbot8_bringup' build argument 'cmake_args' from command line to 'None'
[0.400s] Level 5:colcon.colcon_core.verb:set package 'asitlorbot8_bringup' build argument 'cmake_target' from command line to 'None'
[0.400s] Level 5:colcon.colcon_core.verb:set package 'asitlorbot8_bringup' build argument 'cmake_target_skip_unavailable' from command line to 'False'
[0.400s] Level 5:colcon.colcon_core.verb:set package 'asitlorbot8_bringup' build argument 'cmake_clean_cache' from command line to 'False'
[0.400s] Level 5:colcon.colcon_core.verb:set package 'asitlorbot8_bringup' build argument 'cmake_clean_first' from command line to 'False'
[0.401s] Level 5:colcon.colcon_core.verb:set package 'asitlorbot8_bringup' build argument 'cmake_force_configure' from command line to 'False'
[0.401s] Level 5:colcon.colcon_core.verb:set package 'asitlorbot8_bringup' build argument 'ament_cmake_args' from command line to 'None'
[0.401s] Level 5:colcon.colcon_core.verb:set package 'asitlorbot8_bringup' build argument 'catkin_cmake_args' from command line to 'None'
[0.401s] Level 5:colcon.colcon_core.verb:set package 'asitlorbot8_bringup' build argument 'catkin_skip_building_tests' from command line to 'False'
[0.401s] DEBUG:colcon.colcon_core.verb:Building package 'asitlorbot8_bringup' with the following arguments: {'ament_cmake_args': None, 'build_base': '/home/asimkumar/asitlorbot8_ws/build/asitlorbot8_bringup', 'catkin_cmake_args': None, 'catkin_skip_building_tests': False, 'cmake_args': None, 'cmake_clean_cache': False, 'cmake_clean_first': False, 'cmake_force_configure': False, 'cmake_target': None, 'cmake_target_skip_unavailable': False, 'install_base': '/home/asimkumar/asitlorbot8_ws/install/asitlorbot8_bringup', 'merge_install': False, 'path': '/home/asimkumar/asitlorbot8_ws/src/asitlorbot8_bringup', 'symlink_install': True, 'test_result_base': None}
[0.401s] Level 5:colcon.colcon_core.verb:set package 'asitlorbot8_controller' build argument 'cmake_args' from command line to 'None'
[0.401s] Level 5:colcon.colcon_core.verb:set package 'asitlorbot8_controller' build argument 'cmake_target' from command line to 'None'
[0.401s] Level 5:colcon.colcon_core.verb:set package 'asitlorbot8_controller' build argument 'cmake_target_skip_unavailable' from command line to 'False'
[0.401s] Level 5:colcon.colcon_core.verb:set package 'asitlorbot8_controller' build argument 'cmake_clean_cache' from command line to 'False'
[0.401s] Level 5:colcon.colcon_core.verb:set package 'asitlorbot8_controller' build argument 'cmake_clean_first' from command line to 'False'
[0.401s] Level 5:colcon.colcon_core.verb:set package 'asitlorbot8_controller' build argument 'cmake_force_configure' from command line to 'False'
[0.401s] Level 5:colcon.colcon_core.verb:set package 'asitlorbot8_controller' build argument 'ament_cmake_args' from command line to 'None'
[0.401s] Level 5:colcon.colcon_core.verb:set package 'asitlorbot8_controller' build argument 'catkin_cmake_args' from command line to 'None'
[0.401s] Level 5:colcon.colcon_core.verb:set package 'asitlorbot8_controller' build argument 'catkin_skip_building_tests' from command line to 'False'
[0.401s] DEBUG:colcon.colcon_core.verb:Building package 'asitlorbot8_controller' with the following arguments: {'ament_cmake_args': None, 'build_base': '/home/asimkumar/asitlorbot8_ws/build/asitlorbot8_controller', 'catkin_cmake_args': None, 'catkin_skip_building_tests': False, 'cmake_args': None, 'cmake_clean_cache': False, 'cmake_clean_first': False, 'cmake_force_configure': False, 'cmake_target': None, 'cmake_target_skip_unavailable': False, 'install_base': '/home/asimkumar/asitlorbot8_ws/install/asitlorbot8_controller', 'merge_install': False, 'path': '/home/asimkumar/asitlorbot8_ws/src/asitlorbot8_controller', 'symlink_install': True, 'test_result_base': None}
[0.401s] Level 5:colcon.colcon_core.verb:set package 'asitlorbot8_cpp_examples' build argument 'cmake_args' from command line to 'None'
[0.401s] Level 5:colcon.colcon_core.verb:set package 'asitlorbot8_cpp_examples' build argument 'cmake_target' from command line to 'None'
[0.401s] Level 5:colcon.colcon_core.verb:set package 'asitlorbot8_cpp_examples' build argument 'cmake_target_skip_unavailable' from command line to 'False'
[0.401s] Level 5:colcon.colcon_core.verb:set package 'asitlorbot8_cpp_examples' build argument 'cmake_clean_cache' from command line to 'False'
[0.401s] Level 5:colcon.colcon_core.verb:set package 'asitlorbot8_cpp_examples' build argument 'cmake_clean_first' from command line to 'False'
[0.401s] Level 5:colcon.colcon_core.verb:set package 'asitlorbot8_cpp_examples' build argument 'cmake_force_configure' from command line to 'False'
[0.401s] Level 5:colcon.colcon_core.verb:set package 'asitlorbot8_cpp_examples' build argument 'ament_cmake_args' from command line to 'None'
[0.401s] Level 5:colcon.colcon_core.verb:set package 'asitlorbot8_cpp_examples' build argument 'catkin_cmake_args' from command line to 'None'
[0.401s] Level 5:colcon.colcon_core.verb:set package 'asitlorbot8_cpp_examples' build argument 'catkin_skip_building_tests' from command line to 'False'
[0.401s] DEBUG:colcon.colcon_core.verb:Building package 'asitlorbot8_cpp_examples' with the following arguments: {'ament_cmake_args': None, 'build_base': '/home/asimkumar/asitlorbot8_ws/build/asitlorbot8_cpp_examples', 'catkin_cmake_args': None, 'catkin_skip_building_tests': False, 'cmake_args': None, 'cmake_clean_cache': False, 'cmake_clean_first': False, 'cmake_force_configure': False, 'cmake_target': None, 'cmake_target_skip_unavailable': False, 'install_base': '/home/asimkumar/asitlorbot8_ws/install/asitlorbot8_cpp_examples', 'merge_install': False, 'path': '/home/asimkumar/asitlorbot8_ws/src/asitlorbot8_cpp_examples', 'symlink_install': True, 'test_result_base': None}
[0.402s] Level 5:colcon.colcon_core.verb:set package 'asitlorbot8_description' build argument 'cmake_args' from command line to 'None'
[0.402s] Level 5:colcon.colcon_core.verb:set package 'asitlorbot8_description' build argument 'cmake_target' from command line to 'None'
[0.402s] Level 5:colcon.colcon_core.verb:set package 'asitlorbot8_description' build argument 'cmake_target_skip_unavailable' from command line to 'False'
[0.402s] Level 5:colcon.colcon_core.verb:set package 'asitlorbot8_description' build argument 'cmake_clean_cache' from command line to 'False'
[0.402s] Level 5:colcon.colcon_core.verb:set package 'asitlorbot8_description' build argument 'cmake_clean_first' from command line to 'False'
[0.402s] Level 5:colcon.colcon_core.verb:set package 'asitlorbot8_description' build argument 'cmake_force_configure' from command line to 'False'
[0.402s] Level 5:colcon.colcon_core.verb:set package 'asitlorbot8_description' build argument 'ament_cmake_args' from command line to 'None'
[0.402s] Level 5:colcon.colcon_core.verb:set package 'asitlorbot8_description' build argument 'catkin_cmake_args' from command line to 'None'
[0.402s] Level 5:colcon.colcon_core.verb:set package 'asitlorbot8_description' build argument 'catkin_skip_building_tests' from command line to 'False'
[0.402s] DEBUG:colcon.colcon_core.verb:Building package 'asitlorbot8_description' with the following arguments: {'ament_cmake_args': None, 'build_base': '/home/asimkumar/asitlorbot8_ws/build/asitlorbot8_description', 'catkin_cmake_args': None, 'catkin_skip_building_tests': False, 'cmake_args': None, 'cmake_clean_cache': False, 'cmake_clean_first': False, 'cmake_force_configure': False, 'cmake_target': None, 'cmake_target_skip_unavailable': False, 'install_base': '/home/asimkumar/asitlorbot8_ws/install/asitlorbot8_description', 'merge_install': False, 'path': '/home/asimkumar/asitlorbot8_ws/src/asitlorbot8_description', 'symlink_install': True, 'test_result_base': None}
[0.402s] Level 5:colcon.colcon_core.verb:set package 'asitlorbot8_firmware' build argument 'cmake_args' from command line to 'None'
[0.402s] Level 5:colcon.colcon_core.verb:set package 'asitlorbot8_firmware' build argument 'cmake_target' from command line to 'None'
[0.402s] Level 5:colcon.colcon_core.verb:set package 'asitlorbot8_firmware' build argument 'cmake_target_skip_unavailable' from command line to 'False'
[0.402s] Level 5:colcon.colcon_core.verb:set package 'asitlorbot8_firmware' build argument 'cmake_clean_cache' from command line to 'False'
[0.402s] Level 5:colcon.colcon_core.verb:set package 'asitlorbot8_firmware' build argument 'cmake_clean_first' from command line to 'False'
[0.402s] Level 5:colcon.colcon_core.verb:set package 'asitlorbot8_firmware' build argument 'cmake_force_configure' from command line to 'False'
[0.402s] Level 5:colcon.colcon_core.verb:set package 'asitlorbot8_firmware' build argument 'ament_cmake_args' from command line to 'None'
[0.402s] Level 5:colcon.colcon_core.verb:set package 'asitlorbot8_firmware' build argument 'catkin_cmake_args' from command line to 'None'
[0.402s] Level 5:colcon.colcon_core.verb:set package 'asitlorbot8_firmware' build argument 'catkin_skip_building_tests' from command line to 'False'
[0.402s] DEBUG:colcon.colcon_core.verb:Building package 'asitlorbot8_firmware' with the following arguments: {'ament_cmake_args': None, 'build_base': '/home/asimkumar/asitlorbot8_ws/build/asitlorbot8_firmware', 'catkin_cmake_args': None, 'catkin_skip_building_tests': False, 'cmake_args': None, 'cmake_clean_cache': False, 'cmake_clean_first': False, 'cmake_force_configure': False, 'cmake_target': None, 'cmake_target_skip_unavailable': False, 'install_base': '/home/asimkumar/asitlorbot8_ws/install/asitlorbot8_firmware', 'merge_install': False, 'path': '/home/asimkumar/asitlorbot8_ws/src/asitlorbot8_firmware', 'symlink_install': True, 'test_result_base': None}
[0.403s] Level 5:colcon.colcon_core.verb:set package 'asitlorbot8_localization' build argument 'cmake_args' from command line to 'None'
[0.403s] Level 5:colcon.colcon_core.verb:set package 'asitlorbot8_localization' build argument 'cmake_target' from command line to 'None'
[0.403s] Level 5:colcon.colcon_core.verb:set package 'asitlorbot8_localization' build argument 'cmake_target_skip_unavailable' from command line to 'False'
[0.403s] Level 5:colcon.colcon_core.verb:set package 'asitlorbot8_localization' build argument 'cmake_clean_cache' from command line to 'False'
[0.403s] Level 5:colcon.colcon_core.verb:set package 'asitlorbot8_localization' build argument 'cmake_clean_first' from command line to 'False'
[0.403s] Level 5:colcon.colcon_core.verb:set package 'asitlorbot8_localization' build argument 'cmake_force_configure' from command line to 'False'
[0.403s] Level 5:colcon.colcon_core.verb:set package 'asitlorbot8_localization' build argument 'ament_cmake_args' from command line to 'None'
[0.403s] Level 5:colcon.colcon_core.verb:set package 'asitlorbot8_localization' build argument 'catkin_cmake_args' from command line to 'None'
[0.403s] Level 5:colcon.colcon_core.verb:set package 'asitlorbot8_localization' build argument 'catkin_skip_building_tests' from command line to 'False'
[0.403s] DEBUG:colcon.colcon_core.verb:Building package 'asitlorbot8_localization' with the following arguments: {'ament_cmake_args': None, 'build_base': '/home/asimkumar/asitlorbot8_ws/build/asitlorbot8_localization', 'catkin_cmake_args': None, 'catkin_skip_building_tests': False, 'cmake_args': None, 'cmake_clean_cache': False, 'cmake_clean_first': False, 'cmake_force_configure': False, 'cmake_target': None, 'cmake_target_skip_unavailable': False, 'install_base': '/home/asimkumar/asitlorbot8_ws/install/asitlorbot8_localization', 'merge_install': False, 'path': '/home/asimkumar/asitlorbot8_ws/src/asitlorbot8_localization', 'symlink_install': True, 'test_result_base': None}
[0.403s] INFO:colcon.colcon_core.executor:Executing jobs using 'parallel' executor
[0.404s] DEBUG:colcon.colcon_parallel_executor.executor.parallel:run_until_complete
[0.404s] INFO:colcon.colcon_ros.task.ament_cmake.build:Building ROS package in '/home/asimkumar/asitlorbot8_ws/src/asitlorbot8_autonomy' with build type 'ament_cmake'
[0.404s] INFO:colcon.colcon_cmake.task.cmake.build:Building CMake package in '/home/asimkumar/asitlorbot8_ws/src/asitlorbot8_autonomy'
[0.406s] INFO:colcon.colcon_core.plugin_system:Skipping extension 'colcon_core.shell.bat': Not used on non-Windows systems
[0.407s] INFO:colcon.colcon_core.shell:Skip shell extension 'powershell' for command environment: Not usable outside of PowerShell
[0.407s] DEBUG:colcon.colcon_core.shell:Skip shell extension 'dsv' for command environment
[0.416s] INFO:colcon.colcon_ros.task.ament_cmake.build:Building ROS package in '/home/asimkumar/asitlorbot8_ws/src/asitlorbot8_bringup' with build type 'ament_cmake'
[0.416s] INFO:colcon.colcon_cmake.task.cmake.build:Building CMake package in '/home/asimkumar/asitlorbot8_ws/src/asitlorbot8_bringup'
[0.416s] INFO:colcon.colcon_core.shell:Skip shell extension 'powershell' for command environment: Not usable outside of PowerShell
[0.416s] DEBUG:colcon.colcon_core.shell:Skip shell extension 'dsv' for command environment
[0.426s] INFO:colcon.colcon_ros.task.ament_cmake.build:Building ROS package in '/home/asimkumar/asitlorbot8_ws/src/asitlorbot8_controller' with build type 'ament_cmake'
[0.426s] INFO:colcon.colcon_cmake.task.cmake.build:Building CMake package in '/home/asimkumar/asitlorbot8_ws/src/asitlorbot8_controller'
[0.426s] INFO:colcon.colcon_core.shell:Skip shell extension 'powershell' for command environment: Not usable outside of PowerShell
[0.426s] DEBUG:colcon.colcon_core.shell:Skip shell extension 'dsv' for command environment
[0.436s] INFO:colcon.colcon_ros.task.ament_cmake.build:Building ROS package in '/home/asimkumar/asitlorbot8_ws/src/asitlorbot8_cpp_examples' with build type 'ament_cmake'
[0.436s] INFO:colcon.colcon_cmake.task.cmake.build:Building CMake package in '/home/asimkumar/asitlorbot8_ws/src/asitlorbot8_cpp_examples'
[0.437s] INFO:colcon.colcon_core.shell:Skip shell extension 'powershell' for command environment: Not usable outside of PowerShell
[0.437s] DEBUG:colcon.colcon_core.shell:Skip shell extension 'dsv' for command environment
[0.446s] INFO:colcon.colcon_ros.task.ament_cmake.build:Building ROS package in '/home/asimkumar/asitlorbot8_ws/src/asitlorbot8_description' with build type 'ament_cmake'
[0.446s] INFO:colcon.colcon_cmake.task.cmake.build:Building CMake package in '/home/asimkumar/asitlorbot8_ws/src/asitlorbot8_description'
[0.446s] INFO:colcon.colcon_core.shell:Skip shell extension 'powershell' for command environment: Not usable outside of PowerShell
[0.446s] DEBUG:colcon.colcon_core.shell:Skip shell extension 'dsv' for command environment
[0.456s] INFO:colcon.colcon_ros.task.ament_cmake.build:Building ROS package in '/home/asimkumar/asitlorbot8_ws/src/asitlorbot8_firmware' with build type 'ament_cmake'
[0.456s] INFO:colcon.colcon_cmake.task.cmake.build:Building CMake package in '/home/asimkumar/asitlorbot8_ws/src/asitlorbot8_firmware'
[0.456s] INFO:colcon.colcon_core.shell:Skip shell extension 'powershell' for command environment: Not usable outside of PowerShell
[0.456s] DEBUG:colcon.colcon_core.shell:Skip shell extension 'dsv' for command environment
[0.466s] INFO:colcon.colcon_ros.task.ament_cmake.build:Building ROS package in '/home/asimkumar/asitlorbot8_ws/src/asitlorbot8_localization' with build type 'ament_cmake'
[0.466s] INFO:colcon.colcon_cmake.task.cmake.build:Building CMake package in '/home/asimkumar/asitlorbot8_ws/src/asitlorbot8_localization'
[0.466s] INFO:colcon.colcon_core.shell:Skip shell extension 'powershell' for command environment: Not usable outside of PowerShell
[0.466s] DEBUG:colcon.colcon_core.shell:Skip shell extension 'dsv' for command environment
[0.480s] DEBUG:colcon.colcon_core.event_handler.log_command:Invoking command in '/home/asimkumar/asitlorbot8_ws/build/asitlorbot8_autonomy': CMAKE_PREFIX_PATH=${CMAKE_PREFIX_PATH}:/home/asimkumar/asitlorbot12_ws/install/asitlorbot12_py_examples:/home/asimkumar/asitlor_ws/install/serial_motor_demo:/home/asimkumar/asitlorbotsix_ws/install/asitlorbot_six:/opt/ros/humble /usr/bin/cmake --build /home/asimkumar/asitlorbot8_ws/build/asitlorbot8_autonomy -- -j8 -l8
[0.485s] DEBUG:colcon.colcon_core.event_handler.log_command:Invoking command in '/home/asimkumar/asitlorbot8_ws/build/asitlorbot8_bringup': CMAKE_PREFIX_PATH=${CMAKE_PREFIX_PATH}:/home/asimkumar/asitlorbot12_ws/install/asitlorbot12_py_examples:/home/asimkumar/asitlor_ws/install/serial_motor_demo:/home/asimkumar/asitlorbotsix_ws/install/asitlorbot_six:/opt/ros/humble /usr/bin/cmake --build /home/asimkumar/asitlorbot8_ws/build/asitlorbot8_bringup -- -j8 -l8
[0.489s] DEBUG:colcon.colcon_core.event_handler.log_command:Invoking command in '/home/asimkumar/asitlorbot8_ws/build/asitlorbot8_controller': CMAKE_PREFIX_PATH=${CMAKE_PREFIX_PATH}:/home/asimkumar/asitlorbot12_ws/install/asitlorbot12_py_examples:/home/asimkumar/asitlor_ws/install/serial_motor_demo:/home/asimkumar/asitlorbotsix_ws/install/asitlorbot_six:/opt/ros/humble /usr/bin/cmake --build /home/asimkumar/asitlorbot8_ws/build/asitlorbot8_controller -- -j8 -l8
[0.493s] DEBUG:colcon.colcon_core.event_handler.log_command:Invoking command in '/home/asimkumar/asitlorbot8_ws/build/asitlorbot8_cpp_examples': CMAKE_PREFIX_PATH=${CMAKE_PREFIX_PATH}:/home/asimkumar/asitlorbot12_ws/install/asitlorbot12_py_examples:/home/asimkumar/asitlor_ws/install/serial_motor_demo:/home/asimkumar/asitlorbotsix_ws/install/asitlorbot_six:/opt/ros/humble /usr/bin/cmake --build /home/asimkumar/asitlorbot8_ws/build/asitlorbot8_cpp_examples -- -j8 -l8
[0.498s] DEBUG:colcon.colcon_core.event_handler.log_command:Invoking command in '/home/asimkumar/asitlorbot8_ws/build/asitlorbot8_description': CMAKE_PREFIX_PATH=${CMAKE_PREFIX_PATH}:/home/asimkumar/asitlorbot12_ws/install/asitlorbot12_py_examples:/home/asimkumar/asitlor_ws/install/serial_motor_demo:/home/asimkumar/asitlorbotsix_ws/install/asitlorbot_six:/opt/ros/humble /usr/bin/cmake --build /home/asimkumar/asitlorbot8_ws/build/asitlorbot8_description -- -j8 -l8
[0.502s] DEBUG:colcon.colcon_core.event_handler.log_command:Invoking command in '/home/asimkumar/asitlorbot8_ws/build/asitlorbot8_firmware': CMAKE_PREFIX_PATH=${CMAKE_PREFIX_PATH}:/home/asimkumar/asitlorbot12_ws/install/asitlorbot12_py_examples:/home/asimkumar/asitlor_ws/install/serial_motor_demo:/home/asimkumar/asitlorbotsix_ws/install/asitlorbot_six:/opt/ros/humble /usr/bin/cmake --build /home/asimkumar/asitlorbot8_ws/build/asitlorbot8_firmware -- -j8 -l8
[0.515s] DEBUG:colcon.colcon_core.event_handler.log_command:Invoking command in '/home/asimkumar/asitlorbot8_ws/build/asitlorbot8_localization': CMAKE_PREFIX_PATH=${CMAKE_PREFIX_PATH}:/home/asimkumar/asitlorbot12_ws/install/asitlorbot12_py_examples:/home/asimkumar/asitlor_ws/install/serial_motor_demo:/home/asimkumar/asitlorbotsix_ws/install/asitlorbot_six:/opt/ros/humble /usr/bin/cmake --build /home/asimkumar/asitlorbot8_ws/build/asitlorbot8_localization -- -j8 -l8
[0.551s] DEBUG:colcon.colcon_core.event_handler.log_command:Invoked command in '/home/asimkumar/asitlorbot8_ws/build/asitlorbot8_bringup' returned '0': CMAKE_PREFIX_PATH=${CMAKE_PREFIX_PATH}:/home/asimkumar/asitlorbot12_ws/install/asitlorbot12_py_examples:/home/asimkumar/asitlor_ws/install/serial_motor_demo:/home/asimkumar/asitlorbotsix_ws/install/asitlorbot_six:/opt/ros/humble /usr/bin/cmake --build /home/asimkumar/asitlorbot8_ws/build/asitlorbot8_bringup -- -j8 -l8
[0.558s] DEBUG:colcon.colcon_core.event_handler.log_command:Invoked command in '/home/asimkumar/asitlorbot8_ws/build/asitlorbot8_cpp_examples' returned '0': CMAKE_PREFIX_PATH=${CMAKE_PREFIX_PATH}:/home/asimkumar/asitlorbot12_ws/install/asitlorbot12_py_examples:/home/asimkumar/asitlor_ws/install/serial_motor_demo:/home/asimkumar/asitlorbotsix_ws/install/asitlorbot_six:/opt/ros/humble /usr/bin/cmake --build /home/asimkumar/asitlorbot8_ws/build/asitlorbot8_cpp_examples -- -j8 -l8
[0.565s] DEBUG:colcon.colcon_core.event_handler.log_command:Invoked command in '/home/asimkumar/asitlorbot8_ws/build/asitlorbot8_description' returned '0': CMAKE_PREFIX_PATH=${CMAKE_PREFIX_PATH}:/home/asimkumar/asitlorbot12_ws/install/asitlorbot12_py_examples:/home/asimkumar/asitlor_ws/install/serial_motor_demo:/home/asimkumar/asitlorbotsix_ws/install/asitlorbot_six:/opt/ros/humble /usr/bin/cmake --build /home/asimkumar/asitlorbot8_ws/build/asitlorbot8_description -- -j8 -l8
[0.615s] DEBUG:colcon.colcon_core.event_handler.log_command:Invoking command in '/home/asimkumar/asitlorbot8_ws/build/asitlorbot8_bringup': CMAKE_PREFIX_PATH=${CMAKE_PREFIX_PATH}:/home/asimkumar/asitlorbot12_ws/install/asitlorbot12_py_examples:/home/asimkumar/asitlor_ws/install/serial_motor_demo:/home/asimkumar/asitlorbotsix_ws/install/asitlorbot_six:/opt/ros/humble /usr/bin/cmake --install /home/asimkumar/asitlorbot8_ws/build/asitlorbot8_bringup
[0.618s] DEBUG:colcon.colcon_core.event_handler.log_command:Invoked command in '/home/asimkumar/asitlorbot8_ws/build/asitlorbot8_autonomy' returned '0': CMAKE_PREFIX_PATH=${CMAKE_PREFIX_PATH}:/home/asimkumar/asitlorbot12_ws/install/asitlorbot12_py_examples:/home/asimkumar/asitlor_ws/install/serial_motor_demo:/home/asimkumar/asitlorbotsix_ws/install/asitlorbot_six:/opt/ros/humble /usr/bin/cmake --build /home/asimkumar/asitlorbot8_ws/build/asitlorbot8_autonomy -- -j8 -l8
[0.621s] DEBUG:colcon.colcon_core.event_handler.log_command:Invoking command in '/home/asimkumar/asitlorbot8_ws/build/asitlorbot8_cpp_examples': CMAKE_PREFIX_PATH=${CMAKE_PREFIX_PATH}:/home/asimkumar/asitlorbot12_ws/install/asitlorbot12_py_examples:/home/asimkumar/asitlor_ws/install/serial_motor_demo:/home/asimkumar/asitlorbotsix_ws/install/asitlorbot_six:/opt/ros/humble /usr/bin/cmake --install /home/asimkumar/asitlorbot8_ws/build/asitlorbot8_cpp_examples
[0.624s] DEBUG:colcon.colcon_core.event_handler.log_command:Invoking command in '/home/asimkumar/asitlorbot8_ws/build/asitlorbot8_description': CMAKE_PREFIX_PATH=${CMAKE_PREFIX_PATH}:/home/asimkumar/asitlorbot12_ws/install/asitlorbot12_py_examples:/home/asimkumar/asitlor_ws/install/serial_motor_demo:/home/asimkumar/asitlorbotsix_ws/install/asitlorbot_six:/opt/ros/humble /usr/bin/cmake --install /home/asimkumar/asitlorbot8_ws/build/asitlorbot8_description
[0.659s] Level 1:colcon.colcon_core.environment:create_environment_scripts_only(asitlorbot8_bringup)
[0.663s] Level 1:colcon.colcon_core.environment:checking '/home/asimkumar/asitlorbot8_ws/install/asitlorbot8_bringup' for CMake module files
[0.665s] DEBUG:colcon.colcon_core.event_handler.log_command:Invoked command in '/home/asimkumar/asitlorbot8_ws/build/asitlorbot8_bringup' returned '0': CMAKE_PREFIX_PATH=${CMAKE_PREFIX_PATH}:/home/asimkumar/asitlorbot12_ws/install/asitlorbot12_py_examples:/home/asimkumar/asitlor_ws/install/serial_motor_demo:/home/asimkumar/asitlorbotsix_ws/install/asitlorbot_six:/opt/ros/humble /usr/bin/cmake --install /home/asimkumar/asitlorbot8_ws/build/asitlorbot8_bringup
[0.666s] Level 1:colcon.colcon_core.environment:checking '/home/asimkumar/asitlorbot8_ws/install/asitlorbot8_bringup' for CMake config files
[0.666s] Level 1:colcon.colcon_core.shell:create_environment_hook('asitlorbot8_bringup', 'cmake_prefix_path')
[0.667s] INFO:colcon.colcon_core.shell:Creating environment hook '/home/asimkumar/asitlorbot8_ws/install/asitlorbot8_bringup/share/asitlorbot8_bringup/hook/cmake_prefix_path.ps1'
[0.668s] INFO:colcon.colcon_core.shell:Creating environment descriptor '/home/asimkumar/asitlorbot8_ws/install/asitlorbot8_bringup/share/asitlorbot8_bringup/hook/cmake_prefix_path.dsv'
[0.669s] INFO:colcon.colcon_core.shell:Creating environment hook '/home/asimkumar/asitlorbot8_ws/install/asitlorbot8_bringup/share/asitlorbot8_bringup/hook/cmake_prefix_path.sh'
[0.671s] Level 1:colcon.colcon_core.environment:checking '/home/asimkumar/asitlorbot8_ws/install/asitlorbot8_bringup/bin'
[0.671s] Level 1:colcon.colcon_core.environment:checking '/home/asimkumar/asitlorbot8_ws/install/asitlorbot8_bringup/lib/pkgconfig/asitlorbot8_bringup.pc'
[0.672s] Level 1:colcon.colcon_core.environment:checking '/home/asimkumar/asitlorbot8_ws/install/asitlorbot8_bringup/lib/python3.10/site-packages'
[0.672s] Level 1:colcon.colcon_core.environment:checking '/home/asimkumar/asitlorbot8_ws/install/asitlorbot8_bringup/bin'
[0.672s] INFO:colcon.colcon_core.shell:Creating package script '/home/asimkumar/asitlorbot8_ws/install/asitlorbot8_bringup/share/asitlorbot8_bringup/package.ps1'
[0.674s] INFO:colcon.colcon_core.shell:Creating package descriptor '/home/asimkumar/asitlorbot8_ws/install/asitlorbot8_bringup/share/asitlorbot8_bringup/package.dsv'
[0.674s] INFO:colcon.colcon_core.shell:Creating package script '/home/asimkumar/asitlorbot8_ws/install/asitlorbot8_bringup/share/asitlorbot8_bringup/package.sh'
[0.675s] INFO:colcon.colcon_core.shell:Creating package script '/home/asimkumar/asitlorbot8_ws/install/asitlorbot8_bringup/share/asitlorbot8_bringup/package.bash'
[0.677s] INFO:colcon.colcon_core.shell:Creating package script '/home/asimkumar/asitlorbot8_ws/install/asitlorbot8_bringup/share/asitlorbot8_bringup/package.zsh'
[0.678s] Level 1:colcon.colcon_core.environment:create_file_with_runtime_dependencies(/home/asimkumar/asitlorbot8_ws/install/asitlorbot8_bringup/share/colcon-core/packages/asitlorbot8_bringup)
[0.680s] Level 1:colcon.colcon_core.environment:create_environment_scripts_only(asitlorbot8_cpp_examples)
[0.680s] Level 1:colcon.colcon_core.environment:checking '/home/asimkumar/asitlorbot8_ws/install/asitlorbot8_cpp_examples' for CMake module files
[0.681s] DEBUG:colcon.colcon_core.event_handler.log_command:Invoked command in '/home/asimkumar/asitlorbot8_ws/build/asitlorbot8_cpp_examples' returned '0': CMAKE_PREFIX_PATH=${CMAKE_PREFIX_PATH}:/home/asimkumar/asitlorbot12_ws/install/asitlorbot12_py_examples:/home/asimkumar/asitlor_ws/install/serial_motor_demo:/home/asimkumar/asitlorbotsix_ws/install/asitlorbot_six:/opt/ros/humble /usr/bin/cmake --install /home/asimkumar/asitlorbot8_ws/build/asitlorbot8_cpp_examples
[0.682s] Level 1:colcon.colcon_core.environment:checking '/home/asimkumar/asitlorbot8_ws/install/asitlorbot8_cpp_examples' for CMake config files
[0.682s] Level 1:colcon.colcon_core.shell:create_environment_hook('asitlorbot8_cpp_examples', 'cmake_prefix_path')
[0.682s] INFO:colcon.colcon_core.shell:Creating environment hook '/home/asimkumar/asitlorbot8_ws/install/asitlorbot8_cpp_examples/share/asitlorbot8_cpp_examples/hook/cmake_prefix_path.ps1'
[0.683s] INFO:colcon.colcon_core.shell:Creating environment descriptor '/home/asimkumar/asitlorbot8_ws/install/asitlorbot8_cpp_examples/share/asitlorbot8_cpp_examples/hook/cmake_prefix_path.dsv'
[0.684s] INFO:colcon.colcon_core.shell:Creating environment hook '/home/asimkumar/asitlorbot8_ws/install/asitlorbot8_cpp_examples/share/asitlorbot8_cpp_examples/hook/cmake_prefix_path.sh'
[0.684s] Level 1:colcon.colcon_core.environment:checking '/home/asimkumar/asitlorbot8_ws/install/asitlorbot8_cpp_examples/bin'
[0.685s] Level 1:colcon.colcon_core.environment:checking '/home/asimkumar/asitlorbot8_ws/install/asitlorbot8_cpp_examples/lib/pkgconfig/asitlorbot8_cpp_examples.pc'
[0.685s] Level 1:colcon.colcon_core.environment:checking '/home/asimkumar/asitlorbot8_ws/install/asitlorbot8_cpp_examples/lib/python3.10/site-packages'
[0.685s] Level 1:colcon.colcon_core.environment:checking '/home/asimkumar/asitlorbot8_ws/install/asitlorbot8_cpp_examples/bin'
[0.686s] INFO:colcon.colcon_core.shell:Creating package script '/home/asimkumar/asitlorbot8_ws/install/asitlorbot8_cpp_examples/share/asitlorbot8_cpp_examples/package.ps1'
[0.686s] INFO:colcon.colcon_core.shell:Creating package descriptor '/home/asimkumar/asitlorbot8_ws/install/asitlorbot8_cpp_examples/share/asitlorbot8_cpp_examples/package.dsv'
[0.687s] INFO:colcon.colcon_core.shell:Creating package script '/home/asimkumar/asitlorbot8_ws/install/asitlorbot8_cpp_examples/share/asitlorbot8_cpp_examples/package.sh'
[0.688s] INFO:colcon.colcon_core.shell:Creating package script '/home/asimkumar/asitlorbot8_ws/install/asitlorbot8_cpp_examples/share/asitlorbot8_cpp_examples/package.bash'
[0.688s] INFO:colcon.colcon_core.shell:Creating package script '/home/asimkumar/asitlorbot8_ws/install/asitlorbot8_cpp_examples/share/asitlorbot8_cpp_examples/package.zsh'
[0.689s] Level 1:colcon.colcon_core.environment:create_file_with_runtime_dependencies(/home/asimkumar/asitlorbot8_ws/install/asitlorbot8_cpp_examples/share/colcon-core/packages/asitlorbot8_cpp_examples)
[0.694s] DEBUG:colcon.colcon_core.event_handler.log_command:Invoking command in '/home/asimkumar/asitlorbot8_ws/build/asitlorbot8_autonomy': CMAKE_PREFIX_PATH=${CMAKE_PREFIX_PATH}:/home/asimkumar/asitlorbot12_ws/install/asitlorbot12_py_examples:/home/asimkumar/asitlor_ws/install/serial_motor_demo:/home/asimkumar/asitlorbotsix_ws/install/asitlorbot_six:/opt/ros/humble /usr/bin/cmake --install /home/asimkumar/asitlorbot8_ws/build/asitlorbot8_autonomy
[0.694s] Level 1:colcon.colcon_core.environment:create_environment_scripts_only(asitlorbot8_description)
[0.695s] Level 1:colcon.colcon_core.environment:checking '/home/asimkumar/asitlorbot8_ws/install/asitlorbot8_description' for CMake module files
[0.696s] DEBUG:colcon.colcon_core.event_handler.log_command:Invoked command in '/home/asimkumar/asitlorbot8_ws/build/asitlorbot8_description' returned '0': CMAKE_PREFIX_PATH=${CMAKE_PREFIX_PATH}:/home/asimkumar/asitlorbot12_ws/install/asitlorbot12_py_examples:/home/asimkumar/asitlor_ws/install/serial_motor_demo:/home/asimkumar/asitlorbotsix_ws/install/asitlorbot_six:/opt/ros/humble /usr/bin/cmake --install /home/asimkumar/asitlorbot8_ws/build/asitlorbot8_description
[0.696s] Level 1:colcon.colcon_core.environment:checking '/home/asimkumar/asitlorbot8_ws/install/asitlorbot8_description' for CMake config files
[0.697s] Level 1:colcon.colcon_core.shell:create_environment_hook('asitlorbot8_description', 'cmake_prefix_path')
[0.697s] INFO:colcon.colcon_core.shell:Creating environment hook '/home/asimkumar/asitlorbot8_ws/install/asitlorbot8_description/share/asitlorbot8_description/hook/cmake_prefix_path.ps1'
[0.698s] INFO:colcon.colcon_core.shell:Creating environment descriptor '/home/asimkumar/asitlorbot8_ws/install/asitlorbot8_description/share/asitlorbot8_description/hook/cmake_prefix_path.dsv'
[0.699s] INFO:colcon.colcon_core.shell:Creating environment hook '/home/asimkumar/asitlorbot8_ws/install/asitlorbot8_description/share/asitlorbot8_description/hook/cmake_prefix_path.sh'
[0.700s] Level 1:colcon.colcon_core.environment:checking '/home/asimkumar/asitlorbot8_ws/install/asitlorbot8_description/bin'
[0.700s] Level 1:colcon.colcon_core.environment:checking '/home/asimkumar/asitlorbot8_ws/install/asitlorbot8_description/lib/pkgconfig/asitlorbot8_description.pc'
[0.700s] Level 1:colcon.colcon_core.environment:checking '/home/asimkumar/asitlorbot8_ws/install/asitlorbot8_description/lib/python3.10/site-packages'
[0.700s] Level 1:colcon.colcon_core.environment:checking '/home/asimkumar/asitlorbot8_ws/install/asitlorbot8_description/bin'
[0.701s] INFO:colcon.colcon_core.shell:Creating package script '/home/asimkumar/asitlorbot8_ws/install/asitlorbot8_description/share/asitlorbot8_description/package.ps1'
[0.702s] INFO:colcon.colcon_core.shell:Creating package descriptor '/home/asimkumar/asitlorbot8_ws/install/asitlorbot8_description/share/asitlorbot8_description/package.dsv'
[0.703s] INFO:colcon.colcon_core.shell:Creating package script '/home/asimkumar/asitlorbot8_ws/install/asitlorbot8_description/share/asitlorbot8_description/package.sh'
[0.704s] INFO:colcon.colcon_core.shell:Creating package script '/home/asimkumar/asitlorbot8_ws/install/asitlorbot8_description/share/asitlorbot8_description/package.bash'
[0.705s] INFO:colcon.colcon_core.shell:Creating package script '/home/asimkumar/asitlorbot8_ws/install/asitlorbot8_description/share/asitlorbot8_description/package.zsh'
[0.705s] Level 1:colcon.colcon_core.environment:create_file_with_runtime_dependencies(/home/asimkumar/asitlorbot8_ws/install/asitlorbot8_description/share/colcon-core/packages/asitlorbot8_description)
[0.718s] Level 1:colcon.colcon_core.environment:create_environment_scripts_only(asitlorbot8_bringup)
[0.718s] Level 1:colcon.colcon_core.environment:checking '/home/asimkumar/asitlorbot8_ws/install/asitlorbot8_bringup' for CMake module files
[0.719s] Level 1:colcon.colcon_core.environment:checking '/home/asimkumar/asitlorbot8_ws/install/asitlorbot8_bringup' for CMake config files
[0.719s] Level 1:colcon.colcon_core.shell:create_environment_hook('asitlorbot8_bringup', 'cmake_prefix_path')
[0.720s] INFO:colcon.colcon_core.shell:Creating environment hook '/home/asimkumar/asitlorbot8_ws/install/asitlorbot8_bringup/share/asitlorbot8_bringup/hook/cmake_prefix_path.ps1'
[0.721s] INFO:colcon.colcon_core.shell:Creating environment descriptor '/home/asimkumar/asitlorbot8_ws/install/asitlorbot8_bringup/share/asitlorbot8_bringup/hook/cmake_prefix_path.dsv'
[0.721s] INFO:colcon.colcon_core.shell:Creating environment hook '/home/asimkumar/asitlorbot8_ws/install/asitlorbot8_bringup/share/asitlorbot8_bringup/hook/cmake_prefix_path.sh'
[0.722s] Level 1:colcon.colcon_core.environment:checking '/home/asimkumar/asitlorbot8_ws/install/asitlorbot8_bringup/bin'
[0.722s] Level 1:colcon.colcon_core.environment:checking '/home/asimkumar/asitlorbot8_ws/install/asitlorbot8_bringup/lib/pkgconfig/asitlorbot8_bringup.pc'
[0.723s] Level 1:colcon.colcon_core.environment:checking '/home/asimkumar/asitlorbot8_ws/install/asitlorbot8_bringup/lib/python3.10/site-packages'
[0.723s] Level 1:colcon.colcon_core.environment:checking '/home/asimkumar/asitlorbot8_ws/install/asitlorbot8_bringup/bin'
[0.724s] INFO:colcon.colcon_core.shell:Creating package script '/home/asimkumar/asitlorbot8_ws/install/asitlorbot8_bringup/share/asitlorbot8_bringup/package.ps1'
[0.725s] INFO:colcon.colcon_core.shell:Creating package descriptor '/home/asimkumar/asitlorbot8_ws/install/asitlorbot8_bringup/share/asitlorbot8_bringup/package.dsv'
[0.725s] INFO:colcon.colcon_core.shell:Creating package script '/home/asimkumar/asitlorbot8_ws/install/asitlorbot8_bringup/share/asitlorbot8_bringup/package.sh'
[0.726s] INFO:colcon.colcon_core.shell:Creating package script '/home/asimkumar/asitlorbot8_ws/install/asitlorbot8_bringup/share/asitlorbot8_bringup/package.bash'
[0.727s] INFO:colcon.colcon_core.shell:Creating package script '/home/asimkumar/asitlorbot8_ws/install/asitlorbot8_bringup/share/asitlorbot8_bringup/package.zsh'
[0.728s] Level 1:colcon.colcon_core.environment:create_file_with_runtime_dependencies(/home/asimkumar/asitlorbot8_ws/install/asitlorbot8_bringup/share/colcon-core/packages/asitlorbot8_bringup)
[0.730s] Level 1:colcon.colcon_core.environment:create_environment_scripts_only(asitlorbot8_cpp_examples)
[0.731s] Level 1:colcon.colcon_core.environment:checking '/home/asimkumar/asitlorbot8_ws/install/asitlorbot8_cpp_examples' for CMake module files
[0.732s] Level 1:colcon.colcon_core.environment:checking '/home/asimkumar/asitlorbot8_ws/install/asitlorbot8_cpp_examples' for CMake config files
[0.733s] Level 1:colcon.colcon_core.shell:create_environment_hook('asitlorbot8_cpp_examples', 'cmake_prefix_path')
[0.733s] INFO:colcon.colcon_core.shell:Creating environment hook '/home/asimkumar/asitlorbot8_ws/install/asitlorbot8_cpp_examples/share/asitlorbot8_cpp_examples/hook/cmake_prefix_path.ps1'
[0.734s] INFO:colcon.colcon_core.shell:Creating environment descriptor '/home/asimkumar/asitlorbot8_ws/install/asitlorbot8_cpp_examples/share/asitlorbot8_cpp_examples/hook/cmake_prefix_path.dsv'
[0.734s] INFO:colcon.colcon_core.shell:Creating environment hook '/home/asimkumar/asitlorbot8_ws/install/asitlorbot8_cpp_examples/share/asitlorbot8_cpp_examples/hook/cmake_prefix_path.sh'
[0.735s] Level 1:colcon.colcon_core.environment:checking '/home/asimkumar/asitlorbot8_ws/install/asitlorbot8_cpp_examples/bin'
[0.735s] Level 1:colcon.colcon_core.environment:checking '/home/asimkumar/asitlorbot8_ws/install/asitlorbot8_cpp_examples/lib/pkgconfig/asitlorbot8_cpp_examples.pc'
[0.735s] Level 1:colcon.colcon_core.environment:checking '/home/asimkumar/asitlorbot8_ws/install/asitlorbot8_cpp_examples/lib/python3.10/site-packages'
[0.735s] Level 1:colcon.colcon_core.environment:checking '/home/asimkumar/asitlorbot8_ws/install/asitlorbot8_cpp_examples/bin'
[0.736s] INFO:colcon.colcon_core.shell:Creating package script '/home/asimkumar/asitlorbot8_ws/install/asitlorbot8_cpp_examples/share/asitlorbot8_cpp_examples/package.ps1'
[0.737s] INFO:colcon.colcon_core.shell:Creating package descriptor '/home/asimkumar/asitlorbot8_ws/install/asitlorbot8_cpp_examples/share/asitlorbot8_cpp_examples/package.dsv'
[0.737s] INFO:colcon.colcon_core.shell:Creating package script '/home/asimkumar/asitlorbot8_ws/install/asitlorbot8_cpp_examples/share/asitlorbot8_cpp_examples/package.sh'
[0.738s] INFO:colcon.colcon_core.shell:Creating package script '/home/asimkumar/asitlorbot8_ws/install/asitlorbot8_cpp_examples/share/asitlorbot8_cpp_examples/package.bash'
[0.738s] INFO:colcon.colcon_core.shell:Creating package script '/home/asimkumar/asitlorbot8_ws/install/asitlorbot8_cpp_examples/share/asitlorbot8_cpp_examples/package.zsh'
[0.739s] Level 1:colcon.colcon_core.environment:create_file_with_runtime_dependencies(/home/asimkumar/asitlorbot8_ws/install/asitlorbot8_cpp_examples/share/colcon-core/packages/asitlorbot8_cpp_examples)
[0.740s] Level 1:colcon.colcon_core.environment:create_environment_scripts_only(asitlorbot8_autonomy)
[0.741s] Level 1:colcon.colcon_core.environment:checking '/home/asimkumar/asitlorbot8_ws/install/asitlorbot8_autonomy' for CMake module files
[0.742s] DEBUG:colcon.colcon_core.event_handler.log_command:Invoked command in '/home/asimkumar/asitlorbot8_ws/build/asitlorbot8_autonomy' returned '0': CMAKE_PREFIX_PATH=${CMAKE_PREFIX_PATH}:/home/asimkumar/asitlorbot12_ws/install/asitlorbot12_py_examples:/home/asimkumar/asitlor_ws/install/serial_motor_demo:/home/asimkumar/asitlorbotsix_ws/install/asitlorbot_six:/opt/ros/humble /usr/bin/cmake --install /home/asimkumar/asitlorbot8_ws/build/asitlorbot8_autonomy
[0.742s] Level 1:colcon.colcon_core.environment:checking '/home/asimkumar/asitlorbot8_ws/install/asitlorbot8_autonomy' for CMake config files
[0.743s] Level 1:colcon.colcon_core.shell:create_environment_hook('asitlorbot8_autonomy', 'cmake_prefix_path')
[0.743s] INFO:colcon.colcon_core.shell:Creating environment hook '/home/asimkumar/asitlorbot8_ws/install/asitlorbot8_autonomy/share/asitlorbot8_autonomy/hook/cmake_prefix_path.ps1'
[0.744s] INFO:colcon.colcon_core.shell:Creating environment descriptor '/home/asimkumar/asitlorbot8_ws/install/asitlorbot8_autonomy/share/asitlorbot8_autonomy/hook/cmake_prefix_path.dsv'
[0.744s] INFO:colcon.colcon_core.shell:Creating environment hook '/home/asimkumar/asitlorbot8_ws/install/asitlorbot8_autonomy/share/asitlorbot8_autonomy/hook/cmake_prefix_path.sh'
[0.745s] Level 1:colcon.colcon_core.environment:checking '/home/asimkumar/asitlorbot8_ws/install/asitlorbot8_autonomy/lib'
[0.746s] Level 1:colcon.colcon_core.environment:checking '/home/asimkumar/asitlorbot8_ws/install/asitlorbot8_autonomy/bin'
[0.746s] Level 1:colcon.colcon_core.environment:checking '/home/asimkumar/asitlorbot8_ws/install/asitlorbot8_autonomy/lib/pkgconfig/asitlorbot8_autonomy.pc'
[0.746s] Level 1:colcon.colcon_core.environment:checking '/home/asimkumar/asitlorbot8_ws/install/asitlorbot8_autonomy/lib/python3.10/site-packages'
[0.747s] Level 1:colcon.colcon_core.environment:checking '/home/asimkumar/asitlorbot8_ws/install/asitlorbot8_autonomy/bin'
[0.747s] INFO:colcon.colcon_core.shell:Creating package script '/home/asimkumar/asitlorbot8_ws/install/asitlorbot8_autonomy/share/asitlorbot8_autonomy/package.ps1'
[0.748s] INFO:colcon.colcon_core.shell:Creating package descriptor '/home/asimkumar/asitlorbot8_ws/install/asitlorbot8_autonomy/share/asitlorbot8_autonomy/package.dsv'
[0.749s] INFO:colcon.colcon_core.shell:Creating package script '/home/asimkumar/asitlorbot8_ws/install/asitlorbot8_autonomy/share/asitlorbot8_autonomy/package.sh'
[0.749s] INFO:colcon.colcon_core.shell:Creating package script '/home/asimkumar/asitlorbot8_ws/install/asitlorbot8_autonomy/share/asitlorbot8_autonomy/package.bash'
[0.750s] INFO:colcon.colcon_core.shell:Creating package script '/home/asimkumar/asitlorbot8_ws/install/asitlorbot8_autonomy/share/asitlorbot8_autonomy/package.zsh'
[0.750s] Level 1:colcon.colcon_core.environment:create_file_with_runtime_dependencies(/home/asimkumar/asitlorbot8_ws/install/asitlorbot8_autonomy/share/colcon-core/packages/asitlorbot8_autonomy)
[0.752s] Level 1:colcon.colcon_core.environment:create_environment_scripts_only(asitlorbot8_description)
[0.753s] Level 1:colcon.colcon_core.environment:checking '/home/asimkumar/asitlorbot8_ws/install/asitlorbot8_description' for CMake module files
[0.753s] Level 1:colcon.colcon_core.environment:checking '/home/asimkumar/asitlorbot8_ws/install/asitlorbot8_description' for CMake config files
[0.754s] Level 1:colcon.colcon_core.shell:create_environment_hook('asitlorbot8_description', 'cmake_prefix_path')
[0.754s] INFO:colcon.colcon_core.shell:Creating environment hook '/home/asimkumar/asitlorbot8_ws/install/asitlorbot8_description/share/asitlorbot8_description/hook/cmake_prefix_path.ps1'
[0.755s] INFO:colcon.colcon_core.shell:Creating environment descriptor '/home/asimkumar/asitlorbot8_ws/install/asitlorbot8_description/share/asitlorbot8_description/hook/cmake_prefix_path.dsv'
[0.755s] INFO:colcon.colcon_core.shell:Creating environment hook '/home/asimkumar/asitlorbot8_ws/install/asitlorbot8_description/share/asitlorbot8_description/hook/cmake_prefix_path.sh'
[0.756s] Level 1:colcon.colcon_core.environment:checking '/home/asimkumar/asitlorbot8_ws/install/asitlorbot8_description/bin'
[0.756s] Level 1:colcon.colcon_core.environment:checking '/home/asimkumar/asitlorbot8_ws/install/asitlorbot8_description/lib/pkgconfig/asitlorbot8_description.pc'
[0.756s] Level 1:colcon.colcon_core.environment:checking '/home/asimkumar/asitlorbot8_ws/install/asitlorbot8_description/lib/python3.10/site-packages'
[0.757s] Level 1:colcon.colcon_core.environment:checking '/home/asimkumar/asitlorbot8_ws/install/asitlorbot8_description/bin'
[0.757s] INFO:colcon.colcon_core.shell:Creating package script '/home/asimkumar/asitlorbot8_ws/install/asitlorbot8_description/share/asitlorbot8_description/package.ps1'
[0.758s] INFO:colcon.colcon_core.shell:Creating package descriptor '/home/asimkumar/asitlorbot8_ws/install/asitlorbot8_description/share/asitlorbot8_description/package.dsv'
[0.759s] INFO:colcon.colcon_core.shell:Creating package script '/home/asimkumar/asitlorbot8_ws/install/asitlorbot8_description/share/asitlorbot8_description/package.sh'
[0.760s] INFO:colcon.colcon_core.shell:Creating package script '/home/asimkumar/asitlorbot8_ws/install/asitlorbot8_description/share/asitlorbot8_description/package.bash'
[0.760s] INFO:colcon.colcon_core.shell:Creating package script '/home/asimkumar/asitlorbot8_ws/install/asitlorbot8_description/share/asitlorbot8_description/package.zsh'
[0.761s] Level 1:colcon.colcon_core.environment:create_file_with_runtime_dependencies(/home/asimkumar/asitlorbot8_ws/install/asitlorbot8_description/share/colcon-core/packages/asitlorbot8_description)
[0.796s] Level 1:colcon.colcon_core.environment:create_environment_scripts_only(asitlorbot8_autonomy)
[0.797s] Level 1:colcon.colcon_core.environment:checking '/home/asimkumar/asitlorbot8_ws/install/asitlorbot8_autonomy' for CMake module files
[0.797s] Level 1:colcon.colcon_core.environment:checking '/home/asimkumar/asitlorbot8_ws/install/asitlorbot8_autonomy' for CMake config files
[0.798s] Level 1:colcon.colcon_core.shell:create_environment_hook('asitlorbot8_autonomy', 'cmake_prefix_path')
[0.798s] INFO:colcon.colcon_core.shell:Creating environment hook '/home/asimkumar/asitlorbot8_ws/install/asitlorbot8_autonomy/share/asitlorbot8_autonomy/hook/cmake_prefix_path.ps1'
[0.799s] INFO:colcon.colcon_core.shell:Creating environment descriptor '/home/asimkumar/asitlorbot8_ws/install/asitlorbot8_autonomy/share/asitlorbot8_autonomy/hook/cmake_prefix_path.dsv'
[0.799s] INFO:colcon.colcon_core.shell:Creating environment hook '/home/asimkumar/asitlorbot8_ws/install/asitlorbot8_autonomy/share/asitlorbot8_autonomy/hook/cmake_prefix_path.sh'
[0.800s] Level 1:colcon.colcon_core.environment:checking '/home/asimkumar/asitlorbot8_ws/install/asitlorbot8_autonomy/lib'
[0.800s] Level 1:colcon.colcon_core.environment:checking '/home/asimkumar/asitlorbot8_ws/install/asitlorbot8_autonomy/bin'
[0.801s] Level 1:colcon.colcon_core.environment:checking '/home/asimkumar/asitlorbot8_ws/install/asitlorbot8_autonomy/lib/pkgconfig/asitlorbot8_autonomy.pc'
[0.801s] Level 1:colcon.colcon_core.environment:checking '/home/asimkumar/asitlorbot8_ws/install/asitlorbot8_autonomy/lib/python3.10/site-packages'
[0.801s] Level 1:colcon.colcon_core.environment:checking '/home/asimkumar/asitlorbot8_ws/install/asitlorbot8_autonomy/bin'
[0.801s] INFO:colcon.colcon_core.shell:Creating package script '/home/asimkumar/asitlorbot8_ws/install/asitlorbot8_autonomy/share/asitlorbot8_autonomy/package.ps1'
[0.802s] INFO:colcon.colcon_core.shell:Creating package descriptor '/home/asimkumar/asitlorbot8_ws/install/asitlorbot8_autonomy/share/asitlorbot8_autonomy/package.dsv'
[0.803s] INFO:colcon.colcon_core.shell:Creating package script '/home/asimkumar/asitlorbot8_ws/install/asitlorbot8_autonomy/share/asitlorbot8_autonomy/package.sh'
[0.803s] INFO:colcon.colcon_core.shell:Creating package script '/home/asimkumar/asitlorbot8_ws/install/asitlorbot8_autonomy/share/asitlorbot8_autonomy/package.bash'
[0.804s] INFO:colcon.colcon_core.shell:Creating package script '/home/asimkumar/asitlorbot8_ws/install/asitlorbot8_autonomy/share/asitlorbot8_autonomy/package.zsh'
[0.805s] Level 1:colcon.colcon_core.environment:create_file_with_runtime_dependencies(/home/asimkumar/asitlorbot8_ws/install/asitlorbot8_autonomy/share/colcon-core/packages/asitlorbot8_autonomy)
[0.994s] DEBUG:colcon.colcon_core.event_handler.log_command:Invoked command in '/home/asimkumar/asitlorbot8_ws/build/asitlorbot8_controller' returned '0': CMAKE_PREFIX_PATH=${CMAKE_PREFIX_PATH}:/home/asimkumar/asitlorbot12_ws/install/asitlorbot12_py_examples:/home/asimkumar/asitlor_ws/install/serial_motor_demo:/home/asimkumar/asitlorbotsix_ws/install/asitlorbot_six:/opt/ros/humble /usr/bin/cmake --build /home/asimkumar/asitlorbot8_ws/build/asitlorbot8_controller -- -j8 -l8
[1.016s] DEBUG:colcon.colcon_core.event_handler.log_command:Invoked command in '/home/asimkumar/asitlorbot8_ws/build/asitlorbot8_firmware' returned '0': CMAKE_PREFIX_PATH=${CMAKE_PREFIX_PATH}:/home/asimkumar/asitlorbot12_ws/install/asitlorbot12_py_examples:/home/asimkumar/asitlor_ws/install/serial_motor_demo:/home/asimkumar/asitlorbotsix_ws/install/asitlorbot_six:/opt/ros/humble /usr/bin/cmake --build /home/asimkumar/asitlorbot8_ws/build/asitlorbot8_firmware -- -j8 -l8
[1.032s] DEBUG:colcon.colcon_core.event_handler.log_command:Invoking command in '/home/asimkumar/asitlorbot8_ws/build/asitlorbot8_controller': CMAKE_PREFIX_PATH=${CMAKE_PREFIX_PATH}:/home/asimkumar/asitlorbot12_ws/install/asitlorbot12_py_examples:/home/asimkumar/asitlor_ws/install/serial_motor_demo:/home/asimkumar/asitlorbotsix_ws/install/asitlorbot_six:/opt/ros/humble /usr/bin/cmake --install /home/asimkumar/asitlorbot8_ws/build/asitlorbot8_controller
[1.033s] DEBUG:colcon.colcon_core.event_handler.log_command:Invoked command in '/home/asimkumar/asitlorbot8_ws/build/asitlorbot8_localization' returned '0': CMAKE_PREFIX_PATH=${CMAKE_PREFIX_PATH}:/home/asimkumar/asitlorbot12_ws/install/asitlorbot12_py_examples:/home/asimkumar/asitlor_ws/install/serial_motor_demo:/home/asimkumar/asitlorbotsix_ws/install/asitlorbot_six:/opt/ros/humble /usr/bin/cmake --build /home/asimkumar/asitlorbot8_ws/build/asitlorbot8_localization -- -j8 -l8
[1.071s] DEBUG:colcon.colcon_core.event_handler.log_command:Invoking command in '/home/asimkumar/asitlorbot8_ws/build/asitlorbot8_localization': CMAKE_PREFIX_PATH=${CMAKE_PREFIX_PATH}:/home/asimkumar/asitlorbot12_ws/install/asitlorbot12_py_examples:/home/asimkumar/asitlor_ws/install/serial_motor_demo:/home/asimkumar/asitlorbotsix_ws/install/asitlorbot_six:/opt/ros/humble /usr/bin/cmake --install /home/asimkumar/asitlorbot8_ws/build/asitlorbot8_localization
[1.073s] DEBUG:colcon.colcon_core.event_handler.log_command:Invoking command in '/home/asimkumar/asitlorbot8_ws/build/asitlorbot8_firmware': CMAKE_PREFIX_PATH=${CMAKE_PREFIX_PATH}:/home/asimkumar/asitlorbot12_ws/install/asitlorbot12_py_examples:/home/asimkumar/asitlor_ws/install/serial_motor_demo:/home/asimkumar/asitlorbotsix_ws/install/asitlorbot_six:/opt/ros/humble /usr/bin/cmake --install /home/asimkumar/asitlorbot8_ws/build/asitlorbot8_firmware
[1.109s] Level 1:colcon.colcon_core.environment:create_environment_scripts_only(asitlorbot8_controller)
[1.109s] Level 1:colcon.colcon_core.environment:checking '/home/asimkumar/asitlorbot8_ws/install/asitlorbot8_controller' for CMake module files
[1.109s] DEBUG:colcon.colcon_core.event_handler.log_command:Invoked command in '/home/asimkumar/asitlorbot8_ws/build/asitlorbot8_controller' returned '0': CMAKE_PREFIX_PATH=${CMAKE_PREFIX_PATH}:/home/asimkumar/asitlorbot12_ws/install/asitlorbot12_py_examples:/home/asimkumar/asitlor_ws/install/serial_motor_demo:/home/asimkumar/asitlorbotsix_ws/install/asitlorbot_six:/opt/ros/humble /usr/bin/cmake --install /home/asimkumar/asitlorbot8_ws/build/asitlorbot8_controller
[1.110s] Level 1:colcon.colcon_core.environment:checking '/home/asimkumar/asitlorbot8_ws/install/asitlorbot8_controller' for CMake config files
[1.110s] Level 1:colcon.colcon_core.shell:create_environment_hook('asitlorbot8_controller', 'cmake_prefix_path')
[1.111s] INFO:colcon.colcon_core.shell:Creating environment hook '/home/asimkumar/asitlorbot8_ws/install/asitlorbot8_controller/share/asitlorbot8_controller/hook/cmake_prefix_path.ps1'
[1.111s] INFO:colcon.colcon_core.shell:Creating environment descriptor '/home/asimkumar/asitlorbot8_ws/install/asitlorbot8_controller/share/asitlorbot8_controller/hook/cmake_prefix_path.dsv'
[1.111s] INFO:colcon.colcon_core.shell:Creating environment hook '/home/asimkumar/asitlorbot8_ws/install/asitlorbot8_controller/share/asitlorbot8_controller/hook/cmake_prefix_path.sh'
[1.112s] Level 1:colcon.colcon_core.environment:checking '/home/asimkumar/asitlorbot8_ws/install/asitlorbot8_controller/lib'
[1.112s] Level 1:colcon.colcon_core.environment:checking '/home/asimkumar/asitlorbot8_ws/install/asitlorbot8_controller/bin'
[1.112s] Level 1:colcon.colcon_core.environment:checking '/home/asimkumar/asitlorbot8_ws/install/asitlorbot8_controller/lib/pkgconfig/asitlorbot8_controller.pc'
[1.112s] Level 1:colcon.colcon_core.environment:checking '/home/asimkumar/asitlorbot8_ws/install/asitlorbot8_controller/lib/python3.10/site-packages'
[1.112s] Level 1:colcon.colcon_core.environment:checking '/home/asimkumar/asitlorbot8_ws/install/asitlorbot8_controller/bin'
[1.113s] INFO:colcon.colcon_core.shell:Creating package script '/home/asimkumar/asitlorbot8_ws/install/asitlorbot8_controller/share/asitlorbot8_controller/package.ps1'
[1.113s] INFO:colcon.colcon_core.shell:Creating package descriptor '/home/asimkumar/asitlorbot8_ws/install/asitlorbot8_controller/share/asitlorbot8_controller/package.dsv'
[1.113s] INFO:colcon.colcon_core.shell:Creating package script '/home/asimkumar/asitlorbot8_ws/install/asitlorbot8_controller/share/asitlorbot8_controller/package.sh'
[1.114s] INFO:colcon.colcon_core.shell:Creating package script '/home/asimkumar/asitlorbot8_ws/install/asitlorbot8_controller/share/asitlorbot8_controller/package.bash'
[1.114s] INFO:colcon.colcon_core.shell:Creating package script '/home/asimkumar/asitlorbot8_ws/install/asitlorbot8_controller/share/asitlorbot8_controller/package.zsh'
[1.114s] Level 1:colcon.colcon_core.environment:create_file_with_runtime_dependencies(/home/asimkumar/asitlorbot8_ws/install/asitlorbot8_controller/share/colcon-core/packages/asitlorbot8_controller)
[1.151s] Level 1:colcon.colcon_core.environment:create_environment_scripts_only(asitlorbot8_controller)
[1.151s] Level 1:colcon.colcon_core.environment:checking '/home/asimkumar/asitlorbot8_ws/install/asitlorbot8_controller' for CMake module files
[1.152s] Level 1:colcon.colcon_core.environment:checking '/home/asimkumar/asitlorbot8_ws/install/asitlorbot8_controller' for CMake config files
[1.153s] Level 1:colcon.colcon_core.shell:create_environment_hook('asitlorbot8_controller', 'cmake_prefix_path')
[1.153s] INFO:colcon.colcon_core.shell:Creating environment hook '/home/asimkumar/asitlorbot8_ws/install/asitlorbot8_controller/share/asitlorbot8_controller/hook/cmake_prefix_path.ps1'
[1.153s] INFO:colcon.colcon_core.shell:Creating environment descriptor '/home/asimkumar/asitlorbot8_ws/install/asitlorbot8_controller/share/asitlorbot8_controller/hook/cmake_prefix_path.dsv'
[1.153s] INFO:colcon.colcon_core.shell:Creating environment hook '/home/asimkumar/asitlorbot8_ws/install/asitlorbot8_controller/share/asitlorbot8_controller/hook/cmake_prefix_path.sh'
[1.154s] Level 1:colcon.colcon_core.environment:checking '/home/asimkumar/asitlorbot8_ws/install/asitlorbot8_controller/lib'
[1.154s] Level 1:colcon.colcon_core.environment:checking '/home/asimkumar/asitlorbot8_ws/install/asitlorbot8_controller/bin'
[1.154s] Level 1:colcon.colcon_core.environment:checking '/home/asimkumar/asitlorbot8_ws/install/asitlorbot8_controller/lib/pkgconfig/asitlorbot8_controller.pc'
[1.154s] Level 1:colcon.colcon_core.environment:checking '/home/asimkumar/asitlorbot8_ws/install/asitlorbot8_controller/lib/python3.10/site-packages'
[1.154s] Level 1:colcon.colcon_core.environment:checking '/home/asimkumar/asitlorbot8_ws/install/asitlorbot8_controller/bin'
[1.155s] INFO:colcon.colcon_core.shell:Creating package script '/home/asimkumar/asitlorbot8_ws/install/asitlorbot8_controller/share/asitlorbot8_controller/package.ps1'
[1.155s] INFO:colcon.colcon_core.shell:Creating package descriptor '/home/asimkumar/asitlorbot8_ws/install/asitlorbot8_controller/share/asitlorbot8_controller/package.dsv'
[1.155s] INFO:colcon.colcon_core.shell:Creating package script '/home/asimkumar/asitlorbot8_ws/install/asitlorbot8_controller/share/asitlorbot8_controller/package.sh'
[1.156s] INFO:colcon.colcon_core.shell:Creating package script '/home/asimkumar/asitlorbot8_ws/install/asitlorbot8_controller/share/asitlorbot8_controller/package.bash'
[1.156s] INFO:colcon.colcon_core.shell:Creating package script '/home/asimkumar/asitlorbot8_ws/install/asitlorbot8_controller/share/asitlorbot8_controller/package.zsh'
[1.156s] Level 1:colcon.colcon_core.environment:create_file_with_runtime_dependencies(/home/asimkumar/asitlorbot8_ws/install/asitlorbot8_controller/share/colcon-core/packages/asitlorbot8_controller)
[1.157s] Level 1:colcon.colcon_core.environment:create_environment_scripts_only(asitlorbot8_firmware)
[1.158s] Level 1:colcon.colcon_core.environment:checking '/home/asimkumar/asitlorbot8_ws/install/asitlorbot8_firmware' for CMake module files
[1.158s] DEBUG:colcon.colcon_core.event_handler.log_command:Invoked command in '/home/asimkumar/asitlorbot8_ws/build/asitlorbot8_firmware' returned '0': CMAKE_PREFIX_PATH=${CMAKE_PREFIX_PATH}:/home/asimkumar/asitlorbot12_ws/install/asitlorbot12_py_examples:/home/asimkumar/asitlor_ws/install/serial_motor_demo:/home/asimkumar/asitlorbotsix_ws/install/asitlorbot_six:/opt/ros/humble /usr/bin/cmake --install /home/asimkumar/asitlorbot8_ws/build/asitlorbot8_firmware
[1.158s] Level 1:colcon.colcon_core.environment:checking '/home/asimkumar/asitlorbot8_ws/install/asitlorbot8_firmware' for CMake config files
[1.159s] Level 1:colcon.colcon_core.shell:create_environment_hook('asitlorbot8_firmware', 'cmake_prefix_path')
[1.159s] INFO:colcon.colcon_core.shell:Creating environment hook '/home/asimkumar/asitlorbot8_ws/install/asitlorbot8_firmware/share/asitlorbot8_firmware/hook/cmake_prefix_path.ps1'
[1.160s] INFO:colcon.colcon_core.shell:Creating environment descriptor '/home/asimkumar/asitlorbot8_ws/install/asitlorbot8_firmware/share/asitlorbot8_firmware/hook/cmake_prefix_path.dsv'
[1.160s] INFO:colcon.colcon_core.shell:Creating environment hook '/home/asimkumar/asitlorbot8_ws/install/asitlorbot8_firmware/share/asitlorbot8_firmware/hook/cmake_prefix_path.sh'
[1.160s] Level 1:colcon.colcon_core.environment:checking '/home/asimkumar/asitlorbot8_ws/install/asitlorbot8_firmware/lib'
[1.161s] Level 1:colcon.colcon_core.shell:create_environment_hook('asitlorbot8_firmware', 'ld_library_path_lib')
[1.161s] INFO:colcon.colcon_core.shell:Creating environment hook '/home/asimkumar/asitlorbot8_ws/install/asitlorbot8_firmware/share/asitlorbot8_firmware/hook/ld_library_path_lib.ps1'
[1.161s] INFO:colcon.colcon_core.shell:Creating environment descriptor '/home/asimkumar/asitlorbot8_ws/install/asitlorbot8_firmware/share/asitlorbot8_firmware/hook/ld_library_path_lib.dsv'
[1.161s] INFO:colcon.colcon_core.shell:Creating environment hook '/home/asimkumar/asitlorbot8_ws/install/asitlorbot8_firmware/share/asitlorbot8_firmware/hook/ld_library_path_lib.sh'
[1.162s] Level 1:colcon.colcon_core.environment:checking '/home/asimkumar/asitlorbot8_ws/install/asitlorbot8_firmware/bin'
[1.162s] Level 1:colcon.colcon_core.shell:create_environment_hook('asitlorbot8_firmware', 'path')
[1.162s] INFO:colcon.colcon_core.shell:Creating environment hook '/home/asimkumar/asitlorbot8_ws/install/asitlorbot8_firmware/share/asitlorbot8_firmware/hook/path.ps1'
[1.163s] INFO:colcon.colcon_core.shell:Creating environment descriptor '/home/asimkumar/asitlorbot8_ws/install/asitlorbot8_firmware/share/asitlorbot8_firmware/hook/path.dsv'
[1.164s] INFO:colcon.colcon_core.shell:Creating environment hook '/home/asimkumar/asitlorbot8_ws/install/asitlorbot8_firmware/share/asitlorbot8_firmware/hook/path.sh'
[1.164s] Level 1:colcon.colcon_core.environment:checking '/home/asimkumar/asitlorbot8_ws/install/asitlorbot8_firmware/lib/pkgconfig/asitlorbot8_firmware.pc'
[1.164s] Level 1:colcon.colcon_core.environment:checking '/home/asimkumar/asitlorbot8_ws/install/asitlorbot8_firmware/lib/python3.10/site-packages'
[1.164s] Level 1:colcon.colcon_core.environment:checking '/home/asimkumar/asitlorbot8_ws/install/asitlorbot8_firmware/bin'
[1.164s] Level 1:colcon.colcon_core.shell:create_environment_hook('asitlorbot8_firmware', 'pythonscriptspath')
[1.165s] INFO:colcon.colcon_core.shell:Creating environment hook '/home/asimkumar/asitlorbot8_ws/install/asitlorbot8_firmware/share/asitlorbot8_firmware/hook/pythonscriptspath.ps1'
[1.165s] INFO:colcon.colcon_core.shell:Creating environment descriptor '/home/asimkumar/asitlorbot8_ws/install/asitlorbot8_firmware/share/asitlorbot8_firmware/hook/pythonscriptspath.dsv'
[1.165s] INFO:colcon.colcon_core.shell:Creating environment hook '/home/asimkumar/asitlorbot8_ws/install/asitlorbot8_firmware/share/asitlorbot8_firmware/hook/pythonscriptspath.sh'
[1.166s] INFO:colcon.colcon_core.shell:Creating package script '/home/asimkumar/asitlorbot8_ws/install/asitlorbot8_firmware/share/asitlorbot8_firmware/package.ps1'
[1.166s] INFO:colcon.colcon_core.shell:Creating package descriptor '/home/asimkumar/asitlorbot8_ws/install/asitlorbot8_firmware/share/asitlorbot8_firmware/package.dsv'
[1.166s] INFO:colcon.colcon_core.shell:Creating package script '/home/asimkumar/asitlorbot8_ws/install/asitlorbot8_firmware/share/asitlorbot8_firmware/package.sh'
[1.167s] INFO:colcon.colcon_core.shell:Creating package script '/home/asimkumar/asitlorbot8_ws/install/asitlorbot8_firmware/share/asitlorbot8_firmware/package.bash'
[1.167s] INFO:colcon.colcon_core.shell:Creating package script '/home/asimkumar/asitlorbot8_ws/install/asitlorbot8_firmware/share/asitlorbot8_firmware/package.zsh'
[1.167s] Level 1:colcon.colcon_core.environment:create_file_with_runtime_dependencies(/home/asimkumar/asitlorbot8_ws/install/asitlorbot8_firmware/share/colcon-core/packages/asitlorbot8_firmware)
[1.169s] Level 1:colcon.colcon_core.environment:create_environment_scripts_only(asitlorbot8_localization)
[1.169s] Level 1:colcon.colcon_core.environment:checking '/home/asimkumar/asitlorbot8_ws/install/asitlorbot8_localization' for CMake module files
[1.170s] DEBUG:colcon.colcon_core.event_handler.log_command:Invoked command in '/home/asimkumar/asitlorbot8_ws/build/asitlorbot8_localization' returned '0': CMAKE_PREFIX_PATH=${CMAKE_PREFIX_PATH}:/home/asimkumar/asitlorbot12_ws/install/asitlorbot12_py_examples:/home/asimkumar/asitlor_ws/install/serial_motor_demo:/home/asimkumar/asitlorbotsix_ws/install/asitlorbot_six:/opt/ros/humble /usr/bin/cmake --install /home/asimkumar/asitlorbot8_ws/build/asitlorbot8_localization
[1.170s] Level 1:colcon.colcon_core.environment:checking '/home/asimkumar/asitlorbot8_ws/install/asitlorbot8_localization' for CMake config files
[1.170s] Level 1:colcon.colcon_core.shell:create_environment_hook('asitlorbot8_localization', 'cmake_prefix_path')
[1.171s] INFO:colcon.colcon_core.shell:Creating environment hook '/home/asimkumar/asitlorbot8_ws/install/asitlorbot8_localization/share/asitlorbot8_localization/hook/cmake_prefix_path.ps1'
[1.171s] INFO:colcon.colcon_core.shell:Creating environment descriptor '/home/asimkumar/asitlorbot8_ws/install/asitlorbot8_localization/share/asitlorbot8_localization/hook/cmake_prefix_path.dsv'
[1.171s] INFO:colcon.colcon_core.shell:Creating environment hook '/home/asimkumar/asitlorbot8_ws/install/asitlorbot8_localization/share/asitlorbot8_localization/hook/cmake_prefix_path.sh'
[1.172s] Level 1:colcon.colcon_core.environment:checking '/home/asimkumar/asitlorbot8_ws/install/asitlorbot8_localization/lib'
[1.172s] Level 1:colcon.colcon_core.environment:checking '/home/asimkumar/asitlorbot8_ws/install/asitlorbot8_localization/bin'
[1.172s] Level 1:colcon.colcon_core.environment:checking '/home/asimkumar/asitlorbot8_ws/install/asitlorbot8_localization/lib/pkgconfig/asitlorbot8_localization.pc'
[1.172s] Level 1:colcon.colcon_core.environment:checking '/home/asimkumar/asitlorbot8_ws/install/asitlorbot8_localization/lib/python3.10/site-packages'
[1.172s] Level 1:colcon.colcon_core.environment:checking '/home/asimkumar/asitlorbot8_ws/install/asitlorbot8_localization/bin'
[1.172s] INFO:colcon.colcon_core.shell:Creating package script '/home/asimkumar/asitlorbot8_ws/install/asitlorbot8_localization/share/asitlorbot8_localization/package.ps1'
[1.173s] INFO:colcon.colcon_core.shell:Creating package descriptor '/home/asimkumar/asitlorbot8_ws/install/asitlorbot8_localization/share/asitlorbot8_localization/package.dsv'
[1.173s] INFO:colcon.colcon_core.shell:Creating package script '/home/asimkumar/asitlorbot8_ws/install/asitlorbot8_localization/share/asitlorbot8_localization/package.sh'
[1.173s] INFO:colcon.colcon_core.shell:Creating package script '/home/asimkumar/asitlorbot8_ws/install/asitlorbot8_localization/share/asitlorbot8_localization/package.bash'
[1.174s] INFO:colcon.colcon_core.shell:Creating package script '/home/asimkumar/asitlorbot8_ws/install/asitlorbot8_localization/share/asitlorbot8_localization/package.zsh'
[1.174s] Level 1:colcon.colcon_core.environment:create_file_with_runtime_dependencies(/home/asimkumar/asitlorbot8_ws/install/asitlorbot8_localization/share/colcon-core/packages/asitlorbot8_localization)
[1.209s] Level 1:colcon.colcon_core.environment:create_environment_scripts_only(asitlorbot8_localization)
[1.209s] Level 1:colcon.colcon_core.environment:checking '/home/asimkumar/asitlorbot8_ws/install/asitlorbot8_localization' for CMake module files
[1.210s] Level 1:colcon.colcon_core.environment:checking '/home/asimkumar/asitlorbot8_ws/install/asitlorbot8_localization' for CMake config files
[1.210s] Level 1:colcon.colcon_core.shell:create_environment_hook('asitlorbot8_localization', 'cmake_prefix_path')
[1.210s] INFO:colcon.colcon_core.shell:Creating environment hook '/home/asimkumar/asitlorbot8_ws/install/asitlorbot8_localization/share/asitlorbot8_localization/hook/cmake_prefix_path.ps1'
[1.211s] INFO:colcon.colcon_core.shell:Creating environment descriptor '/home/asimkumar/asitlorbot8_ws/install/asitlorbot8_localization/share/asitlorbot8_localization/hook/cmake_prefix_path.dsv'
[1.211s] INFO:colcon.colcon_core.shell:Creating environment hook '/home/asimkumar/asitlorbot8_ws/install/asitlorbot8_localization/share/asitlorbot8_localization/hook/cmake_prefix_path.sh'
[1.212s] Level 1:colcon.colcon_core.environment:checking '/home/asimkumar/asitlorbot8_ws/install/asitlorbot8_localization/lib'
[1.212s] Level 1:colcon.colcon_core.environment:checking '/home/asimkumar/asitlorbot8_ws/install/asitlorbot8_localization/bin'
[1.212s] Level 1:colcon.colcon_core.environment:checking '/home/asimkumar/asitlorbot8_ws/install/asitlorbot8_localization/lib/pkgconfig/asitlorbot8_localization.pc'
[1.212s] Level 1:colcon.colcon_core.environment:checking '/home/asimkumar/asitlorbot8_ws/install/asitlorbot8_localization/lib/python3.10/site-packages'
[1.212s] Level 1:colcon.colcon_core.environment:checking '/home/asimkumar/asitlorbot8_ws/install/asitlorbot8_localization/bin'
[1.212s] INFO:colcon.colcon_core.shell:Creating package script '/home/asimkumar/asitlorbot8_ws/install/asitlorbot8_localization/share/asitlorbot8_localization/package.ps1'
[1.213s] INFO:colcon.colcon_core.shell:Creating package descriptor '/home/asimkumar/asitlorbot8_ws/install/asitlorbot8_localization/share/asitlorbot8_localization/package.dsv'
[1.213s] INFO:colcon.colcon_core.shell:Creating package script '/home/asimkumar/asitlorbot8_ws/install/asitlorbot8_localization/share/asitlorbot8_localization/package.sh'
[1.213s] INFO:colcon.colcon_core.shell:Creating package script '/home/asimkumar/asitlorbot8_ws/install/asitlorbot8_localization/share/asitlorbot8_localization/package.bash'
[1.214s] INFO:colcon.colcon_core.shell:Creating package script '/home/asimkumar/asitlorbot8_ws/install/asitlorbot8_localization/share/asitlorbot8_localization/package.zsh'
[1.215s] Level 1:colcon.colcon_core.environment:create_file_with_runtime_dependencies(/home/asimkumar/asitlorbot8_ws/install/asitlorbot8_localization/share/colcon-core/packages/asitlorbot8_localization)
[1.216s] Level 1:colcon.colcon_core.environment:create_environment_scripts_only(asitlorbot8_firmware)
[1.216s] Level 1:colcon.colcon_core.environment:checking '/home/asimkumar/asitlorbot8_ws/install/asitlorbot8_firmware' for CMake module files
[1.217s] Level 1:colcon.colcon_core.environment:checking '/home/asimkumar/asitlorbot8_ws/install/asitlorbot8_firmware' for CMake config files
[1.218s] Level 1:colcon.colcon_core.shell:create_environment_hook('asitlorbot8_firmware', 'cmake_prefix_path')
[1.218s] INFO:colcon.colcon_core.shell:Creating environment hook '/home/asimkumar/asitlorbot8_ws/install/asitlorbot8_firmware/share/asitlorbot8_firmware/hook/cmake_prefix_path.ps1'
[1.218s] INFO:colcon.colcon_core.shell:Creating environment descriptor '/home/asimkumar/asitlorbot8_ws/install/asitlorbot8_firmware/share/asitlorbot8_firmware/hook/cmake_prefix_path.dsv'
[1.219s] INFO:colcon.colcon_core.shell:Creating environment hook '/home/asimkumar/asitlorbot8_ws/install/asitlorbot8_firmware/share/asitlorbot8_firmware/hook/cmake_prefix_path.sh'
[1.219s] Level 1:colcon.colcon_core.environment:checking '/home/asimkumar/asitlorbot8_ws/install/asitlorbot8_firmware/lib'
[1.219s] Level 1:colcon.colcon_core.shell:create_environment_hook('asitlorbot8_firmware', 'ld_library_path_lib')
[1.219s] INFO:colcon.colcon_core.shell:Creating environment hook '/home/asimkumar/asitlorbot8_ws/install/asitlorbot8_firmware/share/asitlorbot8_firmware/hook/ld_library_path_lib.ps1'
[1.220s] INFO:colcon.colcon_core.shell:Creating environment descriptor '/home/asimkumar/asitlorbot8_ws/install/asitlorbot8_firmware/share/asitlorbot8_firmware/hook/ld_library_path_lib.dsv'
[1.220s] INFO:colcon.colcon_core.shell:Creating environment hook '/home/asimkumar/asitlorbot8_ws/install/asitlorbot8_firmware/share/asitlorbot8_firmware/hook/ld_library_path_lib.sh'
[1.220s] Level 1:colcon.colcon_core.environment:checking '/home/asimkumar/asitlorbot8_ws/install/asitlorbot8_firmware/bin'
[1.220s] Level 1:colcon.colcon_core.shell:create_environment_hook('asitlorbot8_firmware', 'path')
[1.220s] INFO:colcon.colcon_core.shell:Creating environment hook '/home/asimkumar/asitlorbot8_ws/install/asitlorbot8_firmware/share/asitlorbot8_firmware/hook/path.ps1'
[1.221s] INFO:colcon.colcon_core.shell:Creating environment descriptor '/home/asimkumar/asitlorbot8_ws/install/asitlorbot8_firmware/share/asitlorbot8_firmware/hook/path.dsv'
[1.221s] INFO:colcon.colcon_core.shell:Creating environment hook '/home/asimkumar/asitlorbot8_ws/install/asitlorbot8_firmware/share/asitlorbot8_firmware/hook/path.sh'
[1.221s] Level 1:colcon.colcon_core.environment:checking '/home/asimkumar/asitlorbot8_ws/install/asitlorbot8_firmware/lib/pkgconfig/asitlorbot8_firmware.pc'
[1.221s] Level 1:colcon.colcon_core.environment:checking '/home/asimkumar/asitlorbot8_ws/install/asitlorbot8_firmware/lib/python3.10/site-packages'
[1.222s] Level 1:colcon.colcon_core.environment:checking '/home/asimkumar/asitlorbot8_ws/install/asitlorbot8_firmware/bin'
[1.222s] Level 1:colcon.colcon_core.shell:create_environment_hook('asitlorbot8_firmware', 'pythonscriptspath')
[1.222s] INFO:colcon.colcon_core.shell:Creating environment hook '/home/asimkumar/asitlorbot8_ws/install/asitlorbot8_firmware/share/asitlorbot8_firmware/hook/pythonscriptspath.ps1'
[1.222s] INFO:colcon.colcon_core.shell:Creating environment descriptor '/home/asimkumar/asitlorbot8_ws/install/asitlorbot8_firmware/share/asitlorbot8_firmware/hook/pythonscriptspath.dsv'
[1.222s] INFO:colcon.colcon_core.shell:Creating environment hook '/home/asimkumar/asitlorbot8_ws/install/asitlorbot8_firmware/share/asitlorbot8_firmware/hook/pythonscriptspath.sh'
[1.223s] INFO:colcon.colcon_core.shell:Creating package script '/home/asimkumar/asitlorbot8_ws/install/asitlorbot8_firmware/share/asitlorbot8_firmware/package.ps1'
[1.223s] INFO:colcon.colcon_core.shell:Creating package descriptor '/home/asimkumar/asitlorbot8_ws/install/asitlorbot8_firmware/share/asitlorbot8_firmware/package.dsv'
[1.224s] INFO:colcon.colcon_core.shell:Creating package script '/home/asimkumar/asitlorbot8_ws/install/asitlorbot8_firmware/share/asitlorbot8_firmware/package.sh'
[1.224s] INFO:colcon.colcon_core.shell:Creating package script '/home/asimkumar/asitlorbot8_ws/install/asitlorbot8_firmware/share/asitlorbot8_firmware/package.bash'
[1.224s] INFO:colcon.colcon_core.shell:Creating package script '/home/asimkumar/asitlorbot8_ws/install/asitlorbot8_firmware/share/asitlorbot8_firmware/package.zsh'
[1.225s] Level 1:colcon.colcon_core.environment:create_file_with_runtime_dependencies(/home/asimkumar/asitlorbot8_ws/install/asitlorbot8_firmware/share/colcon-core/packages/asitlorbot8_firmware)
[1.225s] DEBUG:colcon.colcon_parallel_executor.executor.parallel:closing loop
[1.225s] DEBUG:colcon.colcon_parallel_executor.executor.parallel:loop closed
[1.225s] DEBUG:colcon.colcon_parallel_executor.executor.parallel:run_until_complete finished with '0'
[1.225s] DEBUG:colcon.colcon_core.event_reactor:joining thread
[1.231s] INFO:colcon.colcon_core.plugin_system:Skipping extension 'colcon_notification.desktop_notification.terminal_notifier': Not used on non-Darwin systems
[1.232s] INFO:colcon.colcon_core.plugin_system:Skipping extension 'colcon_notification.desktop_notification.win32': Not used on non-Windows systems
[1.232s] INFO:colcon.colcon_notification.desktop_notification:Sending desktop notification using 'notify2'
[1.244s] DEBUG:colcon.colcon_core.event_reactor:joined thread
[1.245s] INFO:colcon.colcon_core.shell:Creating prefix script '/home/asimkumar/asitlorbot8_ws/install/local_setup.ps1'
[1.246s] INFO:colcon.colcon_core.shell:Creating prefix util module '/home/asimkumar/asitlorbot8_ws/install/_local_setup_util_ps1.py'
[1.247s] INFO:colcon.colcon_core.shell:Creating prefix chain script '/home/asimkumar/asitlorbot8_ws/install/setup.ps1'
[1.251s] INFO:colcon.colcon_core.shell:Creating prefix script '/home/asimkumar/asitlorbot8_ws/install/local_setup.sh'
[1.251s] INFO:colcon.colcon_core.shell:Creating prefix util module '/home/asimkumar/asitlorbot8_ws/install/_local_setup_util_sh.py'
[1.251s] INFO:colcon.colcon_core.shell:Creating prefix chain script '/home/asimkumar/asitlorbot8_ws/install/setup.sh'
[1.255s] INFO:colcon.colcon_core.shell:Creating prefix script '/home/asimkumar/asitlorbot8_ws/install/local_setup.bash'
[1.255s] INFO:colcon.colcon_core.shell:Creating prefix chain script '/home/asimkumar/asitlorbot8_ws/install/setup.bash'
[1.258s] INFO:colcon.colcon_core.shell:Creating prefix script '/home/asimkumar/asitlorbot8_ws/install/local_setup.zsh'
[1.259s] INFO:colcon.colcon_core.shell:Creating prefix chain script '/home/asimkumar/asitlorbot8_ws/install/setup.zsh'
