[0.053s] Invoking command in '/home/asimkumar/asitlorbot8_ws/build/asitlorbot8_firmware': CMAKE_PREFIX_PATH=${CMAKE_PREFIX_PATH}:/home/asimkumar/asitlor_ws/install/serial_motor_demo:/home/asimkumar/asitlorbotsix_ws/install/asitlorbot_six:/opt/ros/humble /usr/bin/cmake --build /home/asimkumar/asitlorbot8_ws/build/asitlorbot8_firmware -- -j8 -l8
[0.184s] [  0%] Built target ament_cmake_python_symlink_asitlorbot8_firmware
[0.213s] [ 33%] Built target simple_serial_transmitter
[0.218s] [ 83%] Built target simple_serial_receiver
[0.218s] [100%] Built target asitlorbot8_firmware
[0.538s] running egg_info
[0.538s] writing asitlorbot8_firmware.egg-info/PKG-INFO
[0.539s] writing dependency_links to asitlorbot8_firmware.egg-info/dependency_links.txt
[0.539s] writing top-level names to asitlorbot8_firmware.egg-info/top_level.txt
[0.542s] reading manifest file 'asitlorbot8_firmware.egg-info/SOURCES.txt'
[0.543s] writing manifest file 'asitlorbot8_firmware.egg-info/SOURCES.txt'
[0.584s] [100%] Built target ament_cmake_python_build_asitlorbot8_firmware_egg
[0.600s] Invoked command in '/home/asimkumar/asitlorbot8_ws/build/asitlorbot8_firmware' returned '0': CMAKE_PREFIX_PATH=${CMAKE_PREFIX_PATH}:/home/asimkumar/asitlor_ws/install/serial_motor_demo:/home/asimkumar/asitlorbotsix_ws/install/asitlorbot_six:/opt/ros/humble /usr/bin/cmake --build /home/asimkumar/asitlorbot8_ws/build/asitlorbot8_firmware -- -j8 -l8
[0.650s] Invoking command in '/home/asimkumar/asitlorbot8_ws/build/asitlorbot8_firmware': CMAKE_PREFIX_PATH=${CMAKE_PREFIX_PATH}:/home/asimkumar/asitlor_ws/install/serial_motor_demo:/home/asimkumar/asitlorbotsix_ws/install/asitlorbot_six:/opt/ros/humble /usr/bin/cmake --install /home/asimkumar/asitlorbot8_ws/build/asitlorbot8_firmware
[0.659s] -- Install configuration: ""
[0.660s] -- Execute custom install script
[0.660s] -- Up-to-date symlink: /home/asimkumar/asitlorbot8_ws/install/asitlorbot8_firmware/share/asitlorbot8_firmware/environment/pythonpath.sh
[0.661s] -- Up-to-date symlink: /home/asimkumar/asitlorbot8_ws/install/asitlorbot8_firmware/share/asitlorbot8_firmware/environment/pythonpath.dsv
[0.661s] -- Up-to-date symlink: /home/asimkumar/asitlorbot8_ws/install/asitlorbot8_firmware/local/lib/python3.10/dist-packages/asitlorbot8_firmware-0.0.0-py3.10.egg-info/PKG-INFO
[0.661s] -- Up-to-date symlink: /home/asimkumar/asitlorbot8_ws/install/asitlorbot8_firmware/local/lib/python3.10/dist-packages/asitlorbot8_firmware-0.0.0-py3.10.egg-info/SOURCES.txt
[0.661s] -- Up-to-date symlink: /home/asimkumar/asitlorbot8_ws/install/asitlorbot8_firmware/local/lib/python3.10/dist-packages/asitlorbot8_firmware-0.0.0-py3.10.egg-info/dependency_links.txt
[0.661s] -- Up-to-date symlink: /home/asimkumar/asitlorbot8_ws/install/asitlorbot8_firmware/local/lib/python3.10/dist-packages/asitlorbot8_firmware-0.0.0-py3.10.egg-info/top_level.txt
[0.662s] -- Up-to-date symlink: /home/asimkumar/asitlorbot8_ws/install/asitlorbot8_firmware/local/lib/python3.10/dist-packages/asitlorbot8_firmware/__init__.py
[0.662s] -- Up-to-date symlink: /home/asimkumar/asitlorbot8_ws/install/asitlorbot8_firmware/local/lib/python3.10/dist-packages/asitlorbot8_firmware/simple_serial_receiver.py
[0.662s] -- Up-to-date symlink: /home/asimkumar/asitlorbot8_ws/install/asitlorbot8_firmware/local/lib/python3.10/dist-packages/asitlorbot8_firmware/simple_serial_transmitter.py
[0.663s] -- Up-to-date symlink: /home/asimkumar/asitlorbot8_ws/install/asitlorbot8_firmware/share/asitlorbot8_firmware//asitlorbot8_interface.xml
[0.664s] -- Up-to-date symlink: /home/asimkumar/asitlorbot8_ws/install/asitlorbot8_firmware/lib/libasitlorbot8_firmware.so
[0.665s] -- Up-to-date symlink: /home/asimkumar/asitlorbot8_ws/install/asitlorbot8_firmware/include/include/asitlorbot8_firmware/asitlorbot8_interface.hpp
[0.665s] -- Up-to-date symlink: /home/asimkumar/asitlorbot8_ws/install/asitlorbot8_firmware/share/asitlorbot8_firmware/launch/hardware_interface.launch.py
[0.666s] -- Up-to-date symlink: /home/asimkumar/asitlorbot8_ws/install/asitlorbot8_firmware/share/asitlorbot8_firmware/launch/imu_sense.py
[0.666s] -- Up-to-date symlink: /home/asimkumar/asitlorbot8_ws/install/asitlorbot8_firmware/lib/asitlorbot8_firmware/simple_serial_transmitter.py
[0.666s] -- Up-to-date symlink: /home/asimkumar/asitlorbot8_ws/install/asitlorbot8_firmware/lib/asitlorbot8_firmware/simple_serial_receiver.py
[0.666s] -- Up-to-date symlink: /home/asimkumar/asitlorbot8_ws/install/asitlorbot8_firmware/bin/simple_serial_receiver
[0.667s] -- Up-to-date symlink: /home/asimkumar/asitlorbot8_ws/install/asitlorbot8_firmware/bin/simple_serial_transmitter
[0.667s] -- Up-to-date symlink: /home/asimkumar/asitlorbot8_ws/install/asitlorbot8_firmware/share/asitlorbot8_firmware/environment/library_path.sh
[0.667s] -- Up-to-date symlink: /home/asimkumar/asitlorbot8_ws/install/asitlorbot8_firmware/share/asitlorbot8_firmware/environment/library_path.dsv
[0.667s] -- Up-to-date symlink: /home/asimkumar/asitlorbot8_ws/install/asitlorbot8_firmware/share/ament_index/resource_index/package_run_dependencies/asitlorbot8_firmware
[0.668s] -- Up-to-date symlink: /home/asimkumar/asitlorbot8_ws/install/asitlorbot8_firmware/share/ament_index/resource_index/parent_prefix_path/asitlorbot8_firmware
[0.668s] -- Up-to-date symlink: /home/asimkumar/asitlorbot8_ws/install/asitlorbot8_firmware/share/asitlorbot8_firmware/environment/ament_prefix_path.sh
[0.668s] -- Up-to-date symlink: /home/asimkumar/asitlorbot8_ws/install/asitlorbot8_firmware/share/asitlorbot8_firmware/environment/ament_prefix_path.dsv
[0.668s] -- Up-to-date symlink: /home/asimkumar/asitlorbot8_ws/install/asitlorbot8_firmware/share/asitlorbot8_firmware/environment/path.sh
[0.668s] -- Up-to-date symlink: /home/asimkumar/asitlorbot8_ws/install/asitlorbot8_firmware/share/asitlorbot8_firmware/environment/path.dsv
[0.668s] -- Up-to-date symlink: /home/asimkumar/asitlorbot8_ws/install/asitlorbot8_firmware/share/asitlorbot8_firmware/local_setup.bash
[0.669s] -- Up-to-date symlink: /home/asimkumar/asitlorbot8_ws/install/asitlorbot8_firmware/share/asitlorbot8_firmware/local_setup.sh
[0.669s] -- Up-to-date symlink: /home/asimkumar/asitlorbot8_ws/install/asitlorbot8_firmware/share/asitlorbot8_firmware/local_setup.zsh
[0.669s] -- Up-to-date symlink: /home/asimkumar/asitlorbot8_ws/install/asitlorbot8_firmware/share/asitlorbot8_firmware/local_setup.dsv
[0.669s] -- Symlinking: /home/asimkumar/asitlorbot8_ws/install/asitlorbot8_firmware/share/asitlorbot8_firmware/package.dsv
[0.683s] -- Up-to-date symlink: /home/asimkumar/asitlorbot8_ws/install/asitlorbot8_firmware/share/ament_index/resource_index/packages/asitlorbot8_firmware
[0.683s] -- Up-to-date symlink: /home/asimkumar/asitlorbot8_ws/install/asitlorbot8_firmware/share/ament_index/resource_index/hardware_interface__pluginlib__plugin/asitlorbot8_firmware
[0.684s] -- Up-to-date symlink: /home/asimkumar/asitlorbot8_ws/install/asitlorbot8_firmware/share/asitlorbot8_firmware/cmake/ament_cmake_export_include_directories-extras.cmake
[0.684s] -- Up-to-date symlink: /home/asimkumar/asitlorbot8_ws/install/asitlorbot8_firmware/share/asitlorbot8_firmware/cmake/ament_cmake_export_libraries-extras.cmake
[0.685s] -- Up-to-date symlink: /home/asimkumar/asitlorbot8_ws/install/asitlorbot8_firmware/share/asitlorbot8_firmware/cmake/ament_cmake_export_dependencies-extras.cmake
[0.685s] -- Up-to-date symlink: /home/asimkumar/asitlorbot8_ws/install/asitlorbot8_firmware/share/asitlorbot8_firmware/cmake/asitlorbot8_firmwareConfig.cmake
[0.685s] -- Up-to-date symlink: /home/asimkumar/asitlorbot8_ws/install/asitlorbot8_firmware/share/asitlorbot8_firmware/cmake/asitlorbot8_firmwareConfig-version.cmake
[0.685s] -- Up-to-date symlink: /home/asimkumar/asitlorbot8_ws/install/asitlorbot8_firmware/share/asitlorbot8_firmware/package.xml
[0.724s] Listing '/home/asimkumar/asitlorbot8_ws/install/asitlorbot8_firmware/local/lib/python3.10/dist-packages/asitlorbot8_firmware'...
[0.740s] Invoked command in '/home/asimkumar/asitlorbot8_ws/build/asitlorbot8_firmware' returned '0': CMAKE_PREFIX_PATH=${CMAKE_PREFIX_PATH}:/home/asimkumar/asitlor_ws/install/serial_motor_demo:/home/asimkumar/asitlorbotsix_ws/install/asitlorbot_six:/opt/ros/humble /usr/bin/cmake --install /home/asimkumar/asitlorbot8_ws/build/asitlorbot8_firmware
