[0.042s] Invoking command in '/home/asimkumar/asitlorbot8_ws/build/asitlorbot8_description': CMAKE_PREFIX_PATH=/opt/ros/humble /usr/bin/cmake /home/asimkumar/asitlorbot8_ws/src/asitlorbot8_description -DAMENT_CMAKE_SYMLINK_INSTALL=1 -DCMAKE_INSTALL_PREFIX=/home/asimkumar/asitlorbot8_ws/install/asitlorbot8_description
[0.134s] -- The C compiler identification is GNU 11.4.0
[0.241s] -- The CXX compiler identification is GNU 11.4.0
[0.250s] -- Detecting C compiler ABI info
[0.374s] -- Detecting C compiler ABI info - done
[0.383s] -- Check for working C compiler: /usr/bin/cc - skipped
[0.383s] -- Detecting C compile features
[0.384s] -- Detecting C compile features - done
[0.388s] -- Detecting CXX compiler ABI info
[0.524s] -- Detecting CXX compiler ABI info - done
[0.534s] -- Check for working CXX compiler: /usr/bin/c++ - skipped
[0.535s] -- Detecting CXX compile features
[0.535s] -- Detecting CXX compile features - done
[0.540s] -- Found ament_cmake: 1.3.8 (/opt/ros/humble/share/ament_cmake/cmake)
[0.857s] -- Found Python3: /usr/bin/python3 (found version "3.10.12") found components: Interpreter 
[0.990s] -- Override CMake install command with custom implementation using symlinks instead of copying resources
[1.036s] -- Found ament_lint_auto: 0.12.10 (/opt/ros/humble/share/ament_lint_auto/cmake)
[1.183s] -- Added test 'flake8' to check Python code syntax and style conventions
[1.184s] -- Added test 'lint_cmake' to check CMake code style
[1.185s] -- Added test 'pep257' to check Python code against some of the docstring style conventions in PEP 257
[1.189s] -- Added test 'xmllint' to check XML markup files
[1.190s] -- Configuring done
[1.198s] -- Generating done
[1.198s] -- Build files have been written to: /home/asimkumar/asitlorbot8_ws/build/asitlorbot8_description
[1.212s] Invoked command in '/home/asimkumar/asitlorbot8_ws/build/asitlorbot8_description' returned '0': CMAKE_PREFIX_PATH=/opt/ros/humble /usr/bin/cmake /home/asimkumar/asitlorbot8_ws/src/asitlorbot8_description -DAMENT_CMAKE_SYMLINK_INSTALL=1 -DCMAKE_INSTALL_PREFIX=/home/asimkumar/asitlorbot8_ws/install/asitlorbot8_description
[1.212s] Invoking command in '/home/asimkumar/asitlorbot8_ws/build/asitlorbot8_description': CMAKE_PREFIX_PATH=/opt/ros/humble /usr/bin/cmake --build /home/asimkumar/asitlorbot8_ws/build/asitlorbot8_description -- -j8 -l8
[1.280s] Invoked command in '/home/asimkumar/asitlorbot8_ws/build/asitlorbot8_description' returned '0': CMAKE_PREFIX_PATH=/opt/ros/humble /usr/bin/cmake --build /home/asimkumar/asitlorbot8_ws/build/asitlorbot8_description -- -j8 -l8
[1.337s] Invoking command in '/home/asimkumar/asitlorbot8_ws/build/asitlorbot8_description': CMAKE_PREFIX_PATH=/opt/ros/humble /usr/bin/cmake --install /home/asimkumar/asitlorbot8_ws/build/asitlorbot8_description
[1.350s] -- Install configuration: ""
[1.350s] -- Execute custom install script
[1.351s] -- Symlinking: /home/asimkumar/asitlorbot8_ws/install/asitlorbot8_description/share/asitlorbot8_description/urdf/asitlorbot8.urdf.xacro
[1.367s] -- Symlinking: /home/asimkumar/asitlorbot8_ws/install/asitlorbot8_description/share/asitlorbot8_description/urdf/gazebo_control.xacro
[1.386s] -- Symlinking: /home/asimkumar/asitlorbot8_ws/install/asitlorbot8_description/share/asitlorbot8_description/urdf/imu.xacro
[1.403s] -- Symlinking: /home/asimkumar/asitlorbot8_ws/install/asitlorbot8_description/share/asitlorbot8_description/urdf/inertial_macros.xacro
[1.418s] -- Symlinking: /home/asimkumar/asitlorbot8_ws/install/asitlorbot8_description/share/asitlorbot8_description/urdf/lidar.xacro
[1.433s] -- Symlinking: /home/asimkumar/asitlorbot8_ws/install/asitlorbot8_description/share/asitlorbot8_description/urdf/robot_core.xacro
[1.448s] -- Symlinking: /home/asimkumar/asitlorbot8_ws/install/asitlorbot8_description/share/asitlorbot8_description/urdf/ros2_control.xacro
[1.464s] -- Symlinking: /home/asimkumar/asitlorbot8_ws/install/asitlorbot8_description/share/asitlorbot8_description/urdf/transmission.xacro
[1.501s] -- Symlinking: /home/asimkumar/asitlorbot8_ws/install/asitlorbot8_description/share/asitlorbot8_description/launch/display.launch.py
[1.521s] -- Symlinking: /home/asimkumar/asitlorbot8_ws/install/asitlorbot8_description/share/asitlorbot8_description/launch/gazebo.launch.py
[1.541s] -- Symlinking: /home/asimkumar/asitlorbot8_ws/install/asitlorbot8_description/share/asitlorbot8_description/launch/rsp.launch.py
[1.556s] -- Symlinking: /home/asimkumar/asitlorbot8_ws/install/asitlorbot8_description/share/asitlorbot8_description/rviz/display.rviz
[1.573s] -- Symlinking: /home/asimkumar/asitlorbot8_ws/install/asitlorbot8_description/share/ament_index/resource_index/package_run_dependencies/asitlorbot8_description
[1.589s] -- Symlinking: /home/asimkumar/asitlorbot8_ws/install/asitlorbot8_description/share/ament_index/resource_index/parent_prefix_path/asitlorbot8_description
[1.608s] -- Symlinking: /home/asimkumar/asitlorbot8_ws/install/asitlorbot8_description/share/asitlorbot8_description/environment/ament_prefix_path.sh
[1.624s] -- Symlinking: /home/asimkumar/asitlorbot8_ws/install/asitlorbot8_description/share/asitlorbot8_description/environment/ament_prefix_path.dsv
[1.639s] -- Symlinking: /home/asimkumar/asitlorbot8_ws/install/asitlorbot8_description/share/asitlorbot8_description/environment/path.sh
[1.653s] -- Symlinking: /home/asimkumar/asitlorbot8_ws/install/asitlorbot8_description/share/asitlorbot8_description/environment/path.dsv
[1.668s] -- Symlinking: /home/asimkumar/asitlorbot8_ws/install/asitlorbot8_description/share/asitlorbot8_description/local_setup.bash
[1.683s] -- Symlinking: /home/asimkumar/asitlorbot8_ws/install/asitlorbot8_description/share/asitlorbot8_description/local_setup.sh
[1.702s] -- Symlinking: /home/asimkumar/asitlorbot8_ws/install/asitlorbot8_description/share/asitlorbot8_description/local_setup.zsh
[1.714s] -- Symlinking: /home/asimkumar/asitlorbot8_ws/install/asitlorbot8_description/share/asitlorbot8_description/local_setup.dsv
[1.727s] -- Symlinking: /home/asimkumar/asitlorbot8_ws/install/asitlorbot8_description/share/asitlorbot8_description/package.dsv
[1.740s] -- Symlinking: /home/asimkumar/asitlorbot8_ws/install/asitlorbot8_description/share/ament_index/resource_index/packages/asitlorbot8_description
[1.755s] -- Symlinking: /home/asimkumar/asitlorbot8_ws/install/asitlorbot8_description/share/asitlorbot8_description/cmake/asitlorbot8_descriptionConfig.cmake
[1.767s] -- Symlinking: /home/asimkumar/asitlorbot8_ws/install/asitlorbot8_description/share/asitlorbot8_description/cmake/asitlorbot8_descriptionConfig-version.cmake
[1.781s] -- Symlinking: /home/asimkumar/asitlorbot8_ws/install/asitlorbot8_description/share/asitlorbot8_description/package.xml
[1.799s] Invoked command in '/home/asimkumar/asitlorbot8_ws/build/asitlorbot8_description' returned '0': CMAKE_PREFIX_PATH=/opt/ros/humble /usr/bin/cmake --install /home/asimkumar/asitlorbot8_ws/build/asitlorbot8_description
