[0.104s] Invoking command in '/home/asimkumar/asitlorbot8_ws/build/asitlorbot8_controller': CMAKE_PREFIX_PATH=${CMAKE_PREFIX_PATH}:/home/asimkumar/asitlor11_ws/install/asitlor11_py_examples:/home/asimkumar/asitlor_ws/install/serial_motor_demo:/home/asimkumar/asitlorbotsix_ws/install/asitlorbot_six:/opt/ros/humble /usr/bin/cmake --build /home/asimkumar/asitlorbot8_ws/build/asitlorbot8_controller -- -j8 -l8
[0.258s] Built target ament_cmake_python_symlink_asitlorbot8_controller
[0.886s] running egg_info
[0.887s] writing asitlorbot8_controller.egg-info/PKG-INFO
[0.887s] writing dependency_links to asitlorbot8_controller.egg-info/dependency_links.txt
[0.888s] writing top-level names to asitlorbot8_controller.egg-info/top_level.txt
[0.893s] reading manifest file 'asitlorbot8_controller.egg-info/SOURCES.txt'
[0.894s] writing manifest file 'asitlorbot8_controller.egg-info/SOURCES.txt'
[0.953s] Built target ament_cmake_python_build_asitlorbot8_controller_egg
[0.975s] Invoked command in '/home/asimkumar/asitlorbot8_ws/build/asitlorbot8_controller' returned '0': CMAKE_PREFIX_PATH=${CMAKE_PREFIX_PATH}:/home/asimkumar/asitlor11_ws/install/asitlor11_py_examples:/home/asimkumar/asitlor_ws/install/serial_motor_demo:/home/asimkumar/asitlorbotsix_ws/install/asitlorbot_six:/opt/ros/humble /usr/bin/cmake --build /home/asimkumar/asitlorbot8_ws/build/asitlorbot8_controller -- -j8 -l8
[1.026s] Invoking command in '/home/asimkumar/asitlorbot8_ws/build/asitlorbot8_controller': CMAKE_PREFIX_PATH=${CMAKE_PREFIX_PATH}:/home/asimkumar/asitlor11_ws/install/asitlor11_py_examples:/home/asimkumar/asitlor_ws/install/serial_motor_demo:/home/asimkumar/asitlorbotsix_ws/install/asitlorbot_six:/opt/ros/humble /usr/bin/cmake --install /home/asimkumar/asitlorbot8_ws/build/asitlorbot8_controller
[1.040s] -- Install configuration: ""
[1.041s] -- Execute custom install script
[1.042s] -- Up-to-date symlink: /home/asimkumar/asitlorbot8_ws/install/asitlorbot8_controller/share/asitlorbot8_controller/environment/pythonpath.sh
[1.042s] -- Up-to-date symlink: /home/asimkumar/asitlorbot8_ws/install/asitlorbot8_controller/share/asitlorbot8_controller/environment/pythonpath.dsv
[1.042s] -- Up-to-date symlink: /home/asimkumar/asitlorbot8_ws/install/asitlorbot8_controller/local/lib/python3.10/dist-packages/asitlorbot8_controller-0.0.0-py3.10.egg-info/PKG-INFO
[1.042s] -- Up-to-date symlink: /home/asimkumar/asitlorbot8_ws/install/asitlorbot8_controller/local/lib/python3.10/dist-packages/asitlorbot8_controller-0.0.0-py3.10.egg-info/SOURCES.txt
[1.043s] -- Up-to-date symlink: /home/asimkumar/asitlorbot8_ws/install/asitlorbot8_controller/local/lib/python3.10/dist-packages/asitlorbot8_controller-0.0.0-py3.10.egg-info/dependency_links.txt
[1.043s] -- Up-to-date symlink: /home/asimkumar/asitlorbot8_ws/install/asitlorbot8_controller/local/lib/python3.10/dist-packages/asitlorbot8_controller-0.0.0-py3.10.egg-info/top_level.txt
[1.043s] -- Up-to-date symlink: /home/asimkumar/asitlorbot8_ws/install/asitlorbot8_controller/local/lib/python3.10/dist-packages/asitlorbot8_controller/__init__.py
[1.043s] -- Up-to-date symlink: /home/asimkumar/asitlorbot8_ws/install/asitlorbot8_controller/local/lib/python3.10/dist-packages/asitlorbot8_controller/circular_motion.py
[1.044s] -- Up-to-date symlink: /home/asimkumar/asitlorbot8_ws/install/asitlorbot8_controller/local/lib/python3.10/dist-packages/asitlorbot8_controller/noisy_controller.py
[1.044s] -- Up-to-date symlink: /home/asimkumar/asitlorbot8_ws/install/asitlorbot8_controller/share/asitlorbot8_controller/config/asitlorbot8_controllers.yaml
[1.044s] -- Up-to-date symlink: /home/asimkumar/asitlorbot8_ws/install/asitlorbot8_controller/share/asitlorbot8_controller/launch/controller.launch.py
[1.045s] -- Up-to-date symlink: /home/asimkumar/asitlorbot8_ws/install/asitlorbot8_controller/lib/asitlorbot8_controller/noisy_controller.py
[1.045s] -- Up-to-date symlink: /home/asimkumar/asitlorbot8_ws/install/asitlorbot8_controller/lib/asitlorbot8_controller/circular_motion.py
[1.045s] -- Up-to-date symlink: /home/asimkumar/asitlorbot8_ws/install/asitlorbot8_controller/share/ament_index/resource_index/package_run_dependencies/asitlorbot8_controller
[1.045s] -- Up-to-date symlink: /home/asimkumar/asitlorbot8_ws/install/asitlorbot8_controller/share/ament_index/resource_index/parent_prefix_path/asitlorbot8_controller
[1.046s] -- Up-to-date symlink: /home/asimkumar/asitlorbot8_ws/install/asitlorbot8_controller/share/asitlorbot8_controller/environment/ament_prefix_path.sh
[1.046s] -- Up-to-date symlink: /home/asimkumar/asitlorbot8_ws/install/asitlorbot8_controller/share/asitlorbot8_controller/environment/ament_prefix_path.dsv
[1.046s] -- Up-to-date symlink: /home/asimkumar/asitlorbot8_ws/install/asitlorbot8_controller/share/asitlorbot8_controller/environment/path.sh
[1.046s] -- Up-to-date symlink: /home/asimkumar/asitlorbot8_ws/install/asitlorbot8_controller/share/asitlorbot8_controller/environment/path.dsv
[1.046s] -- Up-to-date symlink: /home/asimkumar/asitlorbot8_ws/install/asitlorbot8_controller/share/asitlorbot8_controller/local_setup.bash
[1.047s] -- Up-to-date symlink: /home/asimkumar/asitlorbot8_ws/install/asitlorbot8_controller/share/asitlorbot8_controller/local_setup.sh
[1.047s] -- Up-to-date symlink: /home/asimkumar/asitlorbot8_ws/install/asitlorbot8_controller/share/asitlorbot8_controller/local_setup.zsh
[1.047s] -- Up-to-date symlink: /home/asimkumar/asitlorbot8_ws/install/asitlorbot8_controller/share/asitlorbot8_controller/local_setup.dsv
[1.047s] -- Symlinking: /home/asimkumar/asitlorbot8_ws/install/asitlorbot8_controller/share/asitlorbot8_controller/package.dsv
[1.065s] -- Up-to-date symlink: /home/asimkumar/asitlorbot8_ws/install/asitlorbot8_controller/share/ament_index/resource_index/packages/asitlorbot8_controller
[1.065s] -- Up-to-date symlink: /home/asimkumar/asitlorbot8_ws/install/asitlorbot8_controller/share/asitlorbot8_controller/cmake/asitlorbot8_controllerConfig.cmake
[1.065s] -- Up-to-date symlink: /home/asimkumar/asitlorbot8_ws/install/asitlorbot8_controller/share/asitlorbot8_controller/cmake/asitlorbot8_controllerConfig-version.cmake
[1.065s] -- Up-to-date symlink: /home/asimkumar/asitlorbot8_ws/install/asitlorbot8_controller/share/asitlorbot8_controller/package.xml
[1.128s] Listing '/home/asimkumar/asitlorbot8_ws/install/asitlorbot8_controller/local/lib/python3.10/dist-packages/asitlorbot8_controller'...
[1.140s] Invoked command in '/home/asimkumar/asitlorbot8_ws/build/asitlorbot8_controller' returned '0': CMAKE_PREFIX_PATH=${CMAKE_PREFIX_PATH}:/home/asimkumar/asitlor11_ws/install/asitlor11_py_examples:/home/asimkumar/asitlor_ws/install/serial_motor_demo:/home/asimkumar/asitlorbotsix_ws/install/asitlorbot_six:/opt/ros/humble /usr/bin/cmake --install /home/asimkumar/asitlorbot8_ws/build/asitlorbot8_controller
