[0.098s] DEBUG:colcon:Command line arguments: ['/usr/bin/colcon', 'build', '--symlink-install']
[0.098s] DEBUG:colcon:Parsed command line arguments: Namespace(log_base=None, log_level=None, verb_name='build', build_base='build', install_base='install', merge_install=False, symlink_install=True, test_result_base=None, continue_on_error=False, executor='parallel', parallel_workers=8, event_handlers=None, ignore_user_meta=False, metas=['./colcon.meta'], base_paths=['.'], packages_ignore=None, packages_ignore_regex=None, paths=None, packages_up_to=None, packages_up_to_regex=None, packages_above=None, packages_above_and_dependencies=None, packages_above_depth=None, packages_select_by_dep=None, packages_skip_by_dep=None, packages_skip_up_to=None, packages_select_build_failed=False, packages_skip_build_finished=False, packages_select_test_failures=False, packages_skip_test_passed=False, packages_select=None, packages_skip=None, packages_select_regex=None, packages_skip_regex=None, packages_start=None, packages_end=None, allow_overriding=[], cmake_args=None, cmake_target=None, cmake_target_skip_unavailable=False, cmake_clean_cache=False, cmake_clean_first=False, cmake_force_configure=False, ament_cmake_args=None, catkin_cmake_args=None, catkin_skip_building_tests=False, verb_parser=<colcon_defaults.argument_parser.defaults.DefaultArgumentsDecorator object at 0x78fee2cd2020>, verb_extension=<colcon_core.verb.build.BuildVerb object at 0x78fee2e3f8e0>, main=<bound method BuildVerb.main of <colcon_core.verb.build.BuildVerb object at 0x78fee2e3f8e0>>)
[0.274s] Level 1:colcon.colcon_core.package_discovery:discover_packages(colcon_meta) check parameters
[0.274s] Level 1:colcon.colcon_core.package_discovery:discover_packages(recursive) check parameters
[0.274s] Level 1:colcon.colcon_core.package_discovery:discover_packages(ignore) check parameters
[0.274s] Level 1:colcon.colcon_core.package_discovery:discover_packages(path) check parameters
[0.274s] Level 1:colcon.colcon_core.package_discovery:discover_packages(colcon_meta) discover
[0.274s] Level 1:colcon.colcon_core.package_discovery:discover_packages(recursive) discover
[0.274s] INFO:colcon.colcon_core.package_discovery:Crawling recursively for packages in '/home/asimkumar/asitlorbot8_ws'
[0.275s] Level 1:colcon.colcon_core.package_identification:_identify(.) by extensions ['ignore', 'ignore_ament_install']
[0.275s] Level 1:colcon.colcon_core.package_identification:_identify(.) by extension 'ignore'
[0.275s] Level 1:colcon.colcon_core.package_identification:_identify(.) by extension 'ignore_ament_install'
[0.275s] Level 1:colcon.colcon_core.package_identification:_identify(.) by extensions ['colcon_pkg']
[0.275s] Level 1:colcon.colcon_core.package_identification:_identify(.) by extension 'colcon_pkg'
[0.275s] Level 1:colcon.colcon_core.package_identification:_identify(.) by extensions ['colcon_meta']
[0.275s] Level 1:colcon.colcon_core.package_identification:_identify(.) by extension 'colcon_meta'
[0.275s] Level 1:colcon.colcon_core.package_identification:_identify(.) by extensions ['ros']
[0.275s] Level 1:colcon.colcon_core.package_identification:_identify(.) by extension 'ros'
[0.286s] Level 1:colcon.colcon_core.package_identification:_identify(.) by extensions ['cmake', 'python']
[0.286s] Level 1:colcon.colcon_core.package_identification:_identify(.) by extension 'cmake'
[0.286s] Level 1:colcon.colcon_core.package_identification:_identify(.) by extension 'python'
[0.286s] Level 1:colcon.colcon_core.package_identification:_identify(.) by extensions ['python_setup_py']
[0.286s] Level 1:colcon.colcon_core.package_identification:_identify(.) by extension 'python_setup_py'
[0.286s] Level 1:colcon.colcon_core.package_identification:_identify(build) by extensions ['ignore', 'ignore_ament_install']
[0.286s] Level 1:colcon.colcon_core.package_identification:_identify(build) by extension 'ignore'
[0.286s] Level 1:colcon.colcon_core.package_identification:_identify(build) ignored
[0.286s] Level 1:colcon.colcon_core.package_identification:_identify(install) by extensions ['ignore', 'ignore_ament_install']
[0.286s] Level 1:colcon.colcon_core.package_identification:_identify(install) by extension 'ignore'
[0.287s] Level 1:colcon.colcon_core.package_identification:_identify(install) ignored
[0.287s] Level 1:colcon.colcon_core.package_identification:_identify(log) by extensions ['ignore', 'ignore_ament_install']
[0.287s] Level 1:colcon.colcon_core.package_identification:_identify(log) by extension 'ignore'
[0.287s] Level 1:colcon.colcon_core.package_identification:_identify(log) ignored
[0.287s] Level 1:colcon.colcon_core.package_identification:_identify(src) by extensions ['ignore', 'ignore_ament_install']
[0.287s] Level 1:colcon.colcon_core.package_identification:_identify(src) by extension 'ignore'
[0.287s] Level 1:colcon.colcon_core.package_identification:_identify(src) by extension 'ignore_ament_install'
[0.287s] Level 1:colcon.colcon_core.package_identification:_identify(src) by extensions ['colcon_pkg']
[0.287s] Level 1:colcon.colcon_core.package_identification:_identify(src) by extension 'colcon_pkg'
[0.287s] Level 1:colcon.colcon_core.package_identification:_identify(src) by extensions ['colcon_meta']
[0.287s] Level 1:colcon.colcon_core.package_identification:_identify(src) by extension 'colcon_meta'
[0.287s] Level 1:colcon.colcon_core.package_identification:_identify(src) by extensions ['ros']
[0.287s] Level 1:colcon.colcon_core.package_identification:_identify(src) by extension 'ros'
[0.287s] Level 1:colcon.colcon_core.package_identification:_identify(src) by extensions ['cmake', 'python']
[0.287s] Level 1:colcon.colcon_core.package_identification:_identify(src) by extension 'cmake'
[0.287s] Level 1:colcon.colcon_core.package_identification:_identify(src) by extension 'python'
[0.287s] Level 1:colcon.colcon_core.package_identification:_identify(src) by extensions ['python_setup_py']
[0.287s] Level 1:colcon.colcon_core.package_identification:_identify(src) by extension 'python_setup_py'
[0.287s] Level 1:colcon.colcon_core.package_identification:_identify(src/asitlorbot8_controller) by extensions ['ignore', 'ignore_ament_install']
[0.287s] Level 1:colcon.colcon_core.package_identification:_identify(src/asitlorbot8_controller) by extension 'ignore'
[0.287s] Level 1:colcon.colcon_core.package_identification:_identify(src/asitlorbot8_controller) by extension 'ignore_ament_install'
[0.288s] Level 1:colcon.colcon_core.package_identification:_identify(src/asitlorbot8_controller) by extensions ['colcon_pkg']
[0.288s] Level 1:colcon.colcon_core.package_identification:_identify(src/asitlorbot8_controller) by extension 'colcon_pkg'
[0.288s] Level 1:colcon.colcon_core.package_identification:_identify(src/asitlorbot8_controller) by extensions ['colcon_meta']
[0.288s] Level 1:colcon.colcon_core.package_identification:_identify(src/asitlorbot8_controller) by extension 'colcon_meta'
[0.288s] Level 1:colcon.colcon_core.package_identification:_identify(src/asitlorbot8_controller) by extensions ['ros']
[0.288s] Level 1:colcon.colcon_core.package_identification:_identify(src/asitlorbot8_controller) by extension 'ros'
[0.302s] DEBUG:colcon.colcon_core.package_identification:Package 'src/asitlorbot8_controller' with type 'ros.ament_cmake' and name 'asitlorbot8_controller'
[0.302s] Level 1:colcon.colcon_core.package_identification:_identify(src/asitlorbot8_cpp_examples) by extensions ['ignore', 'ignore_ament_install']
[0.302s] Level 1:colcon.colcon_core.package_identification:_identify(src/asitlorbot8_cpp_examples) by extension 'ignore'
[0.302s] Level 1:colcon.colcon_core.package_identification:_identify(src/asitlorbot8_cpp_examples) by extension 'ignore_ament_install'
[0.302s] Level 1:colcon.colcon_core.package_identification:_identify(src/asitlorbot8_cpp_examples) by extensions ['colcon_pkg']
[0.302s] Level 1:colcon.colcon_core.package_identification:_identify(src/asitlorbot8_cpp_examples) by extension 'colcon_pkg'
[0.302s] Level 1:colcon.colcon_core.package_identification:_identify(src/asitlorbot8_cpp_examples) by extensions ['colcon_meta']
[0.302s] Level 1:colcon.colcon_core.package_identification:_identify(src/asitlorbot8_cpp_examples) by extension 'colcon_meta'
[0.302s] Level 1:colcon.colcon_core.package_identification:_identify(src/asitlorbot8_cpp_examples) by extensions ['ros']
[0.302s] Level 1:colcon.colcon_core.package_identification:_identify(src/asitlorbot8_cpp_examples) by extension 'ros'
[0.303s] DEBUG:colcon.colcon_core.package_identification:Package 'src/asitlorbot8_cpp_examples' with type 'ros.ament_cmake' and name 'asitlorbot8_cpp_examples'
[0.303s] Level 1:colcon.colcon_core.package_identification:_identify(src/asitlorbot8_description) by extensions ['ignore', 'ignore_ament_install']
[0.303s] Level 1:colcon.colcon_core.package_identification:_identify(src/asitlorbot8_description) by extension 'ignore'
[0.303s] Level 1:colcon.colcon_core.package_identification:_identify(src/asitlorbot8_description) by extension 'ignore_ament_install'
[0.303s] Level 1:colcon.colcon_core.package_identification:_identify(src/asitlorbot8_description) by extensions ['colcon_pkg']
[0.303s] Level 1:colcon.colcon_core.package_identification:_identify(src/asitlorbot8_description) by extension 'colcon_pkg'
[0.303s] Level 1:colcon.colcon_core.package_identification:_identify(src/asitlorbot8_description) by extensions ['colcon_meta']
[0.303s] Level 1:colcon.colcon_core.package_identification:_identify(src/asitlorbot8_description) by extension 'colcon_meta'
[0.303s] Level 1:colcon.colcon_core.package_identification:_identify(src/asitlorbot8_description) by extensions ['ros']
[0.303s] Level 1:colcon.colcon_core.package_identification:_identify(src/asitlorbot8_description) by extension 'ros'
[0.304s] DEBUG:colcon.colcon_core.package_identification:Package 'src/asitlorbot8_description' with type 'ros.ament_cmake' and name 'asitlorbot8_description'
[0.304s] Level 1:colcon.colcon_core.package_identification:_identify(src/asitlorbot8_localization) by extensions ['ignore', 'ignore_ament_install']
[0.304s] Level 1:colcon.colcon_core.package_identification:_identify(src/asitlorbot8_localization) by extension 'ignore'
[0.304s] Level 1:colcon.colcon_core.package_identification:_identify(src/asitlorbot8_localization) by extension 'ignore_ament_install'
[0.304s] Level 1:colcon.colcon_core.package_identification:_identify(src/asitlorbot8_localization) by extensions ['colcon_pkg']
[0.304s] Level 1:colcon.colcon_core.package_identification:_identify(src/asitlorbot8_localization) by extension 'colcon_pkg'
[0.304s] Level 1:colcon.colcon_core.package_identification:_identify(src/asitlorbot8_localization) by extensions ['colcon_meta']
[0.304s] Level 1:colcon.colcon_core.package_identification:_identify(src/asitlorbot8_localization) by extension 'colcon_meta'
[0.304s] Level 1:colcon.colcon_core.package_identification:_identify(src/asitlorbot8_localization) by extensions ['ros']
[0.304s] Level 1:colcon.colcon_core.package_identification:_identify(src/asitlorbot8_localization) by extension 'ros'
[0.304s] DEBUG:colcon.colcon_core.package_identification:Package 'src/asitlorbot8_localization' with type 'ros.ament_cmake' and name 'asitlorbot8_localization'
[0.304s] Level 1:colcon.colcon_core.package_discovery:discover_packages(recursive) using defaults
[0.304s] Level 1:colcon.colcon_core.package_discovery:discover_packages(ignore) discover
[0.304s] Level 1:colcon.colcon_core.package_discovery:discover_packages(ignore) using defaults
[0.304s] Level 1:colcon.colcon_core.package_discovery:discover_packages(path) discover
[0.304s] Level 1:colcon.colcon_core.package_discovery:discover_packages(path) using defaults
[0.323s] Level 1:colcon.colcon_core.package_discovery:discover_packages(prefix_path) check parameters
[0.323s] Level 1:colcon.colcon_core.package_discovery:discover_packages(prefix_path) discover
[0.325s] DEBUG:colcon.colcon_installed_package_information.package_discovery:Found 4 installed packages in /home/asimkumar/asitlorbot8_ws/install
[0.325s] DEBUG:colcon.colcon_installed_package_information.package_discovery:Found 3 installed packages in /home/asimkumar/asitlorbot7_ws/install
[0.326s] DEBUG:colcon.colcon_installed_package_information.package_discovery:Found 7 installed packages in /home/asimkumar/asitlorbotsix_ws/install
[0.327s] DEBUG:colcon.colcon_installed_package_information.package_discovery:Found 20 installed packages in /home/asimkumar/asitlor_ws/install
[0.327s] DEBUG:colcon.colcon_installed_package_information.package_discovery:Found 1 installed packages in /home/asimkumar/turtlebot3_1/install
[0.329s] DEBUG:colcon.colcon_installed_package_information.package_discovery:Found 392 installed packages in /opt/ros/humble
[0.330s] Level 1:colcon.colcon_core.package_discovery:discover_packages(prefix_path) using defaults
[0.375s] Level 5:colcon.colcon_core.verb:set package 'asitlorbot8_controller' build argument 'cmake_args' from command line to 'None'
[0.375s] Level 5:colcon.colcon_core.verb:set package 'asitlorbot8_controller' build argument 'cmake_target' from command line to 'None'
[0.375s] Level 5:colcon.colcon_core.verb:set package 'asitlorbot8_controller' build argument 'cmake_target_skip_unavailable' from command line to 'False'
[0.375s] Level 5:colcon.colcon_core.verb:set package 'asitlorbot8_controller' build argument 'cmake_clean_cache' from command line to 'False'
[0.375s] Level 5:colcon.colcon_core.verb:set package 'asitlorbot8_controller' build argument 'cmake_clean_first' from command line to 'False'
[0.375s] Level 5:colcon.colcon_core.verb:set package 'asitlorbot8_controller' build argument 'cmake_force_configure' from command line to 'False'
[0.375s] Level 5:colcon.colcon_core.verb:set package 'asitlorbot8_controller' build argument 'ament_cmake_args' from command line to 'None'
[0.375s] Level 5:colcon.colcon_core.verb:set package 'asitlorbot8_controller' build argument 'catkin_cmake_args' from command line to 'None'
[0.375s] Level 5:colcon.colcon_core.verb:set package 'asitlorbot8_controller' build argument 'catkin_skip_building_tests' from command line to 'False'
[0.375s] DEBUG:colcon.colcon_core.verb:Building package 'asitlorbot8_controller' with the following arguments: {'ament_cmake_args': None, 'build_base': '/home/asimkumar/asitlorbot8_ws/build/asitlorbot8_controller', 'catkin_cmake_args': None, 'catkin_skip_building_tests': False, 'cmake_args': None, 'cmake_clean_cache': False, 'cmake_clean_first': False, 'cmake_force_configure': False, 'cmake_target': None, 'cmake_target_skip_unavailable': False, 'install_base': '/home/asimkumar/asitlorbot8_ws/install/asitlorbot8_controller', 'merge_install': False, 'path': '/home/asimkumar/asitlorbot8_ws/src/asitlorbot8_controller', 'symlink_install': True, 'test_result_base': None}
[0.375s] Level 5:colcon.colcon_core.verb:set package 'asitlorbot8_cpp_examples' build argument 'cmake_args' from command line to 'None'
[0.375s] Level 5:colcon.colcon_core.verb:set package 'asitlorbot8_cpp_examples' build argument 'cmake_target' from command line to 'None'
[0.375s] Level 5:colcon.colcon_core.verb:set package 'asitlorbot8_cpp_examples' build argument 'cmake_target_skip_unavailable' from command line to 'False'
[0.375s] Level 5:colcon.colcon_core.verb:set package 'asitlorbot8_cpp_examples' build argument 'cmake_clean_cache' from command line to 'False'
[0.375s] Level 5:colcon.colcon_core.verb:set package 'asitlorbot8_cpp_examples' build argument 'cmake_clean_first' from command line to 'False'
[0.375s] Level 5:colcon.colcon_core.verb:set package 'asitlorbot8_cpp_examples' build argument 'cmake_force_configure' from command line to 'False'
[0.375s] Level 5:colcon.colcon_core.verb:set package 'asitlorbot8_cpp_examples' build argument 'ament_cmake_args' from command line to 'None'
[0.375s] Level 5:colcon.colcon_core.verb:set package 'asitlorbot8_cpp_examples' build argument 'catkin_cmake_args' from command line to 'None'
[0.375s] Level 5:colcon.colcon_core.verb:set package 'asitlorbot8_cpp_examples' build argument 'catkin_skip_building_tests' from command line to 'False'
[0.375s] DEBUG:colcon.colcon_core.verb:Building package 'asitlorbot8_cpp_examples' with the following arguments: {'ament_cmake_args': None, 'build_base': '/home/asimkumar/asitlorbot8_ws/build/asitlorbot8_cpp_examples', 'catkin_cmake_args': None, 'catkin_skip_building_tests': False, 'cmake_args': None, 'cmake_clean_cache': False, 'cmake_clean_first': False, 'cmake_force_configure': False, 'cmake_target': None, 'cmake_target_skip_unavailable': False, 'install_base': '/home/asimkumar/asitlorbot8_ws/install/asitlorbot8_cpp_examples', 'merge_install': False, 'path': '/home/asimkumar/asitlorbot8_ws/src/asitlorbot8_cpp_examples', 'symlink_install': True, 'test_result_base': None}
[0.376s] Level 5:colcon.colcon_core.verb:set package 'asitlorbot8_description' build argument 'cmake_args' from command line to 'None'
[0.376s] Level 5:colcon.colcon_core.verb:set package 'asitlorbot8_description' build argument 'cmake_target' from command line to 'None'
[0.376s] Level 5:colcon.colcon_core.verb:set package 'asitlorbot8_description' build argument 'cmake_target_skip_unavailable' from command line to 'False'
[0.376s] Level 5:colcon.colcon_core.verb:set package 'asitlorbot8_description' build argument 'cmake_clean_cache' from command line to 'False'
[0.376s] Level 5:colcon.colcon_core.verb:set package 'asitlorbot8_description' build argument 'cmake_clean_first' from command line to 'False'
[0.376s] Level 5:colcon.colcon_core.verb:set package 'asitlorbot8_description' build argument 'cmake_force_configure' from command line to 'False'
[0.376s] Level 5:colcon.colcon_core.verb:set package 'asitlorbot8_description' build argument 'ament_cmake_args' from command line to 'None'
[0.376s] Level 5:colcon.colcon_core.verb:set package 'asitlorbot8_description' build argument 'catkin_cmake_args' from command line to 'None'
[0.376s] Level 5:colcon.colcon_core.verb:set package 'asitlorbot8_description' build argument 'catkin_skip_building_tests' from command line to 'False'
[0.376s] DEBUG:colcon.colcon_core.verb:Building package 'asitlorbot8_description' with the following arguments: {'ament_cmake_args': None, 'build_base': '/home/asimkumar/asitlorbot8_ws/build/asitlorbot8_description', 'catkin_cmake_args': None, 'catkin_skip_building_tests': False, 'cmake_args': None, 'cmake_clean_cache': False, 'cmake_clean_first': False, 'cmake_force_configure': False, 'cmake_target': None, 'cmake_target_skip_unavailable': False, 'install_base': '/home/asimkumar/asitlorbot8_ws/install/asitlorbot8_description', 'merge_install': False, 'path': '/home/asimkumar/asitlorbot8_ws/src/asitlorbot8_description', 'symlink_install': True, 'test_result_base': None}
[0.376s] Level 5:colcon.colcon_core.verb:set package 'asitlorbot8_localization' build argument 'cmake_args' from command line to 'None'
[0.376s] Level 5:colcon.colcon_core.verb:set package 'asitlorbot8_localization' build argument 'cmake_target' from command line to 'None'
[0.376s] Level 5:colcon.colcon_core.verb:set package 'asitlorbot8_localization' build argument 'cmake_target_skip_unavailable' from command line to 'False'
[0.376s] Level 5:colcon.colcon_core.verb:set package 'asitlorbot8_localization' build argument 'cmake_clean_cache' from command line to 'False'
[0.376s] Level 5:colcon.colcon_core.verb:set package 'asitlorbot8_localization' build argument 'cmake_clean_first' from command line to 'False'
[0.376s] Level 5:colcon.colcon_core.verb:set package 'asitlorbot8_localization' build argument 'cmake_force_configure' from command line to 'False'
[0.376s] Level 5:colcon.colcon_core.verb:set package 'asitlorbot8_localization' build argument 'ament_cmake_args' from command line to 'None'
[0.376s] Level 5:colcon.colcon_core.verb:set package 'asitlorbot8_localization' build argument 'catkin_cmake_args' from command line to 'None'
[0.376s] Level 5:colcon.colcon_core.verb:set package 'asitlorbot8_localization' build argument 'catkin_skip_building_tests' from command line to 'False'
[0.376s] DEBUG:colcon.colcon_core.verb:Building package 'asitlorbot8_localization' with the following arguments: {'ament_cmake_args': None, 'build_base': '/home/asimkumar/asitlorbot8_ws/build/asitlorbot8_localization', 'catkin_cmake_args': None, 'catkin_skip_building_tests': False, 'cmake_args': None, 'cmake_clean_cache': False, 'cmake_clean_first': False, 'cmake_force_configure': False, 'cmake_target': None, 'cmake_target_skip_unavailable': False, 'install_base': '/home/asimkumar/asitlorbot8_ws/install/asitlorbot8_localization', 'merge_install': False, 'path': '/home/asimkumar/asitlorbot8_ws/src/asitlorbot8_localization', 'symlink_install': True, 'test_result_base': None}
[0.376s] INFO:colcon.colcon_core.executor:Executing jobs using 'parallel' executor
[0.377s] DEBUG:colcon.colcon_parallel_executor.executor.parallel:run_until_complete
[0.378s] INFO:colcon.colcon_ros.task.ament_cmake.build:Building ROS package in '/home/asimkumar/asitlorbot8_ws/src/asitlorbot8_controller' with build type 'ament_cmake'
[0.378s] INFO:colcon.colcon_cmake.task.cmake.build:Building CMake package in '/home/asimkumar/asitlorbot8_ws/src/asitlorbot8_controller'
[0.380s] INFO:colcon.colcon_core.plugin_system:Skipping extension 'colcon_core.shell.bat': Not used on non-Windows systems
[0.380s] INFO:colcon.colcon_core.shell:Skip shell extension 'powershell' for command environment: Not usable outside of PowerShell
[0.380s] DEBUG:colcon.colcon_core.shell:Skip shell extension 'dsv' for command environment
[0.387s] INFO:colcon.colcon_ros.task.ament_cmake.build:Building ROS package in '/home/asimkumar/asitlorbot8_ws/src/asitlorbot8_cpp_examples' with build type 'ament_cmake'
[0.387s] INFO:colcon.colcon_cmake.task.cmake.build:Building CMake package in '/home/asimkumar/asitlorbot8_ws/src/asitlorbot8_cpp_examples'
[0.387s] INFO:colcon.colcon_core.shell:Skip shell extension 'powershell' for command environment: Not usable outside of PowerShell
[0.387s] DEBUG:colcon.colcon_core.shell:Skip shell extension 'dsv' for command environment
[0.394s] INFO:colcon.colcon_ros.task.ament_cmake.build:Building ROS package in '/home/asimkumar/asitlorbot8_ws/src/asitlorbot8_description' with build type 'ament_cmake'
[0.394s] INFO:colcon.colcon_cmake.task.cmake.build:Building CMake package in '/home/asimkumar/asitlorbot8_ws/src/asitlorbot8_description'
[0.394s] INFO:colcon.colcon_core.shell:Skip shell extension 'powershell' for command environment: Not usable outside of PowerShell
[0.394s] DEBUG:colcon.colcon_core.shell:Skip shell extension 'dsv' for command environment
[0.401s] INFO:colcon.colcon_ros.task.ament_cmake.build:Building ROS package in '/home/asimkumar/asitlorbot8_ws/src/asitlorbot8_localization' with build type 'ament_cmake'
[0.401s] INFO:colcon.colcon_cmake.task.cmake.build:Building CMake package in '/home/asimkumar/asitlorbot8_ws/src/asitlorbot8_localization'
[0.401s] INFO:colcon.colcon_core.shell:Skip shell extension 'powershell' for command environment: Not usable outside of PowerShell
[0.401s] DEBUG:colcon.colcon_core.shell:Skip shell extension 'dsv' for command environment
[0.413s] DEBUG:colcon.colcon_core.event_handler.log_command:Invoking command in '/home/asimkumar/asitlorbot8_ws/build/asitlorbot8_controller': CMAKE_PREFIX_PATH=${CMAKE_PREFIX_PATH}:/home/asimkumar/asitlorbotsix_ws/install/asitlorbot_six:/opt/ros/humble /usr/bin/cmake --build /home/asimkumar/asitlorbot8_ws/build/asitlorbot8_controller -- -j8 -l8
[0.417s] DEBUG:colcon.colcon_core.event_handler.log_command:Invoking command in '/home/asimkumar/asitlorbot8_ws/build/asitlorbot8_cpp_examples': CMAKE_PREFIX_PATH=${CMAKE_PREFIX_PATH}:/home/asimkumar/asitlorbotsix_ws/install/asitlorbot_six:/opt/ros/humble /usr/bin/cmake --build /home/asimkumar/asitlorbot8_ws/build/asitlorbot8_cpp_examples -- -j8 -l8
[0.422s] DEBUG:colcon.colcon_core.event_handler.log_command:Invoking command in '/home/asimkumar/asitlorbot8_ws/build/asitlorbot8_description': CMAKE_PREFIX_PATH=${CMAKE_PREFIX_PATH}:/home/asimkumar/asitlorbotsix_ws/install/asitlorbot_six:/opt/ros/humble /usr/bin/cmake --build /home/asimkumar/asitlorbot8_ws/build/asitlorbot8_description -- -j8 -l8
[0.427s] DEBUG:colcon.colcon_core.event_handler.log_command:Invoking command in '/home/asimkumar/asitlorbot8_ws/build/asitlorbot8_localization': CMAKE_PREFIX_PATH=${CMAKE_PREFIX_PATH}:/home/asimkumar/asitlorbotsix_ws/install/asitlorbot_six:/opt/ros/humble /usr/bin/cmake --build /home/asimkumar/asitlorbot8_ws/build/asitlorbot8_localization -- -j8 -l8
[0.467s] DEBUG:colcon.colcon_core.event_handler.log_command:Invoked command in '/home/asimkumar/asitlorbot8_ws/build/asitlorbot8_cpp_examples' returned '0': CMAKE_PREFIX_PATH=${CMAKE_PREFIX_PATH}:/home/asimkumar/asitlorbotsix_ws/install/asitlorbot_six:/opt/ros/humble /usr/bin/cmake --build /home/asimkumar/asitlorbot8_ws/build/asitlorbot8_cpp_examples -- -j8 -l8
[0.469s] DEBUG:colcon.colcon_core.event_handler.log_command:Invoked command in '/home/asimkumar/asitlorbot8_ws/build/asitlorbot8_description' returned '0': CMAKE_PREFIX_PATH=${CMAKE_PREFIX_PATH}:/home/asimkumar/asitlorbotsix_ws/install/asitlorbot_six:/opt/ros/humble /usr/bin/cmake --build /home/asimkumar/asitlorbot8_ws/build/asitlorbot8_description -- -j8 -l8
[0.512s] DEBUG:colcon.colcon_core.event_handler.log_command:Invoking command in '/home/asimkumar/asitlorbot8_ws/build/asitlorbot8_cpp_examples': CMAKE_PREFIX_PATH=${CMAKE_PREFIX_PATH}:/home/asimkumar/asitlorbotsix_ws/install/asitlorbot_six:/opt/ros/humble /usr/bin/cmake --install /home/asimkumar/asitlorbot8_ws/build/asitlorbot8_cpp_examples
[0.515s] DEBUG:colcon.colcon_core.event_handler.log_command:Invoking command in '/home/asimkumar/asitlorbot8_ws/build/asitlorbot8_description': CMAKE_PREFIX_PATH=${CMAKE_PREFIX_PATH}:/home/asimkumar/asitlorbotsix_ws/install/asitlorbot_six:/opt/ros/humble /usr/bin/cmake --install /home/asimkumar/asitlorbot8_ws/build/asitlorbot8_description
[0.540s] Level 1:colcon.colcon_core.environment:create_environment_scripts_only(asitlorbot8_cpp_examples)
[0.540s] DEBUG:colcon.colcon_core.event_handler.log_command:Invoked command in '/home/asimkumar/asitlorbot8_ws/build/asitlorbot8_cpp_examples' returned '0': CMAKE_PREFIX_PATH=${CMAKE_PREFIX_PATH}:/home/asimkumar/asitlorbotsix_ws/install/asitlorbot_six:/opt/ros/humble /usr/bin/cmake --install /home/asimkumar/asitlorbot8_ws/build/asitlorbot8_cpp_examples
[0.544s] Level 1:colcon.colcon_core.environment:checking '/home/asimkumar/asitlorbot8_ws/install/asitlorbot8_cpp_examples' for CMake module files
[0.545s] Level 1:colcon.colcon_core.environment:checking '/home/asimkumar/asitlorbot8_ws/install/asitlorbot8_cpp_examples' for CMake config files
[0.545s] Level 1:colcon.colcon_core.shell:create_environment_hook('asitlorbot8_cpp_examples', 'cmake_prefix_path')
[0.545s] INFO:colcon.colcon_core.shell:Creating environment hook '/home/asimkumar/asitlorbot8_ws/install/asitlorbot8_cpp_examples/share/asitlorbot8_cpp_examples/hook/cmake_prefix_path.ps1'
[0.546s] INFO:colcon.colcon_core.shell:Creating environment descriptor '/home/asimkumar/asitlorbot8_ws/install/asitlorbot8_cpp_examples/share/asitlorbot8_cpp_examples/hook/cmake_prefix_path.dsv'
[0.547s] INFO:colcon.colcon_core.shell:Creating environment hook '/home/asimkumar/asitlorbot8_ws/install/asitlorbot8_cpp_examples/share/asitlorbot8_cpp_examples/hook/cmake_prefix_path.sh'
[0.548s] Level 1:colcon.colcon_core.environment:checking '/home/asimkumar/asitlorbot8_ws/install/asitlorbot8_cpp_examples/bin'
[0.548s] Level 1:colcon.colcon_core.environment:checking '/home/asimkumar/asitlorbot8_ws/install/asitlorbot8_cpp_examples/lib/pkgconfig/asitlorbot8_cpp_examples.pc'
[0.548s] Level 1:colcon.colcon_core.environment:checking '/home/asimkumar/asitlorbot8_ws/install/asitlorbot8_cpp_examples/lib/python3.10/site-packages'
[0.548s] Level 1:colcon.colcon_core.environment:checking '/home/asimkumar/asitlorbot8_ws/install/asitlorbot8_cpp_examples/bin'
[0.549s] INFO:colcon.colcon_core.shell:Creating package script '/home/asimkumar/asitlorbot8_ws/install/asitlorbot8_cpp_examples/share/asitlorbot8_cpp_examples/package.ps1'
[0.550s] INFO:colcon.colcon_core.shell:Creating package descriptor '/home/asimkumar/asitlorbot8_ws/install/asitlorbot8_cpp_examples/share/asitlorbot8_cpp_examples/package.dsv'
[0.551s] INFO:colcon.colcon_core.shell:Creating package script '/home/asimkumar/asitlorbot8_ws/install/asitlorbot8_cpp_examples/share/asitlorbot8_cpp_examples/package.sh'
[0.552s] INFO:colcon.colcon_core.shell:Creating package script '/home/asimkumar/asitlorbot8_ws/install/asitlorbot8_cpp_examples/share/asitlorbot8_cpp_examples/package.bash'
[0.554s] INFO:colcon.colcon_core.shell:Creating package script '/home/asimkumar/asitlorbot8_ws/install/asitlorbot8_cpp_examples/share/asitlorbot8_cpp_examples/package.zsh'
[0.555s] Level 1:colcon.colcon_core.environment:create_file_with_runtime_dependencies(/home/asimkumar/asitlorbot8_ws/install/asitlorbot8_cpp_examples/share/colcon-core/packages/asitlorbot8_cpp_examples)
[0.557s] Level 1:colcon.colcon_core.environment:create_environment_scripts_only(asitlorbot8_description)
[0.557s] Level 1:colcon.colcon_core.environment:checking '/home/asimkumar/asitlorbot8_ws/install/asitlorbot8_description' for CMake module files
[0.558s] DEBUG:colcon.colcon_core.event_handler.log_command:Invoked command in '/home/asimkumar/asitlorbot8_ws/build/asitlorbot8_description' returned '0': CMAKE_PREFIX_PATH=${CMAKE_PREFIX_PATH}:/home/asimkumar/asitlorbotsix_ws/install/asitlorbot_six:/opt/ros/humble /usr/bin/cmake --install /home/asimkumar/asitlorbot8_ws/build/asitlorbot8_description
[0.558s] Level 1:colcon.colcon_core.environment:checking '/home/asimkumar/asitlorbot8_ws/install/asitlorbot8_description' for CMake config files
[0.559s] Level 1:colcon.colcon_core.shell:create_environment_hook('asitlorbot8_description', 'cmake_prefix_path')
[0.559s] INFO:colcon.colcon_core.shell:Creating environment hook '/home/asimkumar/asitlorbot8_ws/install/asitlorbot8_description/share/asitlorbot8_description/hook/cmake_prefix_path.ps1'
[0.560s] INFO:colcon.colcon_core.shell:Creating environment descriptor '/home/asimkumar/asitlorbot8_ws/install/asitlorbot8_description/share/asitlorbot8_description/hook/cmake_prefix_path.dsv'
[0.560s] INFO:colcon.colcon_core.shell:Creating environment hook '/home/asimkumar/asitlorbot8_ws/install/asitlorbot8_description/share/asitlorbot8_description/hook/cmake_prefix_path.sh'
[0.561s] Level 1:colcon.colcon_core.environment:checking '/home/asimkumar/asitlorbot8_ws/install/asitlorbot8_description/bin'
[0.561s] Level 1:colcon.colcon_core.environment:checking '/home/asimkumar/asitlorbot8_ws/install/asitlorbot8_description/lib/pkgconfig/asitlorbot8_description.pc'
[0.561s] Level 1:colcon.colcon_core.environment:checking '/home/asimkumar/asitlorbot8_ws/install/asitlorbot8_description/lib/python3.10/site-packages'
[0.562s] Level 1:colcon.colcon_core.environment:checking '/home/asimkumar/asitlorbot8_ws/install/asitlorbot8_description/bin'
[0.562s] INFO:colcon.colcon_core.shell:Creating package script '/home/asimkumar/asitlorbot8_ws/install/asitlorbot8_description/share/asitlorbot8_description/package.ps1'
[0.563s] INFO:colcon.colcon_core.shell:Creating package descriptor '/home/asimkumar/asitlorbot8_ws/install/asitlorbot8_description/share/asitlorbot8_description/package.dsv'
[0.563s] INFO:colcon.colcon_core.shell:Creating package script '/home/asimkumar/asitlorbot8_ws/install/asitlorbot8_description/share/asitlorbot8_description/package.sh'
[0.564s] INFO:colcon.colcon_core.shell:Creating package script '/home/asimkumar/asitlorbot8_ws/install/asitlorbot8_description/share/asitlorbot8_description/package.bash'
[0.564s] INFO:colcon.colcon_core.shell:Creating package script '/home/asimkumar/asitlorbot8_ws/install/asitlorbot8_description/share/asitlorbot8_description/package.zsh'
[0.565s] Level 1:colcon.colcon_core.environment:create_file_with_runtime_dependencies(/home/asimkumar/asitlorbot8_ws/install/asitlorbot8_description/share/colcon-core/packages/asitlorbot8_description)
[0.588s] Level 1:colcon.colcon_core.environment:create_environment_scripts_only(asitlorbot8_cpp_examples)
[0.588s] Level 1:colcon.colcon_core.environment:checking '/home/asimkumar/asitlorbot8_ws/install/asitlorbot8_cpp_examples' for CMake module files
[0.589s] Level 1:colcon.colcon_core.environment:checking '/home/asimkumar/asitlorbot8_ws/install/asitlorbot8_cpp_examples' for CMake config files
[0.589s] Level 1:colcon.colcon_core.shell:create_environment_hook('asitlorbot8_cpp_examples', 'cmake_prefix_path')
[0.590s] INFO:colcon.colcon_core.shell:Creating environment hook '/home/asimkumar/asitlorbot8_ws/install/asitlorbot8_cpp_examples/share/asitlorbot8_cpp_examples/hook/cmake_prefix_path.ps1'
[0.590s] INFO:colcon.colcon_core.shell:Creating environment descriptor '/home/asimkumar/asitlorbot8_ws/install/asitlorbot8_cpp_examples/share/asitlorbot8_cpp_examples/hook/cmake_prefix_path.dsv'
[0.591s] INFO:colcon.colcon_core.shell:Creating environment hook '/home/asimkumar/asitlorbot8_ws/install/asitlorbot8_cpp_examples/share/asitlorbot8_cpp_examples/hook/cmake_prefix_path.sh'
[0.592s] Level 1:colcon.colcon_core.environment:checking '/home/asimkumar/asitlorbot8_ws/install/asitlorbot8_cpp_examples/bin'
[0.592s] Level 1:colcon.colcon_core.environment:checking '/home/asimkumar/asitlorbot8_ws/install/asitlorbot8_cpp_examples/lib/pkgconfig/asitlorbot8_cpp_examples.pc'
[0.592s] Level 1:colcon.colcon_core.environment:checking '/home/asimkumar/asitlorbot8_ws/install/asitlorbot8_cpp_examples/lib/python3.10/site-packages'
[0.592s] Level 1:colcon.colcon_core.environment:checking '/home/asimkumar/asitlorbot8_ws/install/asitlorbot8_cpp_examples/bin'
[0.593s] INFO:colcon.colcon_core.shell:Creating package script '/home/asimkumar/asitlorbot8_ws/install/asitlorbot8_cpp_examples/share/asitlorbot8_cpp_examples/package.ps1'
[0.593s] INFO:colcon.colcon_core.shell:Creating package descriptor '/home/asimkumar/asitlorbot8_ws/install/asitlorbot8_cpp_examples/share/asitlorbot8_cpp_examples/package.dsv'
[0.594s] INFO:colcon.colcon_core.shell:Creating package script '/home/asimkumar/asitlorbot8_ws/install/asitlorbot8_cpp_examples/share/asitlorbot8_cpp_examples/package.sh'
[0.595s] INFO:colcon.colcon_core.shell:Creating package script '/home/asimkumar/asitlorbot8_ws/install/asitlorbot8_cpp_examples/share/asitlorbot8_cpp_examples/package.bash'
[0.595s] INFO:colcon.colcon_core.shell:Creating package script '/home/asimkumar/asitlorbot8_ws/install/asitlorbot8_cpp_examples/share/asitlorbot8_cpp_examples/package.zsh'
[0.596s] Level 1:colcon.colcon_core.environment:create_file_with_runtime_dependencies(/home/asimkumar/asitlorbot8_ws/install/asitlorbot8_cpp_examples/share/colcon-core/packages/asitlorbot8_cpp_examples)
[0.597s] Level 1:colcon.colcon_core.environment:create_environment_scripts_only(asitlorbot8_description)
[0.598s] Level 1:colcon.colcon_core.environment:checking '/home/asimkumar/asitlorbot8_ws/install/asitlorbot8_description' for CMake module files
[0.598s] Level 1:colcon.colcon_core.environment:checking '/home/asimkumar/asitlorbot8_ws/install/asitlorbot8_description' for CMake config files
[0.599s] Level 1:colcon.colcon_core.shell:create_environment_hook('asitlorbot8_description', 'cmake_prefix_path')
[0.599s] INFO:colcon.colcon_core.shell:Creating environment hook '/home/asimkumar/asitlorbot8_ws/install/asitlorbot8_description/share/asitlorbot8_description/hook/cmake_prefix_path.ps1'
[0.600s] INFO:colcon.colcon_core.shell:Creating environment descriptor '/home/asimkumar/asitlorbot8_ws/install/asitlorbot8_description/share/asitlorbot8_description/hook/cmake_prefix_path.dsv'
[0.600s] INFO:colcon.colcon_core.shell:Creating environment hook '/home/asimkumar/asitlorbot8_ws/install/asitlorbot8_description/share/asitlorbot8_description/hook/cmake_prefix_path.sh'
[0.601s] Level 1:colcon.colcon_core.environment:checking '/home/asimkumar/asitlorbot8_ws/install/asitlorbot8_description/bin'
[0.601s] Level 1:colcon.colcon_core.environment:checking '/home/asimkumar/asitlorbot8_ws/install/asitlorbot8_description/lib/pkgconfig/asitlorbot8_description.pc'
[0.601s] Level 1:colcon.colcon_core.environment:checking '/home/asimkumar/asitlorbot8_ws/install/asitlorbot8_description/lib/python3.10/site-packages'
[0.601s] Level 1:colcon.colcon_core.environment:checking '/home/asimkumar/asitlorbot8_ws/install/asitlorbot8_description/bin'
[0.602s] INFO:colcon.colcon_core.shell:Creating package script '/home/asimkumar/asitlorbot8_ws/install/asitlorbot8_description/share/asitlorbot8_description/package.ps1'
[0.602s] INFO:colcon.colcon_core.shell:Creating package descriptor '/home/asimkumar/asitlorbot8_ws/install/asitlorbot8_description/share/asitlorbot8_description/package.dsv'
[0.603s] INFO:colcon.colcon_core.shell:Creating package script '/home/asimkumar/asitlorbot8_ws/install/asitlorbot8_description/share/asitlorbot8_description/package.sh'
[0.603s] INFO:colcon.colcon_core.shell:Creating package script '/home/asimkumar/asitlorbot8_ws/install/asitlorbot8_description/share/asitlorbot8_description/package.bash'
[0.604s] INFO:colcon.colcon_core.shell:Creating package script '/home/asimkumar/asitlorbot8_ws/install/asitlorbot8_description/share/asitlorbot8_description/package.zsh'
[0.605s] Level 1:colcon.colcon_core.environment:create_file_with_runtime_dependencies(/home/asimkumar/asitlorbot8_ws/install/asitlorbot8_description/share/colcon-core/packages/asitlorbot8_description)
[0.823s] DEBUG:colcon.colcon_core.event_handler.log_command:Invoked command in '/home/asimkumar/asitlorbot8_ws/build/asitlorbot8_controller' returned '0': CMAKE_PREFIX_PATH=${CMAKE_PREFIX_PATH}:/home/asimkumar/asitlorbotsix_ws/install/asitlorbot_six:/opt/ros/humble /usr/bin/cmake --build /home/asimkumar/asitlorbot8_ws/build/asitlorbot8_controller -- -j8 -l8
[0.833s] DEBUG:colcon.colcon_core.event_handler.log_command:Invoked command in '/home/asimkumar/asitlorbot8_ws/build/asitlorbot8_localization' returned '0': CMAKE_PREFIX_PATH=${CMAKE_PREFIX_PATH}:/home/asimkumar/asitlorbotsix_ws/install/asitlorbot_six:/opt/ros/humble /usr/bin/cmake --build /home/asimkumar/asitlorbot8_ws/build/asitlorbot8_localization -- -j8 -l8
[0.855s] DEBUG:colcon.colcon_core.event_handler.log_command:Invoking command in '/home/asimkumar/asitlorbot8_ws/build/asitlorbot8_controller': CMAKE_PREFIX_PATH=${CMAKE_PREFIX_PATH}:/home/asimkumar/asitlorbotsix_ws/install/asitlorbot_six:/opt/ros/humble /usr/bin/cmake --install /home/asimkumar/asitlorbot8_ws/build/asitlorbot8_controller
[0.867s] DEBUG:colcon.colcon_core.event_handler.log_command:Invoking command in '/home/asimkumar/asitlorbot8_ws/build/asitlorbot8_localization': CMAKE_PREFIX_PATH=${CMAKE_PREFIX_PATH}:/home/asimkumar/asitlorbotsix_ws/install/asitlorbot_six:/opt/ros/humble /usr/bin/cmake --install /home/asimkumar/asitlorbot8_ws/build/asitlorbot8_localization
[0.921s] Level 1:colcon.colcon_core.environment:create_environment_scripts_only(asitlorbot8_controller)
[0.922s] Level 1:colcon.colcon_core.environment:checking '/home/asimkumar/asitlorbot8_ws/install/asitlorbot8_controller' for CMake module files
[0.923s] DEBUG:colcon.colcon_core.event_handler.log_command:Invoked command in '/home/asimkumar/asitlorbot8_ws/build/asitlorbot8_controller' returned '0': CMAKE_PREFIX_PATH=${CMAKE_PREFIX_PATH}:/home/asimkumar/asitlorbotsix_ws/install/asitlorbot_six:/opt/ros/humble /usr/bin/cmake --install /home/asimkumar/asitlorbot8_ws/build/asitlorbot8_controller
[0.923s] Level 1:colcon.colcon_core.environment:checking '/home/asimkumar/asitlorbot8_ws/install/asitlorbot8_controller' for CMake config files
[0.923s] Level 1:colcon.colcon_core.shell:create_environment_hook('asitlorbot8_controller', 'cmake_prefix_path')
[0.924s] INFO:colcon.colcon_core.shell:Creating environment hook '/home/asimkumar/asitlorbot8_ws/install/asitlorbot8_controller/share/asitlorbot8_controller/hook/cmake_prefix_path.ps1'
[0.924s] INFO:colcon.colcon_core.shell:Creating environment descriptor '/home/asimkumar/asitlorbot8_ws/install/asitlorbot8_controller/share/asitlorbot8_controller/hook/cmake_prefix_path.dsv'
[0.924s] INFO:colcon.colcon_core.shell:Creating environment hook '/home/asimkumar/asitlorbot8_ws/install/asitlorbot8_controller/share/asitlorbot8_controller/hook/cmake_prefix_path.sh'
[0.925s] Level 1:colcon.colcon_core.environment:checking '/home/asimkumar/asitlorbot8_ws/install/asitlorbot8_controller/lib'
[0.925s] Level 1:colcon.colcon_core.environment:checking '/home/asimkumar/asitlorbot8_ws/install/asitlorbot8_controller/bin'
[0.925s] Level 1:colcon.colcon_core.environment:checking '/home/asimkumar/asitlorbot8_ws/install/asitlorbot8_controller/lib/pkgconfig/asitlorbot8_controller.pc'
[0.925s] Level 1:colcon.colcon_core.environment:checking '/home/asimkumar/asitlorbot8_ws/install/asitlorbot8_controller/lib/python3.10/site-packages'
[0.925s] Level 1:colcon.colcon_core.environment:checking '/home/asimkumar/asitlorbot8_ws/install/asitlorbot8_controller/bin'
[0.926s] INFO:colcon.colcon_core.shell:Creating package script '/home/asimkumar/asitlorbot8_ws/install/asitlorbot8_controller/share/asitlorbot8_controller/package.ps1'
[0.926s] INFO:colcon.colcon_core.shell:Creating package descriptor '/home/asimkumar/asitlorbot8_ws/install/asitlorbot8_controller/share/asitlorbot8_controller/package.dsv'
[0.927s] INFO:colcon.colcon_core.shell:Creating package script '/home/asimkumar/asitlorbot8_ws/install/asitlorbot8_controller/share/asitlorbot8_controller/package.sh'
[0.927s] INFO:colcon.colcon_core.shell:Creating package script '/home/asimkumar/asitlorbot8_ws/install/asitlorbot8_controller/share/asitlorbot8_controller/package.bash'
[0.927s] INFO:colcon.colcon_core.shell:Creating package script '/home/asimkumar/asitlorbot8_ws/install/asitlorbot8_controller/share/asitlorbot8_controller/package.zsh'
[0.927s] Level 1:colcon.colcon_core.environment:create_file_with_runtime_dependencies(/home/asimkumar/asitlorbot8_ws/install/asitlorbot8_controller/share/colcon-core/packages/asitlorbot8_controller)
[0.937s] Level 1:colcon.colcon_core.environment:create_environment_scripts_only(asitlorbot8_localization)
[0.937s] Level 1:colcon.colcon_core.environment:checking '/home/asimkumar/asitlorbot8_ws/install/asitlorbot8_localization' for CMake module files
[0.938s] DEBUG:colcon.colcon_core.event_handler.log_command:Invoked command in '/home/asimkumar/asitlorbot8_ws/build/asitlorbot8_localization' returned '0': CMAKE_PREFIX_PATH=${CMAKE_PREFIX_PATH}:/home/asimkumar/asitlorbotsix_ws/install/asitlorbot_six:/opt/ros/humble /usr/bin/cmake --install /home/asimkumar/asitlorbot8_ws/build/asitlorbot8_localization
[0.938s] Level 1:colcon.colcon_core.environment:checking '/home/asimkumar/asitlorbot8_ws/install/asitlorbot8_localization' for CMake config files
[0.939s] Level 1:colcon.colcon_core.shell:create_environment_hook('asitlorbot8_localization', 'cmake_prefix_path')
[0.939s] INFO:colcon.colcon_core.shell:Creating environment hook '/home/asimkumar/asitlorbot8_ws/install/asitlorbot8_localization/share/asitlorbot8_localization/hook/cmake_prefix_path.ps1'
[0.939s] INFO:colcon.colcon_core.shell:Creating environment descriptor '/home/asimkumar/asitlorbot8_ws/install/asitlorbot8_localization/share/asitlorbot8_localization/hook/cmake_prefix_path.dsv'
[0.939s] INFO:colcon.colcon_core.shell:Creating environment hook '/home/asimkumar/asitlorbot8_ws/install/asitlorbot8_localization/share/asitlorbot8_localization/hook/cmake_prefix_path.sh'
[0.940s] Level 1:colcon.colcon_core.environment:checking '/home/asimkumar/asitlorbot8_ws/install/asitlorbot8_localization/lib'
[0.940s] Level 1:colcon.colcon_core.environment:checking '/home/asimkumar/asitlorbot8_ws/install/asitlorbot8_localization/bin'
[0.940s] Level 1:colcon.colcon_core.environment:checking '/home/asimkumar/asitlorbot8_ws/install/asitlorbot8_localization/lib/pkgconfig/asitlorbot8_localization.pc'
[0.940s] Level 1:colcon.colcon_core.environment:checking '/home/asimkumar/asitlorbot8_ws/install/asitlorbot8_localization/lib/python3.10/site-packages'
[0.940s] Level 1:colcon.colcon_core.environment:checking '/home/asimkumar/asitlorbot8_ws/install/asitlorbot8_localization/bin'
[0.941s] INFO:colcon.colcon_core.shell:Creating package script '/home/asimkumar/asitlorbot8_ws/install/asitlorbot8_localization/share/asitlorbot8_localization/package.ps1'
[0.941s] INFO:colcon.colcon_core.shell:Creating package descriptor '/home/asimkumar/asitlorbot8_ws/install/asitlorbot8_localization/share/asitlorbot8_localization/package.dsv'
[0.941s] INFO:colcon.colcon_core.shell:Creating package script '/home/asimkumar/asitlorbot8_ws/install/asitlorbot8_localization/share/asitlorbot8_localization/package.sh'
[0.942s] INFO:colcon.colcon_core.shell:Creating package script '/home/asimkumar/asitlorbot8_ws/install/asitlorbot8_localization/share/asitlorbot8_localization/package.bash'
[0.942s] INFO:colcon.colcon_core.shell:Creating package script '/home/asimkumar/asitlorbot8_ws/install/asitlorbot8_localization/share/asitlorbot8_localization/package.zsh'
[0.942s] Level 1:colcon.colcon_core.environment:create_file_with_runtime_dependencies(/home/asimkumar/asitlorbot8_ws/install/asitlorbot8_localization/share/colcon-core/packages/asitlorbot8_localization)
[0.963s] Level 1:colcon.colcon_core.environment:create_environment_scripts_only(asitlorbot8_controller)
[0.963s] Level 1:colcon.colcon_core.environment:checking '/home/asimkumar/asitlorbot8_ws/install/asitlorbot8_controller' for CMake module files
[0.964s] Level 1:colcon.colcon_core.environment:checking '/home/asimkumar/asitlorbot8_ws/install/asitlorbot8_controller' for CMake config files
[0.964s] Level 1:colcon.colcon_core.shell:create_environment_hook('asitlorbot8_controller', 'cmake_prefix_path')
[0.964s] INFO:colcon.colcon_core.shell:Creating environment hook '/home/asimkumar/asitlorbot8_ws/install/asitlorbot8_controller/share/asitlorbot8_controller/hook/cmake_prefix_path.ps1'
[0.965s] INFO:colcon.colcon_core.shell:Creating environment descriptor '/home/asimkumar/asitlorbot8_ws/install/asitlorbot8_controller/share/asitlorbot8_controller/hook/cmake_prefix_path.dsv'
[0.965s] INFO:colcon.colcon_core.shell:Creating environment hook '/home/asimkumar/asitlorbot8_ws/install/asitlorbot8_controller/share/asitlorbot8_controller/hook/cmake_prefix_path.sh'
[0.965s] Level 1:colcon.colcon_core.environment:checking '/home/asimkumar/asitlorbot8_ws/install/asitlorbot8_controller/lib'
[0.966s] Level 1:colcon.colcon_core.environment:checking '/home/asimkumar/asitlorbot8_ws/install/asitlorbot8_controller/bin'
[0.966s] Level 1:colcon.colcon_core.environment:checking '/home/asimkumar/asitlorbot8_ws/install/asitlorbot8_controller/lib/pkgconfig/asitlorbot8_controller.pc'
[0.966s] Level 1:colcon.colcon_core.environment:checking '/home/asimkumar/asitlorbot8_ws/install/asitlorbot8_controller/lib/python3.10/site-packages'
[0.966s] Level 1:colcon.colcon_core.environment:checking '/home/asimkumar/asitlorbot8_ws/install/asitlorbot8_controller/bin'
[0.966s] INFO:colcon.colcon_core.shell:Creating package script '/home/asimkumar/asitlorbot8_ws/install/asitlorbot8_controller/share/asitlorbot8_controller/package.ps1'
[0.967s] INFO:colcon.colcon_core.shell:Creating package descriptor '/home/asimkumar/asitlorbot8_ws/install/asitlorbot8_controller/share/asitlorbot8_controller/package.dsv'
[0.967s] INFO:colcon.colcon_core.shell:Creating package script '/home/asimkumar/asitlorbot8_ws/install/asitlorbot8_controller/share/asitlorbot8_controller/package.sh'
[0.967s] INFO:colcon.colcon_core.shell:Creating package script '/home/asimkumar/asitlorbot8_ws/install/asitlorbot8_controller/share/asitlorbot8_controller/package.bash'
[0.968s] INFO:colcon.colcon_core.shell:Creating package script '/home/asimkumar/asitlorbot8_ws/install/asitlorbot8_controller/share/asitlorbot8_controller/package.zsh'
[0.968s] Level 1:colcon.colcon_core.environment:create_file_with_runtime_dependencies(/home/asimkumar/asitlorbot8_ws/install/asitlorbot8_controller/share/colcon-core/packages/asitlorbot8_controller)
[0.977s] Level 1:colcon.colcon_core.environment:create_environment_scripts_only(asitlorbot8_localization)
[0.977s] Level 1:colcon.colcon_core.environment:checking '/home/asimkumar/asitlorbot8_ws/install/asitlorbot8_localization' for CMake module files
[0.978s] Level 1:colcon.colcon_core.environment:checking '/home/asimkumar/asitlorbot8_ws/install/asitlorbot8_localization' for CMake config files
[0.979s] Level 1:colcon.colcon_core.shell:create_environment_hook('asitlorbot8_localization', 'cmake_prefix_path')
[0.979s] INFO:colcon.colcon_core.shell:Creating environment hook '/home/asimkumar/asitlorbot8_ws/install/asitlorbot8_localization/share/asitlorbot8_localization/hook/cmake_prefix_path.ps1'
[0.980s] INFO:colcon.colcon_core.shell:Creating environment descriptor '/home/asimkumar/asitlorbot8_ws/install/asitlorbot8_localization/share/asitlorbot8_localization/hook/cmake_prefix_path.dsv'
[0.980s] INFO:colcon.colcon_core.shell:Creating environment hook '/home/asimkumar/asitlorbot8_ws/install/asitlorbot8_localization/share/asitlorbot8_localization/hook/cmake_prefix_path.sh'
[0.980s] Level 1:colcon.colcon_core.environment:checking '/home/asimkumar/asitlorbot8_ws/install/asitlorbot8_localization/lib'
[0.980s] Level 1:colcon.colcon_core.environment:checking '/home/asimkumar/asitlorbot8_ws/install/asitlorbot8_localization/bin'
[0.980s] Level 1:colcon.colcon_core.environment:checking '/home/asimkumar/asitlorbot8_ws/install/asitlorbot8_localization/lib/pkgconfig/asitlorbot8_localization.pc'
[0.981s] Level 1:colcon.colcon_core.environment:checking '/home/asimkumar/asitlorbot8_ws/install/asitlorbot8_localization/lib/python3.10/site-packages'
[0.981s] Level 1:colcon.colcon_core.environment:checking '/home/asimkumar/asitlorbot8_ws/install/asitlorbot8_localization/bin'
[0.981s] INFO:colcon.colcon_core.shell:Creating package script '/home/asimkumar/asitlorbot8_ws/install/asitlorbot8_localization/share/asitlorbot8_localization/package.ps1'
[0.981s] INFO:colcon.colcon_core.shell:Creating package descriptor '/home/asimkumar/asitlorbot8_ws/install/asitlorbot8_localization/share/asitlorbot8_localization/package.dsv'
[0.982s] INFO:colcon.colcon_core.shell:Creating package script '/home/asimkumar/asitlorbot8_ws/install/asitlorbot8_localization/share/asitlorbot8_localization/package.sh'
[0.982s] INFO:colcon.colcon_core.shell:Creating package script '/home/asimkumar/asitlorbot8_ws/install/asitlorbot8_localization/share/asitlorbot8_localization/package.bash'
[0.983s] INFO:colcon.colcon_core.shell:Creating package script '/home/asimkumar/asitlorbot8_ws/install/asitlorbot8_localization/share/asitlorbot8_localization/package.zsh'
[0.983s] Level 1:colcon.colcon_core.environment:create_file_with_runtime_dependencies(/home/asimkumar/asitlorbot8_ws/install/asitlorbot8_localization/share/colcon-core/packages/asitlorbot8_localization)
[0.983s] DEBUG:colcon.colcon_parallel_executor.executor.parallel:closing loop
[0.984s] DEBUG:colcon.colcon_parallel_executor.executor.parallel:loop closed
[0.984s] DEBUG:colcon.colcon_parallel_executor.executor.parallel:run_until_complete finished with '0'
[0.984s] DEBUG:colcon.colcon_core.event_reactor:joining thread
[0.989s] INFO:colcon.colcon_core.plugin_system:Skipping extension 'colcon_notification.desktop_notification.terminal_notifier': Not used on non-Darwin systems
[0.989s] INFO:colcon.colcon_core.plugin_system:Skipping extension 'colcon_notification.desktop_notification.win32': Not used on non-Windows systems
[0.989s] INFO:colcon.colcon_notification.desktop_notification:Sending desktop notification using 'notify2'
[1.003s] DEBUG:colcon.colcon_core.event_reactor:joined thread
[1.003s] INFO:colcon.colcon_core.shell:Creating prefix script '/home/asimkumar/asitlorbot8_ws/install/local_setup.ps1'
[1.004s] INFO:colcon.colcon_core.shell:Creating prefix util module '/home/asimkumar/asitlorbot8_ws/install/_local_setup_util_ps1.py'
[1.006s] INFO:colcon.colcon_core.shell:Creating prefix chain script '/home/asimkumar/asitlorbot8_ws/install/setup.ps1'
[1.008s] INFO:colcon.colcon_core.shell:Creating prefix script '/home/asimkumar/asitlorbot8_ws/install/local_setup.sh'
[1.009s] INFO:colcon.colcon_core.shell:Creating prefix util module '/home/asimkumar/asitlorbot8_ws/install/_local_setup_util_sh.py'
[1.009s] INFO:colcon.colcon_core.shell:Creating prefix chain script '/home/asimkumar/asitlorbot8_ws/install/setup.sh'
[1.011s] INFO:colcon.colcon_core.shell:Creating prefix script '/home/asimkumar/asitlorbot8_ws/install/local_setup.bash'
[1.011s] INFO:colcon.colcon_core.shell:Creating prefix chain script '/home/asimkumar/asitlorbot8_ws/install/setup.bash'
[1.013s] INFO:colcon.colcon_core.shell:Creating prefix script '/home/asimkumar/asitlorbot8_ws/install/local_setup.zsh'
[1.014s] INFO:colcon.colcon_core.shell:Creating prefix chain script '/home/asimkumar/asitlorbot8_ws/install/setup.zsh'
