[0.108s] Invoking command in '/home/asimkumar/asitlorbot8_ws/build/asitlorbot8_bringup': CMAKE_PREFIX_PATH=/opt/ros/humble /usr/bin/cmake /home/asimkumar/asitlorbot8_ws/src/asitlorbot8_bringup -DAMENT_CMAKE_SYMLINK_INSTALL=1 -DCMAKE_INSTALL_PREFIX=/home/asimkumar/asitlorbot8_ws/install/asitlorbot8_bringup
[0.400s] -- The C compiler identification is GNU 11.4.0
[0.652s] -- The CXX compiler identification is GNU 11.4.0
[0.683s] -- Detecting C compiler ABI info
[0.990s] -- Detecting C compiler ABI info - done
[1.020s] -- Check for working C compiler: /usr/bin/cc - skipped
[1.021s] -- Detecting C compile features
[1.024s] -- Detecting C compile features - done
[1.039s] -- Detecting CXX compiler ABI info
[1.577s] -- Detecting CXX compiler ABI info - done
[1.626s] -- Check for working CXX compiler: /usr/bin/c++ - skipped
[1.626s] -- Detecting CXX compile features
[1.627s] -- Detecting CXX compile features - done
[1.650s] -- Found ament_cmake: 1.3.9 (/opt/ros/humble/share/ament_cmake/cmake)
[2.363s] -- Found Python3: /usr/bin/python3 (found version "3.10.12") found components: Interpreter 
[2.616s] -- Override CMake install command with custom implementation using symlinks instead of copying resources
[2.681s] -- Found ament_lint_auto: 0.12.11 (/opt/ros/humble/share/ament_lint_auto/cmake)
[3.158s] -- Added test 'flake8' to check Python code syntax and style conventions
[3.160s] -- Added test 'lint_cmake' to check CMake code style
[3.161s] -- Added test 'pep257' to check Python code against some of the docstring style conventions in PEP 257
[3.167s] -- Added test 'xmllint' to check XML markup files
[3.170s] -- Configuring done
[3.181s] -- Generating done
[3.186s] -- Build files have been written to: /home/asimkumar/asitlorbot8_ws/build/asitlorbot8_bringup
[3.205s] Invoked command in '/home/asimkumar/asitlorbot8_ws/build/asitlorbot8_bringup' returned '0': CMAKE_PREFIX_PATH=/opt/ros/humble /usr/bin/cmake /home/asimkumar/asitlorbot8_ws/src/asitlorbot8_bringup -DAMENT_CMAKE_SYMLINK_INSTALL=1 -DCMAKE_INSTALL_PREFIX=/home/asimkumar/asitlorbot8_ws/install/asitlorbot8_bringup
[3.206s] Invoking command in '/home/asimkumar/asitlorbot8_ws/build/asitlorbot8_bringup': CMAKE_PREFIX_PATH=/opt/ros/humble /usr/bin/cmake --build /home/asimkumar/asitlorbot8_ws/build/asitlorbot8_bringup -- -j8 -l8
[3.380s] Invoked command in '/home/asimkumar/asitlorbot8_ws/build/asitlorbot8_bringup' returned '0': CMAKE_PREFIX_PATH=/opt/ros/humble /usr/bin/cmake --build /home/asimkumar/asitlorbot8_ws/build/asitlorbot8_bringup -- -j8 -l8
[3.605s] Invoking command in '/home/asimkumar/asitlorbot8_ws/build/asitlorbot8_bringup': CMAKE_PREFIX_PATH=/opt/ros/humble /usr/bin/cmake --install /home/asimkumar/asitlorbot8_ws/build/asitlorbot8_bringup
[3.624s] -- Install configuration: ""
[3.626s] -- Execute custom install script
[3.628s] -- Symlinking: /home/asimkumar/asitlorbot8_ws/install/asitlorbot8_bringup/share/asitlorbot8_bringup/launch/autonomous_navigation.launch.py
[3.652s] -- Symlinking: /home/asimkumar/asitlorbot8_ws/install/asitlorbot8_bringup/share/asitlorbot8_bringup/launch/imu.launch.py
[3.701s] -- Symlinking: /home/asimkumar/asitlorbot8_ws/install/asitlorbot8_bringup/share/asitlorbot8_bringup/launch/real_robot.launch.py
[3.734s] -- Symlinking: /home/asimkumar/asitlorbot8_ws/install/asitlorbot8_bringup/share/asitlorbot8_bringup/launch/simulated_robot.launch.py
[3.778s] -- Symlinking: /home/asimkumar/asitlorbot8_ws/install/asitlorbot8_bringup/share/ament_index/resource_index/package_run_dependencies/asitlorbot8_bringup
[3.825s] -- Symlinking: /home/asimkumar/asitlorbot8_ws/install/asitlorbot8_bringup/share/ament_index/resource_index/parent_prefix_path/asitlorbot8_bringup
[3.880s] -- Symlinking: /home/asimkumar/asitlorbot8_ws/install/asitlorbot8_bringup/share/asitlorbot8_bringup/environment/ament_prefix_path.sh
[3.928s] -- Symlinking: /home/asimkumar/asitlorbot8_ws/install/asitlorbot8_bringup/share/asitlorbot8_bringup/environment/ament_prefix_path.dsv
[3.968s] -- Symlinking: /home/asimkumar/asitlorbot8_ws/install/asitlorbot8_bringup/share/asitlorbot8_bringup/environment/path.sh
[3.994s] -- Symlinking: /home/asimkumar/asitlorbot8_ws/install/asitlorbot8_bringup/share/asitlorbot8_bringup/environment/path.dsv
[4.014s] -- Symlinking: /home/asimkumar/asitlorbot8_ws/install/asitlorbot8_bringup/share/asitlorbot8_bringup/local_setup.bash
[4.038s] -- Symlinking: /home/asimkumar/asitlorbot8_ws/install/asitlorbot8_bringup/share/asitlorbot8_bringup/local_setup.sh
[4.070s] -- Symlinking: /home/asimkumar/asitlorbot8_ws/install/asitlorbot8_bringup/share/asitlorbot8_bringup/local_setup.zsh
[4.109s] -- Symlinking: /home/asimkumar/asitlorbot8_ws/install/asitlorbot8_bringup/share/asitlorbot8_bringup/local_setup.dsv
[4.164s] -- Symlinking: /home/asimkumar/asitlorbot8_ws/install/asitlorbot8_bringup/share/asitlorbot8_bringup/package.dsv
[4.211s] -- Symlinking: /home/asimkumar/asitlorbot8_ws/install/asitlorbot8_bringup/share/ament_index/resource_index/packages/asitlorbot8_bringup
[4.255s] -- Symlinking: /home/asimkumar/asitlorbot8_ws/install/asitlorbot8_bringup/share/asitlorbot8_bringup/cmake/asitlorbot8_bringupConfig.cmake
[4.306s] -- Symlinking: /home/asimkumar/asitlorbot8_ws/install/asitlorbot8_bringup/share/asitlorbot8_bringup/cmake/asitlorbot8_bringupConfig-version.cmake
[4.377s] -- Symlinking: /home/asimkumar/asitlorbot8_ws/install/asitlorbot8_bringup/share/asitlorbot8_bringup/package.xml
[4.411s] Invoked command in '/home/asimkumar/asitlorbot8_ws/build/asitlorbot8_bringup' returned '0': CMAKE_PREFIX_PATH=/opt/ros/humble /usr/bin/cmake --install /home/asimkumar/asitlorbot8_ws/build/asitlorbot8_bringup
