[0.083s] Invoking command in '/home/asimkumar/asitlorbot8_ws/build/asitlorbot8_controller': CMAKE_PREFIX_PATH=${CMAKE_PREFIX_PATH}:/home/asimkumar/asitlor11_ws/install/asitlor11_py_examples:/home/asimkumar/asitlor_ws/install/serial_motor_demo:/home/asimkumar/asitlorbotsix_ws/install/asitlorbot_six:/opt/ros/humble /usr/bin/cmake --build /home/asimkumar/asitlorbot8_ws/build/asitlorbot8_controller -- -j8 -l8
[0.239s] Built target ament_cmake_python_symlink_asitlorbot8_controller
[0.730s] running egg_info
[0.731s] writing asitlorbot8_controller.egg-info/PKG-INFO
[0.731s] writing dependency_links to asitlorbot8_controller.egg-info/dependency_links.txt
[0.731s] writing top-level names to asitlorbot8_controller.egg-info/top_level.txt
[0.734s] reading manifest file 'asitlorbot8_controller.egg-info/SOURCES.txt'
[0.735s] writing manifest file 'asitlorbot8_controller.egg-info/SOURCES.txt'
[0.784s] Built target ament_cmake_python_build_asitlorbot8_controller_egg
[0.807s] Invoked command in '/home/asimkumar/asitlorbot8_ws/build/asitlorbot8_controller' returned '0': CMAKE_PREFIX_PATH=${CMAKE_PREFIX_PATH}:/home/asimkumar/asitlor11_ws/install/asitlor11_py_examples:/home/asimkumar/asitlor_ws/install/serial_motor_demo:/home/asimkumar/asitlorbotsix_ws/install/asitlorbot_six:/opt/ros/humble /usr/bin/cmake --build /home/asimkumar/asitlorbot8_ws/build/asitlorbot8_controller -- -j8 -l8
[0.859s] Invoking command in '/home/asimkumar/asitlorbot8_ws/build/asitlorbot8_controller': CMAKE_PREFIX_PATH=${CMAKE_PREFIX_PATH}:/home/asimkumar/asitlor11_ws/install/asitlor11_py_examples:/home/asimkumar/asitlor_ws/install/serial_motor_demo:/home/asimkumar/asitlorbotsix_ws/install/asitlorbot_six:/opt/ros/humble /usr/bin/cmake --install /home/asimkumar/asitlorbot8_ws/build/asitlorbot8_controller
[0.872s] -- Install configuration: ""
[0.872s] -- Execute custom install script
[0.873s] -- Up-to-date symlink: /home/asimkumar/asitlorbot8_ws/install/asitlorbot8_controller/share/asitlorbot8_controller/environment/pythonpath.sh
[0.873s] -- Up-to-date symlink: /home/asimkumar/asitlorbot8_ws/install/asitlorbot8_controller/share/asitlorbot8_controller/environment/pythonpath.dsv
[0.874s] -- Up-to-date symlink: /home/asimkumar/asitlorbot8_ws/install/asitlorbot8_controller/local/lib/python3.10/dist-packages/asitlorbot8_controller-0.0.0-py3.10.egg-info/PKG-INFO
[0.874s] -- Up-to-date symlink: /home/asimkumar/asitlorbot8_ws/install/asitlorbot8_controller/local/lib/python3.10/dist-packages/asitlorbot8_controller-0.0.0-py3.10.egg-info/SOURCES.txt
[0.874s] -- Up-to-date symlink: /home/asimkumar/asitlorbot8_ws/install/asitlorbot8_controller/local/lib/python3.10/dist-packages/asitlorbot8_controller-0.0.0-py3.10.egg-info/dependency_links.txt
[0.874s] -- Up-to-date symlink: /home/asimkumar/asitlorbot8_ws/install/asitlorbot8_controller/local/lib/python3.10/dist-packages/asitlorbot8_controller-0.0.0-py3.10.egg-info/top_level.txt
[0.875s] -- Up-to-date symlink: /home/asimkumar/asitlorbot8_ws/install/asitlorbot8_controller/local/lib/python3.10/dist-packages/asitlorbot8_controller/__init__.py
[0.875s] -- Up-to-date symlink: /home/asimkumar/asitlorbot8_ws/install/asitlorbot8_controller/local/lib/python3.10/dist-packages/asitlorbot8_controller/circular_motion.py
[0.875s] -- Up-to-date symlink: /home/asimkumar/asitlorbot8_ws/install/asitlorbot8_controller/local/lib/python3.10/dist-packages/asitlorbot8_controller/noisy_controller.py
[0.876s] -- Up-to-date symlink: /home/asimkumar/asitlorbot8_ws/install/asitlorbot8_controller/share/asitlorbot8_controller/config/asitlorbot8_controllers.yaml
[0.876s] -- Up-to-date symlink: /home/asimkumar/asitlorbot8_ws/install/asitlorbot8_controller/share/asitlorbot8_controller/launch/controller.launch.py
[0.877s] -- Up-to-date symlink: /home/asimkumar/asitlorbot8_ws/install/asitlorbot8_controller/lib/asitlorbot8_controller/noisy_controller.py
[0.877s] -- Up-to-date symlink: /home/asimkumar/asitlorbot8_ws/install/asitlorbot8_controller/lib/asitlorbot8_controller/circular_motion.py
[0.878s] -- Up-to-date symlink: /home/asimkumar/asitlorbot8_ws/install/asitlorbot8_controller/share/ament_index/resource_index/package_run_dependencies/asitlorbot8_controller
[0.878s] -- Up-to-date symlink: /home/asimkumar/asitlorbot8_ws/install/asitlorbot8_controller/share/ament_index/resource_index/parent_prefix_path/asitlorbot8_controller
[0.878s] -- Up-to-date symlink: /home/asimkumar/asitlorbot8_ws/install/asitlorbot8_controller/share/asitlorbot8_controller/environment/ament_prefix_path.sh
[0.878s] -- Up-to-date symlink: /home/asimkumar/asitlorbot8_ws/install/asitlorbot8_controller/share/asitlorbot8_controller/environment/ament_prefix_path.dsv
[0.878s] -- Up-to-date symlink: /home/asimkumar/asitlorbot8_ws/install/asitlorbot8_controller/share/asitlorbot8_controller/environment/path.sh
[0.879s] -- Up-to-date symlink: /home/asimkumar/asitlorbot8_ws/install/asitlorbot8_controller/share/asitlorbot8_controller/environment/path.dsv
[0.879s] -- Up-to-date symlink: /home/asimkumar/asitlorbot8_ws/install/asitlorbot8_controller/share/asitlorbot8_controller/local_setup.bash
[0.879s] -- Up-to-date symlink: /home/asimkumar/asitlorbot8_ws/install/asitlorbot8_controller/share/asitlorbot8_controller/local_setup.sh
[0.880s] -- Up-to-date symlink: /home/asimkumar/asitlorbot8_ws/install/asitlorbot8_controller/share/asitlorbot8_controller/local_setup.zsh
[0.880s] -- Up-to-date symlink: /home/asimkumar/asitlorbot8_ws/install/asitlorbot8_controller/share/asitlorbot8_controller/local_setup.dsv
[0.880s] -- Symlinking: /home/asimkumar/asitlorbot8_ws/install/asitlorbot8_controller/share/asitlorbot8_controller/package.dsv
[0.897s] -- Up-to-date symlink: /home/asimkumar/asitlorbot8_ws/install/asitlorbot8_controller/share/ament_index/resource_index/packages/asitlorbot8_controller
[0.897s] -- Up-to-date symlink: /home/asimkumar/asitlorbot8_ws/install/asitlorbot8_controller/share/asitlorbot8_controller/cmake/asitlorbot8_controllerConfig.cmake
[0.898s] -- Up-to-date symlink: /home/asimkumar/asitlorbot8_ws/install/asitlorbot8_controller/share/asitlorbot8_controller/cmake/asitlorbot8_controllerConfig-version.cmake
[0.898s] -- Up-to-date symlink: /home/asimkumar/asitlorbot8_ws/install/asitlorbot8_controller/share/asitlorbot8_controller/package.xml
[0.960s] Listing '/home/asimkumar/asitlorbot8_ws/install/asitlorbot8_controller/local/lib/python3.10/dist-packages/asitlorbot8_controller'...
[0.971s] Invoked command in '/home/asimkumar/asitlorbot8_ws/build/asitlorbot8_controller' returned '0': CMAKE_PREFIX_PATH=${CMAKE_PREFIX_PATH}:/home/asimkumar/asitlor11_ws/install/asitlor11_py_examples:/home/asimkumar/asitlor_ws/install/serial_motor_demo:/home/asimkumar/asitlorbotsix_ws/install/asitlorbot_six:/opt/ros/humble /usr/bin/cmake --install /home/asimkumar/asitlorbot8_ws/build/asitlorbot8_controller
