[0.088s] Invoking command in '/home/asimkumar/asitlorbot8_ws/build/asitlorbot8_description': CMAKE_PREFIX_PATH=${CMAKE_PREFIX_PATH}:/home/asimkumar/asitlorbot12_ws/install/asitlorbot12_py_examples:/home/asimkumar/asitlor_ws/install/serial_motor_demo:/home/asimkumar/asitlorbotsix_ws/install/asitlorbot_six:/opt/ros/humble /usr/bin/cmake --build /home/asimkumar/asitlorbot8_ws/build/asitlorbot8_description -- -j8 -l8
[0.197s] Invoked command in '/home/asimkumar/asitlorbot8_ws/build/asitlorbot8_description' returned '0': CMAKE_PREFIX_PATH=${CMAKE_PREFIX_PATH}:/home/asimkumar/asitlorbot12_ws/install/asitlorbot12_py_examples:/home/asimkumar/asitlor_ws/install/serial_motor_demo:/home/asimkumar/asitlorbotsix_ws/install/asitlorbot_six:/opt/ros/humble /usr/bin/cmake --build /home/asimkumar/asitlorbot8_ws/build/asitlorbot8_description -- -j8 -l8
[0.310s] Invoking command in '/home/asimkumar/asitlorbot8_ws/build/asitlorbot8_description': CMAKE_PREFIX_PATH=${CMAKE_PREFIX_PATH}:/home/asimkumar/asitlorbot12_ws/install/asitlorbot12_py_examples:/home/asimkumar/asitlor_ws/install/serial_motor_demo:/home/asimkumar/asitlorbotsix_ws/install/asitlorbot_six:/opt/ros/humble /usr/bin/cmake --install /home/asimkumar/asitlorbot8_ws/build/asitlorbot8_description
[0.331s] -- Install configuration: ""
[0.333s] -- Execute custom install script
[0.334s] -- Up-to-date symlink: /home/asimkumar/asitlorbot8_ws/install/asitlorbot8_description/share/asitlorbot8_description/urdf/asitlorbot8.urdf.xacro
[0.335s] -- Up-to-date symlink: /home/asimkumar/asitlorbot8_ws/install/asitlorbot8_description/share/asitlorbot8_description/urdf/gazebo_control.xacro
[0.336s] -- Up-to-date symlink: /home/asimkumar/asitlorbot8_ws/install/asitlorbot8_description/share/asitlorbot8_description/urdf/imu.xacro
[0.336s] -- Up-to-date symlink: /home/asimkumar/asitlorbot8_ws/install/asitlorbot8_description/share/asitlorbot8_description/urdf/inertial_macros.xacro
[0.337s] -- Up-to-date symlink: /home/asimkumar/asitlorbot8_ws/install/asitlorbot8_description/share/asitlorbot8_description/urdf/lidar.xacro
[0.338s] -- Up-to-date symlink: /home/asimkumar/asitlorbot8_ws/install/asitlorbot8_description/share/asitlorbot8_description/urdf/robot_core.xacro
[0.339s] -- Up-to-date symlink: /home/asimkumar/asitlorbot8_ws/install/asitlorbot8_description/share/asitlorbot8_description/urdf/ros2_control.xacro
[0.341s] -- Up-to-date symlink: /home/asimkumar/asitlorbot8_ws/install/asitlorbot8_description/share/asitlorbot8_description/urdf/transmission.xacro
[0.341s] -- Up-to-date symlink: /home/asimkumar/asitlorbot8_ws/install/asitlorbot8_description/share/asitlorbot8_description/launch/display.launch.py
[0.342s] -- Up-to-date symlink: /home/asimkumar/asitlorbot8_ws/install/asitlorbot8_description/share/asitlorbot8_description/launch/gazebo.launch.py
[0.342s] -- Up-to-date symlink: /home/asimkumar/asitlorbot8_ws/install/asitlorbot8_description/share/asitlorbot8_description/launch/rsp.launch.py
[0.344s] -- Up-to-date symlink: /home/asimkumar/asitlorbot8_ws/install/asitlorbot8_description/share/asitlorbot8_description/rviz/display.rviz
[0.345s] -- Up-to-date symlink: /home/asimkumar/asitlorbot8_ws/install/asitlorbot8_description/share/ament_index/resource_index/package_run_dependencies/asitlorbot8_description
[0.345s] -- Up-to-date symlink: /home/asimkumar/asitlorbot8_ws/install/asitlorbot8_description/share/ament_index/resource_index/parent_prefix_path/asitlorbot8_description
[0.346s] -- Up-to-date symlink: /home/asimkumar/asitlorbot8_ws/install/asitlorbot8_description/share/asitlorbot8_description/environment/ament_prefix_path.sh
[0.346s] -- Up-to-date symlink: /home/asimkumar/asitlorbot8_ws/install/asitlorbot8_description/share/asitlorbot8_description/environment/ament_prefix_path.dsv
[0.347s] -- Up-to-date symlink: /home/asimkumar/asitlorbot8_ws/install/asitlorbot8_description/share/asitlorbot8_description/environment/path.sh
[0.348s] -- Up-to-date symlink: /home/asimkumar/asitlorbot8_ws/install/asitlorbot8_description/share/asitlorbot8_description/environment/path.dsv
[0.348s] -- Up-to-date symlink: /home/asimkumar/asitlorbot8_ws/install/asitlorbot8_description/share/asitlorbot8_description/local_setup.bash
[0.349s] -- Up-to-date symlink: /home/asimkumar/asitlorbot8_ws/install/asitlorbot8_description/share/asitlorbot8_description/local_setup.sh
[0.350s] -- Up-to-date symlink: /home/asimkumar/asitlorbot8_ws/install/asitlorbot8_description/share/asitlorbot8_description/local_setup.zsh
[0.350s] -- Up-to-date symlink: /home/asimkumar/asitlorbot8_ws/install/asitlorbot8_description/share/asitlorbot8_description/local_setup.dsv
[0.350s] -- Symlinking: /home/asimkumar/asitlorbot8_ws/install/asitlorbot8_description/share/asitlorbot8_description/package.dsv
[0.380s] -- Up-to-date symlink: /home/asimkumar/asitlorbot8_ws/install/asitlorbot8_description/share/ament_index/resource_index/packages/asitlorbot8_description
[0.382s] -- Up-to-date symlink: /home/asimkumar/asitlorbot8_ws/install/asitlorbot8_description/share/asitlorbot8_description/cmake/asitlorbot8_descriptionConfig.cmake
[0.383s] -- Up-to-date symlink: /home/asimkumar/asitlorbot8_ws/install/asitlorbot8_description/share/asitlorbot8_description/cmake/asitlorbot8_descriptionConfig-version.cmake
[0.383s] -- Up-to-date symlink: /home/asimkumar/asitlorbot8_ws/install/asitlorbot8_description/share/asitlorbot8_description/package.xml
[0.413s] Invoked command in '/home/asimkumar/asitlorbot8_ws/build/asitlorbot8_description' returned '0': CMAKE_PREFIX_PATH=${CMAKE_PREFIX_PATH}:/home/asimkumar/asitlorbot12_ws/install/asitlorbot12_py_examples:/home/asimkumar/asitlor_ws/install/serial_motor_demo:/home/asimkumar/asitlorbotsix_ws/install/asitlorbot_six:/opt/ros/humble /usr/bin/cmake --install /home/asimkumar/asitlorbot8_ws/build/asitlorbot8_description
