[35m[1mConsolidate compiler generated dependencies of target simple_serial_receiver[0m
[35m[1mConsolidate compiler generated dependencies of target simple_serial_transmitter[0m
[35m[1mConsolidate compiler generated dependencies of target asitlorbot8_firmware[0m
[  0%] Built target ament_cmake_python_symlink_asitlorbot8_firmware
[ 33%] Built target simple_serial_receiver
[ 66%] Built target simple_serial_transmitter
[ 83%] [32mBuilding CXX object CMakeFiles/asitlorbot8_firmware.dir/src/asitlorbot8_interface.cpp.o[0m
running egg_info
writing asitlorbot8_firmware.egg-info/PKG-INFO
writing dependency_links to asitlorbot8_firmware.egg-info/dependency_links.txt
writing top-level names to asitlorbot8_firmware.egg-info/top_level.txt
reading manifest file 'asitlorbot8_firmware.egg-info/SOURCES.txt'
writing manifest file 'asitlorbot8_firmware.egg-info/SOURCES.txt'
[ 83%] Built target ament_cmake_python_build_asitlorbot8_firmware_egg
[01m[K/home/asimkumar/asitlorbot8_ws/src/asitlorbot8_firmware/src/asitlorbot8_interface.cpp:[m[K In member function ‘[01m[Kvirtual asitlorbot8_firmware::CallbackReturn asitlorbot8_firmware::asitlorbotInterface::on_init(const hardware_interface::HardwareInfo&)[m[K’:
[01m[K/home/asimkumar/asitlorbot8_ws/src/asitlorbot8_firmware/src/asitlorbot8_interface.cpp:47:9:[m[K [01;31m[Kerror: [m[K‘[01m[Kposition_offsets_[m[K’ was not declared in this scope; did you mean ‘[01m[Kposition_states_[m[K’?
   47 |         [01;31m[Kposition_offsets_[m[K.reserve(info_.joints.size());
      |         [01;31m[K^~~~~~~~~~~~~~~~~[m[K
      |         [32m[Kposition_states_[m[K
[01m[K/home/asimkumar/asitlorbot8_ws/src/asitlorbot8_firmware/src/asitlorbot8_interface.cpp:[m[K In member function ‘[01m[Kvirtual asitlorbot8_firmware::CallbackReturn asitlorbot8_firmware::asitlorbotInterface::on_activate(const rclcpp_lifecycle::State&)[m[K’:
[01m[K/home/asimkumar/asitlorbot8_ws/src/asitlorbot8_firmware/src/asitlorbot8_interface.cpp:88:9:[m[K [01;31m[Kerror: [m[K‘[01m[Kposition_offsets_[m[K’ was not declared in this scope; did you mean ‘[01m[Kposition_states_[m[K’?
   88 |         [01;31m[Kposition_offsets_[m[K = {0.0, 0.0, 0.0, 0.0};
      |         [01;31m[K^~~~~~~~~~~~~~~~~[m[K
      |         [32m[Kposition_states_[m[K
gmake[2]: *** [CMakeFiles/asitlorbot8_firmware.dir/build.make:76: CMakeFiles/asitlorbot8_firmware.dir/src/asitlorbot8_interface.cpp.o] Error 1
gmake[1]: *** [CMakeFiles/Makefile2:196: CMakeFiles/asitlorbot8_firmware.dir/all] Error 2
gmake: *** [Makefile:146: all] Error 2
