[0.198s] DEBUG:colcon:Command line arguments: ['/usr/bin/colcon', 'list', '-p', '--base-paths', '/home/asimkumar/asitlorbot8_ws']
[0.198s] DEBUG:colcon:Parsed command line arguments: Namespace(log_base=None, log_level=None, verb_name='list', build_base='build', ignore_user_meta=False, metas=['./colcon.meta'], base_paths=['/home/asimkumar/asitlorbot8_ws'], packages_ignore=None, packages_ignore_regex=None, paths=None, packages_up_to=None, packages_up_to_regex=None, packages_above=None, packages_above_and_dependencies=None, packages_above_depth=None, packages_select_by_dep=None, packages_skip_by_dep=None, packages_skip_up_to=None, packages_select_build_failed=False, packages_skip_build_finished=False, packages_select_test_failures=False, packages_skip_test_passed=False, packages_select=None, packages_skip=None, packages_select_regex=None, packages_skip_regex=None, packages_start=None, packages_end=None, allow_overriding=[], topological_order=False, names_only=False, paths_only=True, topological_graph=False, topological_graph_dot=False, topological_graph_density=False, topological_graph_legend=False, topological_graph_dot_cluster=False, topological_graph_dot_include_skipped=False, verb_parser=<colcon_defaults.argument_parser.defaults.DefaultArgumentsDecorator object at 0x714ca2422b30>, verb_extension=<colcon_package_information.verb.list.ListVerb object at 0x714ca25a37c0>, main=<bound method ListVerb.main of <colcon_package_information.verb.list.ListVerb object at 0x714ca25a37c0>>)
[0.583s] Level 1:colcon.colcon_core.package_discovery:discover_packages(colcon_meta) check parameters
[0.583s] Level 1:colcon.colcon_core.package_discovery:discover_packages(recursive) check parameters
[0.583s] Level 1:colcon.colcon_core.package_discovery:discover_packages(ignore) check parameters
[0.583s] Level 1:colcon.colcon_core.package_discovery:discover_packages(path) check parameters
[0.583s] Level 1:colcon.colcon_core.package_discovery:discover_packages(recursive) discover
[0.583s] INFO:colcon.colcon_core.package_discovery:Crawling recursively for packages in '/home/asimkumar/asitlorbot8_ws'
[0.583s] Level 1:colcon.colcon_core.package_identification:_identify(/home/asimkumar/asitlorbot8_ws) by extensions ['ignore', 'ignore_ament_install']
[0.584s] Level 1:colcon.colcon_core.package_identification:_identify(/home/asimkumar/asitlorbot8_ws) by extension 'ignore'
[0.584s] Level 1:colcon.colcon_core.package_identification:_identify(/home/asimkumar/asitlorbot8_ws) by extension 'ignore_ament_install'
[0.584s] Level 1:colcon.colcon_core.package_identification:_identify(/home/asimkumar/asitlorbot8_ws) by extensions ['colcon_pkg']
[0.584s] Level 1:colcon.colcon_core.package_identification:_identify(/home/asimkumar/asitlorbot8_ws) by extension 'colcon_pkg'
[0.584s] Level 1:colcon.colcon_core.package_identification:_identify(/home/asimkumar/asitlorbot8_ws) by extensions ['colcon_meta']
[0.584s] Level 1:colcon.colcon_core.package_identification:_identify(/home/asimkumar/asitlorbot8_ws) by extension 'colcon_meta'
[0.584s] Level 1:colcon.colcon_core.package_identification:_identify(/home/asimkumar/asitlorbot8_ws) by extensions ['ros']
[0.584s] Level 1:colcon.colcon_core.package_identification:_identify(/home/asimkumar/asitlorbot8_ws) by extension 'ros'
[0.599s] Level 1:colcon.colcon_core.package_identification:_identify(/home/asimkumar/asitlorbot8_ws) by extensions ['cmake', 'python']
[0.599s] Level 1:colcon.colcon_core.package_identification:_identify(/home/asimkumar/asitlorbot8_ws) by extension 'cmake'
[0.600s] Level 1:colcon.colcon_core.package_identification:_identify(/home/asimkumar/asitlorbot8_ws) by extension 'python'
[0.600s] Level 1:colcon.colcon_core.package_identification:_identify(/home/asimkumar/asitlorbot8_ws) by extensions ['python_setup_py']
[0.600s] Level 1:colcon.colcon_core.package_identification:_identify(/home/asimkumar/asitlorbot8_ws) by extension 'python_setup_py'
[0.600s] Level 1:colcon.colcon_core.package_identification:_identify(/home/asimkumar/asitlorbot8_ws/build) by extensions ['ignore', 'ignore_ament_install']
[0.600s] Level 1:colcon.colcon_core.package_identification:_identify(/home/asimkumar/asitlorbot8_ws/build) by extension 'ignore'
[0.600s] Level 1:colcon.colcon_core.package_identification:_identify(/home/asimkumar/asitlorbot8_ws/build) ignored
[0.600s] Level 1:colcon.colcon_core.package_identification:_identify(/home/asimkumar/asitlorbot8_ws/install) by extensions ['ignore', 'ignore_ament_install']
[0.600s] Level 1:colcon.colcon_core.package_identification:_identify(/home/asimkumar/asitlorbot8_ws/install) by extension 'ignore'
[0.600s] Level 1:colcon.colcon_core.package_identification:_identify(/home/asimkumar/asitlorbot8_ws/install) ignored
[0.601s] Level 1:colcon.colcon_core.package_identification:_identify(/home/asimkumar/asitlorbot8_ws/log) by extensions ['ignore', 'ignore_ament_install']
[0.601s] Level 1:colcon.colcon_core.package_identification:_identify(/home/asimkumar/asitlorbot8_ws/log) by extension 'ignore'
[0.601s] Level 1:colcon.colcon_core.package_identification:_identify(/home/asimkumar/asitlorbot8_ws/log) ignored
[0.601s] Level 1:colcon.colcon_core.package_identification:_identify(/home/asimkumar/asitlorbot8_ws/src) by extensions ['ignore', 'ignore_ament_install']
[0.601s] Level 1:colcon.colcon_core.package_identification:_identify(/home/asimkumar/asitlorbot8_ws/src) by extension 'ignore'
[0.601s] Level 1:colcon.colcon_core.package_identification:_identify(/home/asimkumar/asitlorbot8_ws/src) by extension 'ignore_ament_install'
[0.601s] Level 1:colcon.colcon_core.package_identification:_identify(/home/asimkumar/asitlorbot8_ws/src) by extensions ['colcon_pkg']
[0.601s] Level 1:colcon.colcon_core.package_identification:_identify(/home/asimkumar/asitlorbot8_ws/src) by extension 'colcon_pkg'
[0.601s] Level 1:colcon.colcon_core.package_identification:_identify(/home/asimkumar/asitlorbot8_ws/src) by extensions ['colcon_meta']
[0.601s] Level 1:colcon.colcon_core.package_identification:_identify(/home/asimkumar/asitlorbot8_ws/src) by extension 'colcon_meta'
[0.601s] Level 1:colcon.colcon_core.package_identification:_identify(/home/asimkumar/asitlorbot8_ws/src) by extensions ['ros']
[0.601s] Level 1:colcon.colcon_core.package_identification:_identify(/home/asimkumar/asitlorbot8_ws/src) by extension 'ros'
[0.601s] Level 1:colcon.colcon_core.package_identification:_identify(/home/asimkumar/asitlorbot8_ws/src) by extensions ['cmake', 'python']
[0.601s] Level 1:colcon.colcon_core.package_identification:_identify(/home/asimkumar/asitlorbot8_ws/src) by extension 'cmake'
[0.602s] Level 1:colcon.colcon_core.package_identification:_identify(/home/asimkumar/asitlorbot8_ws/src) by extension 'python'
[0.602s] Level 1:colcon.colcon_core.package_identification:_identify(/home/asimkumar/asitlorbot8_ws/src) by extensions ['python_setup_py']
[0.602s] Level 1:colcon.colcon_core.package_identification:_identify(/home/asimkumar/asitlorbot8_ws/src) by extension 'python_setup_py'
[0.602s] Level 1:colcon.colcon_core.package_identification:_identify(/home/asimkumar/asitlorbot8_ws/src/asitlorbot8_cpp_examples) by extensions ['ignore', 'ignore_ament_install']
[0.602s] Level 1:colcon.colcon_core.package_identification:_identify(/home/asimkumar/asitlorbot8_ws/src/asitlorbot8_cpp_examples) by extension 'ignore'
[0.602s] Level 1:colcon.colcon_core.package_identification:_identify(/home/asimkumar/asitlorbot8_ws/src/asitlorbot8_cpp_examples) by extension 'ignore_ament_install'
[0.602s] Level 1:colcon.colcon_core.package_identification:_identify(/home/asimkumar/asitlorbot8_ws/src/asitlorbot8_cpp_examples) by extensions ['colcon_pkg']
[0.602s] Level 1:colcon.colcon_core.package_identification:_identify(/home/asimkumar/asitlorbot8_ws/src/asitlorbot8_cpp_examples) by extension 'colcon_pkg'
[0.602s] Level 1:colcon.colcon_core.package_identification:_identify(/home/asimkumar/asitlorbot8_ws/src/asitlorbot8_cpp_examples) by extensions ['colcon_meta']
[0.602s] Level 1:colcon.colcon_core.package_identification:_identify(/home/asimkumar/asitlorbot8_ws/src/asitlorbot8_cpp_examples) by extension 'colcon_meta'
[0.602s] Level 1:colcon.colcon_core.package_identification:_identify(/home/asimkumar/asitlorbot8_ws/src/asitlorbot8_cpp_examples) by extensions ['ros']
[0.602s] Level 1:colcon.colcon_core.package_identification:_identify(/home/asimkumar/asitlorbot8_ws/src/asitlorbot8_cpp_examples) by extension 'ros'
[0.606s] DEBUG:colcon.colcon_core.package_identification:Package '/home/asimkumar/asitlorbot8_ws/src/asitlorbot8_cpp_examples' with type 'ros.ament_cmake' and name 'asitlorbot8_cpp_examples'
[0.606s] Level 1:colcon.colcon_core.package_identification:_identify(/home/asimkumar/asitlorbot8_ws/src/asitlorbot8_description) by extensions ['ignore', 'ignore_ament_install']
[0.606s] Level 1:colcon.colcon_core.package_identification:_identify(/home/asimkumar/asitlorbot8_ws/src/asitlorbot8_description) by extension 'ignore'
[0.606s] Level 1:colcon.colcon_core.package_identification:_identify(/home/asimkumar/asitlorbot8_ws/src/asitlorbot8_description) by extension 'ignore_ament_install'
[0.606s] Level 1:colcon.colcon_core.package_identification:_identify(/home/asimkumar/asitlorbot8_ws/src/asitlorbot8_description) by extensions ['colcon_pkg']
[0.607s] Level 1:colcon.colcon_core.package_identification:_identify(/home/asimkumar/asitlorbot8_ws/src/asitlorbot8_description) by extension 'colcon_pkg'
[0.607s] Level 1:colcon.colcon_core.package_identification:_identify(/home/asimkumar/asitlorbot8_ws/src/asitlorbot8_description) by extensions ['colcon_meta']
[0.607s] Level 1:colcon.colcon_core.package_identification:_identify(/home/asimkumar/asitlorbot8_ws/src/asitlorbot8_description) by extension 'colcon_meta'
[0.607s] Level 1:colcon.colcon_core.package_identification:_identify(/home/asimkumar/asitlorbot8_ws/src/asitlorbot8_description) by extensions ['ros']
[0.607s] Level 1:colcon.colcon_core.package_identification:_identify(/home/asimkumar/asitlorbot8_ws/src/asitlorbot8_description) by extension 'ros'
[0.607s] DEBUG:colcon.colcon_core.package_identification:Package '/home/asimkumar/asitlorbot8_ws/src/asitlorbot8_description' with type 'ros.ament_cmake' and name 'asitlorbot8_description'
[0.607s] Level 1:colcon.colcon_core.package_discovery:discover_packages(recursive) using defaults
