[0.053s] Invoking command in '/home/asimkumar/asitlorbot8_ws/build/asitlorbot8_bringup': CMAKE_PREFIX_PATH=/opt/ros/humble /usr/bin/cmake /home/asimkumar/asitlorbot8_ws/src/asitlorbot8_bringup -DAMENT_CMAKE_SYMLINK_INSTALL=1 -DCMAKE_INSTALL_PREFIX=/home/asimkumar/asitlorbot8_ws/install/asitlorbot8_bringup
[0.154s] -- The C compiler identification is GNU 11.4.0
[0.256s] -- The CXX compiler identification is GNU 11.4.0
[0.267s] -- Detecting C compiler ABI info
[0.398s] -- Detecting C compiler ABI info - done
[0.407s] -- Check for working C compiler: /usr/bin/cc - skipped
[0.407s] -- Detecting C compile features
[0.408s] -- Detecting C compile features - done
[0.413s] -- Detecting CXX compiler ABI info
[0.554s] -- Detecting CXX compiler ABI info - done
[0.565s] -- Check for working CXX compiler: /usr/bin/c++ - skipped
[0.565s] -- Detecting CXX compile features
[0.566s] -- Detecting CXX compile features - done
[0.570s] -- Found ament_cmake: 1.3.8 (/opt/ros/humble/share/ament_cmake/cmake)
[0.890s] -- Found Python3: /usr/bin/python3 (found version "3.10.12") found components: Interpreter 
[1.030s] -- Override CMake install command with custom implementation using symlinks instead of copying resources
[1.074s] -- Found ament_lint_auto: 0.12.10 (/opt/ros/humble/share/ament_lint_auto/cmake)
[1.202s] -- Added test 'flake8' to check Python code syntax and style conventions
[1.203s] -- Added test 'lint_cmake' to check CMake code style
[1.203s] -- Added test 'pep257' to check Python code against some of the docstring style conventions in PEP 257
[1.205s] -- Added test 'xmllint' to check XML markup files
[1.207s] -- Configuring done
[1.212s] -- Generating done
[1.213s] -- Build files have been written to: /home/asimkumar/asitlorbot8_ws/build/asitlorbot8_bringup
[1.230s] Invoked command in '/home/asimkumar/asitlorbot8_ws/build/asitlorbot8_bringup' returned '0': CMAKE_PREFIX_PATH=/opt/ros/humble /usr/bin/cmake /home/asimkumar/asitlorbot8_ws/src/asitlorbot8_bringup -DAMENT_CMAKE_SYMLINK_INSTALL=1 -DCMAKE_INSTALL_PREFIX=/home/asimkumar/asitlorbot8_ws/install/asitlorbot8_bringup
[1.233s] Invoking command in '/home/asimkumar/asitlorbot8_ws/build/asitlorbot8_bringup': CMAKE_PREFIX_PATH=/opt/ros/humble /usr/bin/cmake --build /home/asimkumar/asitlorbot8_ws/build/asitlorbot8_bringup -- -j8 -l8
[1.299s] Invoked command in '/home/asimkumar/asitlorbot8_ws/build/asitlorbot8_bringup' returned '0': CMAKE_PREFIX_PATH=/opt/ros/humble /usr/bin/cmake --build /home/asimkumar/asitlorbot8_ws/build/asitlorbot8_bringup -- -j8 -l8
[1.357s] Invoking command in '/home/asimkumar/asitlorbot8_ws/build/asitlorbot8_bringup': CMAKE_PREFIX_PATH=/opt/ros/humble /usr/bin/cmake --install /home/asimkumar/asitlorbot8_ws/build/asitlorbot8_bringup
[1.369s] -- Install configuration: ""
[1.369s] -- Execute custom install script
[1.370s] -- Symlinking: /home/asimkumar/asitlorbot8_ws/install/asitlorbot8_bringup/share/asitlorbot8_bringup/launch/autonomous_navigation.launch.py
[1.386s] -- Symlinking: /home/asimkumar/asitlorbot8_ws/install/asitlorbot8_bringup/share/asitlorbot8_bringup/launch/imu.launch.py
[1.403s] -- Symlinking: /home/asimkumar/asitlorbot8_ws/install/asitlorbot8_bringup/share/asitlorbot8_bringup/launch/real_robot.launch.py
[1.422s] -- Symlinking: /home/asimkumar/asitlorbot8_ws/install/asitlorbot8_bringup/share/asitlorbot8_bringup/launch/simulated_robot.launch.py
[1.438s] -- Symlinking: /home/asimkumar/asitlorbot8_ws/install/asitlorbot8_bringup/share/ament_index/resource_index/package_run_dependencies/asitlorbot8_bringup
[1.454s] -- Symlinking: /home/asimkumar/asitlorbot8_ws/install/asitlorbot8_bringup/share/ament_index/resource_index/parent_prefix_path/asitlorbot8_bringup
[1.470s] -- Symlinking: /home/asimkumar/asitlorbot8_ws/install/asitlorbot8_bringup/share/asitlorbot8_bringup/environment/ament_prefix_path.sh
[1.487s] -- Symlinking: /home/asimkumar/asitlorbot8_ws/install/asitlorbot8_bringup/share/asitlorbot8_bringup/environment/ament_prefix_path.dsv
[1.526s] -- Symlinking: /home/asimkumar/asitlorbot8_ws/install/asitlorbot8_bringup/share/asitlorbot8_bringup/environment/path.sh
[1.547s] -- Symlinking: /home/asimkumar/asitlorbot8_ws/install/asitlorbot8_bringup/share/asitlorbot8_bringup/environment/path.dsv
[1.565s] -- Symlinking: /home/asimkumar/asitlorbot8_ws/install/asitlorbot8_bringup/share/asitlorbot8_bringup/local_setup.bash
[1.579s] -- Symlinking: /home/asimkumar/asitlorbot8_ws/install/asitlorbot8_bringup/share/asitlorbot8_bringup/local_setup.sh
[1.596s] -- Symlinking: /home/asimkumar/asitlorbot8_ws/install/asitlorbot8_bringup/share/asitlorbot8_bringup/local_setup.zsh
[1.610s] -- Symlinking: /home/asimkumar/asitlorbot8_ws/install/asitlorbot8_bringup/share/asitlorbot8_bringup/local_setup.dsv
[1.633s] -- Symlinking: /home/asimkumar/asitlorbot8_ws/install/asitlorbot8_bringup/share/asitlorbot8_bringup/package.dsv
[1.649s] -- Symlinking: /home/asimkumar/asitlorbot8_ws/install/asitlorbot8_bringup/share/ament_index/resource_index/packages/asitlorbot8_bringup
[1.666s] -- Symlinking: /home/asimkumar/asitlorbot8_ws/install/asitlorbot8_bringup/share/asitlorbot8_bringup/cmake/asitlorbot8_bringupConfig.cmake
[1.682s] -- Symlinking: /home/asimkumar/asitlorbot8_ws/install/asitlorbot8_bringup/share/asitlorbot8_bringup/cmake/asitlorbot8_bringupConfig-version.cmake
[1.697s] -- Symlinking: /home/asimkumar/asitlorbot8_ws/install/asitlorbot8_bringup/share/asitlorbot8_bringup/package.xml
[1.718s] Invoked command in '/home/asimkumar/asitlorbot8_ws/build/asitlorbot8_bringup' returned '0': CMAKE_PREFIX_PATH=/opt/ros/humble /usr/bin/cmake --install /home/asimkumar/asitlorbot8_ws/build/asitlorbot8_bringup
