[0.027s] Invoking command in '/home/asimkumar/asitlorbot8_ws/build/asitlorbot8_localization': /usr/bin/cmake /home/asimkumar/asitlorbot8_ws/src/asitlorbot8_localization -DCMAKE_INSTALL_PREFIX=/home/asimkumar/asitlorbot8_ws/install/asitlorbot8_localization
[0.041s] -- Found ament_cmake: 1.3.8 (/opt/ros/humble/share/ament_cmake/cmake)
[0.201s] -- Override CMake install command with custom implementation using symlinks instead of copying resources
[0.209s] -- Found rclcpp: 16.0.8 (/opt/ros/humble/share/rclcpp/cmake)
[0.241s] -- Found rosidl_generator_c: 3.1.5 (/opt/ros/humble/share/rosidl_generator_c/cmake)
[0.243s] -- Found rosidl_adapter: 3.1.5 (/opt/ros/humble/share/rosidl_adapter/cmake)
[0.249s] -- Found rosidl_generator_cpp: 3.1.5 (/opt/ros/humble/share/rosidl_generator_cpp/cmake)
[0.262s] -- Using all available rosidl_typesupport_c: rosidl_typesupport_fastrtps_c;rosidl_typesupport_introspection_c
[0.279s] -- Using all available rosidl_typesupport_cpp: rosidl_typesupport_fastrtps_cpp;rosidl_typesupport_introspection_cpp
[0.338s] -- Found rmw_implementation_cmake: 6.1.1 (/opt/ros/humble/share/rmw_implementation_cmake/cmake)
[0.341s] -- Found rmw_cyclonedds_cpp: 1.3.4 (/opt/ros/humble/share/rmw_cyclonedds_cpp/cmake)
[0.371s] -- Using RMW implementation 'rmw_cyclonedds_cpp' as default
[0.526s] -- Found rclpy: 3.3.12 (/opt/ros/humble/share/rclpy/cmake)
[0.526s] -- Found nav_msgs: 4.2.3 (/opt/ros/humble/share/nav_msgs/cmake)
[0.647s] -- Found sensor_msgs: 4.2.3 (/opt/ros/humble/share/sensor_msgs/cmake)
[0.727s] -- Found nav2_bringup: 1.1.14 (/opt/ros/humble/share/nav2_bringup/cmake)
[0.727s] -- Found tf2_ros: 0.25.6 (/opt/ros/humble/share/tf2_ros/cmake)
[1.099s] Error parsing '/home/asimkumar/asitlorbot8_ws/src/asitlorbot8_localization/package.xml':
[1.144s] Traceback (most recent call last):
[1.145s]   File "/opt/ros/humble/share/ament_cmake_core/cmake/core/package_xml_2_cmake.py", line 150, in <module>
[1.145s]     main()
[1.145s]   File "/opt/ros/humble/share/ament_cmake_core/cmake/core/package_xml_2_cmake.py", line 53, in main
[1.145s]     raise e
[1.145s]   File "/opt/ros/humble/share/ament_cmake_core/cmake/core/package_xml_2_cmake.py", line 49, in main
[1.145s]     package = parse_package_string(
[1.145s]   File "/usr/lib/python3/dist-packages/catkin_pkg/package.py", line 786, in parse_package_string
[1.145s]     raise InvalidPackage('Error(s):%s' % (''.join(['\n- %s' % e for e in errors])), filename)
[1.145s] catkin_pkg.package.InvalidPackage: Error(s) in package '/home/asimkumar/asitlorbot8_ws/src/asitlorbot8_localization/package.xml':
[1.146s] Error(s):
[1.146s] - The generic dependency on 'nav2_bringup' is redundant with: exec_depend
[1.164s] [31mCMake Error at /opt/ros/humble/share/ament_cmake_core/cmake/core/ament_package_xml.cmake:95 (message):
[1.164s]   execute_process(/usr/bin/python3
[1.164s]   /opt/ros/humble/share/ament_cmake_core/cmake/core/package_xml_2_cmake.py
[1.164s]   /home/asimkumar/asitlorbot8_ws/src/asitlorbot8_localization/package.xml
[1.164s]   /home/asimkumar/asitlorbot8_ws/build/asitlorbot8_localization/ament_cmake_core/package.cmake)
[1.164s]   returned error code 1
[1.164s] Call Stack (most recent call first):
[1.164s]   /opt/ros/humble/share/ament_cmake_core/cmake/core/ament_package_xml.cmake:49 (_ament_package_xml)
[1.164s]   /opt/ros/humble/share/ament_cmake_python/cmake/ament_python_install_package.cmake:60 (ament_package_xml)
[1.164s]   /opt/ros/humble/share/ament_cmake_python/cmake/ament_python_install_package.cmake:39 (_ament_cmake_python_install_package)
[1.164s]   CMakeLists.txt:19 (ament_python_install_package)
[1.164s] 
[1.164s] [0m
[1.164s] -- Configuring incomplete, errors occurred!
[1.165s] See also "/home/asimkumar/asitlorbot8_ws/build/asitlorbot8_localization/CMakeFiles/CMakeOutput.log".
[1.173s] Invoked command in '/home/asimkumar/asitlorbot8_ws/build/asitlorbot8_localization' returned '1': /usr/bin/cmake /home/asimkumar/asitlorbot8_ws/src/asitlorbot8_localization -DCMAKE_INSTALL_PREFIX=/home/asimkumar/asitlorbot8_ws/install/asitlorbot8_localization
