[0.051s] Invoking command in '/home/asimkumar/asitlorbot8_ws/build/asitlorbot8_controller': CMAKE_PREFIX_PATH=/opt/ros/humble /usr/bin/cmake /home/asimkumar/asitlorbot8_ws/src/asitlorbot8_controller -DAMENT_CMAKE_SYMLINK_INSTALL=1 -DCMAKE_INSTALL_PREFIX=/home/asimkumar/asitlorbot8_ws/install/asitlorbot8_controller
[0.150s] -- The C compiler identification is GNU 11.4.0
[0.253s] -- The CXX compiler identification is GNU 11.4.0
[0.264s] -- Detecting C compiler ABI info
[0.391s] -- Detecting C compiler ABI info - done
[0.402s] -- Check for working C compiler: /usr/bin/cc - skipped
[0.402s] -- Detecting C compile features
[0.403s] -- Detecting C compile features - done
[0.407s] -- Detecting CXX compiler ABI info
[0.552s] -- Detecting CXX compiler ABI info - done
[0.561s] -- Check for working CXX compiler: /usr/bin/c++ - skipped
[0.561s] -- Detecting CXX compile features
[0.562s] -- Detecting CXX compile features - done
[0.566s] -- Found ament_cmake: 1.3.8 (/opt/ros/humble/share/ament_cmake/cmake)
[0.875s] -- Found Python3: /usr/bin/python3 (found version "3.10.12") found components: Interpreter 
[1.020s] -- Override CMake install command with custom implementation using symlinks instead of copying resources
[1.058s] -- Found rclcpp: 16.0.8 (/opt/ros/humble/share/rclcpp/cmake)
[1.122s] -- Found rosidl_generator_c: 3.1.5 (/opt/ros/humble/share/rosidl_generator_c/cmake)
[1.129s] -- Found rosidl_adapter: 3.1.5 (/opt/ros/humble/share/rosidl_adapter/cmake)
[1.139s] -- Found rosidl_generator_cpp: 3.1.5 (/opt/ros/humble/share/rosidl_generator_cpp/cmake)
[1.155s] -- Using all available rosidl_typesupport_c: rosidl_typesupport_fastrtps_c;rosidl_typesupport_introspection_c
[1.180s] -- Using all available rosidl_typesupport_cpp: rosidl_typesupport_fastrtps_cpp;rosidl_typesupport_introspection_cpp
[1.269s] -- Found rmw_implementation_cmake: 6.1.1 (/opt/ros/humble/share/rmw_implementation_cmake/cmake)
[1.274s] -- Found rmw_cyclonedds_cpp: 1.3.4 (/opt/ros/humble/share/rmw_cyclonedds_cpp/cmake)
[1.328s] -- Using RMW implementation 'rmw_cyclonedds_cpp' as default
[1.344s] -- Looking for pthread.h
[1.477s] -- Looking for pthread.h - found
[1.478s] -- Performing Test CMAKE_HAVE_LIBC_PTHREAD
[1.651s] -- Performing Test CMAKE_HAVE_LIBC_PTHREAD - Success
[1.652s] -- Found Threads: TRUE  
[1.846s] -- Found rclpy: 3.3.12 (/opt/ros/humble/share/rclpy/cmake)
[1.848s] -- Found geometry_msgs: 4.2.3 (/opt/ros/humble/share/geometry_msgs/cmake)
[1.896s] -- Found sensor_msgs: 4.2.3 (/opt/ros/humble/share/sensor_msgs/cmake)
[1.980s] -- Found nav_msgs: 4.2.3 (/opt/ros/humble/share/nav_msgs/cmake)
[2.063s] -- Found tf2_ros: 0.25.6 (/opt/ros/humble/share/tf2_ros/cmake)
[2.541s] -- Found ament_lint_auto: 0.12.10 (/opt/ros/humble/share/ament_lint_auto/cmake)
[2.649s] -- Added test 'flake8' to check Python code syntax and style conventions
[2.650s] -- Added test 'lint_cmake' to check CMake code style
[2.650s] -- Added test 'pep257' to check Python code against some of the docstring style conventions in PEP 257
[2.652s] -- Added test 'xmllint' to check XML markup files
[2.654s] -- Configuring done
[2.661s] -- Generating done
[2.663s] -- Build files have been written to: /home/asimkumar/asitlorbot8_ws/build/asitlorbot8_controller
[2.675s] Invoked command in '/home/asimkumar/asitlorbot8_ws/build/asitlorbot8_controller' returned '0': CMAKE_PREFIX_PATH=/opt/ros/humble /usr/bin/cmake /home/asimkumar/asitlorbot8_ws/src/asitlorbot8_controller -DAMENT_CMAKE_SYMLINK_INSTALL=1 -DCMAKE_INSTALL_PREFIX=/home/asimkumar/asitlorbot8_ws/install/asitlorbot8_controller
[2.677s] Invoking command in '/home/asimkumar/asitlorbot8_ws/build/asitlorbot8_controller': CMAKE_PREFIX_PATH=/opt/ros/humble /usr/bin/cmake --build /home/asimkumar/asitlorbot8_ws/build/asitlorbot8_controller -- -j8 -l8
[2.760s] Built target ament_cmake_python_symlink_asitlorbot8_controller
[3.131s] running egg_info
[3.132s] creating asitlorbot8_controller.egg-info
[3.133s] writing asitlorbot8_controller.egg-info/PKG-INFO
[3.133s] writing dependency_links to asitlorbot8_controller.egg-info/dependency_links.txt
[3.133s] writing top-level names to asitlorbot8_controller.egg-info/top_level.txt
[3.134s] writing manifest file 'asitlorbot8_controller.egg-info/SOURCES.txt'
[3.138s] reading manifest file 'asitlorbot8_controller.egg-info/SOURCES.txt'
[3.139s] writing manifest file 'asitlorbot8_controller.egg-info/SOURCES.txt'
[3.200s] Built target ament_cmake_python_build_asitlorbot8_controller_egg
[3.223s] Invoked command in '/home/asimkumar/asitlorbot8_ws/build/asitlorbot8_controller' returned '0': CMAKE_PREFIX_PATH=/opt/ros/humble /usr/bin/cmake --build /home/asimkumar/asitlorbot8_ws/build/asitlorbot8_controller -- -j8 -l8
[3.275s] Invoking command in '/home/asimkumar/asitlorbot8_ws/build/asitlorbot8_controller': CMAKE_PREFIX_PATH=/opt/ros/humble /usr/bin/cmake --install /home/asimkumar/asitlorbot8_ws/build/asitlorbot8_controller
[3.291s] -- Install configuration: ""
[3.292s] -- Execute custom install script
[3.292s] -- Symlinking: /home/asimkumar/asitlorbot8_ws/install/asitlorbot8_controller/share/asitlorbot8_controller/environment/pythonpath.sh
[3.310s] -- Symlinking: /home/asimkumar/asitlorbot8_ws/install/asitlorbot8_controller/share/asitlorbot8_controller/environment/pythonpath.dsv
[3.330s] -- Symlinking: /home/asimkumar/asitlorbot8_ws/install/asitlorbot8_controller/local/lib/python3.10/dist-packages/asitlorbot8_controller-0.0.0-py3.10.egg-info/PKG-INFO
[3.352s] -- Symlinking: /home/asimkumar/asitlorbot8_ws/install/asitlorbot8_controller/local/lib/python3.10/dist-packages/asitlorbot8_controller-0.0.0-py3.10.egg-info/SOURCES.txt
[3.371s] -- Symlinking: /home/asimkumar/asitlorbot8_ws/install/asitlorbot8_controller/local/lib/python3.10/dist-packages/asitlorbot8_controller-0.0.0-py3.10.egg-info/dependency_links.txt
[3.394s] -- Symlinking: /home/asimkumar/asitlorbot8_ws/install/asitlorbot8_controller/local/lib/python3.10/dist-packages/asitlorbot8_controller-0.0.0-py3.10.egg-info/top_level.txt
[3.418s] -- Symlinking: /home/asimkumar/asitlorbot8_ws/install/asitlorbot8_controller/local/lib/python3.10/dist-packages/asitlorbot8_controller/__init__.py
[3.441s] -- Symlinking: /home/asimkumar/asitlorbot8_ws/install/asitlorbot8_controller/local/lib/python3.10/dist-packages/asitlorbot8_controller/circular_motion.py
[3.463s] -- Symlinking: /home/asimkumar/asitlorbot8_ws/install/asitlorbot8_controller/local/lib/python3.10/dist-packages/asitlorbot8_controller/noisy_controller.py
[3.484s] -- Symlinking: /home/asimkumar/asitlorbot8_ws/install/asitlorbot8_controller/local/lib/python3.10/dist-packages/asitlorbot8_controller/simple_controller.py
[3.507s] -- Symlinking: /home/asimkumar/asitlorbot8_ws/install/asitlorbot8_controller/share/asitlorbot8_controller/config/asitlorbot8_controllers.yaml
[3.531s] -- Symlinking: /home/asimkumar/asitlorbot8_ws/install/asitlorbot8_controller/share/asitlorbot8_controller/launch/controller.launch.py
[3.554s] -- Symlinking: /home/asimkumar/asitlorbot8_ws/install/asitlorbot8_controller/lib/asitlorbot8_controller/noisy_controller.py
[3.575s] -- Symlinking: /home/asimkumar/asitlorbot8_ws/install/asitlorbot8_controller/lib/asitlorbot8_controller/circular_motion.py
[3.597s] -- Symlinking: /home/asimkumar/asitlorbot8_ws/install/asitlorbot8_controller/lib/asitlorbot8_controller/simple_controller.py
[3.619s] -- Symlinking: /home/asimkumar/asitlorbot8_ws/install/asitlorbot8_controller/share/ament_index/resource_index/package_run_dependencies/asitlorbot8_controller
[3.643s] -- Symlinking: /home/asimkumar/asitlorbot8_ws/install/asitlorbot8_controller/share/ament_index/resource_index/parent_prefix_path/asitlorbot8_controller
[3.664s] -- Symlinking: /home/asimkumar/asitlorbot8_ws/install/asitlorbot8_controller/share/asitlorbot8_controller/environment/ament_prefix_path.sh
[3.683s] -- Symlinking: /home/asimkumar/asitlorbot8_ws/install/asitlorbot8_controller/share/asitlorbot8_controller/environment/ament_prefix_path.dsv
[3.704s] -- Symlinking: /home/asimkumar/asitlorbot8_ws/install/asitlorbot8_controller/share/asitlorbot8_controller/environment/path.sh
[3.727s] -- Symlinking: /home/asimkumar/asitlorbot8_ws/install/asitlorbot8_controller/share/asitlorbot8_controller/environment/path.dsv
[3.749s] -- Symlinking: /home/asimkumar/asitlorbot8_ws/install/asitlorbot8_controller/share/asitlorbot8_controller/local_setup.bash
[3.769s] -- Symlinking: /home/asimkumar/asitlorbot8_ws/install/asitlorbot8_controller/share/asitlorbot8_controller/local_setup.sh
[3.791s] -- Symlinking: /home/asimkumar/asitlorbot8_ws/install/asitlorbot8_controller/share/asitlorbot8_controller/local_setup.zsh
[3.813s] -- Symlinking: /home/asimkumar/asitlorbot8_ws/install/asitlorbot8_controller/share/asitlorbot8_controller/local_setup.dsv
[3.834s] -- Symlinking: /home/asimkumar/asitlorbot8_ws/install/asitlorbot8_controller/share/asitlorbot8_controller/package.dsv
[3.854s] -- Symlinking: /home/asimkumar/asitlorbot8_ws/install/asitlorbot8_controller/share/ament_index/resource_index/packages/asitlorbot8_controller
[3.877s] -- Symlinking: /home/asimkumar/asitlorbot8_ws/install/asitlorbot8_controller/share/asitlorbot8_controller/cmake/asitlorbot8_controllerConfig.cmake
[3.899s] -- Symlinking: /home/asimkumar/asitlorbot8_ws/install/asitlorbot8_controller/share/asitlorbot8_controller/cmake/asitlorbot8_controllerConfig-version.cmake
[3.925s] -- Symlinking: /home/asimkumar/asitlorbot8_ws/install/asitlorbot8_controller/share/asitlorbot8_controller/package.xml
[4.032s] Listing '/home/asimkumar/asitlorbot8_ws/install/asitlorbot8_controller/local/lib/python3.10/dist-packages/asitlorbot8_controller'...
[4.033s] Compiling '/home/asimkumar/asitlorbot8_ws/install/asitlorbot8_controller/local/lib/python3.10/dist-packages/asitlorbot8_controller/__init__.py'...
[4.033s] Compiling '/home/asimkumar/asitlorbot8_ws/install/asitlorbot8_controller/local/lib/python3.10/dist-packages/asitlorbot8_controller/circular_motion.py'...
[4.033s] Compiling '/home/asimkumar/asitlorbot8_ws/install/asitlorbot8_controller/local/lib/python3.10/dist-packages/asitlorbot8_controller/noisy_controller.py'...
[4.033s] Compiling '/home/asimkumar/asitlorbot8_ws/install/asitlorbot8_controller/local/lib/python3.10/dist-packages/asitlorbot8_controller/simple_controller.py'...
[4.052s] Invoked command in '/home/asimkumar/asitlorbot8_ws/build/asitlorbot8_controller' returned '0': CMAKE_PREFIX_PATH=/opt/ros/humble /usr/bin/cmake --install /home/asimkumar/asitlorbot8_ws/build/asitlorbot8_controller
