[0.087s] Invoking command in '/home/asimkumar/asitlorbot8_ws/build/asitlorbot8_description': CMAKE_PREFIX_PATH=${CMAKE_PREFIX_PATH}:/home/asimkumar/asitlorbot12_ws/install/asitlorbot12_py_examples:/home/asimkumar/asitlor_ws/install/serial_motor_demo:/home/asimkumar/asitlorbotsix_ws/install/asitlorbot_six:/opt/ros/humble /usr/bin/cmake --build /home/asimkumar/asitlorbot8_ws/build/asitlorbot8_description -- -j8 -l8
[0.237s] Invoked command in '/home/asimkumar/asitlorbot8_ws/build/asitlorbot8_description' returned '0': CMAKE_PREFIX_PATH=${CMAKE_PREFIX_PATH}:/home/asimkumar/asitlorbot12_ws/install/asitlorbot12_py_examples:/home/asimkumar/asitlor_ws/install/serial_motor_demo:/home/asimkumar/asitlorbotsix_ws/install/asitlorbot_six:/opt/ros/humble /usr/bin/cmake --build /home/asimkumar/asitlorbot8_ws/build/asitlorbot8_description -- -j8 -l8
[0.323s] Invoking command in '/home/asimkumar/asitlorbot8_ws/build/asitlorbot8_description': CMAKE_PREFIX_PATH=${CMAKE_PREFIX_PATH}:/home/asimkumar/asitlorbot12_ws/install/asitlorbot12_py_examples:/home/asimkumar/asitlor_ws/install/serial_motor_demo:/home/asimkumar/asitlorbotsix_ws/install/asitlorbot_six:/opt/ros/humble /usr/bin/cmake --install /home/asimkumar/asitlorbot8_ws/build/asitlorbot8_description
[0.346s] -- Install configuration: ""
[0.347s] -- Execute custom install script
[0.351s] -- Up-to-date symlink: /home/asimkumar/asitlorbot8_ws/install/asitlorbot8_description/share/asitlorbot8_description/urdf/asitlorbot8.urdf.xacro
[0.351s] -- Up-to-date symlink: /home/asimkumar/asitlorbot8_ws/install/asitlorbot8_description/share/asitlorbot8_description/urdf/gazebo_control.xacro
[0.351s] -- Up-to-date symlink: /home/asimkumar/asitlorbot8_ws/install/asitlorbot8_description/share/asitlorbot8_description/urdf/imu.xacro
[0.351s] -- Up-to-date symlink: /home/asimkumar/asitlorbot8_ws/install/asitlorbot8_description/share/asitlorbot8_description/urdf/inertial_macros.xacro
[0.351s] -- Up-to-date symlink: /home/asimkumar/asitlorbot8_ws/install/asitlorbot8_description/share/asitlorbot8_description/urdf/lidar.xacro
[0.352s] -- Up-to-date symlink: /home/asimkumar/asitlorbot8_ws/install/asitlorbot8_description/share/asitlorbot8_description/urdf/robot_core.xacro
[0.353s] -- Up-to-date symlink: /home/asimkumar/asitlorbot8_ws/install/asitlorbot8_description/share/asitlorbot8_description/urdf/ros2_control.xacro
[0.356s] -- Up-to-date symlink: /home/asimkumar/asitlorbot8_ws/install/asitlorbot8_description/share/asitlorbot8_description/urdf/transmission.xacro
[0.360s] -- Up-to-date symlink: /home/asimkumar/asitlorbot8_ws/install/asitlorbot8_description/share/asitlorbot8_description/launch/display.launch.py
[0.361s] -- Up-to-date symlink: /home/asimkumar/asitlorbot8_ws/install/asitlorbot8_description/share/asitlorbot8_description/launch/gazebo.launch.py
[0.364s] -- Up-to-date symlink: /home/asimkumar/asitlorbot8_ws/install/asitlorbot8_description/share/asitlorbot8_description/launch/rsp.launch.py
[0.366s] -- Up-to-date symlink: /home/asimkumar/asitlorbot8_ws/install/asitlorbot8_description/share/asitlorbot8_description/rviz/display.rviz
[0.366s] -- Up-to-date symlink: /home/asimkumar/asitlorbot8_ws/install/asitlorbot8_description/share/ament_index/resource_index/package_run_dependencies/asitlorbot8_description
[0.367s] -- Up-to-date symlink: /home/asimkumar/asitlorbot8_ws/install/asitlorbot8_description/share/ament_index/resource_index/parent_prefix_path/asitlorbot8_description
[0.367s] -- Up-to-date symlink: /home/asimkumar/asitlorbot8_ws/install/asitlorbot8_description/share/asitlorbot8_description/environment/ament_prefix_path.sh
[0.368s] -- Up-to-date symlink: /home/asimkumar/asitlorbot8_ws/install/asitlorbot8_description/share/asitlorbot8_description/environment/ament_prefix_path.dsv
[0.368s] -- Up-to-date symlink: /home/asimkumar/asitlorbot8_ws/install/asitlorbot8_description/share/asitlorbot8_description/environment/path.sh
[0.369s] -- Up-to-date symlink: /home/asimkumar/asitlorbot8_ws/install/asitlorbot8_description/share/asitlorbot8_description/environment/path.dsv
[0.370s] -- Up-to-date symlink: /home/asimkumar/asitlorbot8_ws/install/asitlorbot8_description/share/asitlorbot8_description/local_setup.bash
[0.370s] -- Up-to-date symlink: /home/asimkumar/asitlorbot8_ws/install/asitlorbot8_description/share/asitlorbot8_description/local_setup.sh
[0.371s] -- Up-to-date symlink: /home/asimkumar/asitlorbot8_ws/install/asitlorbot8_description/share/asitlorbot8_description/local_setup.zsh
[0.371s] -- Up-to-date symlink: /home/asimkumar/asitlorbot8_ws/install/asitlorbot8_description/share/asitlorbot8_description/local_setup.dsv
[0.371s] -- Symlinking: /home/asimkumar/asitlorbot8_ws/install/asitlorbot8_description/share/asitlorbot8_description/package.dsv
[0.399s] -- Up-to-date symlink: /home/asimkumar/asitlorbot8_ws/install/asitlorbot8_description/share/ament_index/resource_index/packages/asitlorbot8_description
[0.399s] -- Up-to-date symlink: /home/asimkumar/asitlorbot8_ws/install/asitlorbot8_description/share/asitlorbot8_description/cmake/asitlorbot8_descriptionConfig.cmake
[0.399s] -- Up-to-date symlink: /home/asimkumar/asitlorbot8_ws/install/asitlorbot8_description/share/asitlorbot8_description/cmake/asitlorbot8_descriptionConfig-version.cmake
[0.400s] -- Up-to-date symlink: /home/asimkumar/asitlorbot8_ws/install/asitlorbot8_description/share/asitlorbot8_description/package.xml
[0.434s] Invoked command in '/home/asimkumar/asitlorbot8_ws/build/asitlorbot8_description' returned '0': CMAKE_PREFIX_PATH=${CMAKE_PREFIX_PATH}:/home/asimkumar/asitlorbot12_ws/install/asitlorbot12_py_examples:/home/asimkumar/asitlor_ws/install/serial_motor_demo:/home/asimkumar/asitlorbotsix_ws/install/asitlorbot_six:/opt/ros/humble /usr/bin/cmake --install /home/asimkumar/asitlorbot8_ws/build/asitlorbot8_description
