[0.118s] Invoking command in '/home/asimkumar/asitlorbot8_ws/build/asitlorbot8_autonomy': CMAKE_PREFIX_PATH=/opt/ros/humble /usr/bin/cmake /home/asimkumar/asitlorbot8_ws/src/asitlorbot8_autonomy -DAMENT_CMAKE_SYMLINK_INSTALL=1 -DCMAKE_INSTALL_PREFIX=/home/asimkumar/asitlorbot8_ws/install/asitlorbot8_autonomy
[0.282s] -- The C compiler identification is GNU 11.4.0
[0.451s] -- The CXX compiler identification is GNU 11.4.0
[0.473s] -- Detecting C compiler ABI info
[0.663s] -- Detecting C compiler ABI info - done
[0.674s] -- Check for working C compiler: /usr/bin/cc - skipped
[0.675s] -- Detecting C compile features
[0.675s] -- Detecting C compile features - done
[0.680s] -- Detecting CXX compiler ABI info
[0.893s] -- Detecting CXX compiler ABI info - done
[0.896s] -- Check for working CXX compiler: /usr/bin/c++ - skipped
[0.896s] -- Detecting CXX compile features
[0.897s] -- Detecting CXX compile features - done
[0.903s] -- Found ament_cmake: 1.3.9 (/opt/ros/humble/share/ament_cmake/cmake)
[1.336s] -- Found Python3: /usr/bin/python3 (found version "3.10.12") found components: Interpreter 
[1.513s] -- Override CMake install command with custom implementation using symlinks instead of copying resources
[1.584s] -- Found rclcpp: 16.0.9 (/opt/ros/humble/share/rclcpp/cmake)
[1.684s] -- Found rosidl_generator_c: 3.1.5 (/opt/ros/humble/share/rosidl_generator_c/cmake)
[1.696s] -- Found rosidl_adapter: 3.1.5 (/opt/ros/humble/share/rosidl_adapter/cmake)
[1.715s] -- Found rosidl_generator_cpp: 3.1.5 (/opt/ros/humble/share/rosidl_generator_cpp/cmake)
[1.747s] -- Using all available rosidl_typesupport_c: rosidl_typesupport_fastrtps_c;rosidl_typesupport_introspection_c
[1.794s] -- Using all available rosidl_typesupport_cpp: rosidl_typesupport_fastrtps_cpp;rosidl_typesupport_introspection_cpp
[1.947s] -- Found rmw_implementation_cmake: 6.1.2 (/opt/ros/humble/share/rmw_implementation_cmake/cmake)
[1.958s] -- Found rmw_cyclonedds_cpp: 1.3.4 (/opt/ros/humble/share/rmw_cyclonedds_cpp/cmake)
[2.022s] -- Using RMW implementation 'rmw_cyclonedds_cpp' as default
[2.046s] -- Looking for pthread.h
[2.221s] -- Looking for pthread.h - found
[2.222s] -- Performing Test CMAKE_HAVE_LIBC_PTHREAD
[2.407s] -- Performing Test CMAKE_HAVE_LIBC_PTHREAD - Success
[2.408s] -- Found Threads: TRUE  
[2.778s] -- Found rclcpp_action: 16.0.9 (/opt/ros/humble/share/rclcpp_action/cmake)
[2.990s] -- Found nav2_msgs: 1.1.15 (/opt/ros/humble/share/nav2_msgs/cmake)
[3.516s] -- Found tf2: 0.25.7 (/opt/ros/humble/share/tf2/cmake)
[3.543s] -- Found tf2_geometry_msgs: 0.25.7 (/opt/ros/humble/share/tf2_geometry_msgs/cmake)
[3.569s] -- Found eigen3_cmake_module: 0.1.1 (/opt/ros/humble/share/eigen3_cmake_module/cmake)
[3.571s] -- Found Eigen3: TRUE (found version "3.4.0") 
[3.571s] -- Ensuring Eigen3 include directory is part of orocos-kdl CMake target
[3.944s] -- Found ament_lint_auto: 0.12.11 (/opt/ros/humble/share/ament_lint_auto/cmake)
[4.084s] -- Added test 'cppcheck' to perform static code analysis on C / C++ code
[4.084s] -- Configured cppcheck include dirs: /home/asimkumar/asitlorbot8_ws/src/asitlorbot8_autonomy/include
[4.084s] -- Configured cppcheck exclude dirs and/or files: 
[4.085s] -- Added test 'flake8' to check Python code syntax and style conventions
[4.086s] -- Added test 'lint_cmake' to check CMake code style
[4.087s] -- Added test 'pep257' to check Python code against some of the docstring style conventions in PEP 257
[4.090s] -- Added test 'uncrustify' to check C / C++ code style
[4.090s] -- Configured uncrustify additional arguments: 
[4.090s] -- Added test 'xmllint' to check XML markup files
[4.093s] -- Configuring done
[4.112s] -- Generating done
[4.115s] -- Build files have been written to: /home/asimkumar/asitlorbot8_ws/build/asitlorbot8_autonomy
[4.129s] Invoked command in '/home/asimkumar/asitlorbot8_ws/build/asitlorbot8_autonomy' returned '0': CMAKE_PREFIX_PATH=/opt/ros/humble /usr/bin/cmake /home/asimkumar/asitlorbot8_ws/src/asitlorbot8_autonomy -DAMENT_CMAKE_SYMLINK_INSTALL=1 -DCMAKE_INSTALL_PREFIX=/home/asimkumar/asitlorbot8_ws/install/asitlorbot8_autonomy
[4.133s] Invoking command in '/home/asimkumar/asitlorbot8_ws/build/asitlorbot8_autonomy': CMAKE_PREFIX_PATH=/opt/ros/humble /usr/bin/cmake --build /home/asimkumar/asitlorbot8_ws/build/asitlorbot8_autonomy -- -j8 -l8
[4.237s] [ 33%] [32mBuilding CXX object CMakeFiles/autonomy_node.dir/src/autonomy_node.cpp.o[0m
[4.243s] [ 66%] [32mBuilding CXX object CMakeFiles/autonomy_node.dir/src/navigation_behaviors.cpp.o[0m
[11.655s] [100%] [32m[1mLinking CXX executable autonomy_node[0m
[12.032s] [100%] Built target autonomy_node
[12.049s] Invoked command in '/home/asimkumar/asitlorbot8_ws/build/asitlorbot8_autonomy' returned '0': CMAKE_PREFIX_PATH=/opt/ros/humble /usr/bin/cmake --build /home/asimkumar/asitlorbot8_ws/build/asitlorbot8_autonomy -- -j8 -l8
[12.101s] Invoking command in '/home/asimkumar/asitlorbot8_ws/build/asitlorbot8_autonomy': CMAKE_PREFIX_PATH=/opt/ros/humble /usr/bin/cmake --install /home/asimkumar/asitlorbot8_ws/build/asitlorbot8_autonomy
[12.110s] -- Install configuration: ""
[12.110s] -- Execute custom install script
[12.111s] -- Symlinking: /home/asimkumar/asitlorbot8_ws/install/asitlorbot8_autonomy/share/asitlorbot8_autonomy/bt_xml/tree.xml
[12.124s] -- Symlinking: /home/asimkumar/asitlorbot8_ws/install/asitlorbot8_autonomy/share/asitlorbot8_autonomy/launch/autonomy.launch.py
[12.138s] -- Symlinking: /home/asimkumar/asitlorbot8_ws/install/asitlorbot8_autonomy/lib/asitlorbot8_autonomy/autonomy_node
[12.150s] -- Symlinking: /home/asimkumar/asitlorbot8_ws/install/asitlorbot8_autonomy/share/ament_index/resource_index/package_run_dependencies/asitlorbot8_autonomy
[12.163s] -- Symlinking: /home/asimkumar/asitlorbot8_ws/install/asitlorbot8_autonomy/share/ament_index/resource_index/parent_prefix_path/asitlorbot8_autonomy
[12.178s] -- Symlinking: /home/asimkumar/asitlorbot8_ws/install/asitlorbot8_autonomy/share/asitlorbot8_autonomy/environment/ament_prefix_path.sh
[12.191s] -- Symlinking: /home/asimkumar/asitlorbot8_ws/install/asitlorbot8_autonomy/share/asitlorbot8_autonomy/environment/ament_prefix_path.dsv
[12.204s] -- Symlinking: /home/asimkumar/asitlorbot8_ws/install/asitlorbot8_autonomy/share/asitlorbot8_autonomy/environment/path.sh
[12.217s] -- Symlinking: /home/asimkumar/asitlorbot8_ws/install/asitlorbot8_autonomy/share/asitlorbot8_autonomy/environment/path.dsv
[12.231s] -- Symlinking: /home/asimkumar/asitlorbot8_ws/install/asitlorbot8_autonomy/share/asitlorbot8_autonomy/local_setup.bash
[12.245s] -- Symlinking: /home/asimkumar/asitlorbot8_ws/install/asitlorbot8_autonomy/share/asitlorbot8_autonomy/local_setup.sh
[12.259s] -- Symlinking: /home/asimkumar/asitlorbot8_ws/install/asitlorbot8_autonomy/share/asitlorbot8_autonomy/local_setup.zsh
[12.275s] -- Symlinking: /home/asimkumar/asitlorbot8_ws/install/asitlorbot8_autonomy/share/asitlorbot8_autonomy/local_setup.dsv
[12.288s] -- Symlinking: /home/asimkumar/asitlorbot8_ws/install/asitlorbot8_autonomy/share/asitlorbot8_autonomy/package.dsv
[12.301s] -- Symlinking: /home/asimkumar/asitlorbot8_ws/install/asitlorbot8_autonomy/share/ament_index/resource_index/packages/asitlorbot8_autonomy
[12.313s] -- Symlinking: /home/asimkumar/asitlorbot8_ws/install/asitlorbot8_autonomy/share/asitlorbot8_autonomy/cmake/asitlorbot8_autonomyConfig.cmake
[12.327s] -- Symlinking: /home/asimkumar/asitlorbot8_ws/install/asitlorbot8_autonomy/share/asitlorbot8_autonomy/cmake/asitlorbot8_autonomyConfig-version.cmake
[12.340s] -- Symlinking: /home/asimkumar/asitlorbot8_ws/install/asitlorbot8_autonomy/share/asitlorbot8_autonomy/package.xml
[12.356s] Invoked command in '/home/asimkumar/asitlorbot8_ws/build/asitlorbot8_autonomy' returned '0': CMAKE_PREFIX_PATH=/opt/ros/humble /usr/bin/cmake --install /home/asimkumar/asitlorbot8_ws/build/asitlorbot8_autonomy
