[0.084s] Invoking command in '/home/asimkumar/asitlorbot8_ws/build/asitlorbot8_controller': CMAKE_PREFIX_PATH=${CMAKE_PREFIX_PATH}:/home/asimkumar/asitlor11_ws/install/asitlor11_py_examples:/home/asimkumar/asitlor_ws/install/serial_motor_demo:/home/asimkumar/asitlorbotsix_ws/install/asitlorbot_six:/opt/ros/humble /usr/bin/cmake --build /home/asimkumar/asitlorbot8_ws/build/asitlorbot8_controller -- -j8 -l8
[0.259s] Built target ament_cmake_python_symlink_asitlorbot8_controller
[0.919s] running egg_info
[0.920s] writing asitlorbot8_controller.egg-info/PKG-INFO
[0.920s] writing dependency_links to asitlorbot8_controller.egg-info/dependency_links.txt
[0.920s] writing top-level names to asitlorbot8_controller.egg-info/top_level.txt
[0.926s] reading manifest file 'asitlorbot8_controller.egg-info/SOURCES.txt'
[0.927s] writing manifest file 'asitlorbot8_controller.egg-info/SOURCES.txt'
[0.997s] Built target ament_cmake_python_build_asitlorbot8_controller_egg
[1.020s] Invoked command in '/home/asimkumar/asitlorbot8_ws/build/asitlorbot8_controller' returned '0': CMAKE_PREFIX_PATH=${CMAKE_PREFIX_PATH}:/home/asimkumar/asitlor11_ws/install/asitlor11_py_examples:/home/asimkumar/asitlor_ws/install/serial_motor_demo:/home/asimkumar/asitlorbotsix_ws/install/asitlorbot_six:/opt/ros/humble /usr/bin/cmake --build /home/asimkumar/asitlorbot8_ws/build/asitlorbot8_controller -- -j8 -l8
[1.074s] Invoking command in '/home/asimkumar/asitlorbot8_ws/build/asitlorbot8_controller': CMAKE_PREFIX_PATH=${CMAKE_PREFIX_PATH}:/home/asimkumar/asitlor11_ws/install/asitlor11_py_examples:/home/asimkumar/asitlor_ws/install/serial_motor_demo:/home/asimkumar/asitlorbotsix_ws/install/asitlorbot_six:/opt/ros/humble /usr/bin/cmake --install /home/asimkumar/asitlorbot8_ws/build/asitlorbot8_controller
[1.088s] -- Install configuration: ""
[1.089s] -- Execute custom install script
[1.089s] -- Up-to-date symlink: /home/asimkumar/asitlorbot8_ws/install/asitlorbot8_controller/share/asitlorbot8_controller/environment/pythonpath.sh
[1.090s] -- Up-to-date symlink: /home/asimkumar/asitlorbot8_ws/install/asitlorbot8_controller/share/asitlorbot8_controller/environment/pythonpath.dsv
[1.090s] -- Up-to-date symlink: /home/asimkumar/asitlorbot8_ws/install/asitlorbot8_controller/local/lib/python3.10/dist-packages/asitlorbot8_controller-0.0.0-py3.10.egg-info/PKG-INFO
[1.091s] -- Up-to-date symlink: /home/asimkumar/asitlorbot8_ws/install/asitlorbot8_controller/local/lib/python3.10/dist-packages/asitlorbot8_controller-0.0.0-py3.10.egg-info/SOURCES.txt
[1.091s] -- Up-to-date symlink: /home/asimkumar/asitlorbot8_ws/install/asitlorbot8_controller/local/lib/python3.10/dist-packages/asitlorbot8_controller-0.0.0-py3.10.egg-info/dependency_links.txt
[1.091s] -- Up-to-date symlink: /home/asimkumar/asitlorbot8_ws/install/asitlorbot8_controller/local/lib/python3.10/dist-packages/asitlorbot8_controller-0.0.0-py3.10.egg-info/top_level.txt
[1.092s] -- Up-to-date symlink: /home/asimkumar/asitlorbot8_ws/install/asitlorbot8_controller/local/lib/python3.10/dist-packages/asitlorbot8_controller/__init__.py
[1.092s] -- Up-to-date symlink: /home/asimkumar/asitlorbot8_ws/install/asitlorbot8_controller/local/lib/python3.10/dist-packages/asitlorbot8_controller/circular_motion.py
[1.092s] -- Up-to-date symlink: /home/asimkumar/asitlorbot8_ws/install/asitlorbot8_controller/local/lib/python3.10/dist-packages/asitlorbot8_controller/noisy_controller.py
[1.093s] -- Up-to-date symlink: /home/asimkumar/asitlorbot8_ws/install/asitlorbot8_controller/share/asitlorbot8_controller/config/asitlorbot8_controllers.yaml
[1.093s] -- Up-to-date symlink: /home/asimkumar/asitlorbot8_ws/install/asitlorbot8_controller/share/asitlorbot8_controller/launch/controller.launch.py
[1.093s] -- Up-to-date symlink: /home/asimkumar/asitlorbot8_ws/install/asitlorbot8_controller/lib/asitlorbot8_controller/noisy_controller.py
[1.093s] -- Up-to-date symlink: /home/asimkumar/asitlorbot8_ws/install/asitlorbot8_controller/lib/asitlorbot8_controller/circular_motion.py
[1.094s] -- Up-to-date symlink: /home/asimkumar/asitlorbot8_ws/install/asitlorbot8_controller/share/ament_index/resource_index/package_run_dependencies/asitlorbot8_controller
[1.094s] -- Up-to-date symlink: /home/asimkumar/asitlorbot8_ws/install/asitlorbot8_controller/share/ament_index/resource_index/parent_prefix_path/asitlorbot8_controller
[1.094s] -- Up-to-date symlink: /home/asimkumar/asitlorbot8_ws/install/asitlorbot8_controller/share/asitlorbot8_controller/environment/ament_prefix_path.sh
[1.094s] -- Up-to-date symlink: /home/asimkumar/asitlorbot8_ws/install/asitlorbot8_controller/share/asitlorbot8_controller/environment/ament_prefix_path.dsv
[1.094s] -- Up-to-date symlink: /home/asimkumar/asitlorbot8_ws/install/asitlorbot8_controller/share/asitlorbot8_controller/environment/path.sh
[1.095s] -- Up-to-date symlink: /home/asimkumar/asitlorbot8_ws/install/asitlorbot8_controller/share/asitlorbot8_controller/environment/path.dsv
[1.095s] -- Up-to-date symlink: /home/asimkumar/asitlorbot8_ws/install/asitlorbot8_controller/share/asitlorbot8_controller/local_setup.bash
[1.095s] -- Up-to-date symlink: /home/asimkumar/asitlorbot8_ws/install/asitlorbot8_controller/share/asitlorbot8_controller/local_setup.sh
[1.095s] -- Up-to-date symlink: /home/asimkumar/asitlorbot8_ws/install/asitlorbot8_controller/share/asitlorbot8_controller/local_setup.zsh
[1.096s] -- Up-to-date symlink: /home/asimkumar/asitlorbot8_ws/install/asitlorbot8_controller/share/asitlorbot8_controller/local_setup.dsv
[1.096s] -- Symlinking: /home/asimkumar/asitlorbot8_ws/install/asitlorbot8_controller/share/asitlorbot8_controller/package.dsv
[1.116s] -- Up-to-date symlink: /home/asimkumar/asitlorbot8_ws/install/asitlorbot8_controller/share/ament_index/resource_index/packages/asitlorbot8_controller
[1.117s] -- Up-to-date symlink: /home/asimkumar/asitlorbot8_ws/install/asitlorbot8_controller/share/asitlorbot8_controller/cmake/asitlorbot8_controllerConfig.cmake
[1.117s] -- Up-to-date symlink: /home/asimkumar/asitlorbot8_ws/install/asitlorbot8_controller/share/asitlorbot8_controller/cmake/asitlorbot8_controllerConfig-version.cmake
[1.118s] -- Up-to-date symlink: /home/asimkumar/asitlorbot8_ws/install/asitlorbot8_controller/share/asitlorbot8_controller/package.xml
[1.183s] Listing '/home/asimkumar/asitlorbot8_ws/install/asitlorbot8_controller/local/lib/python3.10/dist-packages/asitlorbot8_controller'...
[1.196s] Invoked command in '/home/asimkumar/asitlorbot8_ws/build/asitlorbot8_controller' returned '0': CMAKE_PREFIX_PATH=${CMAKE_PREFIX_PATH}:/home/asimkumar/asitlor11_ws/install/asitlor11_py_examples:/home/asimkumar/asitlor_ws/install/serial_motor_demo:/home/asimkumar/asitlorbotsix_ws/install/asitlorbot_six:/opt/ros/humble /usr/bin/cmake --install /home/asimkumar/asitlorbot8_ws/build/asitlorbot8_controller
