[0.161s] DEBUG:colcon:Command line arguments: ['/usr/bin/colcon', 'build', '--symlink-install']
[0.161s] DEBUG:colcon:Parsed command line arguments: Namespace(log_base=None, log_level=None, verb_name='build', build_base='build', install_base='install', merge_install=False, symlink_install=True, test_result_base=None, continue_on_error=False, executor='parallel', parallel_workers=8, event_handlers=None, ignore_user_meta=False, metas=['./colcon.meta'], base_paths=['.'], packages_ignore=None, packages_ignore_regex=None, paths=None, packages_up_to=None, packages_up_to_regex=None, packages_above=None, packages_above_and_dependencies=None, packages_above_depth=None, packages_select_by_dep=None, packages_skip_by_dep=None, packages_skip_up_to=None, packages_select_build_failed=False, packages_skip_build_finished=False, packages_select_test_failures=False, packages_skip_test_passed=False, packages_select=None, packages_skip=None, packages_select_regex=None, packages_skip_regex=None, packages_start=None, packages_end=None, allow_overriding=[], cmake_args=None, cmake_target=None, cmake_target_skip_unavailable=False, cmake_clean_cache=False, cmake_clean_first=False, cmake_force_configure=False, ament_cmake_args=None, catkin_cmake_args=None, catkin_skip_building_tests=False, verb_parser=<colcon_defaults.argument_parser.defaults.DefaultArgumentsDecorator object at 0x73ff19133a60>, verb_extension=<colcon_core.verb.build.BuildVerb object at 0x73ff192e13f0>, main=<bound method BuildVerb.main of <colcon_core.verb.build.BuildVerb object at 0x73ff192e13f0>>)
[0.540s] Level 1:colcon.colcon_core.package_discovery:discover_packages(colcon_meta) check parameters
[0.541s] Level 1:colcon.colcon_core.package_discovery:discover_packages(recursive) check parameters
[0.541s] Level 1:colcon.colcon_core.package_discovery:discover_packages(ignore) check parameters
[0.541s] Level 1:colcon.colcon_core.package_discovery:discover_packages(path) check parameters
[0.541s] Level 1:colcon.colcon_core.package_discovery:discover_packages(colcon_meta) discover
[0.541s] Level 1:colcon.colcon_core.package_discovery:discover_packages(recursive) discover
[0.541s] INFO:colcon.colcon_core.package_discovery:Crawling recursively for packages in '/home/asimkumar/asitlorbot8_ws'
[0.541s] Level 1:colcon.colcon_core.package_identification:_identify(.) by extensions ['ignore', 'ignore_ament_install']
[0.541s] Level 1:colcon.colcon_core.package_identification:_identify(.) by extension 'ignore'
[0.541s] Level 1:colcon.colcon_core.package_identification:_identify(.) by extension 'ignore_ament_install'
[0.541s] Level 1:colcon.colcon_core.package_identification:_identify(.) by extensions ['colcon_pkg']
[0.541s] Level 1:colcon.colcon_core.package_identification:_identify(.) by extension 'colcon_pkg'
[0.541s] Level 1:colcon.colcon_core.package_identification:_identify(.) by extensions ['colcon_meta']
[0.542s] Level 1:colcon.colcon_core.package_identification:_identify(.) by extension 'colcon_meta'
[0.542s] Level 1:colcon.colcon_core.package_identification:_identify(.) by extensions ['ros']
[0.542s] Level 1:colcon.colcon_core.package_identification:_identify(.) by extension 'ros'
[0.561s] Level 1:colcon.colcon_core.package_identification:_identify(.) by extensions ['cmake', 'python']
[0.562s] Level 1:colcon.colcon_core.package_identification:_identify(.) by extension 'cmake'
[0.562s] Level 1:colcon.colcon_core.package_identification:_identify(.) by extension 'python'
[0.562s] Level 1:colcon.colcon_core.package_identification:_identify(.) by extensions ['python_setup_py']
[0.562s] Level 1:colcon.colcon_core.package_identification:_identify(.) by extension 'python_setup_py'
[0.562s] Level 1:colcon.colcon_core.package_identification:_identify(build) by extensions ['ignore', 'ignore_ament_install']
[0.562s] Level 1:colcon.colcon_core.package_identification:_identify(build) by extension 'ignore'
[0.562s] Level 1:colcon.colcon_core.package_identification:_identify(build) ignored
[0.562s] Level 1:colcon.colcon_core.package_identification:_identify(install) by extensions ['ignore', 'ignore_ament_install']
[0.563s] Level 1:colcon.colcon_core.package_identification:_identify(install) by extension 'ignore'
[0.563s] Level 1:colcon.colcon_core.package_identification:_identify(install) ignored
[0.563s] Level 1:colcon.colcon_core.package_identification:_identify(log) by extensions ['ignore', 'ignore_ament_install']
[0.563s] Level 1:colcon.colcon_core.package_identification:_identify(log) by extension 'ignore'
[0.563s] Level 1:colcon.colcon_core.package_identification:_identify(log) ignored
[0.563s] Level 1:colcon.colcon_core.package_identification:_identify(src) by extensions ['ignore', 'ignore_ament_install']
[0.564s] Level 1:colcon.colcon_core.package_identification:_identify(src) by extension 'ignore'
[0.564s] Level 1:colcon.colcon_core.package_identification:_identify(src) by extension 'ignore_ament_install'
[0.564s] Level 1:colcon.colcon_core.package_identification:_identify(src) by extensions ['colcon_pkg']
[0.564s] Level 1:colcon.colcon_core.package_identification:_identify(src) by extension 'colcon_pkg'
[0.564s] Level 1:colcon.colcon_core.package_identification:_identify(src) by extensions ['colcon_meta']
[0.564s] Level 1:colcon.colcon_core.package_identification:_identify(src) by extension 'colcon_meta'
[0.564s] Level 1:colcon.colcon_core.package_identification:_identify(src) by extensions ['ros']
[0.564s] Level 1:colcon.colcon_core.package_identification:_identify(src) by extension 'ros'
[0.564s] Level 1:colcon.colcon_core.package_identification:_identify(src) by extensions ['cmake', 'python']
[0.564s] Level 1:colcon.colcon_core.package_identification:_identify(src) by extension 'cmake'
[0.564s] Level 1:colcon.colcon_core.package_identification:_identify(src) by extension 'python'
[0.564s] Level 1:colcon.colcon_core.package_identification:_identify(src) by extensions ['python_setup_py']
[0.564s] Level 1:colcon.colcon_core.package_identification:_identify(src) by extension 'python_setup_py'
[0.565s] Level 1:colcon.colcon_core.package_identification:_identify(src/Arduino) by extensions ['ignore', 'ignore_ament_install']
[0.565s] Level 1:colcon.colcon_core.package_identification:_identify(src/Arduino) by extension 'ignore'
[0.565s] Level 1:colcon.colcon_core.package_identification:_identify(src/Arduino) by extension 'ignore_ament_install'
[0.565s] Level 1:colcon.colcon_core.package_identification:_identify(src/Arduino) by extensions ['colcon_pkg']
[0.565s] Level 1:colcon.colcon_core.package_identification:_identify(src/Arduino) by extension 'colcon_pkg'
[0.565s] Level 1:colcon.colcon_core.package_identification:_identify(src/Arduino) by extensions ['colcon_meta']
[0.565s] Level 1:colcon.colcon_core.package_identification:_identify(src/Arduino) by extension 'colcon_meta'
[0.565s] Level 1:colcon.colcon_core.package_identification:_identify(src/Arduino) by extensions ['ros']
[0.565s] Level 1:colcon.colcon_core.package_identification:_identify(src/Arduino) by extension 'ros'
[0.565s] Level 1:colcon.colcon_core.package_identification:_identify(src/Arduino) by extensions ['cmake', 'python']
[0.565s] Level 1:colcon.colcon_core.package_identification:_identify(src/Arduino) by extension 'cmake'
[0.565s] Level 1:colcon.colcon_core.package_identification:_identify(src/Arduino) by extension 'python'
[0.565s] Level 1:colcon.colcon_core.package_identification:_identify(src/Arduino) by extensions ['python_setup_py']
[0.565s] Level 1:colcon.colcon_core.package_identification:_identify(src/Arduino) by extension 'python_setup_py'
[0.566s] Level 1:colcon.colcon_core.package_identification:_identify(src/Arduino/sketch_may07a) by extensions ['ignore', 'ignore_ament_install']
[0.566s] Level 1:colcon.colcon_core.package_identification:_identify(src/Arduino/sketch_may07a) by extension 'ignore'
[0.566s] Level 1:colcon.colcon_core.package_identification:_identify(src/Arduino/sketch_may07a) by extension 'ignore_ament_install'
[0.566s] Level 1:colcon.colcon_core.package_identification:_identify(src/Arduino/sketch_may07a) by extensions ['colcon_pkg']
[0.566s] Level 1:colcon.colcon_core.package_identification:_identify(src/Arduino/sketch_may07a) by extension 'colcon_pkg'
[0.566s] Level 1:colcon.colcon_core.package_identification:_identify(src/Arduino/sketch_may07a) by extensions ['colcon_meta']
[0.566s] Level 1:colcon.colcon_core.package_identification:_identify(src/Arduino/sketch_may07a) by extension 'colcon_meta'
[0.566s] Level 1:colcon.colcon_core.package_identification:_identify(src/Arduino/sketch_may07a) by extensions ['ros']
[0.566s] Level 1:colcon.colcon_core.package_identification:_identify(src/Arduino/sketch_may07a) by extension 'ros'
[0.566s] Level 1:colcon.colcon_core.package_identification:_identify(src/Arduino/sketch_may07a) by extensions ['cmake', 'python']
[0.566s] Level 1:colcon.colcon_core.package_identification:_identify(src/Arduino/sketch_may07a) by extension 'cmake'
[0.566s] Level 1:colcon.colcon_core.package_identification:_identify(src/Arduino/sketch_may07a) by extension 'python'
[0.567s] Level 1:colcon.colcon_core.package_identification:_identify(src/Arduino/sketch_may07a) by extensions ['python_setup_py']
[0.567s] Level 1:colcon.colcon_core.package_identification:_identify(src/Arduino/sketch_may07a) by extension 'python_setup_py'
[0.567s] Level 1:colcon.colcon_core.package_identification:_identify(src/asitlorbot8_autonomy) by extensions ['ignore', 'ignore_ament_install']
[0.567s] Level 1:colcon.colcon_core.package_identification:_identify(src/asitlorbot8_autonomy) by extension 'ignore'
[0.567s] Level 1:colcon.colcon_core.package_identification:_identify(src/asitlorbot8_autonomy) by extension 'ignore_ament_install'
[0.567s] Level 1:colcon.colcon_core.package_identification:_identify(src/asitlorbot8_autonomy) by extensions ['colcon_pkg']
[0.567s] Level 1:colcon.colcon_core.package_identification:_identify(src/asitlorbot8_autonomy) by extension 'colcon_pkg'
[0.567s] Level 1:colcon.colcon_core.package_identification:_identify(src/asitlorbot8_autonomy) by extensions ['colcon_meta']
[0.567s] Level 1:colcon.colcon_core.package_identification:_identify(src/asitlorbot8_autonomy) by extension 'colcon_meta'
[0.567s] Level 1:colcon.colcon_core.package_identification:_identify(src/asitlorbot8_autonomy) by extensions ['ros']
[0.567s] Level 1:colcon.colcon_core.package_identification:_identify(src/asitlorbot8_autonomy) by extension 'ros'
[0.592s] DEBUG:colcon.colcon_core.package_identification:Package 'src/asitlorbot8_autonomy' with type 'ros.ament_cmake' and name 'asitlorbot8_autonomy'
[0.592s] Level 1:colcon.colcon_core.package_identification:_identify(src/asitlorbot8_bringup) by extensions ['ignore', 'ignore_ament_install']
[0.592s] Level 1:colcon.colcon_core.package_identification:_identify(src/asitlorbot8_bringup) by extension 'ignore'
[0.592s] Level 1:colcon.colcon_core.package_identification:_identify(src/asitlorbot8_bringup) by extension 'ignore_ament_install'
[0.592s] Level 1:colcon.colcon_core.package_identification:_identify(src/asitlorbot8_bringup) by extensions ['colcon_pkg']
[0.593s] Level 1:colcon.colcon_core.package_identification:_identify(src/asitlorbot8_bringup) by extension 'colcon_pkg'
[0.593s] Level 1:colcon.colcon_core.package_identification:_identify(src/asitlorbot8_bringup) by extensions ['colcon_meta']
[0.593s] Level 1:colcon.colcon_core.package_identification:_identify(src/asitlorbot8_bringup) by extension 'colcon_meta'
[0.593s] Level 1:colcon.colcon_core.package_identification:_identify(src/asitlorbot8_bringup) by extensions ['ros']
[0.593s] Level 1:colcon.colcon_core.package_identification:_identify(src/asitlorbot8_bringup) by extension 'ros'
[0.594s] DEBUG:colcon.colcon_core.package_identification:Package 'src/asitlorbot8_bringup' with type 'ros.ament_cmake' and name 'asitlorbot8_bringup'
[0.594s] Level 1:colcon.colcon_core.package_identification:_identify(src/asitlorbot8_controller) by extensions ['ignore', 'ignore_ament_install']
[0.594s] Level 1:colcon.colcon_core.package_identification:_identify(src/asitlorbot8_controller) by extension 'ignore'
[0.594s] Level 1:colcon.colcon_core.package_identification:_identify(src/asitlorbot8_controller) by extension 'ignore_ament_install'
[0.594s] Level 1:colcon.colcon_core.package_identification:_identify(src/asitlorbot8_controller) by extensions ['colcon_pkg']
[0.594s] Level 1:colcon.colcon_core.package_identification:_identify(src/asitlorbot8_controller) by extension 'colcon_pkg'
[0.594s] Level 1:colcon.colcon_core.package_identification:_identify(src/asitlorbot8_controller) by extensions ['colcon_meta']
[0.594s] Level 1:colcon.colcon_core.package_identification:_identify(src/asitlorbot8_controller) by extension 'colcon_meta'
[0.594s] Level 1:colcon.colcon_core.package_identification:_identify(src/asitlorbot8_controller) by extensions ['ros']
[0.595s] Level 1:colcon.colcon_core.package_identification:_identify(src/asitlorbot8_controller) by extension 'ros'
[0.596s] DEBUG:colcon.colcon_core.package_identification:Package 'src/asitlorbot8_controller' with type 'ros.ament_cmake' and name 'asitlorbot8_controller'
[0.597s] Level 1:colcon.colcon_core.package_identification:_identify(src/asitlorbot8_cpp_examples) by extensions ['ignore', 'ignore_ament_install']
[0.597s] Level 1:colcon.colcon_core.package_identification:_identify(src/asitlorbot8_cpp_examples) by extension 'ignore'
[0.597s] Level 1:colcon.colcon_core.package_identification:_identify(src/asitlorbot8_cpp_examples) by extension 'ignore_ament_install'
[0.597s] Level 1:colcon.colcon_core.package_identification:_identify(src/asitlorbot8_cpp_examples) by extensions ['colcon_pkg']
[0.597s] Level 1:colcon.colcon_core.package_identification:_identify(src/asitlorbot8_cpp_examples) by extension 'colcon_pkg'
[0.597s] Level 1:colcon.colcon_core.package_identification:_identify(src/asitlorbot8_cpp_examples) by extensions ['colcon_meta']
[0.597s] Level 1:colcon.colcon_core.package_identification:_identify(src/asitlorbot8_cpp_examples) by extension 'colcon_meta'
[0.597s] Level 1:colcon.colcon_core.package_identification:_identify(src/asitlorbot8_cpp_examples) by extensions ['ros']
[0.597s] Level 1:colcon.colcon_core.package_identification:_identify(src/asitlorbot8_cpp_examples) by extension 'ros'
[0.598s] DEBUG:colcon.colcon_core.package_identification:Package 'src/asitlorbot8_cpp_examples' with type 'ros.ament_cmake' and name 'asitlorbot8_cpp_examples'
[0.598s] Level 1:colcon.colcon_core.package_identification:_identify(src/asitlorbot8_description) by extensions ['ignore', 'ignore_ament_install']
[0.598s] Level 1:colcon.colcon_core.package_identification:_identify(src/asitlorbot8_description) by extension 'ignore'
[0.598s] Level 1:colcon.colcon_core.package_identification:_identify(src/asitlorbot8_description) by extension 'ignore_ament_install'
[0.598s] Level 1:colcon.colcon_core.package_identification:_identify(src/asitlorbot8_description) by extensions ['colcon_pkg']
[0.598s] Level 1:colcon.colcon_core.package_identification:_identify(src/asitlorbot8_description) by extension 'colcon_pkg'
[0.598s] Level 1:colcon.colcon_core.package_identification:_identify(src/asitlorbot8_description) by extensions ['colcon_meta']
[0.599s] Level 1:colcon.colcon_core.package_identification:_identify(src/asitlorbot8_description) by extension 'colcon_meta'
[0.599s] Level 1:colcon.colcon_core.package_identification:_identify(src/asitlorbot8_description) by extensions ['ros']
[0.599s] Level 1:colcon.colcon_core.package_identification:_identify(src/asitlorbot8_description) by extension 'ros'
[0.600s] DEBUG:colcon.colcon_core.package_identification:Package 'src/asitlorbot8_description' with type 'ros.ament_cmake' and name 'asitlorbot8_description'
[0.600s] Level 1:colcon.colcon_core.package_identification:_identify(src/asitlorbot8_firmware) by extensions ['ignore', 'ignore_ament_install']
[0.600s] Level 1:colcon.colcon_core.package_identification:_identify(src/asitlorbot8_firmware) by extension 'ignore'
[0.600s] Level 1:colcon.colcon_core.package_identification:_identify(src/asitlorbot8_firmware) by extension 'ignore_ament_install'
[0.600s] Level 1:colcon.colcon_core.package_identification:_identify(src/asitlorbot8_firmware) by extensions ['colcon_pkg']
[0.600s] Level 1:colcon.colcon_core.package_identification:_identify(src/asitlorbot8_firmware) by extension 'colcon_pkg'
[0.600s] Level 1:colcon.colcon_core.package_identification:_identify(src/asitlorbot8_firmware) by extensions ['colcon_meta']
[0.600s] Level 1:colcon.colcon_core.package_identification:_identify(src/asitlorbot8_firmware) by extension 'colcon_meta'
[0.600s] Level 1:colcon.colcon_core.package_identification:_identify(src/asitlorbot8_firmware) by extensions ['ros']
[0.600s] Level 1:colcon.colcon_core.package_identification:_identify(src/asitlorbot8_firmware) by extension 'ros'
[0.602s] DEBUG:colcon.colcon_core.package_identification:Package 'src/asitlorbot8_firmware' with type 'ros.ament_cmake' and name 'asitlorbot8_firmware'
[0.602s] Level 1:colcon.colcon_core.package_identification:_identify(src/asitlorbot8_localization) by extensions ['ignore', 'ignore_ament_install']
[0.602s] Level 1:colcon.colcon_core.package_identification:_identify(src/asitlorbot8_localization) by extension 'ignore'
[0.602s] Level 1:colcon.colcon_core.package_identification:_identify(src/asitlorbot8_localization) by extension 'ignore_ament_install'
[0.602s] Level 1:colcon.colcon_core.package_identification:_identify(src/asitlorbot8_localization) by extensions ['colcon_pkg']
[0.602s] Level 1:colcon.colcon_core.package_identification:_identify(src/asitlorbot8_localization) by extension 'colcon_pkg'
[0.602s] Level 1:colcon.colcon_core.package_identification:_identify(src/asitlorbot8_localization) by extensions ['colcon_meta']
[0.602s] Level 1:colcon.colcon_core.package_identification:_identify(src/asitlorbot8_localization) by extension 'colcon_meta'
[0.602s] Level 1:colcon.colcon_core.package_identification:_identify(src/asitlorbot8_localization) by extensions ['ros']
[0.603s] Level 1:colcon.colcon_core.package_identification:_identify(src/asitlorbot8_localization) by extension 'ros'
[0.604s] DEBUG:colcon.colcon_core.package_identification:Package 'src/asitlorbot8_localization' with type 'ros.ament_cmake' and name 'asitlorbot8_localization'
[0.604s] Level 1:colcon.colcon_core.package_discovery:discover_packages(recursive) using defaults
[0.604s] Level 1:colcon.colcon_core.package_discovery:discover_packages(ignore) discover
[0.604s] Level 1:colcon.colcon_core.package_discovery:discover_packages(ignore) using defaults
[0.604s] Level 1:colcon.colcon_core.package_discovery:discover_packages(path) discover
[0.604s] Level 1:colcon.colcon_core.package_discovery:discover_packages(path) using defaults
[0.644s] Level 1:colcon.colcon_core.package_discovery:discover_packages(prefix_path) check parameters
[0.644s] Level 1:colcon.colcon_core.package_discovery:discover_packages(prefix_path) discover
[0.653s] DEBUG:colcon.colcon_installed_package_information.package_discovery:Found 3 installed packages in /home/asimkumar/asitlorbot12_ws/install
[0.654s] DEBUG:colcon.colcon_installed_package_information.package_discovery:Found 7 installed packages in /home/asimkumar/asitlorbot11_ws/install
[0.655s] DEBUG:colcon.colcon_installed_package_information.package_discovery:Found 7 installed packages in /home/asimkumar/asitlorbot8_ws/install
[0.655s] DEBUG:colcon.colcon_installed_package_information.package_discovery:Found 3 installed packages in /home/asimkumar/asitlorbot7_ws/install
[0.656s] DEBUG:colcon.colcon_installed_package_information.package_discovery:Found 7 installed packages in /home/asimkumar/asitlorbotsix_ws/install
[0.657s] DEBUG:colcon.colcon_installed_package_information.package_discovery:Found 22 installed packages in /home/asimkumar/asitlor_ws/install
[0.658s] DEBUG:colcon.colcon_installed_package_information.package_discovery:Found 1 installed packages in /home/asimkumar/turtlebot3_1/install
[0.659s] DEBUG:colcon.colcon_installed_package_information.package_discovery:Found 17 installed packages in /home/asimkumar/brobot/install
[0.661s] DEBUG:colcon.colcon_installed_package_information.package_discovery:Found 412 installed packages in /opt/ros/humble
[0.665s] Level 1:colcon.colcon_core.package_discovery:discover_packages(prefix_path) using defaults
[0.806s] Level 5:colcon.colcon_core.verb:set package 'asitlorbot8_autonomy' build argument 'cmake_args' from command line to 'None'
[0.806s] Level 5:colcon.colcon_core.verb:set package 'asitlorbot8_autonomy' build argument 'cmake_target' from command line to 'None'
[0.806s] Level 5:colcon.colcon_core.verb:set package 'asitlorbot8_autonomy' build argument 'cmake_target_skip_unavailable' from command line to 'False'
[0.806s] Level 5:colcon.colcon_core.verb:set package 'asitlorbot8_autonomy' build argument 'cmake_clean_cache' from command line to 'False'
[0.806s] Level 5:colcon.colcon_core.verb:set package 'asitlorbot8_autonomy' build argument 'cmake_clean_first' from command line to 'False'
[0.806s] Level 5:colcon.colcon_core.verb:set package 'asitlorbot8_autonomy' build argument 'cmake_force_configure' from command line to 'False'
[0.806s] Level 5:colcon.colcon_core.verb:set package 'asitlorbot8_autonomy' build argument 'ament_cmake_args' from command line to 'None'
[0.806s] Level 5:colcon.colcon_core.verb:set package 'asitlorbot8_autonomy' build argument 'catkin_cmake_args' from command line to 'None'
[0.806s] Level 5:colcon.colcon_core.verb:set package 'asitlorbot8_autonomy' build argument 'catkin_skip_building_tests' from command line to 'False'
[0.807s] DEBUG:colcon.colcon_core.verb:Building package 'asitlorbot8_autonomy' with the following arguments: {'ament_cmake_args': None, 'build_base': '/home/asimkumar/asitlorbot8_ws/build/asitlorbot8_autonomy', 'catkin_cmake_args': None, 'catkin_skip_building_tests': False, 'cmake_args': None, 'cmake_clean_cache': False, 'cmake_clean_first': False, 'cmake_force_configure': False, 'cmake_target': None, 'cmake_target_skip_unavailable': False, 'install_base': '/home/asimkumar/asitlorbot8_ws/install/asitlorbot8_autonomy', 'merge_install': False, 'path': '/home/asimkumar/asitlorbot8_ws/src/asitlorbot8_autonomy', 'symlink_install': True, 'test_result_base': None}
[0.807s] Level 5:colcon.colcon_core.verb:set package 'asitlorbot8_bringup' build argument 'cmake_args' from command line to 'None'
[0.807s] Level 5:colcon.colcon_core.verb:set package 'asitlorbot8_bringup' build argument 'cmake_target' from command line to 'None'
[0.807s] Level 5:colcon.colcon_core.verb:set package 'asitlorbot8_bringup' build argument 'cmake_target_skip_unavailable' from command line to 'False'
[0.807s] Level 5:colcon.colcon_core.verb:set package 'asitlorbot8_bringup' build argument 'cmake_clean_cache' from command line to 'False'
[0.807s] Level 5:colcon.colcon_core.verb:set package 'asitlorbot8_bringup' build argument 'cmake_clean_first' from command line to 'False'
[0.807s] Level 5:colcon.colcon_core.verb:set package 'asitlorbot8_bringup' build argument 'cmake_force_configure' from command line to 'False'
[0.807s] Level 5:colcon.colcon_core.verb:set package 'asitlorbot8_bringup' build argument 'ament_cmake_args' from command line to 'None'
[0.807s] Level 5:colcon.colcon_core.verb:set package 'asitlorbot8_bringup' build argument 'catkin_cmake_args' from command line to 'None'
[0.807s] Level 5:colcon.colcon_core.verb:set package 'asitlorbot8_bringup' build argument 'catkin_skip_building_tests' from command line to 'False'
[0.807s] DEBUG:colcon.colcon_core.verb:Building package 'asitlorbot8_bringup' with the following arguments: {'ament_cmake_args': None, 'build_base': '/home/asimkumar/asitlorbot8_ws/build/asitlorbot8_bringup', 'catkin_cmake_args': None, 'catkin_skip_building_tests': False, 'cmake_args': None, 'cmake_clean_cache': False, 'cmake_clean_first': False, 'cmake_force_configure': False, 'cmake_target': None, 'cmake_target_skip_unavailable': False, 'install_base': '/home/asimkumar/asitlorbot8_ws/install/asitlorbot8_bringup', 'merge_install': False, 'path': '/home/asimkumar/asitlorbot8_ws/src/asitlorbot8_bringup', 'symlink_install': True, 'test_result_base': None}
[0.808s] Level 5:colcon.colcon_core.verb:set package 'asitlorbot8_controller' build argument 'cmake_args' from command line to 'None'
[0.808s] Level 5:colcon.colcon_core.verb:set package 'asitlorbot8_controller' build argument 'cmake_target' from command line to 'None'
[0.808s] Level 5:colcon.colcon_core.verb:set package 'asitlorbot8_controller' build argument 'cmake_target_skip_unavailable' from command line to 'False'
[0.808s] Level 5:colcon.colcon_core.verb:set package 'asitlorbot8_controller' build argument 'cmake_clean_cache' from command line to 'False'
[0.808s] Level 5:colcon.colcon_core.verb:set package 'asitlorbot8_controller' build argument 'cmake_clean_first' from command line to 'False'
[0.808s] Level 5:colcon.colcon_core.verb:set package 'asitlorbot8_controller' build argument 'cmake_force_configure' from command line to 'False'
[0.808s] Level 5:colcon.colcon_core.verb:set package 'asitlorbot8_controller' build argument 'ament_cmake_args' from command line to 'None'
[0.808s] Level 5:colcon.colcon_core.verb:set package 'asitlorbot8_controller' build argument 'catkin_cmake_args' from command line to 'None'
[0.808s] Level 5:colcon.colcon_core.verb:set package 'asitlorbot8_controller' build argument 'catkin_skip_building_tests' from command line to 'False'
[0.808s] DEBUG:colcon.colcon_core.verb:Building package 'asitlorbot8_controller' with the following arguments: {'ament_cmake_args': None, 'build_base': '/home/asimkumar/asitlorbot8_ws/build/asitlorbot8_controller', 'catkin_cmake_args': None, 'catkin_skip_building_tests': False, 'cmake_args': None, 'cmake_clean_cache': False, 'cmake_clean_first': False, 'cmake_force_configure': False, 'cmake_target': None, 'cmake_target_skip_unavailable': False, 'install_base': '/home/asimkumar/asitlorbot8_ws/install/asitlorbot8_controller', 'merge_install': False, 'path': '/home/asimkumar/asitlorbot8_ws/src/asitlorbot8_controller', 'symlink_install': True, 'test_result_base': None}
[0.808s] Level 5:colcon.colcon_core.verb:set package 'asitlorbot8_cpp_examples' build argument 'cmake_args' from command line to 'None'
[0.808s] Level 5:colcon.colcon_core.verb:set package 'asitlorbot8_cpp_examples' build argument 'cmake_target' from command line to 'None'
[0.808s] Level 5:colcon.colcon_core.verb:set package 'asitlorbot8_cpp_examples' build argument 'cmake_target_skip_unavailable' from command line to 'False'
[0.808s] Level 5:colcon.colcon_core.verb:set package 'asitlorbot8_cpp_examples' build argument 'cmake_clean_cache' from command line to 'False'
[0.809s] Level 5:colcon.colcon_core.verb:set package 'asitlorbot8_cpp_examples' build argument 'cmake_clean_first' from command line to 'False'
[0.809s] Level 5:colcon.colcon_core.verb:set package 'asitlorbot8_cpp_examples' build argument 'cmake_force_configure' from command line to 'False'
[0.809s] Level 5:colcon.colcon_core.verb:set package 'asitlorbot8_cpp_examples' build argument 'ament_cmake_args' from command line to 'None'
[0.809s] Level 5:colcon.colcon_core.verb:set package 'asitlorbot8_cpp_examples' build argument 'catkin_cmake_args' from command line to 'None'
[0.809s] Level 5:colcon.colcon_core.verb:set package 'asitlorbot8_cpp_examples' build argument 'catkin_skip_building_tests' from command line to 'False'
[0.809s] DEBUG:colcon.colcon_core.verb:Building package 'asitlorbot8_cpp_examples' with the following arguments: {'ament_cmake_args': None, 'build_base': '/home/asimkumar/asitlorbot8_ws/build/asitlorbot8_cpp_examples', 'catkin_cmake_args': None, 'catkin_skip_building_tests': False, 'cmake_args': None, 'cmake_clean_cache': False, 'cmake_clean_first': False, 'cmake_force_configure': False, 'cmake_target': None, 'cmake_target_skip_unavailable': False, 'install_base': '/home/asimkumar/asitlorbot8_ws/install/asitlorbot8_cpp_examples', 'merge_install': False, 'path': '/home/asimkumar/asitlorbot8_ws/src/asitlorbot8_cpp_examples', 'symlink_install': True, 'test_result_base': None}
[0.809s] Level 5:colcon.colcon_core.verb:set package 'asitlorbot8_description' build argument 'cmake_args' from command line to 'None'
[0.809s] Level 5:colcon.colcon_core.verb:set package 'asitlorbot8_description' build argument 'cmake_target' from command line to 'None'
[0.809s] Level 5:colcon.colcon_core.verb:set package 'asitlorbot8_description' build argument 'cmake_target_skip_unavailable' from command line to 'False'
[0.809s] Level 5:colcon.colcon_core.verb:set package 'asitlorbot8_description' build argument 'cmake_clean_cache' from command line to 'False'
[0.809s] Level 5:colcon.colcon_core.verb:set package 'asitlorbot8_description' build argument 'cmake_clean_first' from command line to 'False'
[0.809s] Level 5:colcon.colcon_core.verb:set package 'asitlorbot8_description' build argument 'cmake_force_configure' from command line to 'False'
[0.809s] Level 5:colcon.colcon_core.verb:set package 'asitlorbot8_description' build argument 'ament_cmake_args' from command line to 'None'
[0.809s] Level 5:colcon.colcon_core.verb:set package 'asitlorbot8_description' build argument 'catkin_cmake_args' from command line to 'None'
[0.809s] Level 5:colcon.colcon_core.verb:set package 'asitlorbot8_description' build argument 'catkin_skip_building_tests' from command line to 'False'
[0.809s] DEBUG:colcon.colcon_core.verb:Building package 'asitlorbot8_description' with the following arguments: {'ament_cmake_args': None, 'build_base': '/home/asimkumar/asitlorbot8_ws/build/asitlorbot8_description', 'catkin_cmake_args': None, 'catkin_skip_building_tests': False, 'cmake_args': None, 'cmake_clean_cache': False, 'cmake_clean_first': False, 'cmake_force_configure': False, 'cmake_target': None, 'cmake_target_skip_unavailable': False, 'install_base': '/home/asimkumar/asitlorbot8_ws/install/asitlorbot8_description', 'merge_install': False, 'path': '/home/asimkumar/asitlorbot8_ws/src/asitlorbot8_description', 'symlink_install': True, 'test_result_base': None}
[0.810s] Level 5:colcon.colcon_core.verb:set package 'asitlorbot8_firmware' build argument 'cmake_args' from command line to 'None'
[0.810s] Level 5:colcon.colcon_core.verb:set package 'asitlorbot8_firmware' build argument 'cmake_target' from command line to 'None'
[0.810s] Level 5:colcon.colcon_core.verb:set package 'asitlorbot8_firmware' build argument 'cmake_target_skip_unavailable' from command line to 'False'
[0.810s] Level 5:colcon.colcon_core.verb:set package 'asitlorbot8_firmware' build argument 'cmake_clean_cache' from command line to 'False'
[0.810s] Level 5:colcon.colcon_core.verb:set package 'asitlorbot8_firmware' build argument 'cmake_clean_first' from command line to 'False'
[0.810s] Level 5:colcon.colcon_core.verb:set package 'asitlorbot8_firmware' build argument 'cmake_force_configure' from command line to 'False'
[0.810s] Level 5:colcon.colcon_core.verb:set package 'asitlorbot8_firmware' build argument 'ament_cmake_args' from command line to 'None'
[0.810s] Level 5:colcon.colcon_core.verb:set package 'asitlorbot8_firmware' build argument 'catkin_cmake_args' from command line to 'None'
[0.810s] Level 5:colcon.colcon_core.verb:set package 'asitlorbot8_firmware' build argument 'catkin_skip_building_tests' from command line to 'False'
[0.810s] DEBUG:colcon.colcon_core.verb:Building package 'asitlorbot8_firmware' with the following arguments: {'ament_cmake_args': None, 'build_base': '/home/asimkumar/asitlorbot8_ws/build/asitlorbot8_firmware', 'catkin_cmake_args': None, 'catkin_skip_building_tests': False, 'cmake_args': None, 'cmake_clean_cache': False, 'cmake_clean_first': False, 'cmake_force_configure': False, 'cmake_target': None, 'cmake_target_skip_unavailable': False, 'install_base': '/home/asimkumar/asitlorbot8_ws/install/asitlorbot8_firmware', 'merge_install': False, 'path': '/home/asimkumar/asitlorbot8_ws/src/asitlorbot8_firmware', 'symlink_install': True, 'test_result_base': None}
[0.810s] Level 5:colcon.colcon_core.verb:set package 'asitlorbot8_localization' build argument 'cmake_args' from command line to 'None'
[0.811s] Level 5:colcon.colcon_core.verb:set package 'asitlorbot8_localization' build argument 'cmake_target' from command line to 'None'
[0.811s] Level 5:colcon.colcon_core.verb:set package 'asitlorbot8_localization' build argument 'cmake_target_skip_unavailable' from command line to 'False'
[0.811s] Level 5:colcon.colcon_core.verb:set package 'asitlorbot8_localization' build argument 'cmake_clean_cache' from command line to 'False'
[0.811s] Level 5:colcon.colcon_core.verb:set package 'asitlorbot8_localization' build argument 'cmake_clean_first' from command line to 'False'
[0.811s] Level 5:colcon.colcon_core.verb:set package 'asitlorbot8_localization' build argument 'cmake_force_configure' from command line to 'False'
[0.811s] Level 5:colcon.colcon_core.verb:set package 'asitlorbot8_localization' build argument 'ament_cmake_args' from command line to 'None'
[0.811s] Level 5:colcon.colcon_core.verb:set package 'asitlorbot8_localization' build argument 'catkin_cmake_args' from command line to 'None'
[0.811s] Level 5:colcon.colcon_core.verb:set package 'asitlorbot8_localization' build argument 'catkin_skip_building_tests' from command line to 'False'
[0.811s] DEBUG:colcon.colcon_core.verb:Building package 'asitlorbot8_localization' with the following arguments: {'ament_cmake_args': None, 'build_base': '/home/asimkumar/asitlorbot8_ws/build/asitlorbot8_localization', 'catkin_cmake_args': None, 'catkin_skip_building_tests': False, 'cmake_args': None, 'cmake_clean_cache': False, 'cmake_clean_first': False, 'cmake_force_configure': False, 'cmake_target': None, 'cmake_target_skip_unavailable': False, 'install_base': '/home/asimkumar/asitlorbot8_ws/install/asitlorbot8_localization', 'merge_install': False, 'path': '/home/asimkumar/asitlorbot8_ws/src/asitlorbot8_localization', 'symlink_install': True, 'test_result_base': None}
[0.811s] INFO:colcon.colcon_core.executor:Executing jobs using 'parallel' executor
[0.812s] DEBUG:colcon.colcon_parallel_executor.executor.parallel:run_until_complete
[0.813s] INFO:colcon.colcon_ros.task.ament_cmake.build:Building ROS package in '/home/asimkumar/asitlorbot8_ws/src/asitlorbot8_autonomy' with build type 'ament_cmake'
[0.813s] INFO:colcon.colcon_cmake.task.cmake.build:Building CMake package in '/home/asimkumar/asitlorbot8_ws/src/asitlorbot8_autonomy'
[0.820s] INFO:colcon.colcon_core.plugin_system:Skipping extension 'colcon_core.shell.bat': Not used on non-Windows systems
[0.820s] INFO:colcon.colcon_core.shell:Skip shell extension 'powershell' for command environment: Not usable outside of PowerShell
[0.820s] DEBUG:colcon.colcon_core.shell:Skip shell extension 'dsv' for command environment
[0.834s] INFO:colcon.colcon_ros.task.ament_cmake.build:Building ROS package in '/home/asimkumar/asitlorbot8_ws/src/asitlorbot8_bringup' with build type 'ament_cmake'
[0.835s] INFO:colcon.colcon_cmake.task.cmake.build:Building CMake package in '/home/asimkumar/asitlorbot8_ws/src/asitlorbot8_bringup'
[0.835s] INFO:colcon.colcon_core.shell:Skip shell extension 'powershell' for command environment: Not usable outside of PowerShell
[0.835s] DEBUG:colcon.colcon_core.shell:Skip shell extension 'dsv' for command environment
[0.853s] INFO:colcon.colcon_ros.task.ament_cmake.build:Building ROS package in '/home/asimkumar/asitlorbot8_ws/src/asitlorbot8_controller' with build type 'ament_cmake'
[0.854s] INFO:colcon.colcon_cmake.task.cmake.build:Building CMake package in '/home/asimkumar/asitlorbot8_ws/src/asitlorbot8_controller'
[0.854s] INFO:colcon.colcon_core.shell:Skip shell extension 'powershell' for command environment: Not usable outside of PowerShell
[0.854s] DEBUG:colcon.colcon_core.shell:Skip shell extension 'dsv' for command environment
[0.868s] INFO:colcon.colcon_ros.task.ament_cmake.build:Building ROS package in '/home/asimkumar/asitlorbot8_ws/src/asitlorbot8_cpp_examples' with build type 'ament_cmake'
[0.868s] INFO:colcon.colcon_cmake.task.cmake.build:Building CMake package in '/home/asimkumar/asitlorbot8_ws/src/asitlorbot8_cpp_examples'
[0.869s] INFO:colcon.colcon_core.shell:Skip shell extension 'powershell' for command environment: Not usable outside of PowerShell
[0.869s] DEBUG:colcon.colcon_core.shell:Skip shell extension 'dsv' for command environment
[0.888s] INFO:colcon.colcon_ros.task.ament_cmake.build:Building ROS package in '/home/asimkumar/asitlorbot8_ws/src/asitlorbot8_description' with build type 'ament_cmake'
[0.888s] INFO:colcon.colcon_cmake.task.cmake.build:Building CMake package in '/home/asimkumar/asitlorbot8_ws/src/asitlorbot8_description'
[0.889s] INFO:colcon.colcon_core.shell:Skip shell extension 'powershell' for command environment: Not usable outside of PowerShell
[0.889s] DEBUG:colcon.colcon_core.shell:Skip shell extension 'dsv' for command environment
[0.903s] INFO:colcon.colcon_ros.task.ament_cmake.build:Building ROS package in '/home/asimkumar/asitlorbot8_ws/src/asitlorbot8_firmware' with build type 'ament_cmake'
[0.903s] INFO:colcon.colcon_cmake.task.cmake.build:Building CMake package in '/home/asimkumar/asitlorbot8_ws/src/asitlorbot8_firmware'
[0.903s] INFO:colcon.colcon_core.shell:Skip shell extension 'powershell' for command environment: Not usable outside of PowerShell
[0.903s] DEBUG:colcon.colcon_core.shell:Skip shell extension 'dsv' for command environment
[0.922s] INFO:colcon.colcon_ros.task.ament_cmake.build:Building ROS package in '/home/asimkumar/asitlorbot8_ws/src/asitlorbot8_localization' with build type 'ament_cmake'
[0.922s] INFO:colcon.colcon_cmake.task.cmake.build:Building CMake package in '/home/asimkumar/asitlorbot8_ws/src/asitlorbot8_localization'
[0.922s] INFO:colcon.colcon_core.shell:Skip shell extension 'powershell' for command environment: Not usable outside of PowerShell
[0.922s] DEBUG:colcon.colcon_core.shell:Skip shell extension 'dsv' for command environment
[0.948s] DEBUG:colcon.colcon_core.event_handler.log_command:Invoking command in '/home/asimkumar/asitlorbot8_ws/build/asitlorbot8_autonomy': CMAKE_PREFIX_PATH=${CMAKE_PREFIX_PATH}:/home/asimkumar/asitlorbot12_ws/install/asitlorbot12_py_examples:/home/asimkumar/asitlor_ws/install/serial_motor_demo:/home/asimkumar/asitlorbotsix_ws/install/asitlorbot_six:/opt/ros/humble /usr/bin/cmake --build /home/asimkumar/asitlorbot8_ws/build/asitlorbot8_autonomy -- -j8 -l8
[0.958s] DEBUG:colcon.colcon_core.event_handler.log_command:Invoking command in '/home/asimkumar/asitlorbot8_ws/build/asitlorbot8_bringup': CMAKE_PREFIX_PATH=${CMAKE_PREFIX_PATH}:/home/asimkumar/asitlorbot12_ws/install/asitlorbot12_py_examples:/home/asimkumar/asitlor_ws/install/serial_motor_demo:/home/asimkumar/asitlorbotsix_ws/install/asitlorbot_six:/opt/ros/humble /usr/bin/cmake --build /home/asimkumar/asitlorbot8_ws/build/asitlorbot8_bringup -- -j8 -l8
[0.963s] DEBUG:colcon.colcon_core.event_handler.log_command:Invoking command in '/home/asimkumar/asitlorbot8_ws/build/asitlorbot8_controller': CMAKE_PREFIX_PATH=${CMAKE_PREFIX_PATH}:/home/asimkumar/asitlorbot12_ws/install/asitlorbot12_py_examples:/home/asimkumar/asitlor_ws/install/serial_motor_demo:/home/asimkumar/asitlorbotsix_ws/install/asitlorbot_six:/opt/ros/humble /usr/bin/cmake --build /home/asimkumar/asitlorbot8_ws/build/asitlorbot8_controller -- -j8 -l8
[0.969s] DEBUG:colcon.colcon_core.event_handler.log_command:Invoking command in '/home/asimkumar/asitlorbot8_ws/build/asitlorbot8_cpp_examples': CMAKE_PREFIX_PATH=${CMAKE_PREFIX_PATH}:/home/asimkumar/asitlorbot12_ws/install/asitlorbot12_py_examples:/home/asimkumar/asitlor_ws/install/serial_motor_demo:/home/asimkumar/asitlorbotsix_ws/install/asitlorbot_six:/opt/ros/humble /usr/bin/cmake --build /home/asimkumar/asitlorbot8_ws/build/asitlorbot8_cpp_examples -- -j8 -l8
[0.977s] DEBUG:colcon.colcon_core.event_handler.log_command:Invoking command in '/home/asimkumar/asitlorbot8_ws/build/asitlorbot8_description': CMAKE_PREFIX_PATH=${CMAKE_PREFIX_PATH}:/home/asimkumar/asitlorbot12_ws/install/asitlorbot12_py_examples:/home/asimkumar/asitlor_ws/install/serial_motor_demo:/home/asimkumar/asitlorbotsix_ws/install/asitlorbot_six:/opt/ros/humble /usr/bin/cmake --build /home/asimkumar/asitlorbot8_ws/build/asitlorbot8_description -- -j8 -l8
[0.986s] DEBUG:colcon.colcon_core.event_handler.log_command:Invoking command in '/home/asimkumar/asitlorbot8_ws/build/asitlorbot8_firmware': CMAKE_PREFIX_PATH=${CMAKE_PREFIX_PATH}:/home/asimkumar/asitlorbot12_ws/install/asitlorbot12_py_examples:/home/asimkumar/asitlor_ws/install/serial_motor_demo:/home/asimkumar/asitlorbotsix_ws/install/asitlorbot_six:/opt/ros/humble /usr/bin/cmake --build /home/asimkumar/asitlorbot8_ws/build/asitlorbot8_firmware -- -j8 -l8
[0.997s] DEBUG:colcon.colcon_core.event_handler.log_command:Invoking command in '/home/asimkumar/asitlorbot8_ws/build/asitlorbot8_localization': CMAKE_PREFIX_PATH=${CMAKE_PREFIX_PATH}:/home/asimkumar/asitlorbot12_ws/install/asitlorbot12_py_examples:/home/asimkumar/asitlor_ws/install/serial_motor_demo:/home/asimkumar/asitlorbotsix_ws/install/asitlorbot_six:/opt/ros/humble /usr/bin/cmake --build /home/asimkumar/asitlorbot8_ws/build/asitlorbot8_localization -- -j8 -l8
[1.108s] DEBUG:colcon.colcon_core.event_handler.log_command:Invoked command in '/home/asimkumar/asitlorbot8_ws/build/asitlorbot8_cpp_examples' returned '0': CMAKE_PREFIX_PATH=${CMAKE_PREFIX_PATH}:/home/asimkumar/asitlorbot12_ws/install/asitlorbot12_py_examples:/home/asimkumar/asitlor_ws/install/serial_motor_demo:/home/asimkumar/asitlorbotsix_ws/install/asitlorbot_six:/opt/ros/humble /usr/bin/cmake --build /home/asimkumar/asitlorbot8_ws/build/asitlorbot8_cpp_examples -- -j8 -l8
[1.117s] DEBUG:colcon.colcon_core.event_handler.log_command:Invoked command in '/home/asimkumar/asitlorbot8_ws/build/asitlorbot8_bringup' returned '0': CMAKE_PREFIX_PATH=${CMAKE_PREFIX_PATH}:/home/asimkumar/asitlorbot12_ws/install/asitlorbot12_py_examples:/home/asimkumar/asitlor_ws/install/serial_motor_demo:/home/asimkumar/asitlorbotsix_ws/install/asitlorbot_six:/opt/ros/humble /usr/bin/cmake --build /home/asimkumar/asitlorbot8_ws/build/asitlorbot8_bringup -- -j8 -l8
[1.126s] DEBUG:colcon.colcon_core.event_handler.log_command:Invoked command in '/home/asimkumar/asitlorbot8_ws/build/asitlorbot8_description' returned '0': CMAKE_PREFIX_PATH=${CMAKE_PREFIX_PATH}:/home/asimkumar/asitlorbot12_ws/install/asitlorbot12_py_examples:/home/asimkumar/asitlor_ws/install/serial_motor_demo:/home/asimkumar/asitlorbotsix_ws/install/asitlorbot_six:/opt/ros/humble /usr/bin/cmake --build /home/asimkumar/asitlorbot8_ws/build/asitlorbot8_description -- -j8 -l8
[1.202s] DEBUG:colcon.colcon_core.event_handler.log_command:Invoking command in '/home/asimkumar/asitlorbot8_ws/build/asitlorbot8_cpp_examples': CMAKE_PREFIX_PATH=${CMAKE_PREFIX_PATH}:/home/asimkumar/asitlorbot12_ws/install/asitlorbot12_py_examples:/home/asimkumar/asitlor_ws/install/serial_motor_demo:/home/asimkumar/asitlorbotsix_ws/install/asitlorbot_six:/opt/ros/humble /usr/bin/cmake --install /home/asimkumar/asitlorbot8_ws/build/asitlorbot8_cpp_examples
[1.207s] DEBUG:colcon.colcon_core.event_handler.log_command:Invoking command in '/home/asimkumar/asitlorbot8_ws/build/asitlorbot8_bringup': CMAKE_PREFIX_PATH=${CMAKE_PREFIX_PATH}:/home/asimkumar/asitlorbot12_ws/install/asitlorbot12_py_examples:/home/asimkumar/asitlor_ws/install/serial_motor_demo:/home/asimkumar/asitlorbotsix_ws/install/asitlorbot_six:/opt/ros/humble /usr/bin/cmake --install /home/asimkumar/asitlorbot8_ws/build/asitlorbot8_bringup
[1.212s] DEBUG:colcon.colcon_core.event_handler.log_command:Invoking command in '/home/asimkumar/asitlorbot8_ws/build/asitlorbot8_description': CMAKE_PREFIX_PATH=${CMAKE_PREFIX_PATH}:/home/asimkumar/asitlorbot12_ws/install/asitlorbot12_py_examples:/home/asimkumar/asitlor_ws/install/serial_motor_demo:/home/asimkumar/asitlorbotsix_ws/install/asitlorbot_six:/opt/ros/humble /usr/bin/cmake --install /home/asimkumar/asitlorbot8_ws/build/asitlorbot8_description
[1.237s] DEBUG:colcon.colcon_core.event_handler.log_command:Invoked command in '/home/asimkumar/asitlorbot8_ws/build/asitlorbot8_autonomy' returned '0': CMAKE_PREFIX_PATH=${CMAKE_PREFIX_PATH}:/home/asimkumar/asitlorbot12_ws/install/asitlorbot12_py_examples:/home/asimkumar/asitlor_ws/install/serial_motor_demo:/home/asimkumar/asitlorbotsix_ws/install/asitlorbot_six:/opt/ros/humble /usr/bin/cmake --build /home/asimkumar/asitlorbot8_ws/build/asitlorbot8_autonomy -- -j8 -l8
[1.265s] Level 1:colcon.colcon_core.environment:create_environment_scripts_only(asitlorbot8_cpp_examples)
[1.266s] DEBUG:colcon.colcon_core.event_handler.log_command:Invoked command in '/home/asimkumar/asitlorbot8_ws/build/asitlorbot8_cpp_examples' returned '0': CMAKE_PREFIX_PATH=${CMAKE_PREFIX_PATH}:/home/asimkumar/asitlorbot12_ws/install/asitlorbot12_py_examples:/home/asimkumar/asitlor_ws/install/serial_motor_demo:/home/asimkumar/asitlorbotsix_ws/install/asitlorbot_six:/opt/ros/humble /usr/bin/cmake --install /home/asimkumar/asitlorbot8_ws/build/asitlorbot8_cpp_examples
[1.279s] Level 1:colcon.colcon_core.environment:checking '/home/asimkumar/asitlorbot8_ws/install/asitlorbot8_cpp_examples' for CMake module files
[1.281s] Level 1:colcon.colcon_core.environment:checking '/home/asimkumar/asitlorbot8_ws/install/asitlorbot8_cpp_examples' for CMake config files
[1.281s] Level 1:colcon.colcon_core.shell:create_environment_hook('asitlorbot8_cpp_examples', 'cmake_prefix_path')
[1.282s] INFO:colcon.colcon_core.shell:Creating environment hook '/home/asimkumar/asitlorbot8_ws/install/asitlorbot8_cpp_examples/share/asitlorbot8_cpp_examples/hook/cmake_prefix_path.ps1'
[1.284s] INFO:colcon.colcon_core.shell:Creating environment descriptor '/home/asimkumar/asitlorbot8_ws/install/asitlorbot8_cpp_examples/share/asitlorbot8_cpp_examples/hook/cmake_prefix_path.dsv'
[1.286s] INFO:colcon.colcon_core.shell:Creating environment hook '/home/asimkumar/asitlorbot8_ws/install/asitlorbot8_cpp_examples/share/asitlorbot8_cpp_examples/hook/cmake_prefix_path.sh'
[1.290s] Level 1:colcon.colcon_core.environment:checking '/home/asimkumar/asitlorbot8_ws/install/asitlorbot8_cpp_examples/bin'
[1.290s] Level 1:colcon.colcon_core.environment:checking '/home/asimkumar/asitlorbot8_ws/install/asitlorbot8_cpp_examples/lib/pkgconfig/asitlorbot8_cpp_examples.pc'
[1.290s] Level 1:colcon.colcon_core.environment:checking '/home/asimkumar/asitlorbot8_ws/install/asitlorbot8_cpp_examples/lib/python3.10/site-packages'
[1.291s] Level 1:colcon.colcon_core.environment:checking '/home/asimkumar/asitlorbot8_ws/install/asitlorbot8_cpp_examples/bin'
[1.292s] INFO:colcon.colcon_core.shell:Creating package script '/home/asimkumar/asitlorbot8_ws/install/asitlorbot8_cpp_examples/share/asitlorbot8_cpp_examples/package.ps1'
[1.294s] INFO:colcon.colcon_core.shell:Creating package descriptor '/home/asimkumar/asitlorbot8_ws/install/asitlorbot8_cpp_examples/share/asitlorbot8_cpp_examples/package.dsv'
[1.295s] INFO:colcon.colcon_core.shell:Creating package script '/home/asimkumar/asitlorbot8_ws/install/asitlorbot8_cpp_examples/share/asitlorbot8_cpp_examples/package.sh'
[1.297s] INFO:colcon.colcon_core.shell:Creating package script '/home/asimkumar/asitlorbot8_ws/install/asitlorbot8_cpp_examples/share/asitlorbot8_cpp_examples/package.bash'
[1.299s] INFO:colcon.colcon_core.shell:Creating package script '/home/asimkumar/asitlorbot8_ws/install/asitlorbot8_cpp_examples/share/asitlorbot8_cpp_examples/package.zsh'
[1.301s] Level 1:colcon.colcon_core.environment:create_file_with_runtime_dependencies(/home/asimkumar/asitlorbot8_ws/install/asitlorbot8_cpp_examples/share/colcon-core/packages/asitlorbot8_cpp_examples)
[1.305s] Level 1:colcon.colcon_core.environment:create_environment_scripts_only(asitlorbot8_bringup)
[1.306s] Level 1:colcon.colcon_core.environment:checking '/home/asimkumar/asitlorbot8_ws/install/asitlorbot8_bringup' for CMake module files
[1.307s] DEBUG:colcon.colcon_core.event_handler.log_command:Invoked command in '/home/asimkumar/asitlorbot8_ws/build/asitlorbot8_bringup' returned '0': CMAKE_PREFIX_PATH=${CMAKE_PREFIX_PATH}:/home/asimkumar/asitlorbot12_ws/install/asitlorbot12_py_examples:/home/asimkumar/asitlor_ws/install/serial_motor_demo:/home/asimkumar/asitlorbotsix_ws/install/asitlorbot_six:/opt/ros/humble /usr/bin/cmake --install /home/asimkumar/asitlorbot8_ws/build/asitlorbot8_bringup
[1.308s] Level 1:colcon.colcon_core.environment:checking '/home/asimkumar/asitlorbot8_ws/install/asitlorbot8_bringup' for CMake config files
[1.309s] Level 1:colcon.colcon_core.shell:create_environment_hook('asitlorbot8_bringup', 'cmake_prefix_path')
[1.309s] INFO:colcon.colcon_core.shell:Creating environment hook '/home/asimkumar/asitlorbot8_ws/install/asitlorbot8_bringup/share/asitlorbot8_bringup/hook/cmake_prefix_path.ps1'
[1.310s] INFO:colcon.colcon_core.shell:Creating environment descriptor '/home/asimkumar/asitlorbot8_ws/install/asitlorbot8_bringup/share/asitlorbot8_bringup/hook/cmake_prefix_path.dsv'
[1.311s] INFO:colcon.colcon_core.shell:Creating environment hook '/home/asimkumar/asitlorbot8_ws/install/asitlorbot8_bringup/share/asitlorbot8_bringup/hook/cmake_prefix_path.sh'
[1.312s] Level 1:colcon.colcon_core.environment:checking '/home/asimkumar/asitlorbot8_ws/install/asitlorbot8_bringup/bin'
[1.313s] Level 1:colcon.colcon_core.environment:checking '/home/asimkumar/asitlorbot8_ws/install/asitlorbot8_bringup/lib/pkgconfig/asitlorbot8_bringup.pc'
[1.313s] Level 1:colcon.colcon_core.environment:checking '/home/asimkumar/asitlorbot8_ws/install/asitlorbot8_bringup/lib/python3.10/site-packages'
[1.314s] Level 1:colcon.colcon_core.environment:checking '/home/asimkumar/asitlorbot8_ws/install/asitlorbot8_bringup/bin'
[1.314s] INFO:colcon.colcon_core.shell:Creating package script '/home/asimkumar/asitlorbot8_ws/install/asitlorbot8_bringup/share/asitlorbot8_bringup/package.ps1'
[1.316s] INFO:colcon.colcon_core.shell:Creating package descriptor '/home/asimkumar/asitlorbot8_ws/install/asitlorbot8_bringup/share/asitlorbot8_bringup/package.dsv'
[1.317s] INFO:colcon.colcon_core.shell:Creating package script '/home/asimkumar/asitlorbot8_ws/install/asitlorbot8_bringup/share/asitlorbot8_bringup/package.sh'
[1.318s] INFO:colcon.colcon_core.shell:Creating package script '/home/asimkumar/asitlorbot8_ws/install/asitlorbot8_bringup/share/asitlorbot8_bringup/package.bash'
[1.318s] INFO:colcon.colcon_core.shell:Creating package script '/home/asimkumar/asitlorbot8_ws/install/asitlorbot8_bringup/share/asitlorbot8_bringup/package.zsh'
[1.319s] Level 1:colcon.colcon_core.environment:create_file_with_runtime_dependencies(/home/asimkumar/asitlorbot8_ws/install/asitlorbot8_bringup/share/colcon-core/packages/asitlorbot8_bringup)
[1.322s] Level 1:colcon.colcon_core.environment:create_environment_scripts_only(asitlorbot8_description)
[1.323s] Level 1:colcon.colcon_core.environment:checking '/home/asimkumar/asitlorbot8_ws/install/asitlorbot8_description' for CMake module files
[1.324s] DEBUG:colcon.colcon_core.event_handler.log_command:Invoked command in '/home/asimkumar/asitlorbot8_ws/build/asitlorbot8_description' returned '0': CMAKE_PREFIX_PATH=${CMAKE_PREFIX_PATH}:/home/asimkumar/asitlorbot12_ws/install/asitlorbot12_py_examples:/home/asimkumar/asitlor_ws/install/serial_motor_demo:/home/asimkumar/asitlorbotsix_ws/install/asitlorbot_six:/opt/ros/humble /usr/bin/cmake --install /home/asimkumar/asitlorbot8_ws/build/asitlorbot8_description
[1.325s] Level 1:colcon.colcon_core.environment:checking '/home/asimkumar/asitlorbot8_ws/install/asitlorbot8_description' for CMake config files
[1.326s] Level 1:colcon.colcon_core.shell:create_environment_hook('asitlorbot8_description', 'cmake_prefix_path')
[1.327s] INFO:colcon.colcon_core.shell:Creating environment hook '/home/asimkumar/asitlorbot8_ws/install/asitlorbot8_description/share/asitlorbot8_description/hook/cmake_prefix_path.ps1'
[1.328s] INFO:colcon.colcon_core.shell:Creating environment descriptor '/home/asimkumar/asitlorbot8_ws/install/asitlorbot8_description/share/asitlorbot8_description/hook/cmake_prefix_path.dsv'
[1.329s] INFO:colcon.colcon_core.shell:Creating environment hook '/home/asimkumar/asitlorbot8_ws/install/asitlorbot8_description/share/asitlorbot8_description/hook/cmake_prefix_path.sh'
[1.330s] Level 1:colcon.colcon_core.environment:checking '/home/asimkumar/asitlorbot8_ws/install/asitlorbot8_description/bin'
[1.330s] Level 1:colcon.colcon_core.environment:checking '/home/asimkumar/asitlorbot8_ws/install/asitlorbot8_description/lib/pkgconfig/asitlorbot8_description.pc'
[1.331s] Level 1:colcon.colcon_core.environment:checking '/home/asimkumar/asitlorbot8_ws/install/asitlorbot8_description/lib/python3.10/site-packages'
[1.331s] Level 1:colcon.colcon_core.environment:checking '/home/asimkumar/asitlorbot8_ws/install/asitlorbot8_description/bin'
[1.332s] INFO:colcon.colcon_core.shell:Creating package script '/home/asimkumar/asitlorbot8_ws/install/asitlorbot8_description/share/asitlorbot8_description/package.ps1'
[1.333s] INFO:colcon.colcon_core.shell:Creating package descriptor '/home/asimkumar/asitlorbot8_ws/install/asitlorbot8_description/share/asitlorbot8_description/package.dsv'
[1.334s] INFO:colcon.colcon_core.shell:Creating package script '/home/asimkumar/asitlorbot8_ws/install/asitlorbot8_description/share/asitlorbot8_description/package.sh'
[1.335s] INFO:colcon.colcon_core.shell:Creating package script '/home/asimkumar/asitlorbot8_ws/install/asitlorbot8_description/share/asitlorbot8_description/package.bash'
[1.336s] INFO:colcon.colcon_core.shell:Creating package script '/home/asimkumar/asitlorbot8_ws/install/asitlorbot8_description/share/asitlorbot8_description/package.zsh'
[1.336s] Level 1:colcon.colcon_core.environment:create_file_with_runtime_dependencies(/home/asimkumar/asitlorbot8_ws/install/asitlorbot8_description/share/colcon-core/packages/asitlorbot8_description)
[1.351s] DEBUG:colcon.colcon_core.event_handler.log_command:Invoking command in '/home/asimkumar/asitlorbot8_ws/build/asitlorbot8_autonomy': CMAKE_PREFIX_PATH=${CMAKE_PREFIX_PATH}:/home/asimkumar/asitlorbot12_ws/install/asitlorbot12_py_examples:/home/asimkumar/asitlor_ws/install/serial_motor_demo:/home/asimkumar/asitlorbotsix_ws/install/asitlorbot_six:/opt/ros/humble /usr/bin/cmake --install /home/asimkumar/asitlorbot8_ws/build/asitlorbot8_autonomy
[1.361s] Level 1:colcon.colcon_core.environment:create_environment_scripts_only(asitlorbot8_cpp_examples)
[1.362s] Level 1:colcon.colcon_core.environment:checking '/home/asimkumar/asitlorbot8_ws/install/asitlorbot8_cpp_examples' for CMake module files
[1.363s] Level 1:colcon.colcon_core.environment:checking '/home/asimkumar/asitlorbot8_ws/install/asitlorbot8_cpp_examples' for CMake config files
[1.363s] Level 1:colcon.colcon_core.shell:create_environment_hook('asitlorbot8_cpp_examples', 'cmake_prefix_path')
[1.364s] INFO:colcon.colcon_core.shell:Creating environment hook '/home/asimkumar/asitlorbot8_ws/install/asitlorbot8_cpp_examples/share/asitlorbot8_cpp_examples/hook/cmake_prefix_path.ps1'
[1.365s] INFO:colcon.colcon_core.shell:Creating environment descriptor '/home/asimkumar/asitlorbot8_ws/install/asitlorbot8_cpp_examples/share/asitlorbot8_cpp_examples/hook/cmake_prefix_path.dsv'
[1.366s] INFO:colcon.colcon_core.shell:Creating environment hook '/home/asimkumar/asitlorbot8_ws/install/asitlorbot8_cpp_examples/share/asitlorbot8_cpp_examples/hook/cmake_prefix_path.sh'
[1.368s] Level 1:colcon.colcon_core.environment:checking '/home/asimkumar/asitlorbot8_ws/install/asitlorbot8_cpp_examples/bin'
[1.368s] Level 1:colcon.colcon_core.environment:checking '/home/asimkumar/asitlorbot8_ws/install/asitlorbot8_cpp_examples/lib/pkgconfig/asitlorbot8_cpp_examples.pc'
[1.368s] Level 1:colcon.colcon_core.environment:checking '/home/asimkumar/asitlorbot8_ws/install/asitlorbot8_cpp_examples/lib/python3.10/site-packages'
[1.369s] Level 1:colcon.colcon_core.environment:checking '/home/asimkumar/asitlorbot8_ws/install/asitlorbot8_cpp_examples/bin'
[1.369s] INFO:colcon.colcon_core.shell:Creating package script '/home/asimkumar/asitlorbot8_ws/install/asitlorbot8_cpp_examples/share/asitlorbot8_cpp_examples/package.ps1'
[1.371s] INFO:colcon.colcon_core.shell:Creating package descriptor '/home/asimkumar/asitlorbot8_ws/install/asitlorbot8_cpp_examples/share/asitlorbot8_cpp_examples/package.dsv'
[1.372s] INFO:colcon.colcon_core.shell:Creating package script '/home/asimkumar/asitlorbot8_ws/install/asitlorbot8_cpp_examples/share/asitlorbot8_cpp_examples/package.sh'
[1.373s] INFO:colcon.colcon_core.shell:Creating package script '/home/asimkumar/asitlorbot8_ws/install/asitlorbot8_cpp_examples/share/asitlorbot8_cpp_examples/package.bash'
[1.375s] INFO:colcon.colcon_core.shell:Creating package script '/home/asimkumar/asitlorbot8_ws/install/asitlorbot8_cpp_examples/share/asitlorbot8_cpp_examples/package.zsh'
[1.376s] Level 1:colcon.colcon_core.environment:create_file_with_runtime_dependencies(/home/asimkumar/asitlorbot8_ws/install/asitlorbot8_cpp_examples/share/colcon-core/packages/asitlorbot8_cpp_examples)
[1.386s] Level 1:colcon.colcon_core.environment:create_environment_scripts_only(asitlorbot8_bringup)
[1.387s] Level 1:colcon.colcon_core.environment:checking '/home/asimkumar/asitlorbot8_ws/install/asitlorbot8_bringup' for CMake module files
[1.388s] Level 1:colcon.colcon_core.environment:checking '/home/asimkumar/asitlorbot8_ws/install/asitlorbot8_bringup' for CMake config files
[1.388s] Level 1:colcon.colcon_core.shell:create_environment_hook('asitlorbot8_bringup', 'cmake_prefix_path')
[1.389s] INFO:colcon.colcon_core.shell:Creating environment hook '/home/asimkumar/asitlorbot8_ws/install/asitlorbot8_bringup/share/asitlorbot8_bringup/hook/cmake_prefix_path.ps1'
[1.390s] INFO:colcon.colcon_core.shell:Creating environment descriptor '/home/asimkumar/asitlorbot8_ws/install/asitlorbot8_bringup/share/asitlorbot8_bringup/hook/cmake_prefix_path.dsv'
[1.391s] INFO:colcon.colcon_core.shell:Creating environment hook '/home/asimkumar/asitlorbot8_ws/install/asitlorbot8_bringup/share/asitlorbot8_bringup/hook/cmake_prefix_path.sh'
[1.392s] Level 1:colcon.colcon_core.environment:checking '/home/asimkumar/asitlorbot8_ws/install/asitlorbot8_bringup/bin'
[1.393s] Level 1:colcon.colcon_core.environment:checking '/home/asimkumar/asitlorbot8_ws/install/asitlorbot8_bringup/lib/pkgconfig/asitlorbot8_bringup.pc'
[1.393s] Level 1:colcon.colcon_core.environment:checking '/home/asimkumar/asitlorbot8_ws/install/asitlorbot8_bringup/lib/python3.10/site-packages'
[1.393s] Level 1:colcon.colcon_core.environment:checking '/home/asimkumar/asitlorbot8_ws/install/asitlorbot8_bringup/bin'
[1.394s] INFO:colcon.colcon_core.shell:Creating package script '/home/asimkumar/asitlorbot8_ws/install/asitlorbot8_bringup/share/asitlorbot8_bringup/package.ps1'
[1.395s] INFO:colcon.colcon_core.shell:Creating package descriptor '/home/asimkumar/asitlorbot8_ws/install/asitlorbot8_bringup/share/asitlorbot8_bringup/package.dsv'
[1.397s] INFO:colcon.colcon_core.shell:Creating package script '/home/asimkumar/asitlorbot8_ws/install/asitlorbot8_bringup/share/asitlorbot8_bringup/package.sh'
[1.398s] INFO:colcon.colcon_core.shell:Creating package script '/home/asimkumar/asitlorbot8_ws/install/asitlorbot8_bringup/share/asitlorbot8_bringup/package.bash'
[1.399s] INFO:colcon.colcon_core.shell:Creating package script '/home/asimkumar/asitlorbot8_ws/install/asitlorbot8_bringup/share/asitlorbot8_bringup/package.zsh'
[1.400s] Level 1:colcon.colcon_core.environment:create_file_with_runtime_dependencies(/home/asimkumar/asitlorbot8_ws/install/asitlorbot8_bringup/share/colcon-core/packages/asitlorbot8_bringup)
[1.403s] Level 1:colcon.colcon_core.environment:create_environment_scripts_only(asitlorbot8_description)
[1.403s] Level 1:colcon.colcon_core.environment:checking '/home/asimkumar/asitlorbot8_ws/install/asitlorbot8_description' for CMake module files
[1.406s] Level 1:colcon.colcon_core.environment:checking '/home/asimkumar/asitlorbot8_ws/install/asitlorbot8_description' for CMake config files
[1.407s] Level 1:colcon.colcon_core.shell:create_environment_hook('asitlorbot8_description', 'cmake_prefix_path')
[1.408s] INFO:colcon.colcon_core.shell:Creating environment hook '/home/asimkumar/asitlorbot8_ws/install/asitlorbot8_description/share/asitlorbot8_description/hook/cmake_prefix_path.ps1'
[1.410s] INFO:colcon.colcon_core.shell:Creating environment descriptor '/home/asimkumar/asitlorbot8_ws/install/asitlorbot8_description/share/asitlorbot8_description/hook/cmake_prefix_path.dsv'
[1.412s] INFO:colcon.colcon_core.shell:Creating environment hook '/home/asimkumar/asitlorbot8_ws/install/asitlorbot8_description/share/asitlorbot8_description/hook/cmake_prefix_path.sh'
[1.413s] Level 1:colcon.colcon_core.environment:checking '/home/asimkumar/asitlorbot8_ws/install/asitlorbot8_description/bin'
[1.414s] Level 1:colcon.colcon_core.environment:checking '/home/asimkumar/asitlorbot8_ws/install/asitlorbot8_description/lib/pkgconfig/asitlorbot8_description.pc'
[1.415s] Level 1:colcon.colcon_core.environment:checking '/home/asimkumar/asitlorbot8_ws/install/asitlorbot8_description/lib/python3.10/site-packages'
[1.416s] Level 1:colcon.colcon_core.environment:checking '/home/asimkumar/asitlorbot8_ws/install/asitlorbot8_description/bin'
[1.417s] INFO:colcon.colcon_core.shell:Creating package script '/home/asimkumar/asitlorbot8_ws/install/asitlorbot8_description/share/asitlorbot8_description/package.ps1'
[1.418s] INFO:colcon.colcon_core.shell:Creating package descriptor '/home/asimkumar/asitlorbot8_ws/install/asitlorbot8_description/share/asitlorbot8_description/package.dsv'
[1.419s] INFO:colcon.colcon_core.shell:Creating package script '/home/asimkumar/asitlorbot8_ws/install/asitlorbot8_description/share/asitlorbot8_description/package.sh'
[1.420s] INFO:colcon.colcon_core.shell:Creating package script '/home/asimkumar/asitlorbot8_ws/install/asitlorbot8_description/share/asitlorbot8_description/package.bash'
[1.421s] INFO:colcon.colcon_core.shell:Creating package script '/home/asimkumar/asitlorbot8_ws/install/asitlorbot8_description/share/asitlorbot8_description/package.zsh'
[1.422s] Level 1:colcon.colcon_core.environment:create_file_with_runtime_dependencies(/home/asimkumar/asitlorbot8_ws/install/asitlorbot8_description/share/colcon-core/packages/asitlorbot8_description)
[1.424s] Level 1:colcon.colcon_core.environment:create_environment_scripts_only(asitlorbot8_autonomy)
[1.425s] Level 1:colcon.colcon_core.environment:checking '/home/asimkumar/asitlorbot8_ws/install/asitlorbot8_autonomy' for CMake module files
[1.426s] DEBUG:colcon.colcon_core.event_handler.log_command:Invoked command in '/home/asimkumar/asitlorbot8_ws/build/asitlorbot8_autonomy' returned '0': CMAKE_PREFIX_PATH=${CMAKE_PREFIX_PATH}:/home/asimkumar/asitlorbot12_ws/install/asitlorbot12_py_examples:/home/asimkumar/asitlor_ws/install/serial_motor_demo:/home/asimkumar/asitlorbotsix_ws/install/asitlorbot_six:/opt/ros/humble /usr/bin/cmake --install /home/asimkumar/asitlorbot8_ws/build/asitlorbot8_autonomy
[1.427s] Level 1:colcon.colcon_core.environment:checking '/home/asimkumar/asitlorbot8_ws/install/asitlorbot8_autonomy' for CMake config files
[1.428s] Level 1:colcon.colcon_core.shell:create_environment_hook('asitlorbot8_autonomy', 'cmake_prefix_path')
[1.428s] INFO:colcon.colcon_core.shell:Creating environment hook '/home/asimkumar/asitlorbot8_ws/install/asitlorbot8_autonomy/share/asitlorbot8_autonomy/hook/cmake_prefix_path.ps1'
[1.429s] INFO:colcon.colcon_core.shell:Creating environment descriptor '/home/asimkumar/asitlorbot8_ws/install/asitlorbot8_autonomy/share/asitlorbot8_autonomy/hook/cmake_prefix_path.dsv'
[1.430s] INFO:colcon.colcon_core.shell:Creating environment hook '/home/asimkumar/asitlorbot8_ws/install/asitlorbot8_autonomy/share/asitlorbot8_autonomy/hook/cmake_prefix_path.sh'
[1.431s] Level 1:colcon.colcon_core.environment:checking '/home/asimkumar/asitlorbot8_ws/install/asitlorbot8_autonomy/lib'
[1.431s] Level 1:colcon.colcon_core.environment:checking '/home/asimkumar/asitlorbot8_ws/install/asitlorbot8_autonomy/bin'
[1.431s] Level 1:colcon.colcon_core.environment:checking '/home/asimkumar/asitlorbot8_ws/install/asitlorbot8_autonomy/lib/pkgconfig/asitlorbot8_autonomy.pc'
[1.432s] Level 1:colcon.colcon_core.environment:checking '/home/asimkumar/asitlorbot8_ws/install/asitlorbot8_autonomy/lib/python3.10/site-packages'
[1.432s] Level 1:colcon.colcon_core.environment:checking '/home/asimkumar/asitlorbot8_ws/install/asitlorbot8_autonomy/bin'
[1.433s] INFO:colcon.colcon_core.shell:Creating package script '/home/asimkumar/asitlorbot8_ws/install/asitlorbot8_autonomy/share/asitlorbot8_autonomy/package.ps1'
[1.434s] INFO:colcon.colcon_core.shell:Creating package descriptor '/home/asimkumar/asitlorbot8_ws/install/asitlorbot8_autonomy/share/asitlorbot8_autonomy/package.dsv'
[1.435s] INFO:colcon.colcon_core.shell:Creating package script '/home/asimkumar/asitlorbot8_ws/install/asitlorbot8_autonomy/share/asitlorbot8_autonomy/package.sh'
[1.436s] INFO:colcon.colcon_core.shell:Creating package script '/home/asimkumar/asitlorbot8_ws/install/asitlorbot8_autonomy/share/asitlorbot8_autonomy/package.bash'
[1.437s] INFO:colcon.colcon_core.shell:Creating package script '/home/asimkumar/asitlorbot8_ws/install/asitlorbot8_autonomy/share/asitlorbot8_autonomy/package.zsh'
[1.437s] Level 1:colcon.colcon_core.environment:create_file_with_runtime_dependencies(/home/asimkumar/asitlorbot8_ws/install/asitlorbot8_autonomy/share/colcon-core/packages/asitlorbot8_autonomy)
[1.501s] Level 1:colcon.colcon_core.environment:create_environment_scripts_only(asitlorbot8_autonomy)
[1.501s] Level 1:colcon.colcon_core.environment:checking '/home/asimkumar/asitlorbot8_ws/install/asitlorbot8_autonomy' for CMake module files
[1.502s] Level 1:colcon.colcon_core.environment:checking '/home/asimkumar/asitlorbot8_ws/install/asitlorbot8_autonomy' for CMake config files
[1.504s] Level 1:colcon.colcon_core.shell:create_environment_hook('asitlorbot8_autonomy', 'cmake_prefix_path')
[1.504s] INFO:colcon.colcon_core.shell:Creating environment hook '/home/asimkumar/asitlorbot8_ws/install/asitlorbot8_autonomy/share/asitlorbot8_autonomy/hook/cmake_prefix_path.ps1'
[1.505s] INFO:colcon.colcon_core.shell:Creating environment descriptor '/home/asimkumar/asitlorbot8_ws/install/asitlorbot8_autonomy/share/asitlorbot8_autonomy/hook/cmake_prefix_path.dsv'
[1.506s] INFO:colcon.colcon_core.shell:Creating environment hook '/home/asimkumar/asitlorbot8_ws/install/asitlorbot8_autonomy/share/asitlorbot8_autonomy/hook/cmake_prefix_path.sh'
[1.507s] Level 1:colcon.colcon_core.environment:checking '/home/asimkumar/asitlorbot8_ws/install/asitlorbot8_autonomy/lib'
[1.507s] Level 1:colcon.colcon_core.environment:checking '/home/asimkumar/asitlorbot8_ws/install/asitlorbot8_autonomy/bin'
[1.507s] Level 1:colcon.colcon_core.environment:checking '/home/asimkumar/asitlorbot8_ws/install/asitlorbot8_autonomy/lib/pkgconfig/asitlorbot8_autonomy.pc'
[1.508s] Level 1:colcon.colcon_core.environment:checking '/home/asimkumar/asitlorbot8_ws/install/asitlorbot8_autonomy/lib/python3.10/site-packages'
[1.508s] Level 1:colcon.colcon_core.environment:checking '/home/asimkumar/asitlorbot8_ws/install/asitlorbot8_autonomy/bin'
[1.509s] INFO:colcon.colcon_core.shell:Creating package script '/home/asimkumar/asitlorbot8_ws/install/asitlorbot8_autonomy/share/asitlorbot8_autonomy/package.ps1'
[1.510s] INFO:colcon.colcon_core.shell:Creating package descriptor '/home/asimkumar/asitlorbot8_ws/install/asitlorbot8_autonomy/share/asitlorbot8_autonomy/package.dsv'
[1.511s] INFO:colcon.colcon_core.shell:Creating package script '/home/asimkumar/asitlorbot8_ws/install/asitlorbot8_autonomy/share/asitlorbot8_autonomy/package.sh'
[1.511s] INFO:colcon.colcon_core.shell:Creating package script '/home/asimkumar/asitlorbot8_ws/install/asitlorbot8_autonomy/share/asitlorbot8_autonomy/package.bash'
[1.512s] INFO:colcon.colcon_core.shell:Creating package script '/home/asimkumar/asitlorbot8_ws/install/asitlorbot8_autonomy/share/asitlorbot8_autonomy/package.zsh'
[1.513s] Level 1:colcon.colcon_core.environment:create_file_with_runtime_dependencies(/home/asimkumar/asitlorbot8_ws/install/asitlorbot8_autonomy/share/colcon-core/packages/asitlorbot8_autonomy)
[1.802s] DEBUG:colcon.colcon_core.event_handler.log_command:Invoked command in '/home/asimkumar/asitlorbot8_ws/build/asitlorbot8_firmware' returned '0': CMAKE_PREFIX_PATH=${CMAKE_PREFIX_PATH}:/home/asimkumar/asitlorbot12_ws/install/asitlorbot12_py_examples:/home/asimkumar/asitlor_ws/install/serial_motor_demo:/home/asimkumar/asitlorbotsix_ws/install/asitlorbot_six:/opt/ros/humble /usr/bin/cmake --build /home/asimkumar/asitlorbot8_ws/build/asitlorbot8_firmware -- -j8 -l8
[1.805s] DEBUG:colcon.colcon_core.event_handler.log_command:Invoked command in '/home/asimkumar/asitlorbot8_ws/build/asitlorbot8_controller' returned '0': CMAKE_PREFIX_PATH=${CMAKE_PREFIX_PATH}:/home/asimkumar/asitlorbot12_ws/install/asitlorbot12_py_examples:/home/asimkumar/asitlor_ws/install/serial_motor_demo:/home/asimkumar/asitlorbotsix_ws/install/asitlorbot_six:/opt/ros/humble /usr/bin/cmake --build /home/asimkumar/asitlorbot8_ws/build/asitlorbot8_controller -- -j8 -l8
[1.827s] DEBUG:colcon.colcon_core.event_handler.log_command:Invoked command in '/home/asimkumar/asitlorbot8_ws/build/asitlorbot8_localization' returned '0': CMAKE_PREFIX_PATH=${CMAKE_PREFIX_PATH}:/home/asimkumar/asitlorbot12_ws/install/asitlorbot12_py_examples:/home/asimkumar/asitlor_ws/install/serial_motor_demo:/home/asimkumar/asitlorbotsix_ws/install/asitlorbot_six:/opt/ros/humble /usr/bin/cmake --build /home/asimkumar/asitlorbot8_ws/build/asitlorbot8_localization -- -j8 -l8
[1.860s] DEBUG:colcon.colcon_core.event_handler.log_command:Invoking command in '/home/asimkumar/asitlorbot8_ws/build/asitlorbot8_controller': CMAKE_PREFIX_PATH=${CMAKE_PREFIX_PATH}:/home/asimkumar/asitlorbot12_ws/install/asitlorbot12_py_examples:/home/asimkumar/asitlor_ws/install/serial_motor_demo:/home/asimkumar/asitlorbotsix_ws/install/asitlorbot_six:/opt/ros/humble /usr/bin/cmake --install /home/asimkumar/asitlorbot8_ws/build/asitlorbot8_controller
[1.882s] DEBUG:colcon.colcon_core.event_handler.log_command:Invoking command in '/home/asimkumar/asitlorbot8_ws/build/asitlorbot8_firmware': CMAKE_PREFIX_PATH=${CMAKE_PREFIX_PATH}:/home/asimkumar/asitlorbot12_ws/install/asitlorbot12_py_examples:/home/asimkumar/asitlor_ws/install/serial_motor_demo:/home/asimkumar/asitlorbotsix_ws/install/asitlorbot_six:/opt/ros/humble /usr/bin/cmake --install /home/asimkumar/asitlorbot8_ws/build/asitlorbot8_firmware
[1.887s] DEBUG:colcon.colcon_core.event_handler.log_command:Invoking command in '/home/asimkumar/asitlorbot8_ws/build/asitlorbot8_localization': CMAKE_PREFIX_PATH=${CMAKE_PREFIX_PATH}:/home/asimkumar/asitlorbot12_ws/install/asitlorbot12_py_examples:/home/asimkumar/asitlor_ws/install/serial_motor_demo:/home/asimkumar/asitlorbotsix_ws/install/asitlorbot_six:/opt/ros/humble /usr/bin/cmake --install /home/asimkumar/asitlorbot8_ws/build/asitlorbot8_localization
[2.001s] Level 1:colcon.colcon_core.environment:create_environment_scripts_only(asitlorbot8_controller)
[2.001s] DEBUG:colcon.colcon_core.event_handler.log_command:Invoked command in '/home/asimkumar/asitlorbot8_ws/build/asitlorbot8_controller' returned '0': CMAKE_PREFIX_PATH=${CMAKE_PREFIX_PATH}:/home/asimkumar/asitlorbot12_ws/install/asitlorbot12_py_examples:/home/asimkumar/asitlor_ws/install/serial_motor_demo:/home/asimkumar/asitlorbotsix_ws/install/asitlorbot_six:/opt/ros/humble /usr/bin/cmake --install /home/asimkumar/asitlorbot8_ws/build/asitlorbot8_controller
[2.002s] Level 1:colcon.colcon_core.environment:checking '/home/asimkumar/asitlorbot8_ws/install/asitlorbot8_controller' for CMake module files
[2.003s] Level 1:colcon.colcon_core.environment:checking '/home/asimkumar/asitlorbot8_ws/install/asitlorbot8_controller' for CMake config files
[2.004s] Level 1:colcon.colcon_core.shell:create_environment_hook('asitlorbot8_controller', 'cmake_prefix_path')
[2.005s] INFO:colcon.colcon_core.shell:Creating environment hook '/home/asimkumar/asitlorbot8_ws/install/asitlorbot8_controller/share/asitlorbot8_controller/hook/cmake_prefix_path.ps1'
[2.005s] INFO:colcon.colcon_core.shell:Creating environment descriptor '/home/asimkumar/asitlorbot8_ws/install/asitlorbot8_controller/share/asitlorbot8_controller/hook/cmake_prefix_path.dsv'
[2.006s] INFO:colcon.colcon_core.shell:Creating environment hook '/home/asimkumar/asitlorbot8_ws/install/asitlorbot8_controller/share/asitlorbot8_controller/hook/cmake_prefix_path.sh'
[2.007s] Level 1:colcon.colcon_core.environment:checking '/home/asimkumar/asitlorbot8_ws/install/asitlorbot8_controller/lib'
[2.007s] Level 1:colcon.colcon_core.environment:checking '/home/asimkumar/asitlorbot8_ws/install/asitlorbot8_controller/bin'
[2.007s] Level 1:colcon.colcon_core.environment:checking '/home/asimkumar/asitlorbot8_ws/install/asitlorbot8_controller/lib/pkgconfig/asitlorbot8_controller.pc'
[2.007s] Level 1:colcon.colcon_core.environment:checking '/home/asimkumar/asitlorbot8_ws/install/asitlorbot8_controller/lib/python3.10/site-packages'
[2.008s] Level 1:colcon.colcon_core.environment:checking '/home/asimkumar/asitlorbot8_ws/install/asitlorbot8_controller/bin'
[2.008s] INFO:colcon.colcon_core.shell:Creating package script '/home/asimkumar/asitlorbot8_ws/install/asitlorbot8_controller/share/asitlorbot8_controller/package.ps1'
[2.009s] INFO:colcon.colcon_core.shell:Creating package descriptor '/home/asimkumar/asitlorbot8_ws/install/asitlorbot8_controller/share/asitlorbot8_controller/package.dsv'
[2.009s] INFO:colcon.colcon_core.shell:Creating package script '/home/asimkumar/asitlorbot8_ws/install/asitlorbot8_controller/share/asitlorbot8_controller/package.sh'
[2.010s] INFO:colcon.colcon_core.shell:Creating package script '/home/asimkumar/asitlorbot8_ws/install/asitlorbot8_controller/share/asitlorbot8_controller/package.bash'
[2.010s] INFO:colcon.colcon_core.shell:Creating package script '/home/asimkumar/asitlorbot8_ws/install/asitlorbot8_controller/share/asitlorbot8_controller/package.zsh'
[2.011s] Level 1:colcon.colcon_core.environment:create_file_with_runtime_dependencies(/home/asimkumar/asitlorbot8_ws/install/asitlorbot8_controller/share/colcon-core/packages/asitlorbot8_controller)
[2.013s] Level 1:colcon.colcon_core.environment:create_environment_scripts_only(asitlorbot8_firmware)
[2.014s] Level 1:colcon.colcon_core.environment:checking '/home/asimkumar/asitlorbot8_ws/install/asitlorbot8_firmware' for CMake module files
[2.014s] DEBUG:colcon.colcon_core.event_handler.log_command:Invoked command in '/home/asimkumar/asitlorbot8_ws/build/asitlorbot8_firmware' returned '0': CMAKE_PREFIX_PATH=${CMAKE_PREFIX_PATH}:/home/asimkumar/asitlorbot12_ws/install/asitlorbot12_py_examples:/home/asimkumar/asitlor_ws/install/serial_motor_demo:/home/asimkumar/asitlorbotsix_ws/install/asitlorbot_six:/opt/ros/humble /usr/bin/cmake --install /home/asimkumar/asitlorbot8_ws/build/asitlorbot8_firmware
[2.015s] Level 1:colcon.colcon_core.environment:checking '/home/asimkumar/asitlorbot8_ws/install/asitlorbot8_firmware' for CMake config files
[2.017s] Level 1:colcon.colcon_core.shell:create_environment_hook('asitlorbot8_firmware', 'cmake_prefix_path')
[2.017s] INFO:colcon.colcon_core.shell:Creating environment hook '/home/asimkumar/asitlorbot8_ws/install/asitlorbot8_firmware/share/asitlorbot8_firmware/hook/cmake_prefix_path.ps1'
[2.018s] INFO:colcon.colcon_core.shell:Creating environment descriptor '/home/asimkumar/asitlorbot8_ws/install/asitlorbot8_firmware/share/asitlorbot8_firmware/hook/cmake_prefix_path.dsv'
[2.019s] INFO:colcon.colcon_core.shell:Creating environment hook '/home/asimkumar/asitlorbot8_ws/install/asitlorbot8_firmware/share/asitlorbot8_firmware/hook/cmake_prefix_path.sh'
[2.019s] Level 1:colcon.colcon_core.environment:checking '/home/asimkumar/asitlorbot8_ws/install/asitlorbot8_firmware/lib'
[2.020s] Level 1:colcon.colcon_core.shell:create_environment_hook('asitlorbot8_firmware', 'ld_library_path_lib')
[2.020s] INFO:colcon.colcon_core.shell:Creating environment hook '/home/asimkumar/asitlorbot8_ws/install/asitlorbot8_firmware/share/asitlorbot8_firmware/hook/ld_library_path_lib.ps1'
[2.021s] INFO:colcon.colcon_core.shell:Creating environment descriptor '/home/asimkumar/asitlorbot8_ws/install/asitlorbot8_firmware/share/asitlorbot8_firmware/hook/ld_library_path_lib.dsv'
[2.021s] INFO:colcon.colcon_core.shell:Creating environment hook '/home/asimkumar/asitlorbot8_ws/install/asitlorbot8_firmware/share/asitlorbot8_firmware/hook/ld_library_path_lib.sh'
[2.022s] Level 1:colcon.colcon_core.environment:checking '/home/asimkumar/asitlorbot8_ws/install/asitlorbot8_firmware/bin'
[2.022s] Level 1:colcon.colcon_core.shell:create_environment_hook('asitlorbot8_firmware', 'path')
[2.022s] INFO:colcon.colcon_core.shell:Creating environment hook '/home/asimkumar/asitlorbot8_ws/install/asitlorbot8_firmware/share/asitlorbot8_firmware/hook/path.ps1'
[2.023s] INFO:colcon.colcon_core.shell:Creating environment descriptor '/home/asimkumar/asitlorbot8_ws/install/asitlorbot8_firmware/share/asitlorbot8_firmware/hook/path.dsv'
[2.023s] INFO:colcon.colcon_core.shell:Creating environment hook '/home/asimkumar/asitlorbot8_ws/install/asitlorbot8_firmware/share/asitlorbot8_firmware/hook/path.sh'
[2.024s] Level 1:colcon.colcon_core.environment:checking '/home/asimkumar/asitlorbot8_ws/install/asitlorbot8_firmware/lib/pkgconfig/asitlorbot8_firmware.pc'
[2.024s] Level 1:colcon.colcon_core.environment:checking '/home/asimkumar/asitlorbot8_ws/install/asitlorbot8_firmware/lib/python3.10/site-packages'
[2.025s] Level 1:colcon.colcon_core.environment:checking '/home/asimkumar/asitlorbot8_ws/install/asitlorbot8_firmware/bin'
[2.025s] Level 1:colcon.colcon_core.shell:create_environment_hook('asitlorbot8_firmware', 'pythonscriptspath')
[2.025s] INFO:colcon.colcon_core.shell:Creating environment hook '/home/asimkumar/asitlorbot8_ws/install/asitlorbot8_firmware/share/asitlorbot8_firmware/hook/pythonscriptspath.ps1'
[2.026s] INFO:colcon.colcon_core.shell:Creating environment descriptor '/home/asimkumar/asitlorbot8_ws/install/asitlorbot8_firmware/share/asitlorbot8_firmware/hook/pythonscriptspath.dsv'
[2.026s] INFO:colcon.colcon_core.shell:Creating environment hook '/home/asimkumar/asitlorbot8_ws/install/asitlorbot8_firmware/share/asitlorbot8_firmware/hook/pythonscriptspath.sh'
[2.027s] INFO:colcon.colcon_core.shell:Creating package script '/home/asimkumar/asitlorbot8_ws/install/asitlorbot8_firmware/share/asitlorbot8_firmware/package.ps1'
[2.028s] INFO:colcon.colcon_core.shell:Creating package descriptor '/home/asimkumar/asitlorbot8_ws/install/asitlorbot8_firmware/share/asitlorbot8_firmware/package.dsv'
[2.029s] INFO:colcon.colcon_core.shell:Creating package script '/home/asimkumar/asitlorbot8_ws/install/asitlorbot8_firmware/share/asitlorbot8_firmware/package.sh'
[2.030s] INFO:colcon.colcon_core.shell:Creating package script '/home/asimkumar/asitlorbot8_ws/install/asitlorbot8_firmware/share/asitlorbot8_firmware/package.bash'
[2.031s] INFO:colcon.colcon_core.shell:Creating package script '/home/asimkumar/asitlorbot8_ws/install/asitlorbot8_firmware/share/asitlorbot8_firmware/package.zsh'
[2.032s] Level 1:colcon.colcon_core.environment:create_file_with_runtime_dependencies(/home/asimkumar/asitlorbot8_ws/install/asitlorbot8_firmware/share/colcon-core/packages/asitlorbot8_firmware)
[2.034s] Level 1:colcon.colcon_core.environment:create_environment_scripts_only(asitlorbot8_localization)
[2.035s] Level 1:colcon.colcon_core.environment:checking '/home/asimkumar/asitlorbot8_ws/install/asitlorbot8_localization' for CMake module files
[2.035s] DEBUG:colcon.colcon_core.event_handler.log_command:Invoked command in '/home/asimkumar/asitlorbot8_ws/build/asitlorbot8_localization' returned '0': CMAKE_PREFIX_PATH=${CMAKE_PREFIX_PATH}:/home/asimkumar/asitlorbot12_ws/install/asitlorbot12_py_examples:/home/asimkumar/asitlor_ws/install/serial_motor_demo:/home/asimkumar/asitlorbotsix_ws/install/asitlorbot_six:/opt/ros/humble /usr/bin/cmake --install /home/asimkumar/asitlorbot8_ws/build/asitlorbot8_localization
[2.036s] Level 1:colcon.colcon_core.environment:checking '/home/asimkumar/asitlorbot8_ws/install/asitlorbot8_localization' for CMake config files
[2.037s] Level 1:colcon.colcon_core.shell:create_environment_hook('asitlorbot8_localization', 'cmake_prefix_path')
[2.038s] INFO:colcon.colcon_core.shell:Creating environment hook '/home/asimkumar/asitlorbot8_ws/install/asitlorbot8_localization/share/asitlorbot8_localization/hook/cmake_prefix_path.ps1'
[2.039s] INFO:colcon.colcon_core.shell:Creating environment descriptor '/home/asimkumar/asitlorbot8_ws/install/asitlorbot8_localization/share/asitlorbot8_localization/hook/cmake_prefix_path.dsv'
[2.039s] INFO:colcon.colcon_core.shell:Creating environment hook '/home/asimkumar/asitlorbot8_ws/install/asitlorbot8_localization/share/asitlorbot8_localization/hook/cmake_prefix_path.sh'
[2.040s] Level 1:colcon.colcon_core.environment:checking '/home/asimkumar/asitlorbot8_ws/install/asitlorbot8_localization/lib'
[2.040s] Level 1:colcon.colcon_core.environment:checking '/home/asimkumar/asitlorbot8_ws/install/asitlorbot8_localization/bin'
[2.040s] Level 1:colcon.colcon_core.environment:checking '/home/asimkumar/asitlorbot8_ws/install/asitlorbot8_localization/lib/pkgconfig/asitlorbot8_localization.pc'
[2.040s] Level 1:colcon.colcon_core.environment:checking '/home/asimkumar/asitlorbot8_ws/install/asitlorbot8_localization/lib/python3.10/site-packages'
[2.041s] Level 1:colcon.colcon_core.environment:checking '/home/asimkumar/asitlorbot8_ws/install/asitlorbot8_localization/bin'
[2.041s] INFO:colcon.colcon_core.shell:Creating package script '/home/asimkumar/asitlorbot8_ws/install/asitlorbot8_localization/share/asitlorbot8_localization/package.ps1'
[2.042s] INFO:colcon.colcon_core.shell:Creating package descriptor '/home/asimkumar/asitlorbot8_ws/install/asitlorbot8_localization/share/asitlorbot8_localization/package.dsv'
[2.043s] INFO:colcon.colcon_core.shell:Creating package script '/home/asimkumar/asitlorbot8_ws/install/asitlorbot8_localization/share/asitlorbot8_localization/package.sh'
[2.045s] INFO:colcon.colcon_core.shell:Creating package script '/home/asimkumar/asitlorbot8_ws/install/asitlorbot8_localization/share/asitlorbot8_localization/package.bash'
[2.046s] INFO:colcon.colcon_core.shell:Creating package script '/home/asimkumar/asitlorbot8_ws/install/asitlorbot8_localization/share/asitlorbot8_localization/package.zsh'
[2.047s] Level 1:colcon.colcon_core.environment:create_file_with_runtime_dependencies(/home/asimkumar/asitlorbot8_ws/install/asitlorbot8_localization/share/colcon-core/packages/asitlorbot8_localization)
[2.066s] Level 1:colcon.colcon_core.environment:create_environment_scripts_only(asitlorbot8_controller)
[2.066s] Level 1:colcon.colcon_core.environment:checking '/home/asimkumar/asitlorbot8_ws/install/asitlorbot8_controller' for CMake module files
[2.067s] Level 1:colcon.colcon_core.environment:checking '/home/asimkumar/asitlorbot8_ws/install/asitlorbot8_controller' for CMake config files
[2.068s] Level 1:colcon.colcon_core.shell:create_environment_hook('asitlorbot8_controller', 'cmake_prefix_path')
[2.068s] INFO:colcon.colcon_core.shell:Creating environment hook '/home/asimkumar/asitlorbot8_ws/install/asitlorbot8_controller/share/asitlorbot8_controller/hook/cmake_prefix_path.ps1'
[2.069s] INFO:colcon.colcon_core.shell:Creating environment descriptor '/home/asimkumar/asitlorbot8_ws/install/asitlorbot8_controller/share/asitlorbot8_controller/hook/cmake_prefix_path.dsv'
[2.069s] INFO:colcon.colcon_core.shell:Creating environment hook '/home/asimkumar/asitlorbot8_ws/install/asitlorbot8_controller/share/asitlorbot8_controller/hook/cmake_prefix_path.sh'
[2.070s] Level 1:colcon.colcon_core.environment:checking '/home/asimkumar/asitlorbot8_ws/install/asitlorbot8_controller/lib'
[2.070s] Level 1:colcon.colcon_core.environment:checking '/home/asimkumar/asitlorbot8_ws/install/asitlorbot8_controller/bin'
[2.070s] Level 1:colcon.colcon_core.environment:checking '/home/asimkumar/asitlorbot8_ws/install/asitlorbot8_controller/lib/pkgconfig/asitlorbot8_controller.pc'
[2.071s] Level 1:colcon.colcon_core.environment:checking '/home/asimkumar/asitlorbot8_ws/install/asitlorbot8_controller/lib/python3.10/site-packages'
[2.071s] Level 1:colcon.colcon_core.environment:checking '/home/asimkumar/asitlorbot8_ws/install/asitlorbot8_controller/bin'
[2.071s] INFO:colcon.colcon_core.shell:Creating package script '/home/asimkumar/asitlorbot8_ws/install/asitlorbot8_controller/share/asitlorbot8_controller/package.ps1'
[2.072s] INFO:colcon.colcon_core.shell:Creating package descriptor '/home/asimkumar/asitlorbot8_ws/install/asitlorbot8_controller/share/asitlorbot8_controller/package.dsv'
[2.073s] INFO:colcon.colcon_core.shell:Creating package script '/home/asimkumar/asitlorbot8_ws/install/asitlorbot8_controller/share/asitlorbot8_controller/package.sh'
[2.075s] INFO:colcon.colcon_core.shell:Creating package script '/home/asimkumar/asitlorbot8_ws/install/asitlorbot8_controller/share/asitlorbot8_controller/package.bash'
[2.075s] INFO:colcon.colcon_core.shell:Creating package script '/home/asimkumar/asitlorbot8_ws/install/asitlorbot8_controller/share/asitlorbot8_controller/package.zsh'
[2.076s] Level 1:colcon.colcon_core.environment:create_file_with_runtime_dependencies(/home/asimkumar/asitlorbot8_ws/install/asitlorbot8_controller/share/colcon-core/packages/asitlorbot8_controller)
[2.100s] Level 1:colcon.colcon_core.environment:create_environment_scripts_only(asitlorbot8_localization)
[2.101s] Level 1:colcon.colcon_core.environment:checking '/home/asimkumar/asitlorbot8_ws/install/asitlorbot8_localization' for CMake module files
[2.101s] Level 1:colcon.colcon_core.environment:checking '/home/asimkumar/asitlorbot8_ws/install/asitlorbot8_localization' for CMake config files
[2.103s] Level 1:colcon.colcon_core.shell:create_environment_hook('asitlorbot8_localization', 'cmake_prefix_path')
[2.103s] INFO:colcon.colcon_core.shell:Creating environment hook '/home/asimkumar/asitlorbot8_ws/install/asitlorbot8_localization/share/asitlorbot8_localization/hook/cmake_prefix_path.ps1'
[2.105s] INFO:colcon.colcon_core.shell:Creating environment descriptor '/home/asimkumar/asitlorbot8_ws/install/asitlorbot8_localization/share/asitlorbot8_localization/hook/cmake_prefix_path.dsv'
[2.107s] INFO:colcon.colcon_core.shell:Creating environment hook '/home/asimkumar/asitlorbot8_ws/install/asitlorbot8_localization/share/asitlorbot8_localization/hook/cmake_prefix_path.sh'
[2.109s] Level 1:colcon.colcon_core.environment:checking '/home/asimkumar/asitlorbot8_ws/install/asitlorbot8_localization/lib'
[2.109s] Level 1:colcon.colcon_core.environment:checking '/home/asimkumar/asitlorbot8_ws/install/asitlorbot8_localization/bin'
[2.110s] Level 1:colcon.colcon_core.environment:checking '/home/asimkumar/asitlorbot8_ws/install/asitlorbot8_localization/lib/pkgconfig/asitlorbot8_localization.pc'
[2.110s] Level 1:colcon.colcon_core.environment:checking '/home/asimkumar/asitlorbot8_ws/install/asitlorbot8_localization/lib/python3.10/site-packages'
[2.110s] Level 1:colcon.colcon_core.environment:checking '/home/asimkumar/asitlorbot8_ws/install/asitlorbot8_localization/bin'
[2.111s] INFO:colcon.colcon_core.shell:Creating package script '/home/asimkumar/asitlorbot8_ws/install/asitlorbot8_localization/share/asitlorbot8_localization/package.ps1'
[2.112s] INFO:colcon.colcon_core.shell:Creating package descriptor '/home/asimkumar/asitlorbot8_ws/install/asitlorbot8_localization/share/asitlorbot8_localization/package.dsv'
[2.113s] INFO:colcon.colcon_core.shell:Creating package script '/home/asimkumar/asitlorbot8_ws/install/asitlorbot8_localization/share/asitlorbot8_localization/package.sh'
[2.114s] INFO:colcon.colcon_core.shell:Creating package script '/home/asimkumar/asitlorbot8_ws/install/asitlorbot8_localization/share/asitlorbot8_localization/package.bash'
[2.115s] INFO:colcon.colcon_core.shell:Creating package script '/home/asimkumar/asitlorbot8_ws/install/asitlorbot8_localization/share/asitlorbot8_localization/package.zsh'
[2.115s] Level 1:colcon.colcon_core.environment:create_file_with_runtime_dependencies(/home/asimkumar/asitlorbot8_ws/install/asitlorbot8_localization/share/colcon-core/packages/asitlorbot8_localization)
[2.117s] Level 1:colcon.colcon_core.environment:create_environment_scripts_only(asitlorbot8_firmware)
[2.117s] Level 1:colcon.colcon_core.environment:checking '/home/asimkumar/asitlorbot8_ws/install/asitlorbot8_firmware' for CMake module files
[2.118s] Level 1:colcon.colcon_core.environment:checking '/home/asimkumar/asitlorbot8_ws/install/asitlorbot8_firmware' for CMake config files
[2.120s] Level 1:colcon.colcon_core.shell:create_environment_hook('asitlorbot8_firmware', 'cmake_prefix_path')
[2.121s] INFO:colcon.colcon_core.shell:Creating environment hook '/home/asimkumar/asitlorbot8_ws/install/asitlorbot8_firmware/share/asitlorbot8_firmware/hook/cmake_prefix_path.ps1'
[2.121s] INFO:colcon.colcon_core.shell:Creating environment descriptor '/home/asimkumar/asitlorbot8_ws/install/asitlorbot8_firmware/share/asitlorbot8_firmware/hook/cmake_prefix_path.dsv'
[2.122s] INFO:colcon.colcon_core.shell:Creating environment hook '/home/asimkumar/asitlorbot8_ws/install/asitlorbot8_firmware/share/asitlorbot8_firmware/hook/cmake_prefix_path.sh'
[2.123s] Level 1:colcon.colcon_core.environment:checking '/home/asimkumar/asitlorbot8_ws/install/asitlorbot8_firmware/lib'
[2.123s] Level 1:colcon.colcon_core.shell:create_environment_hook('asitlorbot8_firmware', 'ld_library_path_lib')
[2.123s] INFO:colcon.colcon_core.shell:Creating environment hook '/home/asimkumar/asitlorbot8_ws/install/asitlorbot8_firmware/share/asitlorbot8_firmware/hook/ld_library_path_lib.ps1'
[2.124s] INFO:colcon.colcon_core.shell:Creating environment descriptor '/home/asimkumar/asitlorbot8_ws/install/asitlorbot8_firmware/share/asitlorbot8_firmware/hook/ld_library_path_lib.dsv'
[2.124s] INFO:colcon.colcon_core.shell:Creating environment hook '/home/asimkumar/asitlorbot8_ws/install/asitlorbot8_firmware/share/asitlorbot8_firmware/hook/ld_library_path_lib.sh'
[2.124s] Level 1:colcon.colcon_core.environment:checking '/home/asimkumar/asitlorbot8_ws/install/asitlorbot8_firmware/bin'
[2.124s] Level 1:colcon.colcon_core.shell:create_environment_hook('asitlorbot8_firmware', 'path')
[2.125s] INFO:colcon.colcon_core.shell:Creating environment hook '/home/asimkumar/asitlorbot8_ws/install/asitlorbot8_firmware/share/asitlorbot8_firmware/hook/path.ps1'
[2.125s] INFO:colcon.colcon_core.shell:Creating environment descriptor '/home/asimkumar/asitlorbot8_ws/install/asitlorbot8_firmware/share/asitlorbot8_firmware/hook/path.dsv'
[2.126s] INFO:colcon.colcon_core.shell:Creating environment hook '/home/asimkumar/asitlorbot8_ws/install/asitlorbot8_firmware/share/asitlorbot8_firmware/hook/path.sh'
[2.126s] Level 1:colcon.colcon_core.environment:checking '/home/asimkumar/asitlorbot8_ws/install/asitlorbot8_firmware/lib/pkgconfig/asitlorbot8_firmware.pc'
[2.126s] Level 1:colcon.colcon_core.environment:checking '/home/asimkumar/asitlorbot8_ws/install/asitlorbot8_firmware/lib/python3.10/site-packages'
[2.127s] Level 1:colcon.colcon_core.environment:checking '/home/asimkumar/asitlorbot8_ws/install/asitlorbot8_firmware/bin'
[2.127s] Level 1:colcon.colcon_core.shell:create_environment_hook('asitlorbot8_firmware', 'pythonscriptspath')
[2.127s] INFO:colcon.colcon_core.shell:Creating environment hook '/home/asimkumar/asitlorbot8_ws/install/asitlorbot8_firmware/share/asitlorbot8_firmware/hook/pythonscriptspath.ps1'
[2.127s] INFO:colcon.colcon_core.shell:Creating environment descriptor '/home/asimkumar/asitlorbot8_ws/install/asitlorbot8_firmware/share/asitlorbot8_firmware/hook/pythonscriptspath.dsv'
[2.128s] INFO:colcon.colcon_core.shell:Creating environment hook '/home/asimkumar/asitlorbot8_ws/install/asitlorbot8_firmware/share/asitlorbot8_firmware/hook/pythonscriptspath.sh'
[2.129s] INFO:colcon.colcon_core.shell:Creating package script '/home/asimkumar/asitlorbot8_ws/install/asitlorbot8_firmware/share/asitlorbot8_firmware/package.ps1'
[2.129s] INFO:colcon.colcon_core.shell:Creating package descriptor '/home/asimkumar/asitlorbot8_ws/install/asitlorbot8_firmware/share/asitlorbot8_firmware/package.dsv'
[2.130s] INFO:colcon.colcon_core.shell:Creating package script '/home/asimkumar/asitlorbot8_ws/install/asitlorbot8_firmware/share/asitlorbot8_firmware/package.sh'
[2.131s] INFO:colcon.colcon_core.shell:Creating package script '/home/asimkumar/asitlorbot8_ws/install/asitlorbot8_firmware/share/asitlorbot8_firmware/package.bash'
[2.131s] INFO:colcon.colcon_core.shell:Creating package script '/home/asimkumar/asitlorbot8_ws/install/asitlorbot8_firmware/share/asitlorbot8_firmware/package.zsh'
[2.132s] Level 1:colcon.colcon_core.environment:create_file_with_runtime_dependencies(/home/asimkumar/asitlorbot8_ws/install/asitlorbot8_firmware/share/colcon-core/packages/asitlorbot8_firmware)
[2.132s] DEBUG:colcon.colcon_parallel_executor.executor.parallel:closing loop
[2.133s] DEBUG:colcon.colcon_parallel_executor.executor.parallel:loop closed
[2.133s] DEBUG:colcon.colcon_parallel_executor.executor.parallel:run_until_complete finished with '0'
[2.133s] DEBUG:colcon.colcon_core.event_reactor:joining thread
[2.147s] INFO:colcon.colcon_core.plugin_system:Skipping extension 'colcon_notification.desktop_notification.terminal_notifier': Not used on non-Darwin systems
[2.148s] INFO:colcon.colcon_core.plugin_system:Skipping extension 'colcon_notification.desktop_notification.win32': Not used on non-Windows systems
[2.148s] INFO:colcon.colcon_notification.desktop_notification:Sending desktop notification using 'notify2'
[2.167s] DEBUG:colcon.colcon_core.event_reactor:joined thread
[2.167s] INFO:colcon.colcon_core.shell:Creating prefix script '/home/asimkumar/asitlorbot8_ws/install/local_setup.ps1'
[2.169s] INFO:colcon.colcon_core.shell:Creating prefix util module '/home/asimkumar/asitlorbot8_ws/install/_local_setup_util_ps1.py'
[2.172s] INFO:colcon.colcon_core.shell:Creating prefix chain script '/home/asimkumar/asitlorbot8_ws/install/setup.ps1'
[2.177s] INFO:colcon.colcon_core.shell:Creating prefix script '/home/asimkumar/asitlorbot8_ws/install/local_setup.sh'
[2.178s] INFO:colcon.colcon_core.shell:Creating prefix util module '/home/asimkumar/asitlorbot8_ws/install/_local_setup_util_sh.py'
[2.178s] INFO:colcon.colcon_core.shell:Creating prefix chain script '/home/asimkumar/asitlorbot8_ws/install/setup.sh'
[2.183s] INFO:colcon.colcon_core.shell:Creating prefix script '/home/asimkumar/asitlorbot8_ws/install/local_setup.bash'
[2.184s] INFO:colcon.colcon_core.shell:Creating prefix chain script '/home/asimkumar/asitlorbot8_ws/install/setup.bash'
[2.191s] INFO:colcon.colcon_core.shell:Creating prefix script '/home/asimkumar/asitlorbot8_ws/install/local_setup.zsh'
[2.192s] INFO:colcon.colcon_core.shell:Creating prefix chain script '/home/asimkumar/asitlorbot8_ws/install/setup.zsh'
