[0.160s] DEBUG:colcon:Command line arguments: ['/usr/bin/colcon', 'list', '-p', '--base-paths', '/home/asimkumar/asitlorbot8_ws']
[0.160s] DEBUG:colcon:Parsed command line arguments: Namespace(log_base=None, log_level=None, verb_name='list', build_base='build', ignore_user_meta=False, metas=['./colcon.meta'], base_paths=['/home/asimkumar/asitlorbot8_ws'], packages_ignore=None, packages_ignore_regex=None, paths=None, packages_up_to=None, packages_up_to_regex=None, packages_above=None, packages_above_and_dependencies=None, packages_above_depth=None, packages_select_by_dep=None, packages_skip_by_dep=None, packages_skip_up_to=None, packages_select_build_failed=False, packages_skip_build_finished=False, packages_select_test_failures=False, packages_skip_test_passed=False, packages_select=None, packages_skip=None, packages_select_regex=None, packages_skip_regex=None, packages_start=None, packages_end=None, allow_overriding=[], topological_order=False, names_only=False, paths_only=True, topological_graph=False, topological_graph_dot=False, topological_graph_density=False, topological_graph_legend=False, topological_graph_dot_cluster=False, topological_graph_dot_include_skipped=False, verb_parser=<colcon_defaults.argument_parser.defaults.DefaultArgumentsDecorator object at 0x709e5c8c77c0>, verb_extension=<colcon_package_information.verb.list.ListVerb object at 0x709e5c9b3a60>, main=<bound method ListVerb.main of <colcon_package_information.verb.list.ListVerb object at 0x709e5c9b3a60>>)
[0.608s] Level 1:colcon.colcon_core.package_discovery:discover_packages(colcon_meta) check parameters
[0.608s] Level 1:colcon.colcon_core.package_discovery:discover_packages(recursive) check parameters
[0.609s] Level 1:colcon.colcon_core.package_discovery:discover_packages(ignore) check parameters
[0.609s] Level 1:colcon.colcon_core.package_discovery:discover_packages(path) check parameters
[0.609s] Level 1:colcon.colcon_core.package_discovery:discover_packages(recursive) discover
[0.609s] INFO:colcon.colcon_core.package_discovery:Crawling recursively for packages in '/home/asimkumar/asitlorbot8_ws'
[0.609s] Level 1:colcon.colcon_core.package_identification:_identify(/home/asimkumar/asitlorbot8_ws) by extensions ['ignore', 'ignore_ament_install']
[0.609s] Level 1:colcon.colcon_core.package_identification:_identify(/home/asimkumar/asitlorbot8_ws) by extension 'ignore'
[0.610s] Level 1:colcon.colcon_core.package_identification:_identify(/home/asimkumar/asitlorbot8_ws) by extension 'ignore_ament_install'
[0.610s] Level 1:colcon.colcon_core.package_identification:_identify(/home/asimkumar/asitlorbot8_ws) by extensions ['colcon_pkg']
[0.610s] Level 1:colcon.colcon_core.package_identification:_identify(/home/asimkumar/asitlorbot8_ws) by extension 'colcon_pkg'
[0.610s] Level 1:colcon.colcon_core.package_identification:_identify(/home/asimkumar/asitlorbot8_ws) by extensions ['colcon_meta']
[0.610s] Level 1:colcon.colcon_core.package_identification:_identify(/home/asimkumar/asitlorbot8_ws) by extension 'colcon_meta'
[0.610s] Level 1:colcon.colcon_core.package_identification:_identify(/home/asimkumar/asitlorbot8_ws) by extensions ['ros']
[0.610s] Level 1:colcon.colcon_core.package_identification:_identify(/home/asimkumar/asitlorbot8_ws) by extension 'ros'
[0.631s] Level 1:colcon.colcon_core.package_identification:_identify(/home/asimkumar/asitlorbot8_ws) by extensions ['cmake', 'python']
[0.631s] Level 1:colcon.colcon_core.package_identification:_identify(/home/asimkumar/asitlorbot8_ws) by extension 'cmake'
[0.631s] Level 1:colcon.colcon_core.package_identification:_identify(/home/asimkumar/asitlorbot8_ws) by extension 'python'
[0.632s] Level 1:colcon.colcon_core.package_identification:_identify(/home/asimkumar/asitlorbot8_ws) by extensions ['python_setup_py']
[0.632s] Level 1:colcon.colcon_core.package_identification:_identify(/home/asimkumar/asitlorbot8_ws) by extension 'python_setup_py'
[0.632s] Level 1:colcon.colcon_core.package_identification:_identify(/home/asimkumar/asitlorbot8_ws/build) by extensions ['ignore', 'ignore_ament_install']
[0.632s] Level 1:colcon.colcon_core.package_identification:_identify(/home/asimkumar/asitlorbot8_ws/build) by extension 'ignore'
[0.632s] Level 1:colcon.colcon_core.package_identification:_identify(/home/asimkumar/asitlorbot8_ws/build) ignored
[0.632s] Level 1:colcon.colcon_core.package_identification:_identify(/home/asimkumar/asitlorbot8_ws/install) by extensions ['ignore', 'ignore_ament_install']
[0.632s] Level 1:colcon.colcon_core.package_identification:_identify(/home/asimkumar/asitlorbot8_ws/install) by extension 'ignore'
[0.633s] Level 1:colcon.colcon_core.package_identification:_identify(/home/asimkumar/asitlorbot8_ws/install) ignored
[0.633s] Level 1:colcon.colcon_core.package_identification:_identify(/home/asimkumar/asitlorbot8_ws/log) by extensions ['ignore', 'ignore_ament_install']
[0.633s] Level 1:colcon.colcon_core.package_identification:_identify(/home/asimkumar/asitlorbot8_ws/log) by extension 'ignore'
[0.633s] Level 1:colcon.colcon_core.package_identification:_identify(/home/asimkumar/asitlorbot8_ws/log) ignored
[0.633s] Level 1:colcon.colcon_core.package_identification:_identify(/home/asimkumar/asitlorbot8_ws/src) by extensions ['ignore', 'ignore_ament_install']
[0.633s] Level 1:colcon.colcon_core.package_identification:_identify(/home/asimkumar/asitlorbot8_ws/src) by extension 'ignore'
[0.633s] Level 1:colcon.colcon_core.package_identification:_identify(/home/asimkumar/asitlorbot8_ws/src) by extension 'ignore_ament_install'
[0.634s] Level 1:colcon.colcon_core.package_identification:_identify(/home/asimkumar/asitlorbot8_ws/src) by extensions ['colcon_pkg']
[0.634s] Level 1:colcon.colcon_core.package_identification:_identify(/home/asimkumar/asitlorbot8_ws/src) by extension 'colcon_pkg'
[0.634s] Level 1:colcon.colcon_core.package_identification:_identify(/home/asimkumar/asitlorbot8_ws/src) by extensions ['colcon_meta']
[0.634s] Level 1:colcon.colcon_core.package_identification:_identify(/home/asimkumar/asitlorbot8_ws/src) by extension 'colcon_meta'
[0.634s] Level 1:colcon.colcon_core.package_identification:_identify(/home/asimkumar/asitlorbot8_ws/src) by extensions ['ros']
[0.634s] Level 1:colcon.colcon_core.package_identification:_identify(/home/asimkumar/asitlorbot8_ws/src) by extension 'ros'
[0.634s] Level 1:colcon.colcon_core.package_identification:_identify(/home/asimkumar/asitlorbot8_ws/src) by extensions ['cmake', 'python']
[0.634s] Level 1:colcon.colcon_core.package_identification:_identify(/home/asimkumar/asitlorbot8_ws/src) by extension 'cmake'
[0.634s] Level 1:colcon.colcon_core.package_identification:_identify(/home/asimkumar/asitlorbot8_ws/src) by extension 'python'
[0.634s] Level 1:colcon.colcon_core.package_identification:_identify(/home/asimkumar/asitlorbot8_ws/src) by extensions ['python_setup_py']
[0.634s] Level 1:colcon.colcon_core.package_identification:_identify(/home/asimkumar/asitlorbot8_ws/src) by extension 'python_setup_py'
[0.635s] Level 1:colcon.colcon_core.package_identification:_identify(/home/asimkumar/asitlorbot8_ws/src/Arduino) by extensions ['ignore', 'ignore_ament_install']
[0.635s] Level 1:colcon.colcon_core.package_identification:_identify(/home/asimkumar/asitlorbot8_ws/src/Arduino) by extension 'ignore'
[0.635s] Level 1:colcon.colcon_core.package_identification:_identify(/home/asimkumar/asitlorbot8_ws/src/Arduino) by extension 'ignore_ament_install'
[0.635s] Level 1:colcon.colcon_core.package_identification:_identify(/home/asimkumar/asitlorbot8_ws/src/Arduino) by extensions ['colcon_pkg']
[0.635s] Level 1:colcon.colcon_core.package_identification:_identify(/home/asimkumar/asitlorbot8_ws/src/Arduino) by extension 'colcon_pkg'
[0.635s] Level 1:colcon.colcon_core.package_identification:_identify(/home/asimkumar/asitlorbot8_ws/src/Arduino) by extensions ['colcon_meta']
[0.635s] Level 1:colcon.colcon_core.package_identification:_identify(/home/asimkumar/asitlorbot8_ws/src/Arduino) by extension 'colcon_meta'
[0.636s] Level 1:colcon.colcon_core.package_identification:_identify(/home/asimkumar/asitlorbot8_ws/src/Arduino) by extensions ['ros']
[0.636s] Level 1:colcon.colcon_core.package_identification:_identify(/home/asimkumar/asitlorbot8_ws/src/Arduino) by extension 'ros'
[0.636s] Level 1:colcon.colcon_core.package_identification:_identify(/home/asimkumar/asitlorbot8_ws/src/Arduino) by extensions ['cmake', 'python']
[0.636s] Level 1:colcon.colcon_core.package_identification:_identify(/home/asimkumar/asitlorbot8_ws/src/Arduino) by extension 'cmake'
[0.636s] Level 1:colcon.colcon_core.package_identification:_identify(/home/asimkumar/asitlorbot8_ws/src/Arduino) by extension 'python'
[0.636s] Level 1:colcon.colcon_core.package_identification:_identify(/home/asimkumar/asitlorbot8_ws/src/Arduino) by extensions ['python_setup_py']
[0.636s] Level 1:colcon.colcon_core.package_identification:_identify(/home/asimkumar/asitlorbot8_ws/src/Arduino) by extension 'python_setup_py'
[0.636s] Level 1:colcon.colcon_core.package_identification:_identify(/home/asimkumar/asitlorbot8_ws/src/Arduino/sketch_may07a) by extensions ['ignore', 'ignore_ament_install']
[0.636s] Level 1:colcon.colcon_core.package_identification:_identify(/home/asimkumar/asitlorbot8_ws/src/Arduino/sketch_may07a) by extension 'ignore'
[0.637s] Level 1:colcon.colcon_core.package_identification:_identify(/home/asimkumar/asitlorbot8_ws/src/Arduino/sketch_may07a) by extension 'ignore_ament_install'
[0.637s] Level 1:colcon.colcon_core.package_identification:_identify(/home/asimkumar/asitlorbot8_ws/src/Arduino/sketch_may07a) by extensions ['colcon_pkg']
[0.637s] Level 1:colcon.colcon_core.package_identification:_identify(/home/asimkumar/asitlorbot8_ws/src/Arduino/sketch_may07a) by extension 'colcon_pkg'
[0.637s] Level 1:colcon.colcon_core.package_identification:_identify(/home/asimkumar/asitlorbot8_ws/src/Arduino/sketch_may07a) by extensions ['colcon_meta']
[0.637s] Level 1:colcon.colcon_core.package_identification:_identify(/home/asimkumar/asitlorbot8_ws/src/Arduino/sketch_may07a) by extension 'colcon_meta'
[0.637s] Level 1:colcon.colcon_core.package_identification:_identify(/home/asimkumar/asitlorbot8_ws/src/Arduino/sketch_may07a) by extensions ['ros']
[0.637s] Level 1:colcon.colcon_core.package_identification:_identify(/home/asimkumar/asitlorbot8_ws/src/Arduino/sketch_may07a) by extension 'ros'
[0.637s] Level 1:colcon.colcon_core.package_identification:_identify(/home/asimkumar/asitlorbot8_ws/src/Arduino/sketch_may07a) by extensions ['cmake', 'python']
[0.637s] Level 1:colcon.colcon_core.package_identification:_identify(/home/asimkumar/asitlorbot8_ws/src/Arduino/sketch_may07a) by extension 'cmake'
[0.637s] Level 1:colcon.colcon_core.package_identification:_identify(/home/asimkumar/asitlorbot8_ws/src/Arduino/sketch_may07a) by extension 'python'
[0.637s] Level 1:colcon.colcon_core.package_identification:_identify(/home/asimkumar/asitlorbot8_ws/src/Arduino/sketch_may07a) by extensions ['python_setup_py']
[0.637s] Level 1:colcon.colcon_core.package_identification:_identify(/home/asimkumar/asitlorbot8_ws/src/Arduino/sketch_may07a) by extension 'python_setup_py'
[0.638s] Level 1:colcon.colcon_core.package_identification:_identify(/home/asimkumar/asitlorbot8_ws/src/asitlorbot8_autonomy) by extensions ['ignore', 'ignore_ament_install']
[0.638s] Level 1:colcon.colcon_core.package_identification:_identify(/home/asimkumar/asitlorbot8_ws/src/asitlorbot8_autonomy) by extension 'ignore'
[0.638s] Level 1:colcon.colcon_core.package_identification:_identify(/home/asimkumar/asitlorbot8_ws/src/asitlorbot8_autonomy) by extension 'ignore_ament_install'
[0.638s] Level 1:colcon.colcon_core.package_identification:_identify(/home/asimkumar/asitlorbot8_ws/src/asitlorbot8_autonomy) by extensions ['colcon_pkg']
[0.638s] Level 1:colcon.colcon_core.package_identification:_identify(/home/asimkumar/asitlorbot8_ws/src/asitlorbot8_autonomy) by extension 'colcon_pkg'
[0.638s] Level 1:colcon.colcon_core.package_identification:_identify(/home/asimkumar/asitlorbot8_ws/src/asitlorbot8_autonomy) by extensions ['colcon_meta']
[0.638s] Level 1:colcon.colcon_core.package_identification:_identify(/home/asimkumar/asitlorbot8_ws/src/asitlorbot8_autonomy) by extension 'colcon_meta'
[0.639s] Level 1:colcon.colcon_core.package_identification:_identify(/home/asimkumar/asitlorbot8_ws/src/asitlorbot8_autonomy) by extensions ['ros']
[0.639s] Level 1:colcon.colcon_core.package_identification:_identify(/home/asimkumar/asitlorbot8_ws/src/asitlorbot8_autonomy) by extension 'ros'
[0.644s] DEBUG:colcon.colcon_core.package_identification:Package '/home/asimkumar/asitlorbot8_ws/src/asitlorbot8_autonomy' with type 'ros.ament_cmake' and name 'asitlorbot8_autonomy'
[0.645s] Level 1:colcon.colcon_core.package_identification:_identify(/home/asimkumar/asitlorbot8_ws/src/asitlorbot8_controller) by extensions ['ignore', 'ignore_ament_install']
[0.645s] Level 1:colcon.colcon_core.package_identification:_identify(/home/asimkumar/asitlorbot8_ws/src/asitlorbot8_controller) by extension 'ignore'
[0.645s] Level 1:colcon.colcon_core.package_identification:_identify(/home/asimkumar/asitlorbot8_ws/src/asitlorbot8_controller) by extension 'ignore_ament_install'
[0.645s] Level 1:colcon.colcon_core.package_identification:_identify(/home/asimkumar/asitlorbot8_ws/src/asitlorbot8_controller) by extensions ['colcon_pkg']
[0.645s] Level 1:colcon.colcon_core.package_identification:_identify(/home/asimkumar/asitlorbot8_ws/src/asitlorbot8_controller) by extension 'colcon_pkg'
[0.645s] Level 1:colcon.colcon_core.package_identification:_identify(/home/asimkumar/asitlorbot8_ws/src/asitlorbot8_controller) by extensions ['colcon_meta']
[0.645s] Level 1:colcon.colcon_core.package_identification:_identify(/home/asimkumar/asitlorbot8_ws/src/asitlorbot8_controller) by extension 'colcon_meta'
[0.646s] Level 1:colcon.colcon_core.package_identification:_identify(/home/asimkumar/asitlorbot8_ws/src/asitlorbot8_controller) by extensions ['ros']
[0.646s] Level 1:colcon.colcon_core.package_identification:_identify(/home/asimkumar/asitlorbot8_ws/src/asitlorbot8_controller) by extension 'ros'
[0.648s] DEBUG:colcon.colcon_core.package_identification:Package '/home/asimkumar/asitlorbot8_ws/src/asitlorbot8_controller' with type 'ros.ament_cmake' and name 'asitlorbot8_controller'
[0.648s] Level 1:colcon.colcon_core.package_identification:_identify(/home/asimkumar/asitlorbot8_ws/src/asitlorbot8_cpp_examples) by extensions ['ignore', 'ignore_ament_install']
[0.649s] Level 1:colcon.colcon_core.package_identification:_identify(/home/asimkumar/asitlorbot8_ws/src/asitlorbot8_cpp_examples) by extension 'ignore'
[0.649s] Level 1:colcon.colcon_core.package_identification:_identify(/home/asimkumar/asitlorbot8_ws/src/asitlorbot8_cpp_examples) by extension 'ignore_ament_install'
[0.649s] Level 1:colcon.colcon_core.package_identification:_identify(/home/asimkumar/asitlorbot8_ws/src/asitlorbot8_cpp_examples) by extensions ['colcon_pkg']
[0.649s] Level 1:colcon.colcon_core.package_identification:_identify(/home/asimkumar/asitlorbot8_ws/src/asitlorbot8_cpp_examples) by extension 'colcon_pkg'
[0.649s] Level 1:colcon.colcon_core.package_identification:_identify(/home/asimkumar/asitlorbot8_ws/src/asitlorbot8_cpp_examples) by extensions ['colcon_meta']
[0.649s] Level 1:colcon.colcon_core.package_identification:_identify(/home/asimkumar/asitlorbot8_ws/src/asitlorbot8_cpp_examples) by extension 'colcon_meta'
[0.649s] Level 1:colcon.colcon_core.package_identification:_identify(/home/asimkumar/asitlorbot8_ws/src/asitlorbot8_cpp_examples) by extensions ['ros']
[0.649s] Level 1:colcon.colcon_core.package_identification:_identify(/home/asimkumar/asitlorbot8_ws/src/asitlorbot8_cpp_examples) by extension 'ros'
[0.650s] DEBUG:colcon.colcon_core.package_identification:Package '/home/asimkumar/asitlorbot8_ws/src/asitlorbot8_cpp_examples' with type 'ros.ament_cmake' and name 'asitlorbot8_cpp_examples'
[0.650s] Level 1:colcon.colcon_core.package_identification:_identify(/home/asimkumar/asitlorbot8_ws/src/asitlorbot8_description) by extensions ['ignore', 'ignore_ament_install']
[0.650s] Level 1:colcon.colcon_core.package_identification:_identify(/home/asimkumar/asitlorbot8_ws/src/asitlorbot8_description) by extension 'ignore'
[0.651s] Level 1:colcon.colcon_core.package_identification:_identify(/home/asimkumar/asitlorbot8_ws/src/asitlorbot8_description) by extension 'ignore_ament_install'
[0.651s] Level 1:colcon.colcon_core.package_identification:_identify(/home/asimkumar/asitlorbot8_ws/src/asitlorbot8_description) by extensions ['colcon_pkg']
[0.651s] Level 1:colcon.colcon_core.package_identification:_identify(/home/asimkumar/asitlorbot8_ws/src/asitlorbot8_description) by extension 'colcon_pkg'
[0.651s] Level 1:colcon.colcon_core.package_identification:_identify(/home/asimkumar/asitlorbot8_ws/src/asitlorbot8_description) by extensions ['colcon_meta']
[0.651s] Level 1:colcon.colcon_core.package_identification:_identify(/home/asimkumar/asitlorbot8_ws/src/asitlorbot8_description) by extension 'colcon_meta'
[0.651s] Level 1:colcon.colcon_core.package_identification:_identify(/home/asimkumar/asitlorbot8_ws/src/asitlorbot8_description) by extensions ['ros']
[0.651s] Level 1:colcon.colcon_core.package_identification:_identify(/home/asimkumar/asitlorbot8_ws/src/asitlorbot8_description) by extension 'ros'
[0.652s] DEBUG:colcon.colcon_core.package_identification:Package '/home/asimkumar/asitlorbot8_ws/src/asitlorbot8_description' with type 'ros.ament_cmake' and name 'asitlorbot8_description'
[0.653s] Level 1:colcon.colcon_core.package_identification:_identify(/home/asimkumar/asitlorbot8_ws/src/asitlorbot8_localization) by extensions ['ignore', 'ignore_ament_install']
[0.653s] Level 1:colcon.colcon_core.package_identification:_identify(/home/asimkumar/asitlorbot8_ws/src/asitlorbot8_localization) by extension 'ignore'
[0.653s] Level 1:colcon.colcon_core.package_identification:_identify(/home/asimkumar/asitlorbot8_ws/src/asitlorbot8_localization) by extension 'ignore_ament_install'
[0.653s] Level 1:colcon.colcon_core.package_identification:_identify(/home/asimkumar/asitlorbot8_ws/src/asitlorbot8_localization) by extensions ['colcon_pkg']
[0.653s] Level 1:colcon.colcon_core.package_identification:_identify(/home/asimkumar/asitlorbot8_ws/src/asitlorbot8_localization) by extension 'colcon_pkg'
[0.653s] Level 1:colcon.colcon_core.package_identification:_identify(/home/asimkumar/asitlorbot8_ws/src/asitlorbot8_localization) by extensions ['colcon_meta']
[0.653s] Level 1:colcon.colcon_core.package_identification:_identify(/home/asimkumar/asitlorbot8_ws/src/asitlorbot8_localization) by extension 'colcon_meta'
[0.653s] Level 1:colcon.colcon_core.package_identification:_identify(/home/asimkumar/asitlorbot8_ws/src/asitlorbot8_localization) by extensions ['ros']
[0.653s] Level 1:colcon.colcon_core.package_identification:_identify(/home/asimkumar/asitlorbot8_ws/src/asitlorbot8_localization) by extension 'ros'
[0.655s] DEBUG:colcon.colcon_core.package_identification:Package '/home/asimkumar/asitlorbot8_ws/src/asitlorbot8_localization' with type 'ros.ament_cmake' and name 'asitlorbot8_localization'
[0.655s] Level 1:colcon.colcon_core.package_discovery:discover_packages(recursive) using defaults
