[0.071s] Invoking command in '/home/asimkumar/asitlorbot8_ws/build/asitlorbot8_bringup': CMAKE_PREFIX_PATH=${CMAKE_PREFIX_PATH}:/home/asimkumar/asitlorbot12_ws/install/asitlorbot12_py_examples:/home/asimkumar/asitlor_ws/install/serial_motor_demo:/home/asimkumar/asitlorbotsix_ws/install/asitlorbot_six:/opt/ros/humble /usr/bin/cmake --build /home/asimkumar/asitlorbot8_ws/build/asitlorbot8_bringup -- -j8 -l8
[0.137s] Invoked command in '/home/asimkumar/asitlorbot8_ws/build/asitlorbot8_bringup' returned '0': CMAKE_PREFIX_PATH=${CMAKE_PREFIX_PATH}:/home/asimkumar/asitlorbot12_ws/install/asitlorbot12_py_examples:/home/asimkumar/asitlor_ws/install/serial_motor_demo:/home/asimkumar/asitlorbotsix_ws/install/asitlorbot_six:/opt/ros/humble /usr/bin/cmake --build /home/asimkumar/asitlorbot8_ws/build/asitlorbot8_bringup -- -j8 -l8
[0.228s] Invoking command in '/home/asimkumar/asitlorbot8_ws/build/asitlorbot8_bringup': CMAKE_PREFIX_PATH=${CMAKE_PREFIX_PATH}:/home/asimkumar/asitlorbot12_ws/install/asitlorbot12_py_examples:/home/asimkumar/asitlor_ws/install/serial_motor_demo:/home/asimkumar/asitlorbotsix_ws/install/asitlorbot_six:/opt/ros/humble /usr/bin/cmake --install /home/asimkumar/asitlorbot8_ws/build/asitlorbot8_bringup
[0.241s] -- Install configuration: ""
[0.242s] -- Execute custom install script
[0.243s] -- Up-to-date symlink: /home/asimkumar/asitlorbot8_ws/install/asitlorbot8_bringup/share/asitlorbot8_bringup/launch/autonomous_navigation.launch.py
[0.244s] -- Up-to-date symlink: /home/asimkumar/asitlorbot8_ws/install/asitlorbot8_bringup/share/asitlorbot8_bringup/launch/imu.launch.py
[0.246s] -- Up-to-date symlink: /home/asimkumar/asitlorbot8_ws/install/asitlorbot8_bringup/share/asitlorbot8_bringup/launch/real_robot.launch.py
[0.247s] -- Up-to-date symlink: /home/asimkumar/asitlorbot8_ws/install/asitlorbot8_bringup/share/asitlorbot8_bringup/launch/simulated_robot.launch.py
[0.247s] -- Up-to-date symlink: /home/asimkumar/asitlorbot8_ws/install/asitlorbot8_bringup/share/ament_index/resource_index/package_run_dependencies/asitlorbot8_bringup
[0.248s] -- Up-to-date symlink: /home/asimkumar/asitlorbot8_ws/install/asitlorbot8_bringup/share/ament_index/resource_index/parent_prefix_path/asitlorbot8_bringup
[0.248s] -- Up-to-date symlink: /home/asimkumar/asitlorbot8_ws/install/asitlorbot8_bringup/share/asitlorbot8_bringup/environment/ament_prefix_path.sh
[0.249s] -- Up-to-date symlink: /home/asimkumar/asitlorbot8_ws/install/asitlorbot8_bringup/share/asitlorbot8_bringup/environment/ament_prefix_path.dsv
[0.250s] -- Up-to-date symlink: /home/asimkumar/asitlorbot8_ws/install/asitlorbot8_bringup/share/asitlorbot8_bringup/environment/path.sh
[0.250s] -- Up-to-date symlink: /home/asimkumar/asitlorbot8_ws/install/asitlorbot8_bringup/share/asitlorbot8_bringup/environment/path.dsv
[0.251s] -- Up-to-date symlink: /home/asimkumar/asitlorbot8_ws/install/asitlorbot8_bringup/share/asitlorbot8_bringup/local_setup.bash
[0.251s] -- Up-to-date symlink: /home/asimkumar/asitlorbot8_ws/install/asitlorbot8_bringup/share/asitlorbot8_bringup/local_setup.sh
[0.251s] -- Up-to-date symlink: /home/asimkumar/asitlorbot8_ws/install/asitlorbot8_bringup/share/asitlorbot8_bringup/local_setup.zsh
[0.251s] -- Up-to-date symlink: /home/asimkumar/asitlorbot8_ws/install/asitlorbot8_bringup/share/asitlorbot8_bringup/local_setup.dsv
[0.251s] -- Symlinking: /home/asimkumar/asitlorbot8_ws/install/asitlorbot8_bringup/share/asitlorbot8_bringup/package.dsv
[0.269s] -- Up-to-date symlink: /home/asimkumar/asitlorbot8_ws/install/asitlorbot8_bringup/share/ament_index/resource_index/packages/asitlorbot8_bringup
[0.269s] -- Up-to-date symlink: /home/asimkumar/asitlorbot8_ws/install/asitlorbot8_bringup/share/asitlorbot8_bringup/cmake/asitlorbot8_bringupConfig.cmake
[0.271s] -- Up-to-date symlink: /home/asimkumar/asitlorbot8_ws/install/asitlorbot8_bringup/share/asitlorbot8_bringup/cmake/asitlorbot8_bringupConfig-version.cmake
[0.271s] -- Up-to-date symlink: /home/asimkumar/asitlorbot8_ws/install/asitlorbot8_bringup/share/asitlorbot8_bringup/package.xml
[0.293s] Invoked command in '/home/asimkumar/asitlorbot8_ws/build/asitlorbot8_bringup' returned '0': CMAKE_PREFIX_PATH=${CMAKE_PREFIX_PATH}:/home/asimkumar/asitlorbot12_ws/install/asitlorbot12_py_examples:/home/asimkumar/asitlor_ws/install/serial_motor_demo:/home/asimkumar/asitlorbotsix_ws/install/asitlorbot_six:/opt/ros/humble /usr/bin/cmake --install /home/asimkumar/asitlorbot8_ws/build/asitlorbot8_bringup
