-- Found ament_cmake: 1.3.8 (/opt/ros/humble/share/ament_cmake/cmake)
-- Override CMake install command with custom implementation using symlinks instead of copying resources
-- Found rclcpp: 16.0.8 (/opt/ros/humble/share/rclcpp/cmake)
-- Found rosidl_generator_c: 3.1.5 (/opt/ros/humble/share/rosidl_generator_c/cmake)
-- Found rosidl_adapter: 3.1.5 (/opt/ros/humble/share/rosidl_adapter/cmake)
-- Found rosidl_generator_cpp: 3.1.5 (/opt/ros/humble/share/rosidl_generator_cpp/cmake)
-- Using all available rosidl_typesupport_c: rosidl_typesupport_fastrtps_c;rosidl_typesupport_introspection_c
-- Using all available rosidl_typesupport_cpp: rosidl_typesupport_fastrtps_cpp;rosidl_typesupport_introspection_cpp
-- Found rmw_implementation_cmake: 6.1.1 (/opt/ros/humble/share/rmw_implementation_cmake/cmake)
-- Found rmw_cyclonedds_cpp: 1.3.4 (/opt/ros/humble/share/rmw_cyclonedds_cpp/cmake)
-- Using RMW implementation 'rmw_cyclonedds_cpp' as default
-- Looking for pthread.h
-- Looking for pthread.h - found
-- Performing Test CMAKE_HAVE_LIBC_PTHREAD
-- Performing Test CMAKE_HAVE_LIBC_PTHREAD - Success
-- Found Threads: TRUE  
-- Found rclpy: 3.3.12 (/opt/ros/humble/share/rclpy/cmake)
-- Found hardware_interface: 2.40.0 (/opt/ros/humble/share/hardware_interface/cmake)
-- Found PkgConfig: /usr/bin/pkg-config (found version "0.29.2") 
-- Checking for module 'libserial'
--   Found libserial, version 1.0.0
-- Configuring done
-- Generating done
-- Build files have been written to: /home/asimkumar/asitlorbot8_ws/build/asitlorbot8_firmware
[ 50%] [32mBuilding CXX object CMakeFiles/asitlorbot8_firmware.dir/src/asitlorbot8_interface.cpp.o[0m
[ 50%] [32mBuilding CXX object CMakeFiles/simple_serial_receiver.dir/src/simple_serial_receiver.cpp.o[0m
[ 50%] [32mBuilding CXX object CMakeFiles/simple_serial_transmitter.dir/src/simple_serial_transmitter.cpp.o[0m
[ 50%] Built target ament_cmake_python_symlink_asitlorbot8_firmware
[01m[K/home/asimkumar/asitlorbot8_ws/src/asitlorbot8_firmware/src/asitlorbot8_interface.cpp:1:10:[m[K [01;31m[Kfatal error: [m[Kasitlorbot8_firmware/asitlorbot8_interface.hpp: No such file or directory
    1 | #include [01;31m[K"asitlorbot8_firmware/asitlorbot8_interface.hpp"[m[K
      |          [01;31m[K^~~~~~~~~~~~~~~~~~~~~~~~~~~~~~~~~~~~~~~~~~~~~~~~[m[K
compilation terminated.
gmake[2]: *** [CMakeFiles/asitlorbot8_firmware.dir/build.make:76: CMakeFiles/asitlorbot8_firmware.dir/src/asitlorbot8_interface.cpp.o] Error 1
gmake[1]: *** [CMakeFiles/Makefile2:196: CMakeFiles/asitlorbot8_firmware.dir/all] Error 2
gmake[1]: *** Waiting for unfinished jobs....
running egg_info
creating asitlorbot8_firmware.egg-info
writing asitlorbot8_firmware.egg-info/PKG-INFO
writing dependency_links to asitlorbot8_firmware.egg-info/dependency_links.txt
writing top-level names to asitlorbot8_firmware.egg-info/top_level.txt
writing manifest file 'asitlorbot8_firmware.egg-info/SOURCES.txt'
reading manifest file 'asitlorbot8_firmware.egg-info/SOURCES.txt'
writing manifest file 'asitlorbot8_firmware.egg-info/SOURCES.txt'
[ 50%] Built target ament_cmake_python_build_asitlorbot8_firmware_egg
[ 66%] [32m[1mLinking CXX executable simple_serial_receiver[0m
[ 66%] Built target simple_serial_receiver
[ 83%] [32m[1mLinking CXX executable simple_serial_transmitter[0m
[ 83%] Built target simple_serial_transmitter
gmake: *** [Makefile:146: all] Error 2
